Performing C SOURCE FILE Test C_LD_GOLD_RESULT failed with the following output:
Change Dir: /Users/heidsoft/Downloads/research/mysql-8.0.27/cmake-build-debug/CMakeFiles/CMakeTmp

Run Build Command(s):/usr/bin/make -f Makefile cmTC_358d2/fast && /Library/Developer/CommandLineTools/usr/bin/make  -f CMakeFiles/cmTC_358d2.dir/build.make CMakeFiles/cmTC_358d2.dir/build
Building C object CMakeFiles/cmTC_358d2.dir/src.c.o
/usr/bin/gcc -DC_LD_GOLD_RESULT  -fno-omit-frame-pointer -ftls-model=initial-exec   -isysroot /Library/Developer/CommandLineTools/SDKs/MacOSX13.3.sdk -fPIE -MD -MT CMakeFiles/cmTC_358d2.dir/src.c.o -MF CMakeFiles/cmTC_358d2.dir/src.c.o.d -o CMakeFiles/cmTC_358d2.dir/src.c.o -c /Users/heidsoft/Downloads/research/mysql-8.0.27/cmake-build-debug/CMakeFiles/CMakeTmp/src.c
Linking C executable cmTC_358d2
/Applications/CMake.app/Contents/bin/cmake -E cmake_link_script CMakeFiles/cmTC_358d2.dir/link.txt --verbose=1
/usr/bin/gcc -fno-omit-frame-pointer -ftls-model=initial-exec   -isysroot /Library/Developer/CommandLineTools/SDKs/MacOSX13.3.sdk -Wl,-search_paths_first -Wl,-headerpad_max_install_names -L/usr/local/opt/openssl/lib  CMakeFiles/cmTC_358d2.dir/src.c.o -o cmTC_358d2  -fuse-ld=gold 
clang: error: invalid linker name in argument '-fuse-ld=gold'
make[1]: *** [cmTC_358d2] Error 1
make: *** [cmTC_358d2/fast] Error 2


Source file was:
int main() {}
Performing C++ SOURCE FILE Test CXX_LD_GOLD_RESULT failed with the following output:
Change Dir: /Users/heidsoft/Downloads/research/mysql-8.0.27/cmake-build-debug/CMakeFiles/CMakeTmp

Run Build Command(s):/usr/bin/make -f Makefile cmTC_ab93f/fast && /Library/Developer/CommandLineTools/usr/bin/make  -f CMakeFiles/cmTC_ab93f.dir/build.make CMakeFiles/cmTC_ab93f.dir/build
Building CXX object CMakeFiles/cmTC_ab93f.dir/src.cxx.o
/usr/bin/clang -DCXX_LD_GOLD_RESULT  -std=c++17 -fno-omit-frame-pointer -ftls-model=initial-exec   -isysroot /Library/Developer/CommandLineTools/SDKs/MacOSX13.3.sdk -fPIE -MD -MT CMakeFiles/cmTC_ab93f.dir/src.cxx.o -MF CMakeFiles/cmTC_ab93f.dir/src.cxx.o.d -o CMakeFiles/cmTC_ab93f.dir/src.cxx.o -c /Users/heidsoft/Downloads/research/mysql-8.0.27/cmake-build-debug/CMakeFiles/CMakeTmp/src.cxx
Linking CXX executable cmTC_ab93f
/Applications/CMake.app/Contents/bin/cmake -E cmake_link_script CMakeFiles/cmTC_ab93f.dir/link.txt --verbose=1
/usr/bin/clang -std=c++17 -fno-omit-frame-pointer -ftls-model=initial-exec   -isysroot /Library/Developer/CommandLineTools/SDKs/MacOSX13.3.sdk -Wl,-search_paths_first -Wl,-headerpad_max_install_names -L/usr/local/opt/openssl/lib  CMakeFiles/cmTC_ab93f.dir/src.cxx.o -o cmTC_ab93f  -fuse-ld=gold 
clang: error: invalid linker name in argument '-fuse-ld=gold'
make[1]: *** [cmTC_ab93f] Error 1
make: *** [cmTC_ab93f/fast] Error 2


Source file was:
int main() {}
Determining if the function gethostbyname_r exists failed with the following output:
Change Dir: /Users/heidsoft/Downloads/research/mysql-8.0.27/cmake-build-debug/CMakeFiles/CMakeTmp

Run Build Command(s):/usr/bin/make -f Makefile cmTC_8c5f1/fast && /Library/Developer/CommandLineTools/usr/bin/make  -f CMakeFiles/cmTC_8c5f1.dir/build.make CMakeFiles/cmTC_8c5f1.dir/build
Building C object CMakeFiles/cmTC_8c5f1.dir/CheckFunctionExists.c.o
/usr/bin/gcc   -fno-omit-frame-pointer -ftls-model=initial-exec  -DCHECK_FUNCTION_EXISTS=gethostbyname_r -isysroot /Library/Developer/CommandLineTools/SDKs/MacOSX13.3.sdk -fPIE -MD -MT CMakeFiles/cmTC_8c5f1.dir/CheckFunctionExists.c.o -MF CMakeFiles/cmTC_8c5f1.dir/CheckFunctionExists.c.o.d -o CMakeFiles/cmTC_8c5f1.dir/CheckFunctionExists.c.o -c /Applications/CMake.app/Contents/share/cmake-3.21/Modules/CheckFunctionExists.c
Linking C executable cmTC_8c5f1
/Applications/CMake.app/Contents/bin/cmake -E cmake_link_script CMakeFiles/cmTC_8c5f1.dir/link.txt --verbose=1
/usr/bin/gcc -fno-omit-frame-pointer -ftls-model=initial-exec  -DCHECK_FUNCTION_EXISTS=gethostbyname_r -isysroot /Library/Developer/CommandLineTools/SDKs/MacOSX13.3.sdk -Wl,-search_paths_first -Wl,-headerpad_max_install_names -L/usr/local/opt/openssl/lib  CMakeFiles/cmTC_8c5f1.dir/CheckFunctionExists.c.o -o cmTC_8c5f1 
Undefined symbols for architecture x86_64:
  "_gethostbyname_r", referenced from:
      _main in CheckFunctionExists.c.o
ld: symbol(s) not found for architecture x86_64
clang: error: linker command failed with exit code 1 (use -v to see invocation)
make[1]: *** [cmTC_8c5f1] Error 1
make: *** [cmTC_8c5f1/fast] Error 2



Determining if the function gethostbyname_r exists in the nsl_r failed with the following output:
Change Dir: /Users/heidsoft/Downloads/research/mysql-8.0.27/cmake-build-debug/CMakeFiles/CMakeTmp

Run Build Command(s):/usr/bin/make -f Makefile cmTC_ca866/fast && /Library/Developer/CommandLineTools/usr/bin/make  -f CMakeFiles/cmTC_ca866.dir/build.make CMakeFiles/cmTC_ca866.dir/build
Building C object CMakeFiles/cmTC_ca866.dir/CheckFunctionExists.c.o
/usr/bin/gcc   -fno-omit-frame-pointer -ftls-model=initial-exec  -DCHECK_FUNCTION_EXISTS=gethostbyname_r -isysroot /Library/Developer/CommandLineTools/SDKs/MacOSX13.3.sdk -fPIE -MD -MT CMakeFiles/cmTC_ca866.dir/CheckFunctionExists.c.o -MF CMakeFiles/cmTC_ca866.dir/CheckFunctionExists.c.o.d -o CMakeFiles/cmTC_ca866.dir/CheckFunctionExists.c.o -c /Applications/CMake.app/Contents/share/cmake-3.21/Modules/CheckFunctionExists.c
Linking C executable cmTC_ca866
/Applications/CMake.app/Contents/bin/cmake -E cmake_link_script CMakeFiles/cmTC_ca866.dir/link.txt --verbose=1
/usr/bin/gcc -fno-omit-frame-pointer -ftls-model=initial-exec  -DCHECK_FUNCTION_EXISTS=gethostbyname_r -isysroot /Library/Developer/CommandLineTools/SDKs/MacOSX13.3.sdk -Wl,-search_paths_first -Wl,-headerpad_max_install_names -L/usr/local/opt/openssl/lib  CMakeFiles/cmTC_ca866.dir/CheckFunctionExists.c.o -o cmTC_ca866  -lnsl_r 
ld: library not found for -lnsl_r
clang: error: linker command failed with exit code 1 (use -v to see invocation)
make[1]: *** [cmTC_ca866] Error 1
make: *** [cmTC_ca866/fast] Error 2



Determining if the function gethostbyname_r exists in the nsl failed with the following output:
Change Dir: /Users/heidsoft/Downloads/research/mysql-8.0.27/cmake-build-debug/CMakeFiles/CMakeTmp

Run Build Command(s):/usr/bin/make -f Makefile cmTC_d7e45/fast && /Library/Developer/CommandLineTools/usr/bin/make  -f CMakeFiles/cmTC_d7e45.dir/build.make CMakeFiles/cmTC_d7e45.dir/build
Building C object CMakeFiles/cmTC_d7e45.dir/CheckFunctionExists.c.o
/usr/bin/gcc   -fno-omit-frame-pointer -ftls-model=initial-exec  -DCHECK_FUNCTION_EXISTS=gethostbyname_r -isysroot /Library/Developer/CommandLineTools/SDKs/MacOSX13.3.sdk -fPIE -MD -MT CMakeFiles/cmTC_d7e45.dir/CheckFunctionExists.c.o -MF CMakeFiles/cmTC_d7e45.dir/CheckFunctionExists.c.o.d -o CMakeFiles/cmTC_d7e45.dir/CheckFunctionExists.c.o -c /Applications/CMake.app/Contents/share/cmake-3.21/Modules/CheckFunctionExists.c
Linking C executable cmTC_d7e45
/Applications/CMake.app/Contents/bin/cmake -E cmake_link_script CMakeFiles/cmTC_d7e45.dir/link.txt --verbose=1
/usr/bin/gcc -fno-omit-frame-pointer -ftls-model=initial-exec  -DCHECK_FUNCTION_EXISTS=gethostbyname_r -isysroot /Library/Developer/CommandLineTools/SDKs/MacOSX13.3.sdk -Wl,-search_paths_first -Wl,-headerpad_max_install_names -L/usr/local/opt/openssl/lib  CMakeFiles/cmTC_d7e45.dir/CheckFunctionExists.c.o -o cmTC_d7e45  -lnsl 
ld: library not found for -lnsl
clang: error: linker command failed with exit code 1 (use -v to see invocation)
make[1]: *** [cmTC_d7e45] Error 1
make: *** [cmTC_d7e45/fast] Error 2



Determining if the function timer_create exists failed with the following output:
Change Dir: /Users/heidsoft/Downloads/research/mysql-8.0.27/cmake-build-debug/CMakeFiles/CMakeTmp

Run Build Command(s):/usr/bin/make -f Makefile cmTC_0aa29/fast && /Library/Developer/CommandLineTools/usr/bin/make  -f CMakeFiles/cmTC_0aa29.dir/build.make CMakeFiles/cmTC_0aa29.dir/build
Building C object CMakeFiles/cmTC_0aa29.dir/CheckFunctionExists.c.o
/usr/bin/gcc   -fno-omit-frame-pointer -ftls-model=initial-exec  -DCHECK_FUNCTION_EXISTS=timer_create -isysroot /Library/Developer/CommandLineTools/SDKs/MacOSX13.3.sdk -fPIE -MD -MT CMakeFiles/cmTC_0aa29.dir/CheckFunctionExists.c.o -MF CMakeFiles/cmTC_0aa29.dir/CheckFunctionExists.c.o.d -o CMakeFiles/cmTC_0aa29.dir/CheckFunctionExists.c.o -c /Applications/CMake.app/Contents/share/cmake-3.21/Modules/CheckFunctionExists.c
Linking C executable cmTC_0aa29
/Applications/CMake.app/Contents/bin/cmake -E cmake_link_script CMakeFiles/cmTC_0aa29.dir/link.txt --verbose=1
/usr/bin/gcc -fno-omit-frame-pointer -ftls-model=initial-exec  -DCHECK_FUNCTION_EXISTS=timer_create -isysroot /Library/Developer/CommandLineTools/SDKs/MacOSX13.3.sdk -Wl,-search_paths_first -Wl,-headerpad_max_install_names -L/usr/local/opt/openssl/lib  CMakeFiles/cmTC_0aa29.dir/CheckFunctionExists.c.o -o cmTC_0aa29 
Undefined symbols for architecture x86_64:
  "_timer_create", referenced from:
      _main in CheckFunctionExists.c.o
ld: symbol(s) not found for architecture x86_64
clang: error: linker command failed with exit code 1 (use -v to see invocation)
make[1]: *** [cmTC_0aa29] Error 1
make: *** [cmTC_0aa29/fast] Error 2



Determining if the function timer_create exists in the rt failed with the following output:
Change Dir: /Users/heidsoft/Downloads/research/mysql-8.0.27/cmake-build-debug/CMakeFiles/CMakeTmp

Run Build Command(s):/usr/bin/make -f Makefile cmTC_ef0e2/fast && /Library/Developer/CommandLineTools/usr/bin/make  -f CMakeFiles/cmTC_ef0e2.dir/build.make CMakeFiles/cmTC_ef0e2.dir/build
Building C object CMakeFiles/cmTC_ef0e2.dir/CheckFunctionExists.c.o
/usr/bin/gcc   -fno-omit-frame-pointer -ftls-model=initial-exec  -DCHECK_FUNCTION_EXISTS=timer_create -isysroot /Library/Developer/CommandLineTools/SDKs/MacOSX13.3.sdk -fPIE -MD -MT CMakeFiles/cmTC_ef0e2.dir/CheckFunctionExists.c.o -MF CMakeFiles/cmTC_ef0e2.dir/CheckFunctionExists.c.o.d -o CMakeFiles/cmTC_ef0e2.dir/CheckFunctionExists.c.o -c /Applications/CMake.app/Contents/share/cmake-3.21/Modules/CheckFunctionExists.c
Linking C executable cmTC_ef0e2
/Applications/CMake.app/Contents/bin/cmake -E cmake_link_script CMakeFiles/cmTC_ef0e2.dir/link.txt --verbose=1
/usr/bin/gcc -fno-omit-frame-pointer -ftls-model=initial-exec  -DCHECK_FUNCTION_EXISTS=timer_create -isysroot /Library/Developer/CommandLineTools/SDKs/MacOSX13.3.sdk -Wl,-search_paths_first -Wl,-headerpad_max_install_names -L/usr/local/opt/openssl/lib  CMakeFiles/cmTC_ef0e2.dir/CheckFunctionExists.c.o -o cmTC_ef0e2  -lrt 
ld: library not found for -lrt
clang: error: linker command failed with exit code 1 (use -v to see invocation)
make[1]: *** [cmTC_ef0e2] Error 1
make: *** [cmTC_ef0e2/fast] Error 2



Determining if files endian.h exist failed with the following output:
Change Dir: /Users/heidsoft/Downloads/research/mysql-8.0.27/cmake-build-debug/CMakeFiles/CMakeTmp

Run Build Command(s):/usr/bin/make -f Makefile cmTC_31a00/fast && /Library/Developer/CommandLineTools/usr/bin/make  -f CMakeFiles/cmTC_31a00.dir/build.make CMakeFiles/cmTC_31a00.dir/build
Building C object CMakeFiles/cmTC_31a00.dir/HAVE_ENDIAN_H.c.o
/usr/bin/gcc   -fno-omit-frame-pointer -ftls-model=initial-exec   -isysroot /Library/Developer/CommandLineTools/SDKs/MacOSX13.3.sdk -fPIE -MD -MT CMakeFiles/cmTC_31a00.dir/HAVE_ENDIAN_H.c.o -MF CMakeFiles/cmTC_31a00.dir/HAVE_ENDIAN_H.c.o.d -o CMakeFiles/cmTC_31a00.dir/HAVE_ENDIAN_H.c.o -c /Users/heidsoft/Downloads/research/mysql-8.0.27/cmake-build-debug/CMakeFiles/CheckIncludeFiles/HAVE_ENDIAN_H.c
/Users/heidsoft/Downloads/research/mysql-8.0.27/cmake-build-debug/CMakeFiles/CheckIncludeFiles/HAVE_ENDIAN_H.c:2:10: fatal error: 'endian.h' file not found
#include <endian.h>
         ^~~~~~~~~~
1 error generated.
make[1]: *** [CMakeFiles/cmTC_31a00.dir/HAVE_ENDIAN_H.c.o] Error 1
make: *** [cmTC_31a00/fast] Error 2


Source:
/* */
#include <endian.h>


int main(void){return 0;}

Determining if files fpu_control.h exist failed with the following output:
Change Dir: /Users/heidsoft/Downloads/research/mysql-8.0.27/cmake-build-debug/CMakeFiles/CMakeTmp

Run Build Command(s):/usr/bin/make -f Makefile cmTC_43a74/fast && /Library/Developer/CommandLineTools/usr/bin/make  -f CMakeFiles/cmTC_43a74.dir/build.make CMakeFiles/cmTC_43a74.dir/build
Building C object CMakeFiles/cmTC_43a74.dir/HAVE_FPU_CONTROL_H.c.o
/usr/bin/gcc   -fno-omit-frame-pointer -ftls-model=initial-exec   -isysroot /Library/Developer/CommandLineTools/SDKs/MacOSX13.3.sdk -fPIE -MD -MT CMakeFiles/cmTC_43a74.dir/HAVE_FPU_CONTROL_H.c.o -MF CMakeFiles/cmTC_43a74.dir/HAVE_FPU_CONTROL_H.c.o.d -o CMakeFiles/cmTC_43a74.dir/HAVE_FPU_CONTROL_H.c.o -c /Users/heidsoft/Downloads/research/mysql-8.0.27/cmake-build-debug/CMakeFiles/CheckIncludeFiles/HAVE_FPU_CONTROL_H.c
/Users/heidsoft/Downloads/research/mysql-8.0.27/cmake-build-debug/CMakeFiles/CheckIncludeFiles/HAVE_FPU_CONTROL_H.c:2:10: fatal error: 'fpu_control.h' file not found
#include <fpu_control.h>
         ^~~~~~~~~~~~~~~
1 error generated.
make[1]: *** [CMakeFiles/cmTC_43a74.dir/HAVE_FPU_CONTROL_H.c.o] Error 1
make: *** [cmTC_43a74/fast] Error 2


Source:
/* */
#include <fpu_control.h>


int main(void){return 0;}

Determining if files malloc.h exist failed with the following output:
Change Dir: /Users/heidsoft/Downloads/research/mysql-8.0.27/cmake-build-debug/CMakeFiles/CMakeTmp

Run Build Command(s):/usr/bin/make -f Makefile cmTC_42805/fast && /Library/Developer/CommandLineTools/usr/bin/make  -f CMakeFiles/cmTC_42805.dir/build.make CMakeFiles/cmTC_42805.dir/build
Building C object CMakeFiles/cmTC_42805.dir/HAVE_MALLOC_H.c.o
/usr/bin/gcc   -fno-omit-frame-pointer -ftls-model=initial-exec   -isysroot /Library/Developer/CommandLineTools/SDKs/MacOSX13.3.sdk -fPIE -MD -MT CMakeFiles/cmTC_42805.dir/HAVE_MALLOC_H.c.o -MF CMakeFiles/cmTC_42805.dir/HAVE_MALLOC_H.c.o.d -o CMakeFiles/cmTC_42805.dir/HAVE_MALLOC_H.c.o -c /Users/heidsoft/Downloads/research/mysql-8.0.27/cmake-build-debug/CMakeFiles/CheckIncludeFiles/HAVE_MALLOC_H.c
/Users/heidsoft/Downloads/research/mysql-8.0.27/cmake-build-debug/CMakeFiles/CheckIncludeFiles/HAVE_MALLOC_H.c:2:10: fatal error: 'malloc.h' file not found
#include <malloc.h>
         ^~~~~~~~~~
1 error generated.
make[1]: *** [CMakeFiles/cmTC_42805.dir/HAVE_MALLOC_H.c.o] Error 1
make: *** [cmTC_42805/fast] Error 2


Source:
/* */
#include <malloc.h>


int main(void){return 0;}

Determining if files sys/prctl.h exist failed with the following output:
Change Dir: /Users/heidsoft/Downloads/research/mysql-8.0.27/cmake-build-debug/CMakeFiles/CMakeTmp

Run Build Command(s):/usr/bin/make -f Makefile cmTC_75f87/fast && /Library/Developer/CommandLineTools/usr/bin/make  -f CMakeFiles/cmTC_75f87.dir/build.make CMakeFiles/cmTC_75f87.dir/build
Building C object CMakeFiles/cmTC_75f87.dir/HAVE_SYS_PRCTL_H.c.o
/usr/bin/gcc   -fno-omit-frame-pointer -ftls-model=initial-exec   -isysroot /Library/Developer/CommandLineTools/SDKs/MacOSX13.3.sdk -fPIE -MD -MT CMakeFiles/cmTC_75f87.dir/HAVE_SYS_PRCTL_H.c.o -MF CMakeFiles/cmTC_75f87.dir/HAVE_SYS_PRCTL_H.c.o.d -o CMakeFiles/cmTC_75f87.dir/HAVE_SYS_PRCTL_H.c.o -c /Users/heidsoft/Downloads/research/mysql-8.0.27/cmake-build-debug/CMakeFiles/CheckIncludeFiles/HAVE_SYS_PRCTL_H.c
/Users/heidsoft/Downloads/research/mysql-8.0.27/cmake-build-debug/CMakeFiles/CheckIncludeFiles/HAVE_SYS_PRCTL_H.c:2:10: fatal error: 'sys/prctl.h' file not found
#include <sys/prctl.h>
         ^~~~~~~~~~~~~
1 error generated.
make[1]: *** [CMakeFiles/cmTC_75f87.dir/HAVE_SYS_PRCTL_H.c.o] Error 1
make: *** [cmTC_75f87/fast] Error 2


Source:
/* */
#include <sys/prctl.h>


int main(void){return 0;}

Determining if files termio.h exist failed with the following output:
Change Dir: /Users/heidsoft/Downloads/research/mysql-8.0.27/cmake-build-debug/CMakeFiles/CMakeTmp

Run Build Command(s):/usr/bin/make -f Makefile cmTC_93cec/fast && /Library/Developer/CommandLineTools/usr/bin/make  -f CMakeFiles/cmTC_93cec.dir/build.make CMakeFiles/cmTC_93cec.dir/build
Building C object CMakeFiles/cmTC_93cec.dir/HAVE_TERMIO_H.c.o
/usr/bin/gcc   -fno-omit-frame-pointer -ftls-model=initial-exec   -isysroot /Library/Developer/CommandLineTools/SDKs/MacOSX13.3.sdk -fPIE -MD -MT CMakeFiles/cmTC_93cec.dir/HAVE_TERMIO_H.c.o -MF CMakeFiles/cmTC_93cec.dir/HAVE_TERMIO_H.c.o.d -o CMakeFiles/cmTC_93cec.dir/HAVE_TERMIO_H.c.o -c /Users/heidsoft/Downloads/research/mysql-8.0.27/cmake-build-debug/CMakeFiles/CheckIncludeFiles/HAVE_TERMIO_H.c
/Users/heidsoft/Downloads/research/mysql-8.0.27/cmake-build-debug/CMakeFiles/CheckIncludeFiles/HAVE_TERMIO_H.c:2:10: fatal error: 'termio.h' file not found
#include <termio.h>
         ^~~~~~~~~~
1 error generated.
make[1]: *** [CMakeFiles/cmTC_93cec.dir/HAVE_TERMIO_H.c.o] Error 1
make: *** [cmTC_93cec/fast] Error 2


Source:
/* */
#include <termio.h>


int main(void){return 0;}

Determining if the function _aligned_malloc exists failed with the following output:
Change Dir: /Users/heidsoft/Downloads/research/mysql-8.0.27/cmake-build-debug/CMakeFiles/CMakeTmp

Run Build Command(s):/usr/bin/make -f Makefile cmTC_95b12/fast && /Library/Developer/CommandLineTools/usr/bin/make  -f CMakeFiles/cmTC_95b12.dir/build.make CMakeFiles/cmTC_95b12.dir/build
Building C object CMakeFiles/cmTC_95b12.dir/CheckFunctionExists.c.o
/usr/bin/gcc   -fno-omit-frame-pointer -ftls-model=initial-exec  -DCHECK_FUNCTION_EXISTS=_aligned_malloc -isysroot /Library/Developer/CommandLineTools/SDKs/MacOSX13.3.sdk -fPIE -MD -MT CMakeFiles/cmTC_95b12.dir/CheckFunctionExists.c.o -MF CMakeFiles/cmTC_95b12.dir/CheckFunctionExists.c.o.d -o CMakeFiles/cmTC_95b12.dir/CheckFunctionExists.c.o -c /Applications/CMake.app/Contents/share/cmake-3.21/Modules/CheckFunctionExists.c
Linking C executable cmTC_95b12
/Applications/CMake.app/Contents/bin/cmake -E cmake_link_script CMakeFiles/cmTC_95b12.dir/link.txt --verbose=1
/usr/bin/gcc -fno-omit-frame-pointer -ftls-model=initial-exec  -DCHECK_FUNCTION_EXISTS=_aligned_malloc -isysroot /Library/Developer/CommandLineTools/SDKs/MacOSX13.3.sdk -Wl,-search_paths_first -Wl,-headerpad_max_install_names -L/usr/local/opt/openssl/lib  CMakeFiles/cmTC_95b12.dir/CheckFunctionExists.c.o -o cmTC_95b12 
Undefined symbols for architecture x86_64:
  "__aligned_malloc", referenced from:
      _main in CheckFunctionExists.c.o
ld: symbol(s) not found for architecture x86_64
clang: error: linker command failed with exit code 1 (use -v to see invocation)
make[1]: *** [cmTC_95b12] Error 1
make: *** [cmTC_95b12/fast] Error 2



Determining if the function cuserid exists failed with the following output:
Change Dir: /Users/heidsoft/Downloads/research/mysql-8.0.27/cmake-build-debug/CMakeFiles/CMakeTmp

Run Build Command(s):/usr/bin/make -f Makefile cmTC_bc843/fast && /Library/Developer/CommandLineTools/usr/bin/make  -f CMakeFiles/cmTC_bc843.dir/build.make CMakeFiles/cmTC_bc843.dir/build
Building C object CMakeFiles/cmTC_bc843.dir/CheckFunctionExists.c.o
/usr/bin/gcc   -fno-omit-frame-pointer -ftls-model=initial-exec  -DCHECK_FUNCTION_EXISTS=cuserid -isysroot /Library/Developer/CommandLineTools/SDKs/MacOSX13.3.sdk -fPIE -MD -MT CMakeFiles/cmTC_bc843.dir/CheckFunctionExists.c.o -MF CMakeFiles/cmTC_bc843.dir/CheckFunctionExists.c.o.d -o CMakeFiles/cmTC_bc843.dir/CheckFunctionExists.c.o -c /Applications/CMake.app/Contents/share/cmake-3.21/Modules/CheckFunctionExists.c
Linking C executable cmTC_bc843
/Applications/CMake.app/Contents/bin/cmake -E cmake_link_script CMakeFiles/cmTC_bc843.dir/link.txt --verbose=1
/usr/bin/gcc -fno-omit-frame-pointer -ftls-model=initial-exec  -DCHECK_FUNCTION_EXISTS=cuserid -isysroot /Library/Developer/CommandLineTools/SDKs/MacOSX13.3.sdk -Wl,-search_paths_first -Wl,-headerpad_max_install_names -L/usr/local/opt/openssl/lib  CMakeFiles/cmTC_bc843.dir/CheckFunctionExists.c.o -o cmTC_bc843 
Undefined symbols for architecture x86_64:
  "_cuserid", referenced from:
      _main in CheckFunctionExists.c.o
ld: symbol(s) not found for architecture x86_64
clang: error: linker command failed with exit code 1 (use -v to see invocation)
make[1]: *** [cmTC_bc843] Error 1
make: *** [cmTC_bc843/fast] Error 2



Determining if the function directio exists failed with the following output:
Change Dir: /Users/heidsoft/Downloads/research/mysql-8.0.27/cmake-build-debug/CMakeFiles/CMakeTmp

Run Build Command(s):/usr/bin/make -f Makefile cmTC_92d67/fast && /Library/Developer/CommandLineTools/usr/bin/make  -f CMakeFiles/cmTC_92d67.dir/build.make CMakeFiles/cmTC_92d67.dir/build
Building C object CMakeFiles/cmTC_92d67.dir/CheckFunctionExists.c.o
/usr/bin/gcc   -fno-omit-frame-pointer -ftls-model=initial-exec  -DCHECK_FUNCTION_EXISTS=directio -isysroot /Library/Developer/CommandLineTools/SDKs/MacOSX13.3.sdk -fPIE -MD -MT CMakeFiles/cmTC_92d67.dir/CheckFunctionExists.c.o -MF CMakeFiles/cmTC_92d67.dir/CheckFunctionExists.c.o.d -o CMakeFiles/cmTC_92d67.dir/CheckFunctionExists.c.o -c /Applications/CMake.app/Contents/share/cmake-3.21/Modules/CheckFunctionExists.c
Linking C executable cmTC_92d67
/Applications/CMake.app/Contents/bin/cmake -E cmake_link_script CMakeFiles/cmTC_92d67.dir/link.txt --verbose=1
/usr/bin/gcc -fno-omit-frame-pointer -ftls-model=initial-exec  -DCHECK_FUNCTION_EXISTS=directio -isysroot /Library/Developer/CommandLineTools/SDKs/MacOSX13.3.sdk -Wl,-search_paths_first -Wl,-headerpad_max_install_names -L/usr/local/opt/openssl/lib  CMakeFiles/cmTC_92d67.dir/CheckFunctionExists.c.o -o cmTC_92d67 
Undefined symbols for architecture x86_64:
  "_directio", referenced from:
      _main in CheckFunctionExists.c.o
ld: symbol(s) not found for architecture x86_64
clang: error: linker command failed with exit code 1 (use -v to see invocation)
make[1]: *** [cmTC_92d67] Error 1
make: *** [cmTC_92d67/fast] Error 2



Determining if the fdatasync exist failed with the following output:
Change Dir: /Users/heidsoft/Downloads/research/mysql-8.0.27/cmake-build-debug/CMakeFiles/CMakeTmp

Run Build Command(s):/usr/bin/make -f Makefile cmTC_56faa/fast && /Library/Developer/CommandLineTools/usr/bin/make  -f CMakeFiles/cmTC_56faa.dir/build.make CMakeFiles/cmTC_56faa.dir/build
Building C object CMakeFiles/cmTC_56faa.dir/CheckSymbolExists.c.o
/usr/bin/gcc   -fno-omit-frame-pointer -ftls-model=initial-exec   -isysroot /Library/Developer/CommandLineTools/SDKs/MacOSX13.3.sdk -fPIE -MD -MT CMakeFiles/cmTC_56faa.dir/CheckSymbolExists.c.o -MF CMakeFiles/cmTC_56faa.dir/CheckSymbolExists.c.o.d -o CMakeFiles/cmTC_56faa.dir/CheckSymbolExists.c.o -c /Users/heidsoft/Downloads/research/mysql-8.0.27/cmake-build-debug/CMakeFiles/CMakeTmp/CheckSymbolExists.c
/Users/heidsoft/Downloads/research/mysql-8.0.27/cmake-build-debug/CMakeFiles/CMakeTmp/CheckSymbolExists.c:8:19: error: use of undeclared identifier 'fdatasync'
  return ((int*)(&fdatasync))[argc];
                  ^
1 error generated.
make[1]: *** [CMakeFiles/cmTC_56faa.dir/CheckSymbolExists.c.o] Error 1
make: *** [cmTC_56faa/fast] Error 2


File /Users/heidsoft/Downloads/research/mysql-8.0.27/cmake-build-debug/CMakeFiles/CMakeTmp/CheckSymbolExists.c:
/* */
#include <unistd.h>

int main(int argc, char** argv)
{
  (void)argv;
#ifndef fdatasync
  return ((int*)(&fdatasync))[argc];
#else
  (void)argc;
  return 0;
#endif
}
Determining if the function fedisableexcept exists failed with the following output:
Change Dir: /Users/heidsoft/Downloads/research/mysql-8.0.27/cmake-build-debug/CMakeFiles/CMakeTmp

Run Build Command(s):/usr/bin/make -f Makefile cmTC_adcd0/fast && /Library/Developer/CommandLineTools/usr/bin/make  -f CMakeFiles/cmTC_adcd0.dir/build.make CMakeFiles/cmTC_adcd0.dir/build
Building C object CMakeFiles/cmTC_adcd0.dir/CheckFunctionExists.c.o
/usr/bin/gcc   -fno-omit-frame-pointer -ftls-model=initial-exec  -DCHECK_FUNCTION_EXISTS=fedisableexcept -isysroot /Library/Developer/CommandLineTools/SDKs/MacOSX13.3.sdk -fPIE -MD -MT CMakeFiles/cmTC_adcd0.dir/CheckFunctionExists.c.o -MF CMakeFiles/cmTC_adcd0.dir/CheckFunctionExists.c.o.d -o CMakeFiles/cmTC_adcd0.dir/CheckFunctionExists.c.o -c /Applications/CMake.app/Contents/share/cmake-3.21/Modules/CheckFunctionExists.c
Linking C executable cmTC_adcd0
/Applications/CMake.app/Contents/bin/cmake -E cmake_link_script CMakeFiles/cmTC_adcd0.dir/link.txt --verbose=1
/usr/bin/gcc -fno-omit-frame-pointer -ftls-model=initial-exec  -DCHECK_FUNCTION_EXISTS=fedisableexcept -isysroot /Library/Developer/CommandLineTools/SDKs/MacOSX13.3.sdk -Wl,-search_paths_first -Wl,-headerpad_max_install_names -L/usr/local/opt/openssl/lib  CMakeFiles/cmTC_adcd0.dir/CheckFunctionExists.c.o -o cmTC_adcd0 
Undefined symbols for architecture x86_64:
  "_fedisableexcept", referenced from:
      _main in CheckFunctionExists.c.o
ld: symbol(s) not found for architecture x86_64
clang: error: linker command failed with exit code 1 (use -v to see invocation)
make[1]: *** [cmTC_adcd0] Error 1
make: *** [cmTC_adcd0/fast] Error 2



Determining if the function gethrtime exists failed with the following output:
Change Dir: /Users/heidsoft/Downloads/research/mysql-8.0.27/cmake-build-debug/CMakeFiles/CMakeTmp

Run Build Command(s):/usr/bin/make -f Makefile cmTC_e147f/fast && /Library/Developer/CommandLineTools/usr/bin/make  -f CMakeFiles/cmTC_e147f.dir/build.make CMakeFiles/cmTC_e147f.dir/build
Building C object CMakeFiles/cmTC_e147f.dir/CheckFunctionExists.c.o
/usr/bin/gcc   -fno-omit-frame-pointer -ftls-model=initial-exec  -DCHECK_FUNCTION_EXISTS=gethrtime -isysroot /Library/Developer/CommandLineTools/SDKs/MacOSX13.3.sdk -fPIE -MD -MT CMakeFiles/cmTC_e147f.dir/CheckFunctionExists.c.o -MF CMakeFiles/cmTC_e147f.dir/CheckFunctionExists.c.o.d -o CMakeFiles/cmTC_e147f.dir/CheckFunctionExists.c.o -c /Applications/CMake.app/Contents/share/cmake-3.21/Modules/CheckFunctionExists.c
Linking C executable cmTC_e147f
/Applications/CMake.app/Contents/bin/cmake -E cmake_link_script CMakeFiles/cmTC_e147f.dir/link.txt --verbose=1
/usr/bin/gcc -fno-omit-frame-pointer -ftls-model=initial-exec  -DCHECK_FUNCTION_EXISTS=gethrtime -isysroot /Library/Developer/CommandLineTools/SDKs/MacOSX13.3.sdk -Wl,-search_paths_first -Wl,-headerpad_max_install_names -L/usr/local/opt/openssl/lib  CMakeFiles/cmTC_e147f.dir/CheckFunctionExists.c.o -o cmTC_e147f 
Undefined symbols for architecture x86_64:
  "_gethrtime", referenced from:
      _main in CheckFunctionExists.c.o
ld: symbol(s) not found for architecture x86_64
clang: error: linker command failed with exit code 1 (use -v to see invocation)
make[1]: *** [cmTC_e147f] Error 1
make: *** [cmTC_e147f/fast] Error 2



Determining if the function getpassphrase exists failed with the following output:
Change Dir: /Users/heidsoft/Downloads/research/mysql-8.0.27/cmake-build-debug/CMakeFiles/CMakeTmp

Run Build Command(s):/usr/bin/make -f Makefile cmTC_a3856/fast && /Library/Developer/CommandLineTools/usr/bin/make  -f CMakeFiles/cmTC_a3856.dir/build.make CMakeFiles/cmTC_a3856.dir/build
Building C object CMakeFiles/cmTC_a3856.dir/CheckFunctionExists.c.o
/usr/bin/gcc   -fno-omit-frame-pointer -ftls-model=initial-exec  -DCHECK_FUNCTION_EXISTS=getpassphrase -isysroot /Library/Developer/CommandLineTools/SDKs/MacOSX13.3.sdk -fPIE -MD -MT CMakeFiles/cmTC_a3856.dir/CheckFunctionExists.c.o -MF CMakeFiles/cmTC_a3856.dir/CheckFunctionExists.c.o.d -o CMakeFiles/cmTC_a3856.dir/CheckFunctionExists.c.o -c /Applications/CMake.app/Contents/share/cmake-3.21/Modules/CheckFunctionExists.c
Linking C executable cmTC_a3856
/Applications/CMake.app/Contents/bin/cmake -E cmake_link_script CMakeFiles/cmTC_a3856.dir/link.txt --verbose=1
/usr/bin/gcc -fno-omit-frame-pointer -ftls-model=initial-exec  -DCHECK_FUNCTION_EXISTS=getpassphrase -isysroot /Library/Developer/CommandLineTools/SDKs/MacOSX13.3.sdk -Wl,-search_paths_first -Wl,-headerpad_max_install_names -L/usr/local/opt/openssl/lib  CMakeFiles/cmTC_a3856.dir/CheckFunctionExists.c.o -o cmTC_a3856 
Undefined symbols for architecture x86_64:
  "_getpassphrase", referenced from:
      _main in CheckFunctionExists.c.o
ld: symbol(s) not found for architecture x86_64
clang: error: linker command failed with exit code 1 (use -v to see invocation)
make[1]: *** [cmTC_a3856] Error 1
make: *** [cmTC_a3856/fast] Error 2



Determining if the function malloc_info exists failed with the following output:
Change Dir: /Users/heidsoft/Downloads/research/mysql-8.0.27/cmake-build-debug/CMakeFiles/CMakeTmp

Run Build Command(s):/usr/bin/make -f Makefile cmTC_cb561/fast && /Library/Developer/CommandLineTools/usr/bin/make  -f CMakeFiles/cmTC_cb561.dir/build.make CMakeFiles/cmTC_cb561.dir/build
Building C object CMakeFiles/cmTC_cb561.dir/CheckFunctionExists.c.o
/usr/bin/gcc   -fno-omit-frame-pointer -ftls-model=initial-exec  -DCHECK_FUNCTION_EXISTS=malloc_info -isysroot /Library/Developer/CommandLineTools/SDKs/MacOSX13.3.sdk -fPIE -MD -MT CMakeFiles/cmTC_cb561.dir/CheckFunctionExists.c.o -MF CMakeFiles/cmTC_cb561.dir/CheckFunctionExists.c.o.d -o CMakeFiles/cmTC_cb561.dir/CheckFunctionExists.c.o -c /Applications/CMake.app/Contents/share/cmake-3.21/Modules/CheckFunctionExists.c
Linking C executable cmTC_cb561
/Applications/CMake.app/Contents/bin/cmake -E cmake_link_script CMakeFiles/cmTC_cb561.dir/link.txt --verbose=1
/usr/bin/gcc -fno-omit-frame-pointer -ftls-model=initial-exec  -DCHECK_FUNCTION_EXISTS=malloc_info -isysroot /Library/Developer/CommandLineTools/SDKs/MacOSX13.3.sdk -Wl,-search_paths_first -Wl,-headerpad_max_install_names -L/usr/local/opt/openssl/lib  CMakeFiles/cmTC_cb561.dir/CheckFunctionExists.c.o -o cmTC_cb561 
Undefined symbols for architecture x86_64:
  "_malloc_info", referenced from:
      _main in CheckFunctionExists.c.o
ld: symbol(s) not found for architecture x86_64
clang: error: linker command failed with exit code 1 (use -v to see invocation)
make[1]: *** [cmTC_cb561] Error 1
make: *** [cmTC_cb561/fast] Error 2



Determining if the function mmap64 exists failed with the following output:
Change Dir: /Users/heidsoft/Downloads/research/mysql-8.0.27/cmake-build-debug/CMakeFiles/CMakeTmp

Run Build Command(s):/usr/bin/make -f Makefile cmTC_8afae/fast && /Library/Developer/CommandLineTools/usr/bin/make  -f CMakeFiles/cmTC_8afae.dir/build.make CMakeFiles/cmTC_8afae.dir/build
Building C object CMakeFiles/cmTC_8afae.dir/CheckFunctionExists.c.o
/usr/bin/gcc   -fno-omit-frame-pointer -ftls-model=initial-exec  -DCHECK_FUNCTION_EXISTS=mmap64 -isysroot /Library/Developer/CommandLineTools/SDKs/MacOSX13.3.sdk -fPIE -MD -MT CMakeFiles/cmTC_8afae.dir/CheckFunctionExists.c.o -MF CMakeFiles/cmTC_8afae.dir/CheckFunctionExists.c.o.d -o CMakeFiles/cmTC_8afae.dir/CheckFunctionExists.c.o -c /Applications/CMake.app/Contents/share/cmake-3.21/Modules/CheckFunctionExists.c
Linking C executable cmTC_8afae
/Applications/CMake.app/Contents/bin/cmake -E cmake_link_script CMakeFiles/cmTC_8afae.dir/link.txt --verbose=1
/usr/bin/gcc -fno-omit-frame-pointer -ftls-model=initial-exec  -DCHECK_FUNCTION_EXISTS=mmap64 -isysroot /Library/Developer/CommandLineTools/SDKs/MacOSX13.3.sdk -Wl,-search_paths_first -Wl,-headerpad_max_install_names -L/usr/local/opt/openssl/lib  CMakeFiles/cmTC_8afae.dir/CheckFunctionExists.c.o -o cmTC_8afae 
Undefined symbols for architecture x86_64:
  "_mmap64", referenced from:
      _main in CheckFunctionExists.c.o
ld: symbol(s) not found for architecture x86_64
clang: error: linker command failed with exit code 1 (use -v to see invocation)
make[1]: *** [cmTC_8afae] Error 1
make: *** [cmTC_8afae/fast] Error 2



Determining if the function posix_fallocate exists failed with the following output:
Change Dir: /Users/heidsoft/Downloads/research/mysql-8.0.27/cmake-build-debug/CMakeFiles/CMakeTmp

Run Build Command(s):/usr/bin/make -f Makefile cmTC_41b5e/fast && /Library/Developer/CommandLineTools/usr/bin/make  -f CMakeFiles/cmTC_41b5e.dir/build.make CMakeFiles/cmTC_41b5e.dir/build
Building C object CMakeFiles/cmTC_41b5e.dir/CheckFunctionExists.c.o
/usr/bin/gcc   -fno-omit-frame-pointer -ftls-model=initial-exec  -DCHECK_FUNCTION_EXISTS=posix_fallocate -isysroot /Library/Developer/CommandLineTools/SDKs/MacOSX13.3.sdk -fPIE -MD -MT CMakeFiles/cmTC_41b5e.dir/CheckFunctionExists.c.o -MF CMakeFiles/cmTC_41b5e.dir/CheckFunctionExists.c.o.d -o CMakeFiles/cmTC_41b5e.dir/CheckFunctionExists.c.o -c /Applications/CMake.app/Contents/share/cmake-3.21/Modules/CheckFunctionExists.c
Linking C executable cmTC_41b5e
/Applications/CMake.app/Contents/bin/cmake -E cmake_link_script CMakeFiles/cmTC_41b5e.dir/link.txt --verbose=1
/usr/bin/gcc -fno-omit-frame-pointer -ftls-model=initial-exec  -DCHECK_FUNCTION_EXISTS=posix_fallocate -isysroot /Library/Developer/CommandLineTools/SDKs/MacOSX13.3.sdk -Wl,-search_paths_first -Wl,-headerpad_max_install_names -L/usr/local/opt/openssl/lib  CMakeFiles/cmTC_41b5e.dir/CheckFunctionExists.c.o -o cmTC_41b5e 
Undefined symbols for architecture x86_64:
  "_posix_fallocate", referenced from:
      _main in CheckFunctionExists.c.o
ld: symbol(s) not found for architecture x86_64
clang: error: linker command failed with exit code 1 (use -v to see invocation)
make[1]: *** [cmTC_41b5e] Error 1
make: *** [cmTC_41b5e/fast] Error 2



Determining if the function pthread_condattr_setclock exists failed with the following output:
Change Dir: /Users/heidsoft/Downloads/research/mysql-8.0.27/cmake-build-debug/CMakeFiles/CMakeTmp

Run Build Command(s):/usr/bin/make -f Makefile cmTC_57098/fast && /Library/Developer/CommandLineTools/usr/bin/make  -f CMakeFiles/cmTC_57098.dir/build.make CMakeFiles/cmTC_57098.dir/build
Building C object CMakeFiles/cmTC_57098.dir/CheckFunctionExists.c.o
/usr/bin/gcc   -fno-omit-frame-pointer -ftls-model=initial-exec  -DCHECK_FUNCTION_EXISTS=pthread_condattr_setclock -isysroot /Library/Developer/CommandLineTools/SDKs/MacOSX13.3.sdk -fPIE -MD -MT CMakeFiles/cmTC_57098.dir/CheckFunctionExists.c.o -MF CMakeFiles/cmTC_57098.dir/CheckFunctionExists.c.o.d -o CMakeFiles/cmTC_57098.dir/CheckFunctionExists.c.o -c /Applications/CMake.app/Contents/share/cmake-3.21/Modules/CheckFunctionExists.c
Linking C executable cmTC_57098
/Applications/CMake.app/Contents/bin/cmake -E cmake_link_script CMakeFiles/cmTC_57098.dir/link.txt --verbose=1
/usr/bin/gcc -fno-omit-frame-pointer -ftls-model=initial-exec  -DCHECK_FUNCTION_EXISTS=pthread_condattr_setclock -isysroot /Library/Developer/CommandLineTools/SDKs/MacOSX13.3.sdk -Wl,-search_paths_first -Wl,-headerpad_max_install_names -L/usr/local/opt/openssl/lib  CMakeFiles/cmTC_57098.dir/CheckFunctionExists.c.o -o cmTC_57098 
Undefined symbols for architecture x86_64:
  "_pthread_condattr_setclock", referenced from:
      _main in CheckFunctionExists.c.o
ld: symbol(s) not found for architecture x86_64
clang: error: linker command failed with exit code 1 (use -v to see invocation)
make[1]: *** [cmTC_57098] Error 1
make: *** [cmTC_57098/fast] Error 2



Determining if the function pthread_getaffinity_np exists failed with the following output:
Change Dir: /Users/heidsoft/Downloads/research/mysql-8.0.27/cmake-build-debug/CMakeFiles/CMakeTmp

Run Build Command(s):/usr/bin/make -f Makefile cmTC_f9ca2/fast && /Library/Developer/CommandLineTools/usr/bin/make  -f CMakeFiles/cmTC_f9ca2.dir/build.make CMakeFiles/cmTC_f9ca2.dir/build
Building C object CMakeFiles/cmTC_f9ca2.dir/CheckFunctionExists.c.o
/usr/bin/gcc   -fno-omit-frame-pointer -ftls-model=initial-exec  -DCHECK_FUNCTION_EXISTS=pthread_getaffinity_np -isysroot /Library/Developer/CommandLineTools/SDKs/MacOSX13.3.sdk -fPIE -MD -MT CMakeFiles/cmTC_f9ca2.dir/CheckFunctionExists.c.o -MF CMakeFiles/cmTC_f9ca2.dir/CheckFunctionExists.c.o.d -o CMakeFiles/cmTC_f9ca2.dir/CheckFunctionExists.c.o -c /Applications/CMake.app/Contents/share/cmake-3.21/Modules/CheckFunctionExists.c
Linking C executable cmTC_f9ca2
/Applications/CMake.app/Contents/bin/cmake -E cmake_link_script CMakeFiles/cmTC_f9ca2.dir/link.txt --verbose=1
/usr/bin/gcc -fno-omit-frame-pointer -ftls-model=initial-exec  -DCHECK_FUNCTION_EXISTS=pthread_getaffinity_np -isysroot /Library/Developer/CommandLineTools/SDKs/MacOSX13.3.sdk -Wl,-search_paths_first -Wl,-headerpad_max_install_names -L/usr/local/opt/openssl/lib  CMakeFiles/cmTC_f9ca2.dir/CheckFunctionExists.c.o -o cmTC_f9ca2 
Undefined symbols for architecture x86_64:
  "_pthread_getaffinity_np", referenced from:
      _main in CheckFunctionExists.c.o
ld: symbol(s) not found for architecture x86_64
clang: error: linker command failed with exit code 1 (use -v to see invocation)
make[1]: *** [cmTC_f9ca2] Error 1
make: *** [cmTC_f9ca2/fast] Error 2



Determining if the function tell exists failed with the following output:
Change Dir: /Users/heidsoft/Downloads/research/mysql-8.0.27/cmake-build-debug/CMakeFiles/CMakeTmp

Run Build Command(s):/usr/bin/make -f Makefile cmTC_c9fe4/fast && /Library/Developer/CommandLineTools/usr/bin/make  -f CMakeFiles/cmTC_c9fe4.dir/build.make CMakeFiles/cmTC_c9fe4.dir/build
Building C object CMakeFiles/cmTC_c9fe4.dir/CheckFunctionExists.c.o
/usr/bin/gcc   -fno-omit-frame-pointer -ftls-model=initial-exec  -DCHECK_FUNCTION_EXISTS=tell -isysroot /Library/Developer/CommandLineTools/SDKs/MacOSX13.3.sdk -fPIE -MD -MT CMakeFiles/cmTC_c9fe4.dir/CheckFunctionExists.c.o -MF CMakeFiles/cmTC_c9fe4.dir/CheckFunctionExists.c.o.d -o CMakeFiles/cmTC_c9fe4.dir/CheckFunctionExists.c.o -c /Applications/CMake.app/Contents/share/cmake-3.21/Modules/CheckFunctionExists.c
Linking C executable cmTC_c9fe4
/Applications/CMake.app/Contents/bin/cmake -E cmake_link_script CMakeFiles/cmTC_c9fe4.dir/link.txt --verbose=1
/usr/bin/gcc -fno-omit-frame-pointer -ftls-model=initial-exec  -DCHECK_FUNCTION_EXISTS=tell -isysroot /Library/Developer/CommandLineTools/SDKs/MacOSX13.3.sdk -Wl,-search_paths_first -Wl,-headerpad_max_install_names -L/usr/local/opt/openssl/lib  CMakeFiles/cmTC_c9fe4.dir/CheckFunctionExists.c.o -o cmTC_c9fe4 
Undefined symbols for architecture x86_64:
  "_tell", referenced from:
      _main in CheckFunctionExists.c.o
ld: symbol(s) not found for architecture x86_64
clang: error: linker command failed with exit code 1 (use -v to see invocation)
make[1]: *** [cmTC_c9fe4] Error 1
make: *** [cmTC_c9fe4/fast] Error 2



Determining if the function memalign exists failed with the following output:
Change Dir: /Users/heidsoft/Downloads/research/mysql-8.0.27/cmake-build-debug/CMakeFiles/CMakeTmp

Run Build Command(s):/usr/bin/make -f Makefile cmTC_4bf7c/fast && /Library/Developer/CommandLineTools/usr/bin/make  -f CMakeFiles/cmTC_4bf7c.dir/build.make CMakeFiles/cmTC_4bf7c.dir/build
Building C object CMakeFiles/cmTC_4bf7c.dir/CheckFunctionExists.c.o
/usr/bin/gcc   -fno-omit-frame-pointer -ftls-model=initial-exec  -DCHECK_FUNCTION_EXISTS=memalign -isysroot /Library/Developer/CommandLineTools/SDKs/MacOSX13.3.sdk -fPIE -MD -MT CMakeFiles/cmTC_4bf7c.dir/CheckFunctionExists.c.o -MF CMakeFiles/cmTC_4bf7c.dir/CheckFunctionExists.c.o.d -o CMakeFiles/cmTC_4bf7c.dir/CheckFunctionExists.c.o -c /Applications/CMake.app/Contents/share/cmake-3.21/Modules/CheckFunctionExists.c
/Applications/CMake.app/Contents/share/cmake-3.21/Modules/CheckFunctionExists.c:7:3: warning: incompatible redeclaration of library function 'memalign' [-Wincompatible-library-redeclaration]
  CHECK_FUNCTION_EXISTS(void);
  ^
<command line>:1:31: note: expanded from macro 'CHECK_FUNCTION_EXISTS'
#define CHECK_FUNCTION_EXISTS memalign
                              ^
/Applications/CMake.app/Contents/share/cmake-3.21/Modules/CheckFunctionExists.c:7:3: note: 'memalign' is a builtin with type 'void *(unsigned long, unsigned long)'
<command line>:1:31: note: expanded from macro 'CHECK_FUNCTION_EXISTS'
#define CHECK_FUNCTION_EXISTS memalign
                              ^
1 warning generated.
Linking C executable cmTC_4bf7c
/Applications/CMake.app/Contents/bin/cmake -E cmake_link_script CMakeFiles/cmTC_4bf7c.dir/link.txt --verbose=1
/usr/bin/gcc -fno-omit-frame-pointer -ftls-model=initial-exec  -DCHECK_FUNCTION_EXISTS=memalign -isysroot /Library/Developer/CommandLineTools/SDKs/MacOSX13.3.sdk -Wl,-search_paths_first -Wl,-headerpad_max_install_names -L/usr/local/opt/openssl/lib  CMakeFiles/cmTC_4bf7c.dir/CheckFunctionExists.c.o -o cmTC_4bf7c 
Undefined symbols for architecture x86_64:
  "_memalign", referenced from:
      _main in CheckFunctionExists.c.o
ld: symbol(s) not found for architecture x86_64
clang: error: linker command failed with exit code 1 (use -v to see invocation)
make[1]: *** [cmTC_4bf7c] Error 1
make: *** [cmTC_4bf7c/fast] Error 2



Determining if the function ntohll exists failed with the following output:
Change Dir: /Users/heidsoft/Downloads/research/mysql-8.0.27/cmake-build-debug/CMakeFiles/CMakeTmp

Run Build Command(s):/usr/bin/make -f Makefile cmTC_98726/fast && /Library/Developer/CommandLineTools/usr/bin/make  -f CMakeFiles/cmTC_98726.dir/build.make CMakeFiles/cmTC_98726.dir/build
Building C object CMakeFiles/cmTC_98726.dir/CheckFunctionExists.c.o
/usr/bin/gcc   -fno-omit-frame-pointer -ftls-model=initial-exec  -DCHECK_FUNCTION_EXISTS=ntohll -isysroot /Library/Developer/CommandLineTools/SDKs/MacOSX13.3.sdk -fPIE -MD -MT CMakeFiles/cmTC_98726.dir/CheckFunctionExists.c.o -MF CMakeFiles/cmTC_98726.dir/CheckFunctionExists.c.o.d -o CMakeFiles/cmTC_98726.dir/CheckFunctionExists.c.o -c /Applications/CMake.app/Contents/share/cmake-3.21/Modules/CheckFunctionExists.c
Linking C executable cmTC_98726
/Applications/CMake.app/Contents/bin/cmake -E cmake_link_script CMakeFiles/cmTC_98726.dir/link.txt --verbose=1
/usr/bin/gcc -fno-omit-frame-pointer -ftls-model=initial-exec  -DCHECK_FUNCTION_EXISTS=ntohll -isysroot /Library/Developer/CommandLineTools/SDKs/MacOSX13.3.sdk -Wl,-search_paths_first -Wl,-headerpad_max_install_names -L/usr/local/opt/openssl/lib  CMakeFiles/cmTC_98726.dir/CheckFunctionExists.c.o -o cmTC_98726 
Undefined symbols for architecture x86_64:
  "_ntohll", referenced from:
      _main in CheckFunctionExists.c.o
ld: symbol(s) not found for architecture x86_64
clang: error: linker command failed with exit code 1 (use -v to see invocation)
make[1]: *** [cmTC_98726] Error 1
make: *** [cmTC_98726/fast] Error 2



Determining if the function epoll_create exists failed with the following output:
Change Dir: /Users/heidsoft/Downloads/research/mysql-8.0.27/cmake-build-debug/CMakeFiles/CMakeTmp

Run Build Command(s):/usr/bin/make -f Makefile cmTC_f4e07/fast && /Library/Developer/CommandLineTools/usr/bin/make  -f CMakeFiles/cmTC_f4e07.dir/build.make CMakeFiles/cmTC_f4e07.dir/build
Building C object CMakeFiles/cmTC_f4e07.dir/CheckFunctionExists.c.o
/usr/bin/gcc   -fno-omit-frame-pointer -ftls-model=initial-exec  -DCHECK_FUNCTION_EXISTS=epoll_create -isysroot /Library/Developer/CommandLineTools/SDKs/MacOSX13.3.sdk -fPIE -MD -MT CMakeFiles/cmTC_f4e07.dir/CheckFunctionExists.c.o -MF CMakeFiles/cmTC_f4e07.dir/CheckFunctionExists.c.o.d -o CMakeFiles/cmTC_f4e07.dir/CheckFunctionExists.c.o -c /Applications/CMake.app/Contents/share/cmake-3.21/Modules/CheckFunctionExists.c
Linking C executable cmTC_f4e07
/Applications/CMake.app/Contents/bin/cmake -E cmake_link_script CMakeFiles/cmTC_f4e07.dir/link.txt --verbose=1
/usr/bin/gcc -fno-omit-frame-pointer -ftls-model=initial-exec  -DCHECK_FUNCTION_EXISTS=epoll_create -isysroot /Library/Developer/CommandLineTools/SDKs/MacOSX13.3.sdk -Wl,-search_paths_first -Wl,-headerpad_max_install_names -L/usr/local/opt/openssl/lib  CMakeFiles/cmTC_f4e07.dir/CheckFunctionExists.c.o -o cmTC_f4e07 
Undefined symbols for architecture x86_64:
  "_epoll_create", referenced from:
      _main in CheckFunctionExists.c.o
ld: symbol(s) not found for architecture x86_64
clang: error: linker command failed with exit code 1 (use -v to see invocation)
make[1]: *** [cmTC_f4e07] Error 1
make: *** [cmTC_f4e07/fast] Error 2



Determining if the MADV_DONTDUMP exist failed with the following output:
Change Dir: /Users/heidsoft/Downloads/research/mysql-8.0.27/cmake-build-debug/CMakeFiles/CMakeTmp

Run Build Command(s):/usr/bin/make -f Makefile cmTC_b7288/fast && /Library/Developer/CommandLineTools/usr/bin/make  -f CMakeFiles/cmTC_b7288.dir/build.make CMakeFiles/cmTC_b7288.dir/build
Building C object CMakeFiles/cmTC_b7288.dir/CheckSymbolExists.c.o
/usr/bin/gcc   -fno-omit-frame-pointer -ftls-model=initial-exec   -isysroot /Library/Developer/CommandLineTools/SDKs/MacOSX13.3.sdk -fPIE -MD -MT CMakeFiles/cmTC_b7288.dir/CheckSymbolExists.c.o -MF CMakeFiles/cmTC_b7288.dir/CheckSymbolExists.c.o.d -o CMakeFiles/cmTC_b7288.dir/CheckSymbolExists.c.o -c /Users/heidsoft/Downloads/research/mysql-8.0.27/cmake-build-debug/CMakeFiles/CMakeTmp/CheckSymbolExists.c
/Users/heidsoft/Downloads/research/mysql-8.0.27/cmake-build-debug/CMakeFiles/CMakeTmp/CheckSymbolExists.c:8:19: error: use of undeclared identifier 'MADV_DONTDUMP'
  return ((int*)(&MADV_DONTDUMP))[argc];
                  ^
1 error generated.
make[1]: *** [CMakeFiles/cmTC_b7288.dir/CheckSymbolExists.c.o] Error 1
make: *** [cmTC_b7288/fast] Error 2


File /Users/heidsoft/Downloads/research/mysql-8.0.27/cmake-build-debug/CMakeFiles/CMakeTmp/CheckSymbolExists.c:
/* */
#include <sys/mman.h>

int main(int argc, char** argv)
{
  (void)argv;
#ifndef MADV_DONTDUMP
  return ((int*)(&MADV_DONTDUMP))[argc];
#else
  (void)argc;
  return 0;
#endif
}
Performing C++ SOURCE FILE Test HAVE_O_TMPFILE failed with the following output:
Change Dir: /Users/heidsoft/Downloads/research/mysql-8.0.27/cmake-build-debug/CMakeFiles/CMakeTmp

Run Build Command(s):/usr/bin/make -f Makefile cmTC_a1f1d/fast && /Library/Developer/CommandLineTools/usr/bin/make  -f CMakeFiles/cmTC_a1f1d.dir/build.make CMakeFiles/cmTC_a1f1d.dir/build
Building CXX object CMakeFiles/cmTC_a1f1d.dir/src.cxx.o
/usr/bin/clang -DHAVE_O_TMPFILE  -std=c++17 -fno-omit-frame-pointer -ftls-model=initial-exec   -isysroot /Library/Developer/CommandLineTools/SDKs/MacOSX13.3.sdk -fPIE -MD -MT CMakeFiles/cmTC_a1f1d.dir/src.cxx.o -MF CMakeFiles/cmTC_a1f1d.dir/src.cxx.o.d -o CMakeFiles/cmTC_a1f1d.dir/src.cxx.o -c /Users/heidsoft/Downloads/research/mysql-8.0.27/cmake-build-debug/CMakeFiles/CMakeTmp/src.cxx
/Users/heidsoft/Downloads/research/mysql-8.0.27/cmake-build-debug/CMakeFiles/CMakeTmp/src.cxx:5:23: error: use of undeclared identifier 'O_TMPFILE'
  long long int foo = O_TMPFILE;
                      ^
1 error generated.
make[1]: *** [CMakeFiles/cmTC_a1f1d.dir/src.cxx.o] Error 1
make: *** [cmTC_a1f1d/fast] Error 2


Source file was:
#include <sys/types.h>
 #include <sys/stat.h>
 #include <fcntl.h>
int main() {
  long long int foo = O_TMPFILE;
}
Determining if the function timer_create exists failed with the following output:
Change Dir: /Users/heidsoft/Downloads/research/mysql-8.0.27/cmake-build-debug/CMakeFiles/CMakeTmp

Run Build Command(s):/usr/bin/make -f Makefile cmTC_aca23/fast && /Library/Developer/CommandLineTools/usr/bin/make  -f CMakeFiles/cmTC_aca23.dir/build.make CMakeFiles/cmTC_aca23.dir/build
Building C object CMakeFiles/cmTC_aca23.dir/CheckFunctionExists.c.o
/usr/bin/gcc   -fno-omit-frame-pointer -ftls-model=initial-exec  -DCHECK_FUNCTION_EXISTS=timer_create -isysroot /Library/Developer/CommandLineTools/SDKs/MacOSX13.3.sdk -fPIE -MD -MT CMakeFiles/cmTC_aca23.dir/CheckFunctionExists.c.o -MF CMakeFiles/cmTC_aca23.dir/CheckFunctionExists.c.o.d -o CMakeFiles/cmTC_aca23.dir/CheckFunctionExists.c.o -c /Applications/CMake.app/Contents/share/cmake-3.21/Modules/CheckFunctionExists.c
Linking C executable cmTC_aca23
/Applications/CMake.app/Contents/bin/cmake -E cmake_link_script CMakeFiles/cmTC_aca23.dir/link.txt --verbose=1
/usr/bin/gcc -fno-omit-frame-pointer -ftls-model=initial-exec  -DCHECK_FUNCTION_EXISTS=timer_create -isysroot /Library/Developer/CommandLineTools/SDKs/MacOSX13.3.sdk -Wl,-search_paths_first -Wl,-headerpad_max_install_names -L/usr/local/opt/openssl/lib  CMakeFiles/cmTC_aca23.dir/CheckFunctionExists.c.o -o cmTC_aca23 
Undefined symbols for architecture x86_64:
  "_timer_create", referenced from:
      _main in CheckFunctionExists.c.o
ld: symbol(s) not found for architecture x86_64
clang: error: linker command failed with exit code 1 (use -v to see invocation)
make[1]: *** [cmTC_aca23] Error 1
make: *** [cmTC_aca23/fast] Error 2



Determining if the function timer_settime exists failed with the following output:
Change Dir: /Users/heidsoft/Downloads/research/mysql-8.0.27/cmake-build-debug/CMakeFiles/CMakeTmp

Run Build Command(s):/usr/bin/make -f Makefile cmTC_afa2c/fast && /Library/Developer/CommandLineTools/usr/bin/make  -f CMakeFiles/cmTC_afa2c.dir/build.make CMakeFiles/cmTC_afa2c.dir/build
Building C object CMakeFiles/cmTC_afa2c.dir/CheckFunctionExists.c.o
/usr/bin/gcc   -fno-omit-frame-pointer -ftls-model=initial-exec  -DCHECK_FUNCTION_EXISTS=timer_settime -isysroot /Library/Developer/CommandLineTools/SDKs/MacOSX13.3.sdk -fPIE -MD -MT CMakeFiles/cmTC_afa2c.dir/CheckFunctionExists.c.o -MF CMakeFiles/cmTC_afa2c.dir/CheckFunctionExists.c.o.d -o CMakeFiles/cmTC_afa2c.dir/CheckFunctionExists.c.o -c /Applications/CMake.app/Contents/share/cmake-3.21/Modules/CheckFunctionExists.c
Linking C executable cmTC_afa2c
/Applications/CMake.app/Contents/bin/cmake -E cmake_link_script CMakeFiles/cmTC_afa2c.dir/link.txt --verbose=1
/usr/bin/gcc -fno-omit-frame-pointer -ftls-model=initial-exec  -DCHECK_FUNCTION_EXISTS=timer_settime -isysroot /Library/Developer/CommandLineTools/SDKs/MacOSX13.3.sdk -Wl,-search_paths_first -Wl,-headerpad_max_install_names -L/usr/local/opt/openssl/lib  CMakeFiles/cmTC_afa2c.dir/CheckFunctionExists.c.o -o cmTC_afa2c 
Undefined symbols for architecture x86_64:
  "_timer_settime", referenced from:
      _main in CheckFunctionExists.c.o
ld: symbol(s) not found for architecture x86_64
clang: error: linker command failed with exit code 1 (use -v to see invocation)
make[1]: *** [cmTC_afa2c] Error 1
make: *** [cmTC_afa2c/fast] Error 2



Performing C SOURCE FILE Test HAVE_SETNS failed with the following compile output:
Change Dir: /Users/heidsoft/Downloads/research/mysql-8.0.27/cmake-build-debug/CMakeFiles/CMakeTmp

Run Build Command(s):/usr/bin/make -f Makefile cmTC_08f74/fast && /Library/Developer/CommandLineTools/usr/bin/make  -f CMakeFiles/cmTC_08f74.dir/build.make CMakeFiles/cmTC_08f74.dir/build
Building C object CMakeFiles/cmTC_08f74.dir/src.c.o
/usr/bin/gcc -DHAVE_SETNS  -fno-omit-frame-pointer -ftls-model=initial-exec   -isysroot /Library/Developer/CommandLineTools/SDKs/MacOSX13.3.sdk -fPIE -MD -MT CMakeFiles/cmTC_08f74.dir/src.c.o -MF CMakeFiles/cmTC_08f74.dir/src.c.o.d -o CMakeFiles/cmTC_08f74.dir/src.c.o -c /Users/heidsoft/Downloads/research/mysql-8.0.27/cmake-build-debug/CMakeFiles/CMakeTmp/src.c
/Users/heidsoft/Downloads/research/mysql-8.0.27/cmake-build-debug/CMakeFiles/CMakeTmp/src.c:8:9: error: call to undeclared function 'setns'; ISO C99 and later do not support implicit function declarations [-Wimplicit-function-declaration]
  (void)setns(0, 0);
        ^
1 error generated.
make[1]: *** [CMakeFiles/cmTC_08f74.dir/src.c.o] Error 1
make: *** [cmTC_08f74/fast] Error 2


...and run output:

Return value: 1
Source file was:

#ifndef _GNU_SOURCE
#define _GNU_SOURCE
#endif
#include <sched.h>
int main()
{
  (void)setns(0, 0);
  return 0;
}
Determining size of ulong failed with the following output:
Change Dir: /Users/heidsoft/Downloads/research/mysql-8.0.27/cmake-build-debug/CMakeFiles/CMakeTmp

Run Build Command(s):/usr/bin/make -f Makefile cmTC_d9a99/fast && /Library/Developer/CommandLineTools/usr/bin/make  -f CMakeFiles/cmTC_d9a99.dir/build.make CMakeFiles/cmTC_d9a99.dir/build
Building C object CMakeFiles/cmTC_d9a99.dir/SIZEOF_ULONG.c.o
/usr/bin/gcc -D_FILE_OFFSET_BITS=64 -D_GNU_SOURCE -D__STDC_CONSTANT_MACROS -D__STDC_FORMAT_MACROS -D__STDC_LIMIT_MACROS  -fno-omit-frame-pointer -ftls-model=initial-exec   -isysroot /Library/Developer/CommandLineTools/SDKs/MacOSX13.3.sdk -fPIE -MD -MT CMakeFiles/cmTC_d9a99.dir/SIZEOF_ULONG.c.o -MF CMakeFiles/cmTC_d9a99.dir/SIZEOF_ULONG.c.o.d -o CMakeFiles/cmTC_d9a99.dir/SIZEOF_ULONG.c.o -c /Users/heidsoft/Downloads/research/mysql-8.0.27/cmake-build-debug/CMakeFiles/CheckTypeSize/SIZEOF_ULONG.c
/Users/heidsoft/Downloads/research/mysql-8.0.27/cmake-build-debug/CMakeFiles/CheckTypeSize/SIZEOF_ULONG.c:33:12: error: use of undeclared identifier 'ulong'; did you mean 'long'?
  ('0' + ((SIZE / 10000)%10)),
           ^
/Users/heidsoft/Downloads/research/mysql-8.0.27/cmake-build-debug/CMakeFiles/CheckTypeSize/SIZEOF_ULONG.c:31:22: note: expanded from macro 'SIZE'
#define SIZE (sizeof(ulong))
                     ^
/Users/heidsoft/Downloads/research/mysql-8.0.27/cmake-build-debug/CMakeFiles/CheckTypeSize/SIZEOF_ULONG.c:33:12: error: reference to overloaded function could not be resolved; did you mean to call it?
  ('0' + ((SIZE / 10000)%10)),
           ^~~~
/Users/heidsoft/Downloads/research/mysql-8.0.27/cmake-build-debug/CMakeFiles/CheckTypeSize/SIZEOF_ULONG.c:31:21: note: expanded from macro 'SIZE'
#define SIZE (sizeof(ulong))
                    ^~~~~~~
/Users/heidsoft/Downloads/research/mysql-8.0.27/cmake-build-debug/CMakeFiles/CheckTypeSize/SIZEOF_ULONG.c:34:12: error: use of undeclared identifier 'ulong'; did you mean 'long'?
  ('0' + ((SIZE / 1000)%10)),
           ^
/Users/heidsoft/Downloads/research/mysql-8.0.27/cmake-build-debug/CMakeFiles/CheckTypeSize/SIZEOF_ULONG.c:31:22: note: expanded from macro 'SIZE'
#define SIZE (sizeof(ulong))
                     ^
/Users/heidsoft/Downloads/research/mysql-8.0.27/cmake-build-debug/CMakeFiles/CheckTypeSize/SIZEOF_ULONG.c:34:12: error: reference to overloaded function could not be resolved; did you mean to call it?
  ('0' + ((SIZE / 1000)%10)),
           ^~~~
/Users/heidsoft/Downloads/research/mysql-8.0.27/cmake-build-debug/CMakeFiles/CheckTypeSize/SIZEOF_ULONG.c:31:21: note: expanded from macro 'SIZE'
#define SIZE (sizeof(ulong))
                    ^~~~~~~
/Users/heidsoft/Downloads/research/mysql-8.0.27/cmake-build-debug/CMakeFiles/CheckTypeSize/SIZEOF_ULONG.c:35:12: error: use of undeclared identifier 'ulong'; did you mean 'long'?
  ('0' + ((SIZE / 100)%10)),
           ^
/Users/heidsoft/Downloads/research/mysql-8.0.27/cmake-build-debug/CMakeFiles/CheckTypeSize/SIZEOF_ULONG.c:31:22: note: expanded from macro 'SIZE'
#define SIZE (sizeof(ulong))
                     ^
/Users/heidsoft/Downloads/research/mysql-8.0.27/cmake-build-debug/CMakeFiles/CheckTypeSize/SIZEOF_ULONG.c:35:12: error: reference to overloaded function could not be resolved; did you mean to call it?
  ('0' + ((SIZE / 100)%10)),
           ^~~~
/Users/heidsoft/Downloads/research/mysql-8.0.27/cmake-build-debug/CMakeFiles/CheckTypeSize/SIZEOF_ULONG.c:31:21: note: expanded from macro 'SIZE'
#define SIZE (sizeof(ulong))
                    ^~~~~~~
/Users/heidsoft/Downloads/research/mysql-8.0.27/cmake-build-debug/CMakeFiles/CheckTypeSize/SIZEOF_ULONG.c:36:12: error: use of undeclared identifier 'ulong'; did you mean 'long'?
  ('0' + ((SIZE / 10)%10)),
           ^
/Users/heidsoft/Downloads/research/mysql-8.0.27/cmake-build-debug/CMakeFiles/CheckTypeSize/SIZEOF_ULONG.c:31:22: note: expanded from macro 'SIZE'
#define SIZE (sizeof(ulong))
                     ^
/Users/heidsoft/Downloads/research/mysql-8.0.27/cmake-build-debug/CMakeFiles/CheckTypeSize/SIZEOF_ULONG.c:36:12: error: reference to overloaded function could not be resolved; did you mean to call it?
  ('0' + ((SIZE / 10)%10)),
           ^~~~
/Users/heidsoft/Downloads/research/mysql-8.0.27/cmake-build-debug/CMakeFiles/CheckTypeSize/SIZEOF_ULONG.c:31:21: note: expanded from macro 'SIZE'
#define SIZE (sizeof(ulong))
                    ^~~~~~~
/Users/heidsoft/Downloads/research/mysql-8.0.27/cmake-build-debug/CMakeFiles/CheckTypeSize/SIZEOF_ULONG.c:37:12: error: use of undeclared identifier 'ulong'; did you mean 'long'?
  ('0' +  (SIZE    % 10)),
           ^
/Users/heidsoft/Downloads/research/mysql-8.0.27/cmake-build-debug/CMakeFiles/CheckTypeSize/SIZEOF_ULONG.c:31:22: note: expanded from macro 'SIZE'
#define SIZE (sizeof(ulong))
                     ^
/Users/heidsoft/Downloads/research/mysql-8.0.27/cmake-build-debug/CMakeFiles/CheckTypeSize/SIZEOF_ULONG.c:37:12: error: reference to overloaded function could not be resolved; did you mean to call it?
  ('0' +  (SIZE    % 10)),
           ^~~~
/Users/heidsoft/Downloads/research/mysql-8.0.27/cmake-build-debug/CMakeFiles/CheckTypeSize/SIZEOF_ULONG.c:31:21: note: expanded from macro 'SIZE'
#define SIZE (sizeof(ulong))
                    ^~~~~~~
10 errors generated.
make[1]: *** [CMakeFiles/cmTC_d9a99.dir/SIZEOF_ULONG.c.o] Error 1
make: *** [cmTC_d9a99/fast] Error 2


/Users/heidsoft/Downloads/research/mysql-8.0.27/cmake-build-debug/CMakeFiles/CheckTypeSize/SIZEOF_ULONG.c:
#include <sys/types.h>
#include <stdint.h>
#include <stddef.h>
#include "stdint.h"
#include "stdio.h"
#include "sys/types.h"
#include "time.h"


#undef KEY
#if defined(__i386)
# define KEY '_','_','i','3','8','6'
#elif defined(__x86_64)
# define KEY '_','_','x','8','6','_','6','4'
#elif defined(__PPC64__)
# define KEY '_','_','P','P','C','6','4','_','_'
#elif defined(__ppc64__)
# define KEY '_','_','p','p','c','6','4','_','_'
#elif defined(__PPC__)
# define KEY '_','_','P','P','C','_','_'
#elif defined(__ppc__)
# define KEY '_','_','p','p','c','_','_'
#elif defined(__aarch64__)
# define KEY '_','_','a','a','r','c','h','6','4','_','_'
#elif defined(__ARM_ARCH_7A__)
# define KEY '_','_','A','R','M','_','A','R','C','H','_','7','A','_','_'
#elif defined(__ARM_ARCH_7S__)
# define KEY '_','_','A','R','M','_','A','R','C','H','_','7','S','_','_'
#endif

#define SIZE (sizeof(ulong))
static char info_size[] =  {'I', 'N', 'F', 'O', ':', 's','i','z','e','[',
  ('0' + ((SIZE / 10000)%10)),
  ('0' + ((SIZE / 1000)%10)),
  ('0' + ((SIZE / 100)%10)),
  ('0' + ((SIZE / 10)%10)),
  ('0' +  (SIZE    % 10)),
  ']',
#ifdef KEY
  ' ','k','e','y','[', KEY, ']',
#endif
  '\0'};

#ifdef __CLASSIC_C__
int main(argc, argv) int argc; char *argv[];
#else
int main(int argc, char *argv[])
#endif
{
  int require = 0;
  require += info_size[argc];
  (void)argv;
  return require;
}


Performing C++ SOURCE FILE Test HAVE_ABI_CXA_DEMANGLE failed with the following output:
Change Dir: /Users/heidsoft/Downloads/research/mysql-8.0.27/cmake-build-debug/CMakeFiles/CMakeTmp

Run Build Command(s):/usr/bin/make -f Makefile cmTC_32c73/fast && /Library/Developer/CommandLineTools/usr/bin/make  -f CMakeFiles/cmTC_32c73.dir/build.make CMakeFiles/cmTC_32c73.dir/build
Building CXX object CMakeFiles/cmTC_32c73.dir/src.cxx.o
/usr/bin/clang -DHAVE_ABI_CXA_DEMANGLE -D_FILE_OFFSET_BITS=64 -D_GNU_SOURCE -D__STDC_CONSTANT_MACROS -D__STDC_FORMAT_MACROS -D__STDC_LIMIT_MACROS  -std=c++17 -fno-omit-frame-pointer -ftls-model=initial-exec   -isysroot /Library/Developer/CommandLineTools/SDKs/MacOSX13.3.sdk -fPIE -MD -MT CMakeFiles/cmTC_32c73.dir/src.cxx.o -MF CMakeFiles/cmTC_32c73.dir/src.cxx.o.d -o CMakeFiles/cmTC_32c73.dir/src.cxx.o -c /Users/heidsoft/Downloads/research/mysql-8.0.27/cmake-build-debug/CMakeFiles/CMakeTmp/src.cxx
Linking CXX executable cmTC_32c73
/Applications/CMake.app/Contents/bin/cmake -E cmake_link_script CMakeFiles/cmTC_32c73.dir/link.txt --verbose=1
/usr/bin/clang -std=c++17 -fno-omit-frame-pointer -ftls-model=initial-exec   -isysroot /Library/Developer/CommandLineTools/SDKs/MacOSX13.3.sdk -Wl,-search_paths_first -Wl,-headerpad_max_install_names -L/usr/local/opt/openssl/lib  CMakeFiles/cmTC_32c73.dir/src.cxx.o -o cmTC_32c73 
Undefined symbols for architecture x86_64:
  "___cxa_demangle", referenced from:
      _main in src.cxx.o
ld: symbol(s) not found for architecture x86_64
clang: error: linker command failed with exit code 1 (use -v to see invocation)
make[1]: *** [cmTC_32c73] Error 1
make: *** [cmTC_32c73/fast] Error 2


Source file was:

 #include <cxxabi.h>
 int main(int argc, char **argv) 
  {
    char *foo= 0; int bar= 0;
    foo= abi::__cxa_demangle(foo, foo, 0, &bar);
    return 0;
  }
Determining if the __builtin_stpcpy exist failed with the following output:
Change Dir: /Users/heidsoft/Downloads/research/mysql-8.0.27/cmake-build-debug/CMakeFiles/CMakeTmp

Run Build Command(s):/usr/bin/make -f Makefile cmTC_1b721/fast && /Library/Developer/CommandLineTools/usr/bin/make  -f CMakeFiles/cmTC_1b721.dir/build.make CMakeFiles/cmTC_1b721.dir/build
Building C object CMakeFiles/cmTC_1b721.dir/CheckSymbolExists.c.o
/usr/bin/gcc -D_FILE_OFFSET_BITS=64 -D_GNU_SOURCE -D__STDC_CONSTANT_MACROS -D__STDC_FORMAT_MACROS -D__STDC_LIMIT_MACROS  -fno-omit-frame-pointer -ftls-model=initial-exec   -isysroot /Library/Developer/CommandLineTools/SDKs/MacOSX13.3.sdk -fPIE -MD -MT CMakeFiles/cmTC_1b721.dir/CheckSymbolExists.c.o -MF CMakeFiles/cmTC_1b721.dir/CheckSymbolExists.c.o.d -o CMakeFiles/cmTC_1b721.dir/CheckSymbolExists.c.o -c /Users/heidsoft/Downloads/research/mysql-8.0.27/cmake-build-debug/CMakeFiles/CMakeTmp/CheckSymbolExists.c
/Users/heidsoft/Downloads/research/mysql-8.0.27/cmake-build-debug/CMakeFiles/CMakeTmp/CheckSymbolExists.c:8:19: error: builtin functions must be directly called
  return ((int*)(&__builtin_stpcpy))[argc];
                  ^
1 error generated.
make[1]: *** [CMakeFiles/cmTC_1b721.dir/CheckSymbolExists.c.o] Error 1
make: *** [cmTC_1b721/fast] Error 2


File /Users/heidsoft/Downloads/research/mysql-8.0.27/cmake-build-debug/CMakeFiles/CMakeTmp/CheckSymbolExists.c:
/* */
#include <string.h>

int main(int argc, char** argv)
{
  (void)argv;
#ifndef __builtin_stpcpy
  return ((int*)(&__builtin_stpcpy))[argc];
#else
  (void)argc;
  return 0;
#endif
}
Performing C SOURCE FILE Test HAVE_PTHREAD_GETTHREADID_NP failed with the following output:
Change Dir: /Users/heidsoft/Downloads/research/mysql-8.0.27/cmake-build-debug/CMakeFiles/CMakeTmp

Run Build Command(s):/usr/bin/make -f Makefile cmTC_7994f/fast && /Library/Developer/CommandLineTools/usr/bin/make  -f CMakeFiles/cmTC_7994f.dir/build.make CMakeFiles/cmTC_7994f.dir/build
Building C object CMakeFiles/cmTC_7994f.dir/src.c.o
/usr/bin/gcc -DHAVE_PTHREAD_GETTHREADID_NP -D_FILE_OFFSET_BITS=64 -D_GNU_SOURCE -D__STDC_CONSTANT_MACROS -D__STDC_FORMAT_MACROS -D__STDC_LIMIT_MACROS  -fno-omit-frame-pointer -ftls-model=initial-exec   -isysroot /Library/Developer/CommandLineTools/SDKs/MacOSX13.3.sdk -fPIE -MD -MT CMakeFiles/cmTC_7994f.dir/src.c.o -MF CMakeFiles/cmTC_7994f.dir/src.c.o.d -o CMakeFiles/cmTC_7994f.dir/src.c.o -c /Users/heidsoft/Downloads/research/mysql-8.0.27/cmake-build-debug/CMakeFiles/CMakeTmp/src.c
/Users/heidsoft/Downloads/research/mysql-8.0.27/cmake-build-debug/CMakeFiles/CMakeTmp/src.c:2:10: fatal error: 'pthread_np.h' file not found
#include <pthread_np.h>
         ^~~~~~~~~~~~~~
1 error generated.
make[1]: *** [CMakeFiles/cmTC_7994f.dir/src.c.o] Error 1
make: *** [cmTC_7994f/fast] Error 2


Source file was:

#include <pthread_np.h>
int main(int ac, char **av)
{
  unsigned long long tid = pthread_getthreadid_np();
  return (tid != 0 ? 0 : 1);
}
Performing C SOURCE FILE Test HAVE_INTEGER_PTHREAD_SELF failed with the following output:
Change Dir: /Users/heidsoft/Downloads/research/mysql-8.0.27/cmake-build-debug/CMakeFiles/CMakeTmp

Run Build Command(s):/usr/bin/make -f Makefile cmTC_8228b/fast && /Library/Developer/CommandLineTools/usr/bin/make  -f CMakeFiles/cmTC_8228b.dir/build.make CMakeFiles/cmTC_8228b.dir/build
Building C object CMakeFiles/cmTC_8228b.dir/src.c.o
/usr/bin/gcc -DHAVE_INTEGER_PTHREAD_SELF -D_FILE_OFFSET_BITS=64 -D_GNU_SOURCE -D__STDC_CONSTANT_MACROS -D__STDC_FORMAT_MACROS -D__STDC_LIMIT_MACROS  -fno-omit-frame-pointer -ftls-model=initial-exec   -isysroot /Library/Developer/CommandLineTools/SDKs/MacOSX13.3.sdk -fPIE -MD -MT CMakeFiles/cmTC_8228b.dir/src.c.o -MF CMakeFiles/cmTC_8228b.dir/src.c.o.d -o CMakeFiles/cmTC_8228b.dir/src.c.o -c /Users/heidsoft/Downloads/research/mysql-8.0.27/cmake-build-debug/CMakeFiles/CMakeTmp/src.c
/Users/heidsoft/Downloads/research/mysql-8.0.27/cmake-build-debug/CMakeFiles/CMakeTmp/src.c:6:22: warning: incompatible pointer to integer conversion initializing 'unsigned long long' with an expression of type 'pthread_t _Nonnull' (aka 'struct _opaque_pthread_t *') [-Wint-conversion]
  unsigned long long tid = pthread_self();
                     ^     ~~~~~~~~~~~~~~
1 warning generated.
Linking C executable cmTC_8228b
/Applications/CMake.app/Contents/bin/cmake -E cmake_link_script CMakeFiles/cmTC_8228b.dir/link.txt --verbose=1
/usr/bin/gcc -fno-omit-frame-pointer -ftls-model=initial-exec   -isysroot /Library/Developer/CommandLineTools/SDKs/MacOSX13.3.sdk -Wl,-search_paths_first -Wl,-headerpad_max_install_names -L/usr/local/opt/openssl/lib  CMakeFiles/cmTC_8228b.dir/src.c.o -o cmTC_8228b 


Source file was:

#include <sys/types.h>
#include <pthread.h>
int main(int ac, char **av)
{
  unsigned long long tid = pthread_self();
  return (tid != 0 ? 0 : 1);
}
Performing C SOURCE FILE Test HAVE_PTHREAD_SETNAME_NP_LINUX failed with the following output:
Change Dir: /Users/heidsoft/Downloads/research/mysql-8.0.27/cmake-build-debug/CMakeFiles/CMakeTmp

Run Build Command(s):/usr/bin/make -f Makefile cmTC_94995/fast && /Library/Developer/CommandLineTools/usr/bin/make  -f CMakeFiles/cmTC_94995.dir/build.make CMakeFiles/cmTC_94995.dir/build
Building C object CMakeFiles/cmTC_94995.dir/src.c.o
/usr/bin/gcc -DHAVE_PTHREAD_SETNAME_NP_LINUX -D_FILE_OFFSET_BITS=64 -D_GNU_SOURCE -D__STDC_CONSTANT_MACROS -D__STDC_FORMAT_MACROS -D__STDC_LIMIT_MACROS  -fno-omit-frame-pointer -ftls-model=initial-exec   -isysroot /Library/Developer/CommandLineTools/SDKs/MacOSX13.3.sdk -fPIE -MD -MT CMakeFiles/cmTC_94995.dir/src.c.o -MF CMakeFiles/cmTC_94995.dir/src.c.o.d -o CMakeFiles/cmTC_94995.dir/src.c.o -c /Users/heidsoft/Downloads/research/mysql-8.0.27/cmake-build-debug/CMakeFiles/CMakeTmp/src.c
/Users/heidsoft/Downloads/research/mysql-8.0.27/cmake-build-debug/CMakeFiles/CMakeTmp/src.c:2:9: warning: '_GNU_SOURCE' macro redefined [-Wmacro-redefined]
#define _GNU_SOURCE
        ^
<command line>:3:9: note: previous definition is here
#define _GNU_SOURCE 1
        ^
/Users/heidsoft/Downloads/research/mysql-8.0.27/cmake-build-debug/CMakeFiles/CMakeTmp/src.c:8:34: error: too many arguments to function call, expected 1, have 2
  return pthread_setname_np(tid, name);
         ~~~~~~~~~~~~~~~~~~      ^~~~
/Library/Developer/CommandLineTools/SDKs/MacOSX13.3.sdk/usr/include/pthread.h:535:5: note: 'pthread_setname_np' declared here
int     pthread_setname_np(const char*);
        ^
1 warning and 1 error generated.
make[1]: *** [CMakeFiles/cmTC_94995.dir/src.c.o] Error 1
make: *** [cmTC_94995/fast] Error 2


Source file was:

#define _GNU_SOURCE
#include <pthread.h>
int main(int argc, char **argv)
{
  pthread_t tid = 0;
  const char *name = NULL;
  return pthread_setname_np(tid, name);
}
Determining if the include file netinet/in6.h exists failed with the following output:
Change Dir: /Users/heidsoft/Downloads/research/mysql-8.0.27/cmake-build-debug/CMakeFiles/CMakeTmp

Run Build Command(s):/usr/bin/make -f Makefile cmTC_bedad/fast && /Library/Developer/CommandLineTools/usr/bin/make  -f CMakeFiles/cmTC_bedad.dir/build.make CMakeFiles/cmTC_bedad.dir/build
Building C object CMakeFiles/cmTC_bedad.dir/CheckIncludeFile.c.o
/usr/bin/gcc -D_FILE_OFFSET_BITS=64 -D_GNU_SOURCE -D__STDC_CONSTANT_MACROS -D__STDC_FORMAT_MACROS -D__STDC_LIMIT_MACROS  -fno-omit-frame-pointer -ftls-model=initial-exec   -isysroot /Library/Developer/CommandLineTools/SDKs/MacOSX13.3.sdk -fPIE -MD -MT CMakeFiles/cmTC_bedad.dir/CheckIncludeFile.c.o -MF CMakeFiles/cmTC_bedad.dir/CheckIncludeFile.c.o.d -o CMakeFiles/cmTC_bedad.dir/CheckIncludeFile.c.o -c /Users/heidsoft/Downloads/research/mysql-8.0.27/cmake-build-debug/CMakeFiles/CMakeTmp/CheckIncludeFile.c
/Users/heidsoft/Downloads/research/mysql-8.0.27/cmake-build-debug/CMakeFiles/CMakeTmp/CheckIncludeFile.c:1:10: fatal error: 'netinet/in6.h' file not found
#include <netinet/in6.h>
         ^~~~~~~~~~~~~~~
1 error generated.
make[1]: *** [CMakeFiles/cmTC_bedad.dir/CheckIncludeFile.c.o] Error 1
make: *** [cmTC_bedad/fast] Error 2



Determining size of struct in6_addr failed with the following output:
Change Dir: /Users/heidsoft/Downloads/research/mysql-8.0.27/cmake-build-debug/CMakeFiles/CMakeTmp

Run Build Command(s):/usr/bin/make -f Makefile cmTC_92e81/fast && /Library/Developer/CommandLineTools/usr/bin/make  -f CMakeFiles/cmTC_92e81.dir/build.make CMakeFiles/cmTC_92e81.dir/build
Building C object CMakeFiles/cmTC_92e81.dir/SIZEOF_IN6_ADDR.c.o
/usr/bin/gcc -D_FILE_OFFSET_BITS=64 -D_GNU_SOURCE -D__STDC_CONSTANT_MACROS -D__STDC_FORMAT_MACROS -D__STDC_LIMIT_MACROS  -fno-omit-frame-pointer -ftls-model=initial-exec   -isysroot /Library/Developer/CommandLineTools/SDKs/MacOSX13.3.sdk -fPIE -MD -MT CMakeFiles/cmTC_92e81.dir/SIZEOF_IN6_ADDR.c.o -MF CMakeFiles/cmTC_92e81.dir/SIZEOF_IN6_ADDR.c.o.d -o CMakeFiles/cmTC_92e81.dir/SIZEOF_IN6_ADDR.c.o -c /Users/heidsoft/Downloads/research/mysql-8.0.27/cmake-build-debug/CMakeFiles/CheckTypeSize/SIZEOF_IN6_ADDR.c
/Users/heidsoft/Downloads/research/mysql-8.0.27/cmake-build-debug/CMakeFiles/CheckTypeSize/SIZEOF_IN6_ADDR.c:33:12: error: invalid application of 'sizeof' to an incomplete type 'struct in6_addr'
  ('0' + ((SIZE / 10000)%10)),
           ^~~~
/Users/heidsoft/Downloads/research/mysql-8.0.27/cmake-build-debug/CMakeFiles/CheckTypeSize/SIZEOF_IN6_ADDR.c:31:15: note: expanded from macro 'SIZE'
#define SIZE (sizeof(struct in6_addr))
              ^     ~~~~~~~~~~~~~~~~~
/Users/heidsoft/Downloads/research/mysql-8.0.27/cmake-build-debug/CMakeFiles/CheckTypeSize/SIZEOF_IN6_ADDR.c:33:12: note: forward declaration of 'struct in6_addr'
/Users/heidsoft/Downloads/research/mysql-8.0.27/cmake-build-debug/CMakeFiles/CheckTypeSize/SIZEOF_IN6_ADDR.c:31:29: note: expanded from macro 'SIZE'
#define SIZE (sizeof(struct in6_addr))
                            ^
/Users/heidsoft/Downloads/research/mysql-8.0.27/cmake-build-debug/CMakeFiles/CheckTypeSize/SIZEOF_IN6_ADDR.c:34:12: error: invalid application of 'sizeof' to an incomplete type 'struct in6_addr'
  ('0' + ((SIZE / 1000)%10)),
           ^~~~
/Users/heidsoft/Downloads/research/mysql-8.0.27/cmake-build-debug/CMakeFiles/CheckTypeSize/SIZEOF_IN6_ADDR.c:31:15: note: expanded from macro 'SIZE'
#define SIZE (sizeof(struct in6_addr))
              ^     ~~~~~~~~~~~~~~~~~
/Users/heidsoft/Downloads/research/mysql-8.0.27/cmake-build-debug/CMakeFiles/CheckTypeSize/SIZEOF_IN6_ADDR.c:33:12: note: forward declaration of 'struct in6_addr'
  ('0' + ((SIZE / 10000)%10)),
           ^
/Users/heidsoft/Downloads/research/mysql-8.0.27/cmake-build-debug/CMakeFiles/CheckTypeSize/SIZEOF_IN6_ADDR.c:31:29: note: expanded from macro 'SIZE'
#define SIZE (sizeof(struct in6_addr))
                            ^
/Users/heidsoft/Downloads/research/mysql-8.0.27/cmake-build-debug/CMakeFiles/CheckTypeSize/SIZEOF_IN6_ADDR.c:35:12: error: invalid application of 'sizeof' to an incomplete type 'struct in6_addr'
  ('0' + ((SIZE / 100)%10)),
           ^~~~
/Users/heidsoft/Downloads/research/mysql-8.0.27/cmake-build-debug/CMakeFiles/CheckTypeSize/SIZEOF_IN6_ADDR.c:31:15: note: expanded from macro 'SIZE'
#define SIZE (sizeof(struct in6_addr))
              ^     ~~~~~~~~~~~~~~~~~
/Users/heidsoft/Downloads/research/mysql-8.0.27/cmake-build-debug/CMakeFiles/CheckTypeSize/SIZEOF_IN6_ADDR.c:33:12: note: forward declaration of 'struct in6_addr'
  ('0' + ((SIZE / 10000)%10)),
           ^
/Users/heidsoft/Downloads/research/mysql-8.0.27/cmake-build-debug/CMakeFiles/CheckTypeSize/SIZEOF_IN6_ADDR.c:31:29: note: expanded from macro 'SIZE'
#define SIZE (sizeof(struct in6_addr))
                            ^
/Users/heidsoft/Downloads/research/mysql-8.0.27/cmake-build-debug/CMakeFiles/CheckTypeSize/SIZEOF_IN6_ADDR.c:36:12: error: invalid application of 'sizeof' to an incomplete type 'struct in6_addr'
  ('0' + ((SIZE / 10)%10)),
           ^~~~
/Users/heidsoft/Downloads/research/mysql-8.0.27/cmake-build-debug/CMakeFiles/CheckTypeSize/SIZEOF_IN6_ADDR.c:31:15: note: expanded from macro 'SIZE'
#define SIZE (sizeof(struct in6_addr))
              ^     ~~~~~~~~~~~~~~~~~
/Users/heidsoft/Downloads/research/mysql-8.0.27/cmake-build-debug/CMakeFiles/CheckTypeSize/SIZEOF_IN6_ADDR.c:33:12: note: forward declaration of 'struct in6_addr'
  ('0' + ((SIZE / 10000)%10)),
           ^
/Users/heidsoft/Downloads/research/mysql-8.0.27/cmake-build-debug/CMakeFiles/CheckTypeSize/SIZEOF_IN6_ADDR.c:31:29: note: expanded from macro 'SIZE'
#define SIZE (sizeof(struct in6_addr))
                            ^
/Users/heidsoft/Downloads/research/mysql-8.0.27/cmake-build-debug/CMakeFiles/CheckTypeSize/SIZEOF_IN6_ADDR.c:37:12: error: invalid application of 'sizeof' to an incomplete type 'struct in6_addr'
  ('0' +  (SIZE    % 10)),
           ^~~~
/Users/heidsoft/Downloads/research/mysql-8.0.27/cmake-build-debug/CMakeFiles/CheckTypeSize/SIZEOF_IN6_ADDR.c:31:15: note: expanded from macro 'SIZE'
#define SIZE (sizeof(struct in6_addr))
              ^     ~~~~~~~~~~~~~~~~~
/Users/heidsoft/Downloads/research/mysql-8.0.27/cmake-build-debug/CMakeFiles/CheckTypeSize/SIZEOF_IN6_ADDR.c:33:12: note: forward declaration of 'struct in6_addr'
  ('0' + ((SIZE / 10000)%10)),
           ^
/Users/heidsoft/Downloads/research/mysql-8.0.27/cmake-build-debug/CMakeFiles/CheckTypeSize/SIZEOF_IN6_ADDR.c:31:29: note: expanded from macro 'SIZE'
#define SIZE (sizeof(struct in6_addr))
                            ^
5 errors generated.
make[1]: *** [CMakeFiles/cmTC_92e81.dir/SIZEOF_IN6_ADDR.c.o] Error 1
make: *** [cmTC_92e81/fast] Error 2


/Users/heidsoft/Downloads/research/mysql-8.0.27/cmake-build-debug/CMakeFiles/CheckTypeSize/SIZEOF_IN6_ADDR.c:
#include <sys/types.h>
#include <stdint.h>
#include <stddef.h>
#include "stdint.h"
#include "stdio.h"
#include "sys/types.h"
#include "time.h"


#undef KEY
#if defined(__i386)
# define KEY '_','_','i','3','8','6'
#elif defined(__x86_64)
# define KEY '_','_','x','8','6','_','6','4'
#elif defined(__PPC64__)
# define KEY '_','_','P','P','C','6','4','_','_'
#elif defined(__ppc64__)
# define KEY '_','_','p','p','c','6','4','_','_'
#elif defined(__PPC__)
# define KEY '_','_','P','P','C','_','_'
#elif defined(__ppc__)
# define KEY '_','_','p','p','c','_','_'
#elif defined(__aarch64__)
# define KEY '_','_','a','a','r','c','h','6','4','_','_'
#elif defined(__ARM_ARCH_7A__)
# define KEY '_','_','A','R','M','_','A','R','C','H','_','7','A','_','_'
#elif defined(__ARM_ARCH_7S__)
# define KEY '_','_','A','R','M','_','A','R','C','H','_','7','S','_','_'
#endif

#define SIZE (sizeof(struct in6_addr))
static char info_size[] =  {'I', 'N', 'F', 'O', ':', 's','i','z','e','[',
  ('0' + ((SIZE / 10000)%10)),
  ('0' + ((SIZE / 1000)%10)),
  ('0' + ((SIZE / 100)%10)),
  ('0' + ((SIZE / 10)%10)),
  ('0' +  (SIZE    % 10)),
  ']',
#ifdef KEY
  ' ','k','e','y','[', KEY, ']',
#endif
  '\0'};

#ifdef __CLASSIC_C__
int main(argc, argv) int argc; char *argv[];
#else
int main(int argc, char *argv[])
#endif
{
  int require = 0;
  require += info_size[argc];
  (void)argv;
  return require;
}


Determining if files numa.h exist failed with the following output:
Change Dir: /Users/heidsoft/Downloads/research/mysql-8.0.27/cmake-build-debug/CMakeFiles/CMakeTmp

Run Build Command(s):/usr/bin/make -f Makefile cmTC_57ff6/fast && /Library/Developer/CommandLineTools/usr/bin/make  -f CMakeFiles/cmTC_57ff6.dir/build.make CMakeFiles/cmTC_57ff6.dir/build
Building C object CMakeFiles/cmTC_57ff6.dir/HAVE_NUMA_H.c.o
/usr/bin/gcc -D_FILE_OFFSET_BITS=64 -D_GNU_SOURCE -D__STDC_CONSTANT_MACROS -D__STDC_FORMAT_MACROS -D__STDC_LIMIT_MACROS  -fno-omit-frame-pointer -ftls-model=initial-exec   -isysroot /Library/Developer/CommandLineTools/SDKs/MacOSX13.3.sdk -fPIE -MD -MT CMakeFiles/cmTC_57ff6.dir/HAVE_NUMA_H.c.o -MF CMakeFiles/cmTC_57ff6.dir/HAVE_NUMA_H.c.o.d -o CMakeFiles/cmTC_57ff6.dir/HAVE_NUMA_H.c.o -c /Users/heidsoft/Downloads/research/mysql-8.0.27/cmake-build-debug/CMakeFiles/CheckIncludeFiles/HAVE_NUMA_H.c
/Users/heidsoft/Downloads/research/mysql-8.0.27/cmake-build-debug/CMakeFiles/CheckIncludeFiles/HAVE_NUMA_H.c:2:10: fatal error: 'numa.h' file not found
#include <numa.h>
         ^~~~~~~~
1 error generated.
make[1]: *** [CMakeFiles/cmTC_57ff6.dir/HAVE_NUMA_H.c.o] Error 1
make: *** [cmTC_57ff6/fast] Error 2


Source:
/* */
#include <numa.h>


int main(void){return 0;}

Determining if files numaif.h exist failed with the following output:
Change Dir: /Users/heidsoft/Downloads/research/mysql-8.0.27/cmake-build-debug/CMakeFiles/CMakeTmp

Run Build Command(s):/usr/bin/make -f Makefile cmTC_cfd51/fast && /Library/Developer/CommandLineTools/usr/bin/make  -f CMakeFiles/cmTC_cfd51.dir/build.make CMakeFiles/cmTC_cfd51.dir/build
Building C object CMakeFiles/cmTC_cfd51.dir/HAVE_NUMAIF_H.c.o
/usr/bin/gcc -D_FILE_OFFSET_BITS=64 -D_GNU_SOURCE -D__STDC_CONSTANT_MACROS -D__STDC_FORMAT_MACROS -D__STDC_LIMIT_MACROS  -fno-omit-frame-pointer -ftls-model=initial-exec   -isysroot /Library/Developer/CommandLineTools/SDKs/MacOSX13.3.sdk -fPIE -MD -MT CMakeFiles/cmTC_cfd51.dir/HAVE_NUMAIF_H.c.o -MF CMakeFiles/cmTC_cfd51.dir/HAVE_NUMAIF_H.c.o.d -o CMakeFiles/cmTC_cfd51.dir/HAVE_NUMAIF_H.c.o -c /Users/heidsoft/Downloads/research/mysql-8.0.27/cmake-build-debug/CMakeFiles/CheckIncludeFiles/HAVE_NUMAIF_H.c
/Users/heidsoft/Downloads/research/mysql-8.0.27/cmake-build-debug/CMakeFiles/CheckIncludeFiles/HAVE_NUMAIF_H.c:2:10: fatal error: 'numaif.h' file not found
#include <numaif.h>
         ^~~~~~~~~~
1 error generated.
make[1]: *** [CMakeFiles/cmTC_cfd51.dir/HAVE_NUMAIF_H.c.o] Error 1
make: *** [cmTC_cfd51/fast] Error 2


Source:
/* */
#include <numaif.h>


int main(void){return 0;}

Determining size of off64_t failed with the following output:
Change Dir: /Users/heidsoft/Downloads/research/mysql-8.0.27/cmake-build-debug/CMakeFiles/CMakeTmp

Run Build Command(s):/usr/bin/make -f Makefile cmTC_7baf9/fast && /Library/Developer/CommandLineTools/usr/bin/make  -f CMakeFiles/cmTC_7baf9.dir/build.make CMakeFiles/cmTC_7baf9.dir/build
Building C object CMakeFiles/cmTC_7baf9.dir/OFF64_T.c.o
/usr/bin/gcc -DHAVE_STDDEF_H -DHAVE_STDINT_H -DHAVE_SYS_TYPES_H -D_LARGEFILE64_SOURCE=1  -fno-omit-frame-pointer -ftls-model=initial-exec   -isysroot /Library/Developer/CommandLineTools/SDKs/MacOSX13.3.sdk -fPIE -MD -MT CMakeFiles/cmTC_7baf9.dir/OFF64_T.c.o -MF CMakeFiles/cmTC_7baf9.dir/OFF64_T.c.o.d -o CMakeFiles/cmTC_7baf9.dir/OFF64_T.c.o -c /Users/heidsoft/Downloads/research/mysql-8.0.27/cmake-build-debug/CMakeFiles/CheckTypeSize/OFF64_T.c
/Users/heidsoft/Downloads/research/mysql-8.0.27/cmake-build-debug/CMakeFiles/CheckTypeSize/OFF64_T.c:29:12: error: use of undeclared identifier 'off64_t'
  ('0' + ((SIZE / 10000)%10)),
           ^
/Users/heidsoft/Downloads/research/mysql-8.0.27/cmake-build-debug/CMakeFiles/CheckTypeSize/OFF64_T.c:27:22: note: expanded from macro 'SIZE'
#define SIZE (sizeof(off64_t))
                     ^
/Users/heidsoft/Downloads/research/mysql-8.0.27/cmake-build-debug/CMakeFiles/CheckTypeSize/OFF64_T.c:30:12: error: use of undeclared identifier 'off64_t'
  ('0' + ((SIZE / 1000)%10)),
           ^
/Users/heidsoft/Downloads/research/mysql-8.0.27/cmake-build-debug/CMakeFiles/CheckTypeSize/OFF64_T.c:27:22: note: expanded from macro 'SIZE'
#define SIZE (sizeof(off64_t))
                     ^
/Users/heidsoft/Downloads/research/mysql-8.0.27/cmake-build-debug/CMakeFiles/CheckTypeSize/OFF64_T.c:31:12: error: use of undeclared identifier 'off64_t'
  ('0' + ((SIZE / 100)%10)),
           ^
/Users/heidsoft/Downloads/research/mysql-8.0.27/cmake-build-debug/CMakeFiles/CheckTypeSize/OFF64_T.c:27:22: note: expanded from macro 'SIZE'
#define SIZE (sizeof(off64_t))
                     ^
/Users/heidsoft/Downloads/research/mysql-8.0.27/cmake-build-debug/CMakeFiles/CheckTypeSize/OFF64_T.c:32:12: error: use of undeclared identifier 'off64_t'
  ('0' + ((SIZE / 10)%10)),
           ^
/Users/heidsoft/Downloads/research/mysql-8.0.27/cmake-build-debug/CMakeFiles/CheckTypeSize/OFF64_T.c:27:22: note: expanded from macro 'SIZE'
#define SIZE (sizeof(off64_t))
                     ^
/Users/heidsoft/Downloads/research/mysql-8.0.27/cmake-build-debug/CMakeFiles/CheckTypeSize/OFF64_T.c:33:12: error: use of undeclared identifier 'off64_t'
  ('0' +  (SIZE    % 10)),
           ^
/Users/heidsoft/Downloads/research/mysql-8.0.27/cmake-build-debug/CMakeFiles/CheckTypeSize/OFF64_T.c:27:22: note: expanded from macro 'SIZE'
#define SIZE (sizeof(off64_t))
                     ^
5 errors generated.
make[1]: *** [CMakeFiles/cmTC_7baf9.dir/OFF64_T.c.o] Error 1
make: *** [cmTC_7baf9/fast] Error 2


/Users/heidsoft/Downloads/research/mysql-8.0.27/cmake-build-debug/CMakeFiles/CheckTypeSize/OFF64_T.c:
#include <sys/types.h>
#include <stdint.h>
#include <stddef.h>


#undef KEY
#if defined(__i386)
# define KEY '_','_','i','3','8','6'
#elif defined(__x86_64)
# define KEY '_','_','x','8','6','_','6','4'
#elif defined(__PPC64__)
# define KEY '_','_','P','P','C','6','4','_','_'
#elif defined(__ppc64__)
# define KEY '_','_','p','p','c','6','4','_','_'
#elif defined(__PPC__)
# define KEY '_','_','P','P','C','_','_'
#elif defined(__ppc__)
# define KEY '_','_','p','p','c','_','_'
#elif defined(__aarch64__)
# define KEY '_','_','a','a','r','c','h','6','4','_','_'
#elif defined(__ARM_ARCH_7A__)
# define KEY '_','_','A','R','M','_','A','R','C','H','_','7','A','_','_'
#elif defined(__ARM_ARCH_7S__)
# define KEY '_','_','A','R','M','_','A','R','C','H','_','7','S','_','_'
#endif

#define SIZE (sizeof(off64_t))
static char info_size[] =  {'I', 'N', 'F', 'O', ':', 's','i','z','e','[',
  ('0' + ((SIZE / 10000)%10)),
  ('0' + ((SIZE / 1000)%10)),
  ('0' + ((SIZE / 100)%10)),
  ('0' + ((SIZE / 10)%10)),
  ('0' +  (SIZE    % 10)),
  ']',
#ifdef KEY
  ' ','k','e','y','[', KEY, ']',
#endif
  '\0'};

#ifdef __CLASSIC_C__
int main(argc, argv) int argc; char *argv[];
#else
int main(int argc, char *argv[])
#endif
{
  int require = 0;
  require += info_size[argc];
  (void)argv;
  return require;
}


Performing C++ SOURCE FILE Test HAVE_CXX_W_missing_profile failed with the following output:
Change Dir: /Users/heidsoft/Downloads/research/mysql-8.0.27/cmake-build-debug/CMakeFiles/CMakeTmp

Run Build Command(s):/usr/bin/make -f Makefile cmTC_0ca03/fast && /Library/Developer/CommandLineTools/usr/bin/make  -f CMakeFiles/cmTC_0ca03.dir/build.make CMakeFiles/cmTC_0ca03.dir/build
Building CXX object CMakeFiles/cmTC_0ca03.dir/src.cxx.o
/usr/bin/clang -DHAVE_CXX_W_missing_profile  -std=c++17 -fno-omit-frame-pointer -ftls-model=initial-exec   -Wmissing-profile -isysroot /Library/Developer/CommandLineTools/SDKs/MacOSX13.3.sdk -fPIE -MD -MT CMakeFiles/cmTC_0ca03.dir/src.cxx.o -MF CMakeFiles/cmTC_0ca03.dir/src.cxx.o.d -o CMakeFiles/cmTC_0ca03.dir/src.cxx.o -c /Users/heidsoft/Downloads/research/mysql-8.0.27/cmake-build-debug/CMakeFiles/CMakeTmp/src.cxx
warning: unknown warning option '-Wmissing-profile' [-Wunknown-warning-option]
1 warning generated.
Linking CXX executable cmTC_0ca03
/Applications/CMake.app/Contents/bin/cmake -E cmake_link_script CMakeFiles/cmTC_0ca03.dir/link.txt --verbose=1
/usr/bin/clang -std=c++17 -fno-omit-frame-pointer -ftls-model=initial-exec   -Wmissing-profile -isysroot /Library/Developer/CommandLineTools/SDKs/MacOSX13.3.sdk -Wl,-search_paths_first -Wl,-headerpad_max_install_names -L/usr/local/opt/openssl/lib  CMakeFiles/cmTC_0ca03.dir/src.cxx.o -o cmTC_0ca03 


Source file was:
int main(void) { return 0; }
Performing C SOURCE FILE Test HAVE_GETPW_R_DRAFT failed with the following output:
Change Dir: /Users/heidsoft/Downloads/research/mysql-8.0.27/cmake-build-debug/CMakeFiles/CMakeTmp

Run Build Command(s):/usr/bin/make -f Makefile cmTC_cf95c/fast && /Library/Developer/CommandLineTools/usr/bin/make  -f CMakeFiles/cmTC_cf95c.dir/build.make CMakeFiles/cmTC_cf95c.dir/build
Building C object CMakeFiles/cmTC_cf95c.dir/src.c.o
/usr/bin/gcc -DHAVE_GETPW_R_DRAFT -D_FILE_OFFSET_BITS=64 -D_GNU_SOURCE -D__STDC_CONSTANT_MACROS -D__STDC_FORMAT_MACROS -D__STDC_LIMIT_MACROS  -fno-omit-frame-pointer -ftls-model=initial-exec   -isysroot /Library/Developer/CommandLineTools/SDKs/MacOSX13.3.sdk -fPIE -MD -MT CMakeFiles/cmTC_cf95c.dir/src.c.o -MF CMakeFiles/cmTC_cf95c.dir/src.c.o.d -o CMakeFiles/cmTC_cf95c.dir/src.c.o -c /Users/heidsoft/Downloads/research/mysql-8.0.27/cmake-build-debug/CMakeFiles/CMakeTmp/src.c
/Users/heidsoft/Downloads/research/mysql-8.0.27/cmake-build-debug/CMakeFiles/CMakeTmp/src.c:6:56: error: too few arguments to function call, expected 5, have 4
    struct passwd *pwd = getpwnam_r(NULL, NULL, NULL, 0);
                         ~~~~~~~~~~                    ^
/Library/Developer/CommandLineTools/SDKs/MacOSX13.3.sdk/usr/include/pwd.h:103:7: note: 'getpwnam_r' declared here
int              getpwnam_r(const char *, struct passwd *, char *, size_t, struct passwd **);
                 ^
1 error generated.
make[1]: *** [CMakeFiles/cmTC_cf95c.dir/src.c.o] Error 1
make: *** [cmTC_cf95c/fast] Error 2


Source file was:

  #include <stdlib.h>
  #include <sys/types.h>
  #include <pwd.h>
  int main() {
    struct passwd *pwd = getpwnam_r(NULL, NULL, NULL, 0);
    return pwd != NULL;
  }
Determining if the function __secure_getenv exists failed with the following output:
Change Dir: /Users/heidsoft/Downloads/research/mysql-8.0.27/cmake-build-debug/CMakeFiles/CMakeTmp

Run Build Command(s):/usr/bin/make -f Makefile cmTC_b1b64/fast && /Library/Developer/CommandLineTools/usr/bin/make  -f CMakeFiles/cmTC_b1b64.dir/build.make CMakeFiles/cmTC_b1b64.dir/build
Building C object CMakeFiles/cmTC_b1b64.dir/CheckFunctionExists.c.o
/usr/bin/gcc -D_FILE_OFFSET_BITS=64 -D_GNU_SOURCE -D__STDC_CONSTANT_MACROS -D__STDC_FORMAT_MACROS -D__STDC_LIMIT_MACROS  -fno-omit-frame-pointer -ftls-model=initial-exec  -DCHECK_FUNCTION_EXISTS=__secure_getenv -isysroot /Library/Developer/CommandLineTools/SDKs/MacOSX13.3.sdk -fPIE -MD -MT CMakeFiles/cmTC_b1b64.dir/CheckFunctionExists.c.o -MF CMakeFiles/cmTC_b1b64.dir/CheckFunctionExists.c.o.d -o CMakeFiles/cmTC_b1b64.dir/CheckFunctionExists.c.o -c /Applications/CMake.app/Contents/share/cmake-3.21/Modules/CheckFunctionExists.c
Linking C executable cmTC_b1b64
/Applications/CMake.app/Contents/bin/cmake -E cmake_link_script CMakeFiles/cmTC_b1b64.dir/link.txt --verbose=1
/usr/bin/gcc -fno-omit-frame-pointer -ftls-model=initial-exec  -DCHECK_FUNCTION_EXISTS=__secure_getenv -isysroot /Library/Developer/CommandLineTools/SDKs/MacOSX13.3.sdk -Wl,-search_paths_first -Wl,-headerpad_max_install_names -L/usr/local/opt/openssl/lib  CMakeFiles/cmTC_b1b64.dir/CheckFunctionExists.c.o -o cmTC_b1b64 
Undefined symbols for architecture x86_64:
  "___secure_getenv", referenced from:
      _main in CheckFunctionExists.c.o
ld: symbol(s) not found for architecture x86_64
clang: error: linker command failed with exit code 1 (use -v to see invocation)
make[1]: *** [cmTC_b1b64] Error 1
make: *** [cmTC_b1b64/fast] Error 2



Determining if the function secure_getenv exists failed with the following output:
Change Dir: /Users/heidsoft/Downloads/research/mysql-8.0.27/cmake-build-debug/CMakeFiles/CMakeTmp

Run Build Command(s):/usr/bin/make -f Makefile cmTC_196c1/fast && /Library/Developer/CommandLineTools/usr/bin/make  -f CMakeFiles/cmTC_196c1.dir/build.make CMakeFiles/cmTC_196c1.dir/build
Building C object CMakeFiles/cmTC_196c1.dir/CheckFunctionExists.c.o
/usr/bin/gcc -D_FILE_OFFSET_BITS=64 -D_GNU_SOURCE -D__STDC_CONSTANT_MACROS -D__STDC_FORMAT_MACROS -D__STDC_LIMIT_MACROS  -fno-omit-frame-pointer -ftls-model=initial-exec  -DCHECK_FUNCTION_EXISTS=secure_getenv -isysroot /Library/Developer/CommandLineTools/SDKs/MacOSX13.3.sdk -fPIE -MD -MT CMakeFiles/cmTC_196c1.dir/CheckFunctionExists.c.o -MF CMakeFiles/cmTC_196c1.dir/CheckFunctionExists.c.o.d -o CMakeFiles/cmTC_196c1.dir/CheckFunctionExists.c.o -c /Applications/CMake.app/Contents/share/cmake-3.21/Modules/CheckFunctionExists.c
Linking C executable cmTC_196c1
/Applications/CMake.app/Contents/bin/cmake -E cmake_link_script CMakeFiles/cmTC_196c1.dir/link.txt --verbose=1
/usr/bin/gcc -fno-omit-frame-pointer -ftls-model=initial-exec  -DCHECK_FUNCTION_EXISTS=secure_getenv -isysroot /Library/Developer/CommandLineTools/SDKs/MacOSX13.3.sdk -Wl,-search_paths_first -Wl,-headerpad_max_install_names -L/usr/local/opt/openssl/lib  CMakeFiles/cmTC_196c1.dir/CheckFunctionExists.c.o -o cmTC_196c1 
Undefined symbols for architecture x86_64:
  "_secure_getenv", referenced from:
      _main in CheckFunctionExists.c.o
ld: symbol(s) not found for architecture x86_64
clang: error: linker command failed with exit code 1 (use -v to see invocation)
make[1]: *** [cmTC_196c1] Error 1
make: *** [cmTC_196c1/fast] Error 2



Performing C SOURCE FILE Test HAVE_STRINGOP_OVERFLOW failed with the following output:
Change Dir: /Users/heidsoft/Downloads/research/mysql-8.0.27/cmake-build-debug/CMakeFiles/CMakeTmp

Run Build Command(s):/usr/bin/make -f Makefile cmTC_2bfc9/fast && /Library/Developer/CommandLineTools/usr/bin/make  -f CMakeFiles/cmTC_2bfc9.dir/build.make CMakeFiles/cmTC_2bfc9.dir/build
Building C object CMakeFiles/cmTC_2bfc9.dir/src.c.o
/usr/bin/gcc -DHAVE_STRINGOP_OVERFLOW -D_FILE_OFFSET_BITS=64 -D_GNU_SOURCE -D__STDC_CONSTANT_MACROS -D__STDC_FORMAT_MACROS -D__STDC_LIMIT_MACROS  -fno-omit-frame-pointer -ftls-model=initial-exec   -Wstringop-overflow -isysroot /Library/Developer/CommandLineTools/SDKs/MacOSX13.3.sdk -fPIE -MD -MT CMakeFiles/cmTC_2bfc9.dir/src.c.o -MF CMakeFiles/cmTC_2bfc9.dir/src.c.o.d -o CMakeFiles/cmTC_2bfc9.dir/src.c.o -c /Users/heidsoft/Downloads/research/mysql-8.0.27/cmake-build-debug/CMakeFiles/CMakeTmp/src.c
warning: unknown warning option '-Wstringop-overflow'; did you mean '-Wshift-overflow'? [-Wunknown-warning-option]
1 warning generated.
Linking C executable cmTC_2bfc9
/Applications/CMake.app/Contents/bin/cmake -E cmake_link_script CMakeFiles/cmTC_2bfc9.dir/link.txt --verbose=1
/usr/bin/gcc -fno-omit-frame-pointer -ftls-model=initial-exec   -Wstringop-overflow -isysroot /Library/Developer/CommandLineTools/SDKs/MacOSX13.3.sdk -Wl,-search_paths_first -Wl,-headerpad_max_install_names -L/usr/local/opt/openssl/lib  CMakeFiles/cmTC_2bfc9.dir/src.c.o -o cmTC_2bfc9 


Source file was:
int main(void) { return 0; }
Performing C SOURCE FILE Test HAVE_STRINGOP_TRUNCATION failed with the following output:
Change Dir: /Users/heidsoft/Downloads/research/mysql-8.0.27/cmake-build-debug/CMakeFiles/CMakeTmp

Run Build Command(s):/usr/bin/make -f Makefile cmTC_bee33/fast && /Library/Developer/CommandLineTools/usr/bin/make  -f CMakeFiles/cmTC_bee33.dir/build.make CMakeFiles/cmTC_bee33.dir/build
Building C object CMakeFiles/cmTC_bee33.dir/src.c.o
/usr/bin/gcc -DHAVE_STRINGOP_TRUNCATION -D_FILE_OFFSET_BITS=64 -D_GNU_SOURCE -D__STDC_CONSTANT_MACROS -D__STDC_FORMAT_MACROS -D__STDC_LIMIT_MACROS  -fno-omit-frame-pointer -ftls-model=initial-exec   -Wstringop-truncation -isysroot /Library/Developer/CommandLineTools/SDKs/MacOSX13.3.sdk -fPIE -MD -MT CMakeFiles/cmTC_bee33.dir/src.c.o -MF CMakeFiles/cmTC_bee33.dir/src.c.o.d -o CMakeFiles/cmTC_bee33.dir/src.c.o -c /Users/heidsoft/Downloads/research/mysql-8.0.27/cmake-build-debug/CMakeFiles/CMakeTmp/src.c
warning: unknown warning option '-Wstringop-truncation'; did you mean '-Wstring-concatenation'? [-Wunknown-warning-option]
1 warning generated.
Linking C executable cmTC_bee33
/Applications/CMake.app/Contents/bin/cmake -E cmake_link_script CMakeFiles/cmTC_bee33.dir/link.txt --verbose=1
/usr/bin/gcc -fno-omit-frame-pointer -ftls-model=initial-exec   -Wstringop-truncation -isysroot /Library/Developer/CommandLineTools/SDKs/MacOSX13.3.sdk -Wl,-search_paths_first -Wl,-headerpad_max_install_names -L/usr/local/opt/openssl/lib  CMakeFiles/cmTC_bee33.dir/src.c.o -o cmTC_bee33 


Source file was:
int main(void) { return 0; }
Performing C SOURCE FILE Test check_c_compiler_flag__Wnormalized_id failed with the following output:
Change Dir: /Users/heidsoft/Downloads/research/mysql-8.0.27/cmake-build-debug/CMakeFiles/CMakeTmp

Run Build Command(s):/usr/bin/make -f Makefile cmTC_889bd/fast && /Library/Developer/CommandLineTools/usr/bin/make  -f CMakeFiles/cmTC_889bd.dir/build.make CMakeFiles/cmTC_889bd.dir/build
Building C object CMakeFiles/cmTC_889bd.dir/src.c.o
/usr/bin/gcc -Dcheck_c_compiler_flag__Wnormalized_id  -fno-omit-frame-pointer -ftls-model=initial-exec  -Wall -Wextra -Wno-unused-parameter -Wstrict-aliasing -Wstrict-prototypes -fno-strict-aliasing -Wmissing-prototypes -Winit-self -Wmissing-field-initializers -Wdeclaration-after-statement -Waddress  -isysroot /Library/Developer/CommandLineTools/SDKs/MacOSX13.3.sdk -fPIE   -Wnormalized=id -MD -MT CMakeFiles/cmTC_889bd.dir/src.c.o -MF CMakeFiles/cmTC_889bd.dir/src.c.o.d -o CMakeFiles/cmTC_889bd.dir/src.c.o -c /Users/heidsoft/Downloads/research/mysql-8.0.27/cmake-build-debug/CMakeFiles/CMakeTmp/src.c
warning: unknown warning option '-Wnormalized=id' [-Wunknown-warning-option]
1 warning generated.
Linking C executable cmTC_889bd
/Applications/CMake.app/Contents/bin/cmake -E cmake_link_script CMakeFiles/cmTC_889bd.dir/link.txt --verbose=1
/usr/bin/gcc -fno-omit-frame-pointer -ftls-model=initial-exec  -Wall -Wextra -Wno-unused-parameter -Wstrict-aliasing -Wstrict-prototypes -fno-strict-aliasing -Wmissing-prototypes -Winit-self -Wmissing-field-initializers -Wdeclaration-after-statement -Waddress  -isysroot /Library/Developer/CommandLineTools/SDKs/MacOSX13.3.sdk -Wl,-search_paths_first -Wl,-headerpad_max_install_names -L/usr/local/opt/openssl/lib  CMakeFiles/cmTC_889bd.dir/src.c.o -o cmTC_889bd 


Source file was:
int main(void) { return 0; }
Performing C SOURCE FILE Test check_c_compiler_flag__Wlogical_op failed with the following output:
Change Dir: /Users/heidsoft/Downloads/research/mysql-8.0.27/cmake-build-debug/CMakeFiles/CMakeTmp

Run Build Command(s):/usr/bin/make -f Makefile cmTC_18a4a/fast && /Library/Developer/CommandLineTools/usr/bin/make  -f CMakeFiles/cmTC_18a4a.dir/build.make CMakeFiles/cmTC_18a4a.dir/build
Building C object CMakeFiles/cmTC_18a4a.dir/src.c.o
/usr/bin/gcc -Dcheck_c_compiler_flag__Wlogical_op  -fno-omit-frame-pointer -ftls-model=initial-exec  -Wall -Wextra -Wno-unused-parameter -Wstrict-aliasing -Wstrict-prototypes -fno-strict-aliasing -Wmissing-prototypes -Winit-self -Wmissing-field-initializers -Wdeclaration-after-statement -Waddress -Woverride-init  -isysroot /Library/Developer/CommandLineTools/SDKs/MacOSX13.3.sdk -fPIE   -Wlogical-op -MD -MT CMakeFiles/cmTC_18a4a.dir/src.c.o -MF CMakeFiles/cmTC_18a4a.dir/src.c.o.d -o CMakeFiles/cmTC_18a4a.dir/src.c.o -c /Users/heidsoft/Downloads/research/mysql-8.0.27/cmake-build-debug/CMakeFiles/CMakeTmp/src.c
warning: unknown warning option '-Wlogical-op'; did you mean '-Wlong-long'? [-Wunknown-warning-option]
1 warning generated.
Linking C executable cmTC_18a4a
/Applications/CMake.app/Contents/bin/cmake -E cmake_link_script CMakeFiles/cmTC_18a4a.dir/link.txt --verbose=1
/usr/bin/gcc -fno-omit-frame-pointer -ftls-model=initial-exec  -Wall -Wextra -Wno-unused-parameter -Wstrict-aliasing -Wstrict-prototypes -fno-strict-aliasing -Wmissing-prototypes -Winit-self -Wmissing-field-initializers -Wdeclaration-after-statement -Waddress -Woverride-init  -isysroot /Library/Developer/CommandLineTools/SDKs/MacOSX13.3.sdk -Wl,-search_paths_first -Wl,-headerpad_max_install_names -L/usr/local/opt/openssl/lib  CMakeFiles/cmTC_18a4a.dir/src.c.o -o cmTC_18a4a 


Source file was:
int main(void) { return 0; }
Determining if the __GNU_LIBRARY__ exist failed with the following output:
Change Dir: /Users/heidsoft/Downloads/research/mysql-8.0.27/cmake-build-debug/CMakeFiles/CMakeTmp

Run Build Command(s):/usr/bin/make -f Makefile cmTC_96923/fast && /Library/Developer/CommandLineTools/usr/bin/make  -f CMakeFiles/cmTC_96923.dir/build.make CMakeFiles/cmTC_96923.dir/build
Building C object CMakeFiles/cmTC_96923.dir/CheckSymbolExists.c.o
/usr/bin/gcc -D_FILE_OFFSET_BITS=64 -D_GNU_SOURCE -D__STDC_CONSTANT_MACROS -D__STDC_FORMAT_MACROS -D__STDC_LIMIT_MACROS  -fno-omit-frame-pointer -ftls-model=initial-exec  -Wall -Wextra -Wno-unused-parameter -Wstrict-aliasing -Wstrict-prototypes -fno-strict-aliasing -Wmissing-prototypes -Winit-self -Wmissing-field-initializers -Wdeclaration-after-statement -Waddress -Woverride-init -Wwrite-strings -Wno-unused-function -Wno-error=deprecated-declarations -Wno-unused-function -Qunused-arguments  -isysroot /Library/Developer/CommandLineTools/SDKs/MacOSX13.3.sdk -fPIE -MD -MT CMakeFiles/cmTC_96923.dir/CheckSymbolExists.c.o -MF CMakeFiles/cmTC_96923.dir/CheckSymbolExists.c.o.d -o CMakeFiles/cmTC_96923.dir/CheckSymbolExists.c.o -c /Users/heidsoft/Downloads/research/mysql-8.0.27/cmake-build-debug/CMakeFiles/CMakeTmp/CheckSymbolExists.c
/Users/heidsoft/Downloads/research/mysql-8.0.27/cmake-build-debug/CMakeFiles/CMakeTmp/CheckSymbolExists.c:2:10: fatal error: 'features.h' file not found
#include <features.h>
         ^~~~~~~~~~~~
1 error generated.
make[1]: *** [CMakeFiles/cmTC_96923.dir/CheckSymbolExists.c.o] Error 1
make: *** [cmTC_96923/fast] Error 2


File /Users/heidsoft/Downloads/research/mysql-8.0.27/cmake-build-debug/CMakeFiles/CMakeTmp/CheckSymbolExists.c:
/* */
#include <features.h>

int main(int argc, char** argv)
{
  (void)argv;
#ifndef __GNU_LIBRARY__
  return ((int*)(&__GNU_LIBRARY__))[argc];
#else
  (void)argc;
  return 0;
#endif
}
Determining if the _GNU_SOURCE exist failed with the following output:
Change Dir: /Users/heidsoft/Downloads/research/mysql-8.0.27/cmake-build-debug/CMakeFiles/CMakeTmp

Run Build Command(s):/usr/bin/make -f Makefile cmTC_bc91c/fast && /Library/Developer/CommandLineTools/usr/bin/make  -f CMakeFiles/cmTC_bc91c.dir/build.make CMakeFiles/cmTC_bc91c.dir/build
Building C object CMakeFiles/cmTC_bc91c.dir/CheckSymbolExists.c.o
/usr/bin/gcc -D_FILE_OFFSET_BITS=64 -D_GNU_SOURCE -D__STDC_CONSTANT_MACROS -D__STDC_FORMAT_MACROS -D__STDC_LIMIT_MACROS  -fno-omit-frame-pointer -ftls-model=initial-exec  -Wall -Wextra -Wno-unused-parameter -Wstrict-aliasing -Wstrict-prototypes -fno-strict-aliasing -Wmissing-prototypes -Winit-self -Wmissing-field-initializers -Wdeclaration-after-statement -Waddress -Woverride-init -Wwrite-strings -Wno-unused-function -Wno-error=deprecated-declarations -Wno-unused-function -Qunused-arguments  -isysroot /Library/Developer/CommandLineTools/SDKs/MacOSX13.3.sdk -fPIE -MD -MT CMakeFiles/cmTC_bc91c.dir/CheckSymbolExists.c.o -MF CMakeFiles/cmTC_bc91c.dir/CheckSymbolExists.c.o.d -o CMakeFiles/cmTC_bc91c.dir/CheckSymbolExists.c.o -c /Users/heidsoft/Downloads/research/mysql-8.0.27/cmake-build-debug/CMakeFiles/CMakeTmp/CheckSymbolExists.c
/Users/heidsoft/Downloads/research/mysql-8.0.27/cmake-build-debug/CMakeFiles/CMakeTmp/CheckSymbolExists.c:2:10: fatal error: 'features.h' file not found
#include <features.h>
         ^~~~~~~~~~~~
1 error generated.
make[1]: *** [CMakeFiles/cmTC_bc91c.dir/CheckSymbolExists.c.o] Error 1
make: *** [cmTC_bc91c/fast] Error 2


File /Users/heidsoft/Downloads/research/mysql-8.0.27/cmake-build-debug/CMakeFiles/CMakeTmp/CheckSymbolExists.c:
/* */
#include <features.h>

int main(int argc, char** argv)
{
  (void)argv;
#ifndef _GNU_SOURCE
  return ((int*)(&_GNU_SOURCE))[argc];
#else
  (void)argc;
  return 0;
#endif
}
Determining if the include file netinet/in6.h exists failed with the following output:
Change Dir: /Users/heidsoft/Downloads/research/mysql-8.0.27/cmake-build-debug/CMakeFiles/CMakeTmp

Run Build Command(s):/usr/bin/make -f Makefile cmTC_e36a1/fast && /Library/Developer/CommandLineTools/usr/bin/make  -f CMakeFiles/cmTC_e36a1.dir/build.make CMakeFiles/cmTC_e36a1.dir/build
Building C object CMakeFiles/cmTC_e36a1.dir/CheckIncludeFile.c.o
/usr/bin/gcc -D_FILE_OFFSET_BITS=64 -D_GNU_SOURCE -D__STDC_CONSTANT_MACROS -D__STDC_FORMAT_MACROS -D__STDC_LIMIT_MACROS  -fno-omit-frame-pointer -ftls-model=initial-exec  -Wall -Wextra -Wno-unused-parameter -Wstrict-aliasing -Wstrict-prototypes -fno-strict-aliasing -Wmissing-prototypes -Winit-self -Wmissing-field-initializers -Wdeclaration-after-statement -Waddress -Woverride-init -Wwrite-strings -Wno-unused-function -Wno-error=deprecated-declarations -Wno-unused-function -Qunused-arguments  -isysroot /Library/Developer/CommandLineTools/SDKs/MacOSX13.3.sdk -fPIE -MD -MT CMakeFiles/cmTC_e36a1.dir/CheckIncludeFile.c.o -MF CMakeFiles/cmTC_e36a1.dir/CheckIncludeFile.c.o.d -o CMakeFiles/cmTC_e36a1.dir/CheckIncludeFile.c.o -c /Users/heidsoft/Downloads/research/mysql-8.0.27/cmake-build-debug/CMakeFiles/CMakeTmp/CheckIncludeFile.c
/Users/heidsoft/Downloads/research/mysql-8.0.27/cmake-build-debug/CMakeFiles/CMakeTmp/CheckIncludeFile.c:1:10: fatal error: 'netinet/in6.h' file not found
#include <netinet/in6.h>
         ^~~~~~~~~~~~~~~
1 error generated.
make[1]: *** [CMakeFiles/cmTC_e36a1.dir/CheckIncludeFile.c.o] Error 1
make: *** [cmTC_e36a1/fast] Error 2



Determining if the include file port.h exists failed with the following output:
Change Dir: /Users/heidsoft/Downloads/research/mysql-8.0.27/cmake-build-debug/CMakeFiles/CMakeTmp

Run Build Command(s):/usr/bin/make -f Makefile cmTC_71be3/fast && /Library/Developer/CommandLineTools/usr/bin/make  -f CMakeFiles/cmTC_71be3.dir/build.make CMakeFiles/cmTC_71be3.dir/build
Building C object CMakeFiles/cmTC_71be3.dir/CheckIncludeFile.c.o
/usr/bin/gcc -D_FILE_OFFSET_BITS=64 -D_GNU_SOURCE -D__STDC_CONSTANT_MACROS -D__STDC_FORMAT_MACROS -D__STDC_LIMIT_MACROS  -fno-omit-frame-pointer -ftls-model=initial-exec  -Wall -Wextra -Wno-unused-parameter -Wstrict-aliasing -Wstrict-prototypes -fno-strict-aliasing -Wmissing-prototypes -Winit-self -Wmissing-field-initializers -Wdeclaration-after-statement -Waddress -Woverride-init -Wwrite-strings -Wno-unused-function -Wno-error=deprecated-declarations -Wno-unused-function -Qunused-arguments  -isysroot /Library/Developer/CommandLineTools/SDKs/MacOSX13.3.sdk -fPIE -MD -MT CMakeFiles/cmTC_71be3.dir/CheckIncludeFile.c.o -MF CMakeFiles/cmTC_71be3.dir/CheckIncludeFile.c.o.d -o CMakeFiles/cmTC_71be3.dir/CheckIncludeFile.c.o -c /Users/heidsoft/Downloads/research/mysql-8.0.27/cmake-build-debug/CMakeFiles/CMakeTmp/CheckIncludeFile.c
/Users/heidsoft/Downloads/research/mysql-8.0.27/cmake-build-debug/CMakeFiles/CMakeTmp/CheckIncludeFile.c:1:10: fatal error: 'port.h' file not found
#include <port.h>
         ^~~~~~~~
1 error generated.
make[1]: *** [CMakeFiles/cmTC_71be3.dir/CheckIncludeFile.c.o] Error 1
make: *** [cmTC_71be3/fast] Error 2



Determining if the include file sys/devpoll.h exists failed with the following output:
Change Dir: /Users/heidsoft/Downloads/research/mysql-8.0.27/cmake-build-debug/CMakeFiles/CMakeTmp

Run Build Command(s):/usr/bin/make -f Makefile cmTC_98885/fast && /Library/Developer/CommandLineTools/usr/bin/make  -f CMakeFiles/cmTC_98885.dir/build.make CMakeFiles/cmTC_98885.dir/build
Building C object CMakeFiles/cmTC_98885.dir/CheckIncludeFile.c.o
/usr/bin/gcc -D_FILE_OFFSET_BITS=64 -D_GNU_SOURCE -D__STDC_CONSTANT_MACROS -D__STDC_FORMAT_MACROS -D__STDC_LIMIT_MACROS  -fno-omit-frame-pointer -ftls-model=initial-exec  -Wall -Wextra -Wno-unused-parameter -Wstrict-aliasing -Wstrict-prototypes -fno-strict-aliasing -Wmissing-prototypes -Winit-self -Wmissing-field-initializers -Wdeclaration-after-statement -Waddress -Woverride-init -Wwrite-strings -Wno-unused-function -Wno-error=deprecated-declarations -Wno-unused-function -Qunused-arguments  -isysroot /Library/Developer/CommandLineTools/SDKs/MacOSX13.3.sdk -fPIE -MD -MT CMakeFiles/cmTC_98885.dir/CheckIncludeFile.c.o -MF CMakeFiles/cmTC_98885.dir/CheckIncludeFile.c.o.d -o CMakeFiles/cmTC_98885.dir/CheckIncludeFile.c.o -c /Users/heidsoft/Downloads/research/mysql-8.0.27/cmake-build-debug/CMakeFiles/CMakeTmp/CheckIncludeFile.c
/Users/heidsoft/Downloads/research/mysql-8.0.27/cmake-build-debug/CMakeFiles/CMakeTmp/CheckIncludeFile.c:1:10: fatal error: 'sys/devpoll.h' file not found
#include <sys/devpoll.h>
         ^~~~~~~~~~~~~~~
1 error generated.
make[1]: *** [CMakeFiles/cmTC_98885.dir/CheckIncludeFile.c.o] Error 1
make: *** [cmTC_98885/fast] Error 2



Determining if the include file sys/epoll.h exists failed with the following output:
Change Dir: /Users/heidsoft/Downloads/research/mysql-8.0.27/cmake-build-debug/CMakeFiles/CMakeTmp

Run Build Command(s):/usr/bin/make -f Makefile cmTC_6d21a/fast && /Library/Developer/CommandLineTools/usr/bin/make  -f CMakeFiles/cmTC_6d21a.dir/build.make CMakeFiles/cmTC_6d21a.dir/build
Building C object CMakeFiles/cmTC_6d21a.dir/CheckIncludeFile.c.o
/usr/bin/gcc -D_FILE_OFFSET_BITS=64 -D_GNU_SOURCE -D__STDC_CONSTANT_MACROS -D__STDC_FORMAT_MACROS -D__STDC_LIMIT_MACROS  -fno-omit-frame-pointer -ftls-model=initial-exec  -Wall -Wextra -Wno-unused-parameter -Wstrict-aliasing -Wstrict-prototypes -fno-strict-aliasing -Wmissing-prototypes -Winit-self -Wmissing-field-initializers -Wdeclaration-after-statement -Waddress -Woverride-init -Wwrite-strings -Wno-unused-function -Wno-error=deprecated-declarations -Wno-unused-function -Qunused-arguments  -isysroot /Library/Developer/CommandLineTools/SDKs/MacOSX13.3.sdk -fPIE -MD -MT CMakeFiles/cmTC_6d21a.dir/CheckIncludeFile.c.o -MF CMakeFiles/cmTC_6d21a.dir/CheckIncludeFile.c.o.d -o CMakeFiles/cmTC_6d21a.dir/CheckIncludeFile.c.o -c /Users/heidsoft/Downloads/research/mysql-8.0.27/cmake-build-debug/CMakeFiles/CMakeTmp/CheckIncludeFile.c
/Users/heidsoft/Downloads/research/mysql-8.0.27/cmake-build-debug/CMakeFiles/CMakeTmp/CheckIncludeFile.c:1:10: fatal error: 'sys/epoll.h' file not found
#include <sys/epoll.h>
         ^~~~~~~~~~~~~
1 error generated.
make[1]: *** [CMakeFiles/cmTC_6d21a.dir/CheckIncludeFile.c.o] Error 1
make: *** [cmTC_6d21a/fast] Error 2



Determining if the include file sys/eventfd.h exists failed with the following output:
Change Dir: /Users/heidsoft/Downloads/research/mysql-8.0.27/cmake-build-debug/CMakeFiles/CMakeTmp

Run Build Command(s):/usr/bin/make -f Makefile cmTC_9427b/fast && /Library/Developer/CommandLineTools/usr/bin/make  -f CMakeFiles/cmTC_9427b.dir/build.make CMakeFiles/cmTC_9427b.dir/build
Building C object CMakeFiles/cmTC_9427b.dir/CheckIncludeFile.c.o
/usr/bin/gcc -D_FILE_OFFSET_BITS=64 -D_GNU_SOURCE -D__STDC_CONSTANT_MACROS -D__STDC_FORMAT_MACROS -D__STDC_LIMIT_MACROS  -fno-omit-frame-pointer -ftls-model=initial-exec  -Wall -Wextra -Wno-unused-parameter -Wstrict-aliasing -Wstrict-prototypes -fno-strict-aliasing -Wmissing-prototypes -Winit-self -Wmissing-field-initializers -Wdeclaration-after-statement -Waddress -Woverride-init -Wwrite-strings -Wno-unused-function -Wno-error=deprecated-declarations -Wno-unused-function -Qunused-arguments  -isysroot /Library/Developer/CommandLineTools/SDKs/MacOSX13.3.sdk -fPIE -MD -MT CMakeFiles/cmTC_9427b.dir/CheckIncludeFile.c.o -MF CMakeFiles/cmTC_9427b.dir/CheckIncludeFile.c.o.d -o CMakeFiles/cmTC_9427b.dir/CheckIncludeFile.c.o -c /Users/heidsoft/Downloads/research/mysql-8.0.27/cmake-build-debug/CMakeFiles/CMakeTmp/CheckIncludeFile.c
/Users/heidsoft/Downloads/research/mysql-8.0.27/cmake-build-debug/CMakeFiles/CMakeTmp/CheckIncludeFile.c:1:10: fatal error: 'sys/eventfd.h' file not found
#include <sys/eventfd.h>
         ^~~~~~~~~~~~~~~
1 error generated.
make[1]: *** [CMakeFiles/cmTC_9427b.dir/CheckIncludeFile.c.o] Error 1
make: *** [cmTC_9427b/fast] Error 2



Determining if the include file sys/sendfile.h exists failed with the following output:
Change Dir: /Users/heidsoft/Downloads/research/mysql-8.0.27/cmake-build-debug/CMakeFiles/CMakeTmp

Run Build Command(s):/usr/bin/make -f Makefile cmTC_f5fb5/fast && /Library/Developer/CommandLineTools/usr/bin/make  -f CMakeFiles/cmTC_f5fb5.dir/build.make CMakeFiles/cmTC_f5fb5.dir/build
Building C object CMakeFiles/cmTC_f5fb5.dir/CheckIncludeFile.c.o
/usr/bin/gcc -D_FILE_OFFSET_BITS=64 -D_GNU_SOURCE -D__STDC_CONSTANT_MACROS -D__STDC_FORMAT_MACROS -D__STDC_LIMIT_MACROS  -fno-omit-frame-pointer -ftls-model=initial-exec  -Wall -Wextra -Wno-unused-parameter -Wstrict-aliasing -Wstrict-prototypes -fno-strict-aliasing -Wmissing-prototypes -Winit-self -Wmissing-field-initializers -Wdeclaration-after-statement -Waddress -Woverride-init -Wwrite-strings -Wno-unused-function -Wno-error=deprecated-declarations -Wno-unused-function -Qunused-arguments  -isysroot /Library/Developer/CommandLineTools/SDKs/MacOSX13.3.sdk -fPIE -MD -MT CMakeFiles/cmTC_f5fb5.dir/CheckIncludeFile.c.o -MF CMakeFiles/cmTC_f5fb5.dir/CheckIncludeFile.c.o.d -o CMakeFiles/cmTC_f5fb5.dir/CheckIncludeFile.c.o -c /Users/heidsoft/Downloads/research/mysql-8.0.27/cmake-build-debug/CMakeFiles/CMakeTmp/CheckIncludeFile.c
/Users/heidsoft/Downloads/research/mysql-8.0.27/cmake-build-debug/CMakeFiles/CMakeTmp/CheckIncludeFile.c:1:10: fatal error: 'sys/sendfile.h' file not found
#include <sys/sendfile.h>
         ^~~~~~~~~~~~~~~~
1 error generated.
make[1]: *** [CMakeFiles/cmTC_f5fb5.dir/CheckIncludeFile.c.o] Error 1
make: *** [cmTC_f5fb5/fast] Error 2



Determining if the include file sys/timerfd.h exists failed with the following output:
Change Dir: /Users/heidsoft/Downloads/research/mysql-8.0.27/cmake-build-debug/CMakeFiles/CMakeTmp

Run Build Command(s):/usr/bin/make -f Makefile cmTC_c6395/fast && /Library/Developer/CommandLineTools/usr/bin/make  -f CMakeFiles/cmTC_c6395.dir/build.make CMakeFiles/cmTC_c6395.dir/build
Building C object CMakeFiles/cmTC_c6395.dir/CheckIncludeFile.c.o
/usr/bin/gcc -D_FILE_OFFSET_BITS=64 -D_GNU_SOURCE -D__STDC_CONSTANT_MACROS -D__STDC_FORMAT_MACROS -D__STDC_LIMIT_MACROS  -fno-omit-frame-pointer -ftls-model=initial-exec  -Wall -Wextra -Wno-unused-parameter -Wstrict-aliasing -Wstrict-prototypes -fno-strict-aliasing -Wmissing-prototypes -Winit-self -Wmissing-field-initializers -Wdeclaration-after-statement -Waddress -Woverride-init -Wwrite-strings -Wno-unused-function -Wno-error=deprecated-declarations -Wno-unused-function -Qunused-arguments  -isysroot /Library/Developer/CommandLineTools/SDKs/MacOSX13.3.sdk -fPIE -MD -MT CMakeFiles/cmTC_c6395.dir/CheckIncludeFile.c.o -MF CMakeFiles/cmTC_c6395.dir/CheckIncludeFile.c.o.d -o CMakeFiles/cmTC_c6395.dir/CheckIncludeFile.c.o -c /Users/heidsoft/Downloads/research/mysql-8.0.27/cmake-build-debug/CMakeFiles/CMakeTmp/CheckIncludeFile.c
/Users/heidsoft/Downloads/research/mysql-8.0.27/cmake-build-debug/CMakeFiles/CMakeTmp/CheckIncludeFile.c:1:10: fatal error: 'sys/timerfd.h' file not found
#include <sys/timerfd.h>
         ^~~~~~~~~~~~~~~
1 error generated.
make[1]: *** [CMakeFiles/cmTC_c6395.dir/CheckIncludeFile.c.o] Error 1
make: *** [cmTC_c6395/fast] Error 2



Determining if the function epoll_create exists failed with the following output:
Change Dir: /Users/heidsoft/Downloads/research/mysql-8.0.27/cmake-build-debug/CMakeFiles/CMakeTmp

Run Build Command(s):/usr/bin/make -f Makefile cmTC_e9ded/fast && /Library/Developer/CommandLineTools/usr/bin/make  -f CMakeFiles/cmTC_e9ded.dir/build.make CMakeFiles/cmTC_e9ded.dir/build
Building C object CMakeFiles/cmTC_e9ded.dir/CheckFunctionExistsEx.c.o
/usr/bin/gcc -D_FILE_OFFSET_BITS=64 -D_GNU_SOURCE -D__STDC_CONSTANT_MACROS -D__STDC_FORMAT_MACROS -D__STDC_LIMIT_MACROS  -fno-omit-frame-pointer -ftls-model=initial-exec  -Wall -Wextra -Wno-unused-parameter -Wstrict-aliasing -Wstrict-prototypes -fno-strict-aliasing -Wmissing-prototypes -Winit-self -Wmissing-field-initializers -Wdeclaration-after-statement -Waddress -Woverride-init -Wwrite-strings -Wno-unused-function -Wno-error=deprecated-declarations -Wno-unused-function -Qunused-arguments -DCHECK_FUNCTION_EXISTS=epoll_create -isysroot /Library/Developer/CommandLineTools/SDKs/MacOSX13.3.sdk -fPIE -MD -MT CMakeFiles/cmTC_e9ded.dir/CheckFunctionExistsEx.c.o -MF CMakeFiles/cmTC_e9ded.dir/CheckFunctionExistsEx.c.o.d -o CMakeFiles/cmTC_e9ded.dir/CheckFunctionExistsEx.c.o -c /Users/heidsoft/Downloads/research/mysql-8.0.27/extra/libevent/libevent-2.1.11-stable/cmake/CheckFunctionExistsEx.c
Linking C executable cmTC_e9ded
/Applications/CMake.app/Contents/bin/cmake -E cmake_link_script CMakeFiles/cmTC_e9ded.dir/link.txt --verbose=1
/usr/bin/gcc -fno-omit-frame-pointer -ftls-model=initial-exec  -Wall -Wextra -Wno-unused-parameter -Wstrict-aliasing -Wstrict-prototypes -fno-strict-aliasing -Wmissing-prototypes -Winit-self -Wmissing-field-initializers -Wdeclaration-after-statement -Waddress -Woverride-init -Wwrite-strings -Wno-unused-function -Wno-error=deprecated-declarations -Wno-unused-function -Qunused-arguments -DCHECK_FUNCTION_EXISTS=epoll_create -isysroot /Library/Developer/CommandLineTools/SDKs/MacOSX13.3.sdk -Wl,-search_paths_first -Wl,-headerpad_max_install_names -L/usr/local/opt/openssl/lib  CMakeFiles/cmTC_e9ded.dir/CheckFunctionExistsEx.c.o -o cmTC_e9ded 
Undefined symbols for architecture x86_64:
  "_epoll_create", referenced from:
      _main in CheckFunctionExistsEx.c.o
ld: symbol(s) not found for architecture x86_64
clang: error: linker command failed with exit code 1 (use -v to see invocation)
make[1]: *** [cmTC_e9ded] Error 1
make: *** [cmTC_e9ded/fast] Error 2



Determining if the function epoll_ctl exists failed with the following output:
Change Dir: /Users/heidsoft/Downloads/research/mysql-8.0.27/cmake-build-debug/CMakeFiles/CMakeTmp

Run Build Command(s):/usr/bin/make -f Makefile cmTC_13c0c/fast && /Library/Developer/CommandLineTools/usr/bin/make  -f CMakeFiles/cmTC_13c0c.dir/build.make CMakeFiles/cmTC_13c0c.dir/build
Building C object CMakeFiles/cmTC_13c0c.dir/CheckFunctionExistsEx.c.o
/usr/bin/gcc -D_FILE_OFFSET_BITS=64 -D_GNU_SOURCE -D__STDC_CONSTANT_MACROS -D__STDC_FORMAT_MACROS -D__STDC_LIMIT_MACROS  -fno-omit-frame-pointer -ftls-model=initial-exec  -Wall -Wextra -Wno-unused-parameter -Wstrict-aliasing -Wstrict-prototypes -fno-strict-aliasing -Wmissing-prototypes -Winit-self -Wmissing-field-initializers -Wdeclaration-after-statement -Waddress -Woverride-init -Wwrite-strings -Wno-unused-function -Wno-error=deprecated-declarations -Wno-unused-function -Qunused-arguments -DCHECK_FUNCTION_EXISTS=epoll_ctl -isysroot /Library/Developer/CommandLineTools/SDKs/MacOSX13.3.sdk -fPIE -MD -MT CMakeFiles/cmTC_13c0c.dir/CheckFunctionExistsEx.c.o -MF CMakeFiles/cmTC_13c0c.dir/CheckFunctionExistsEx.c.o.d -o CMakeFiles/cmTC_13c0c.dir/CheckFunctionExistsEx.c.o -c /Users/heidsoft/Downloads/research/mysql-8.0.27/extra/libevent/libevent-2.1.11-stable/cmake/CheckFunctionExistsEx.c
Linking C executable cmTC_13c0c
/Applications/CMake.app/Contents/bin/cmake -E cmake_link_script CMakeFiles/cmTC_13c0c.dir/link.txt --verbose=1
/usr/bin/gcc -fno-omit-frame-pointer -ftls-model=initial-exec  -Wall -Wextra -Wno-unused-parameter -Wstrict-aliasing -Wstrict-prototypes -fno-strict-aliasing -Wmissing-prototypes -Winit-self -Wmissing-field-initializers -Wdeclaration-after-statement -Waddress -Woverride-init -Wwrite-strings -Wno-unused-function -Wno-error=deprecated-declarations -Wno-unused-function -Qunused-arguments -DCHECK_FUNCTION_EXISTS=epoll_ctl -isysroot /Library/Developer/CommandLineTools/SDKs/MacOSX13.3.sdk -Wl,-search_paths_first -Wl,-headerpad_max_install_names -L/usr/local/opt/openssl/lib  CMakeFiles/cmTC_13c0c.dir/CheckFunctionExistsEx.c.o -o cmTC_13c0c 
Undefined symbols for architecture x86_64:
  "_epoll_ctl", referenced from:
      _main in CheckFunctionExistsEx.c.o
ld: symbol(s) not found for architecture x86_64
clang: error: linker command failed with exit code 1 (use -v to see invocation)
make[1]: *** [cmTC_13c0c] Error 1
make: *** [cmTC_13c0c/fast] Error 2



Determining if the function eventfd exists failed with the following output:
Change Dir: /Users/heidsoft/Downloads/research/mysql-8.0.27/cmake-build-debug/CMakeFiles/CMakeTmp

Run Build Command(s):/usr/bin/make -f Makefile cmTC_22533/fast && /Library/Developer/CommandLineTools/usr/bin/make  -f CMakeFiles/cmTC_22533.dir/build.make CMakeFiles/cmTC_22533.dir/build
Building C object CMakeFiles/cmTC_22533.dir/CheckFunctionExistsEx.c.o
/usr/bin/gcc -D_FILE_OFFSET_BITS=64 -D_GNU_SOURCE -D__STDC_CONSTANT_MACROS -D__STDC_FORMAT_MACROS -D__STDC_LIMIT_MACROS  -fno-omit-frame-pointer -ftls-model=initial-exec  -Wall -Wextra -Wno-unused-parameter -Wstrict-aliasing -Wstrict-prototypes -fno-strict-aliasing -Wmissing-prototypes -Winit-self -Wmissing-field-initializers -Wdeclaration-after-statement -Waddress -Woverride-init -Wwrite-strings -Wno-unused-function -Wno-error=deprecated-declarations -Wno-unused-function -Qunused-arguments -DCHECK_FUNCTION_EXISTS=eventfd -isysroot /Library/Developer/CommandLineTools/SDKs/MacOSX13.3.sdk -fPIE -MD -MT CMakeFiles/cmTC_22533.dir/CheckFunctionExistsEx.c.o -MF CMakeFiles/cmTC_22533.dir/CheckFunctionExistsEx.c.o.d -o CMakeFiles/cmTC_22533.dir/CheckFunctionExistsEx.c.o -c /Users/heidsoft/Downloads/research/mysql-8.0.27/extra/libevent/libevent-2.1.11-stable/cmake/CheckFunctionExistsEx.c
Linking C executable cmTC_22533
/Applications/CMake.app/Contents/bin/cmake -E cmake_link_script CMakeFiles/cmTC_22533.dir/link.txt --verbose=1
/usr/bin/gcc -fno-omit-frame-pointer -ftls-model=initial-exec  -Wall -Wextra -Wno-unused-parameter -Wstrict-aliasing -Wstrict-prototypes -fno-strict-aliasing -Wmissing-prototypes -Winit-self -Wmissing-field-initializers -Wdeclaration-after-statement -Waddress -Woverride-init -Wwrite-strings -Wno-unused-function -Wno-error=deprecated-declarations -Wno-unused-function -Qunused-arguments -DCHECK_FUNCTION_EXISTS=eventfd -isysroot /Library/Developer/CommandLineTools/SDKs/MacOSX13.3.sdk -Wl,-search_paths_first -Wl,-headerpad_max_install_names -L/usr/local/opt/openssl/lib  CMakeFiles/cmTC_22533.dir/CheckFunctionExistsEx.c.o -o cmTC_22533 
Undefined symbols for architecture x86_64:
  "_eventfd", referenced from:
      _main in CheckFunctionExistsEx.c.o
ld: symbol(s) not found for architecture x86_64
clang: error: linker command failed with exit code 1 (use -v to see invocation)
make[1]: *** [cmTC_22533] Error 1
make: *** [cmTC_22533/fast] Error 2



Determining if the function pipe2 exists failed with the following output:
Change Dir: /Users/heidsoft/Downloads/research/mysql-8.0.27/cmake-build-debug/CMakeFiles/CMakeTmp

Run Build Command(s):/usr/bin/make -f Makefile cmTC_7eec7/fast && /Library/Developer/CommandLineTools/usr/bin/make  -f CMakeFiles/cmTC_7eec7.dir/build.make CMakeFiles/cmTC_7eec7.dir/build
Building C object CMakeFiles/cmTC_7eec7.dir/CheckFunctionExistsEx.c.o
/usr/bin/gcc -D_FILE_OFFSET_BITS=64 -D_GNU_SOURCE -D__STDC_CONSTANT_MACROS -D__STDC_FORMAT_MACROS -D__STDC_LIMIT_MACROS  -fno-omit-frame-pointer -ftls-model=initial-exec  -Wall -Wextra -Wno-unused-parameter -Wstrict-aliasing -Wstrict-prototypes -fno-strict-aliasing -Wmissing-prototypes -Winit-self -Wmissing-field-initializers -Wdeclaration-after-statement -Waddress -Woverride-init -Wwrite-strings -Wno-unused-function -Wno-error=deprecated-declarations -Wno-unused-function -Qunused-arguments -DCHECK_FUNCTION_EXISTS=pipe2 -isysroot /Library/Developer/CommandLineTools/SDKs/MacOSX13.3.sdk -fPIE -MD -MT CMakeFiles/cmTC_7eec7.dir/CheckFunctionExistsEx.c.o -MF CMakeFiles/cmTC_7eec7.dir/CheckFunctionExistsEx.c.o.d -o CMakeFiles/cmTC_7eec7.dir/CheckFunctionExistsEx.c.o -c /Users/heidsoft/Downloads/research/mysql-8.0.27/extra/libevent/libevent-2.1.11-stable/cmake/CheckFunctionExistsEx.c
Linking C executable cmTC_7eec7
/Applications/CMake.app/Contents/bin/cmake -E cmake_link_script CMakeFiles/cmTC_7eec7.dir/link.txt --verbose=1
/usr/bin/gcc -fno-omit-frame-pointer -ftls-model=initial-exec  -Wall -Wextra -Wno-unused-parameter -Wstrict-aliasing -Wstrict-prototypes -fno-strict-aliasing -Wmissing-prototypes -Winit-self -Wmissing-field-initializers -Wdeclaration-after-statement -Waddress -Woverride-init -Wwrite-strings -Wno-unused-function -Wno-error=deprecated-declarations -Wno-unused-function -Qunused-arguments -DCHECK_FUNCTION_EXISTS=pipe2 -isysroot /Library/Developer/CommandLineTools/SDKs/MacOSX13.3.sdk -Wl,-search_paths_first -Wl,-headerpad_max_install_names -L/usr/local/opt/openssl/lib  CMakeFiles/cmTC_7eec7.dir/CheckFunctionExistsEx.c.o -o cmTC_7eec7 
Undefined symbols for architecture x86_64:
  "_pipe2", referenced from:
      _main in CheckFunctionExistsEx.c.o
ld: symbol(s) not found for architecture x86_64
clang: error: linker command failed with exit code 1 (use -v to see invocation)
make[1]: *** [cmTC_7eec7] Error 1
make: *** [cmTC_7eec7/fast] Error 2



Determining if the function port_create exists failed with the following output:
Change Dir: /Users/heidsoft/Downloads/research/mysql-8.0.27/cmake-build-debug/CMakeFiles/CMakeTmp

Run Build Command(s):/usr/bin/make -f Makefile cmTC_79f1b/fast && /Library/Developer/CommandLineTools/usr/bin/make  -f CMakeFiles/cmTC_79f1b.dir/build.make CMakeFiles/cmTC_79f1b.dir/build
Building C object CMakeFiles/cmTC_79f1b.dir/CheckFunctionExistsEx.c.o
/usr/bin/gcc -D_FILE_OFFSET_BITS=64 -D_GNU_SOURCE -D__STDC_CONSTANT_MACROS -D__STDC_FORMAT_MACROS -D__STDC_LIMIT_MACROS  -fno-omit-frame-pointer -ftls-model=initial-exec  -Wall -Wextra -Wno-unused-parameter -Wstrict-aliasing -Wstrict-prototypes -fno-strict-aliasing -Wmissing-prototypes -Winit-self -Wmissing-field-initializers -Wdeclaration-after-statement -Waddress -Woverride-init -Wwrite-strings -Wno-unused-function -Wno-error=deprecated-declarations -Wno-unused-function -Qunused-arguments -DCHECK_FUNCTION_EXISTS=port_create -isysroot /Library/Developer/CommandLineTools/SDKs/MacOSX13.3.sdk -fPIE -MD -MT CMakeFiles/cmTC_79f1b.dir/CheckFunctionExistsEx.c.o -MF CMakeFiles/cmTC_79f1b.dir/CheckFunctionExistsEx.c.o.d -o CMakeFiles/cmTC_79f1b.dir/CheckFunctionExistsEx.c.o -c /Users/heidsoft/Downloads/research/mysql-8.0.27/extra/libevent/libevent-2.1.11-stable/cmake/CheckFunctionExistsEx.c
Linking C executable cmTC_79f1b
/Applications/CMake.app/Contents/bin/cmake -E cmake_link_script CMakeFiles/cmTC_79f1b.dir/link.txt --verbose=1
/usr/bin/gcc -fno-omit-frame-pointer -ftls-model=initial-exec  -Wall -Wextra -Wno-unused-parameter -Wstrict-aliasing -Wstrict-prototypes -fno-strict-aliasing -Wmissing-prototypes -Winit-self -Wmissing-field-initializers -Wdeclaration-after-statement -Waddress -Woverride-init -Wwrite-strings -Wno-unused-function -Wno-error=deprecated-declarations -Wno-unused-function -Qunused-arguments -DCHECK_FUNCTION_EXISTS=port_create -isysroot /Library/Developer/CommandLineTools/SDKs/MacOSX13.3.sdk -Wl,-search_paths_first -Wl,-headerpad_max_install_names -L/usr/local/opt/openssl/lib  CMakeFiles/cmTC_79f1b.dir/CheckFunctionExistsEx.c.o -o cmTC_79f1b 
Undefined symbols for architecture x86_64:
  "_port_create", referenced from:
      _main in CheckFunctionExistsEx.c.o
ld: symbol(s) not found for architecture x86_64
clang: error: linker command failed with exit code 1 (use -v to see invocation)
make[1]: *** [cmTC_79f1b] Error 1
make: *** [cmTC_79f1b/fast] Error 2



Determining if the function splice exists failed with the following output:
Change Dir: /Users/heidsoft/Downloads/research/mysql-8.0.27/cmake-build-debug/CMakeFiles/CMakeTmp

Run Build Command(s):/usr/bin/make -f Makefile cmTC_18c88/fast && /Library/Developer/CommandLineTools/usr/bin/make  -f CMakeFiles/cmTC_18c88.dir/build.make CMakeFiles/cmTC_18c88.dir/build
Building C object CMakeFiles/cmTC_18c88.dir/CheckFunctionExistsEx.c.o
/usr/bin/gcc -D_FILE_OFFSET_BITS=64 -D_GNU_SOURCE -D__STDC_CONSTANT_MACROS -D__STDC_FORMAT_MACROS -D__STDC_LIMIT_MACROS  -fno-omit-frame-pointer -ftls-model=initial-exec  -Wall -Wextra -Wno-unused-parameter -Wstrict-aliasing -Wstrict-prototypes -fno-strict-aliasing -Wmissing-prototypes -Winit-self -Wmissing-field-initializers -Wdeclaration-after-statement -Waddress -Woverride-init -Wwrite-strings -Wno-unused-function -Wno-error=deprecated-declarations -Wno-unused-function -Qunused-arguments -DCHECK_FUNCTION_EXISTS=splice -isysroot /Library/Developer/CommandLineTools/SDKs/MacOSX13.3.sdk -fPIE -MD -MT CMakeFiles/cmTC_18c88.dir/CheckFunctionExistsEx.c.o -MF CMakeFiles/cmTC_18c88.dir/CheckFunctionExistsEx.c.o.d -o CMakeFiles/cmTC_18c88.dir/CheckFunctionExistsEx.c.o -c /Users/heidsoft/Downloads/research/mysql-8.0.27/extra/libevent/libevent-2.1.11-stable/cmake/CheckFunctionExistsEx.c
Linking C executable cmTC_18c88
/Applications/CMake.app/Contents/bin/cmake -E cmake_link_script CMakeFiles/cmTC_18c88.dir/link.txt --verbose=1
/usr/bin/gcc -fno-omit-frame-pointer -ftls-model=initial-exec  -Wall -Wextra -Wno-unused-parameter -Wstrict-aliasing -Wstrict-prototypes -fno-strict-aliasing -Wmissing-prototypes -Winit-self -Wmissing-field-initializers -Wdeclaration-after-statement -Waddress -Woverride-init -Wwrite-strings -Wno-unused-function -Wno-error=deprecated-declarations -Wno-unused-function -Qunused-arguments -DCHECK_FUNCTION_EXISTS=splice -isysroot /Library/Developer/CommandLineTools/SDKs/MacOSX13.3.sdk -Wl,-search_paths_first -Wl,-headerpad_max_install_names -L/usr/local/opt/openssl/lib  CMakeFiles/cmTC_18c88.dir/CheckFunctionExistsEx.c.o -o cmTC_18c88 
Undefined symbols for architecture x86_64:
  "_splice", referenced from:
      _main in CheckFunctionExistsEx.c.o
ld: symbol(s) not found for architecture x86_64
clang: error: linker command failed with exit code 1 (use -v to see invocation)
make[1]: *** [cmTC_18c88] Error 1
make: *** [cmTC_18c88/fast] Error 2



Determining if the function accept4 exists failed with the following output:
Change Dir: /Users/heidsoft/Downloads/research/mysql-8.0.27/cmake-build-debug/CMakeFiles/CMakeTmp

Run Build Command(s):/usr/bin/make -f Makefile cmTC_0e171/fast && /Library/Developer/CommandLineTools/usr/bin/make  -f CMakeFiles/cmTC_0e171.dir/build.make CMakeFiles/cmTC_0e171.dir/build
Building C object CMakeFiles/cmTC_0e171.dir/CheckFunctionExistsEx.c.o
/usr/bin/gcc -D_FILE_OFFSET_BITS=64 -D_GNU_SOURCE -D__STDC_CONSTANT_MACROS -D__STDC_FORMAT_MACROS -D__STDC_LIMIT_MACROS  -fno-omit-frame-pointer -ftls-model=initial-exec  -Wall -Wextra -Wno-unused-parameter -Wstrict-aliasing -Wstrict-prototypes -fno-strict-aliasing -Wmissing-prototypes -Winit-self -Wmissing-field-initializers -Wdeclaration-after-statement -Waddress -Woverride-init -Wwrite-strings -Wno-unused-function -Wno-error=deprecated-declarations -Wno-unused-function -Qunused-arguments -DCHECK_FUNCTION_EXISTS=accept4 -isysroot /Library/Developer/CommandLineTools/SDKs/MacOSX13.3.sdk -fPIE -MD -MT CMakeFiles/cmTC_0e171.dir/CheckFunctionExistsEx.c.o -MF CMakeFiles/cmTC_0e171.dir/CheckFunctionExistsEx.c.o.d -o CMakeFiles/cmTC_0e171.dir/CheckFunctionExistsEx.c.o -c /Users/heidsoft/Downloads/research/mysql-8.0.27/extra/libevent/libevent-2.1.11-stable/cmake/CheckFunctionExistsEx.c
Linking C executable cmTC_0e171
/Applications/CMake.app/Contents/bin/cmake -E cmake_link_script CMakeFiles/cmTC_0e171.dir/link.txt --verbose=1
/usr/bin/gcc -fno-omit-frame-pointer -ftls-model=initial-exec  -Wall -Wextra -Wno-unused-parameter -Wstrict-aliasing -Wstrict-prototypes -fno-strict-aliasing -Wmissing-prototypes -Winit-self -Wmissing-field-initializers -Wdeclaration-after-statement -Waddress -Woverride-init -Wwrite-strings -Wno-unused-function -Wno-error=deprecated-declarations -Wno-unused-function -Qunused-arguments -DCHECK_FUNCTION_EXISTS=accept4 -isysroot /Library/Developer/CommandLineTools/SDKs/MacOSX13.3.sdk -Wl,-search_paths_first -Wl,-headerpad_max_install_names -L/usr/local/opt/openssl/lib  CMakeFiles/cmTC_0e171.dir/CheckFunctionExistsEx.c.o -o cmTC_0e171 
Undefined symbols for architecture x86_64:
  "_accept4", referenced from:
      _main in CheckFunctionExistsEx.c.o
ld: symbol(s) not found for architecture x86_64
clang: error: linker command failed with exit code 1 (use -v to see invocation)
make[1]: *** [cmTC_0e171] Error 1
make: *** [cmTC_0e171/fast] Error 2



Determining if the function epoll_create1 exists failed with the following output:
Change Dir: /Users/heidsoft/Downloads/research/mysql-8.0.27/cmake-build-debug/CMakeFiles/CMakeTmp

Run Build Command(s):/usr/bin/make -f Makefile cmTC_258b6/fast && /Library/Developer/CommandLineTools/usr/bin/make  -f CMakeFiles/cmTC_258b6.dir/build.make CMakeFiles/cmTC_258b6.dir/build
Building C object CMakeFiles/cmTC_258b6.dir/CheckFunctionExistsEx.c.o
/usr/bin/gcc -D_FILE_OFFSET_BITS=64 -D_GNU_SOURCE -D__STDC_CONSTANT_MACROS -D__STDC_FORMAT_MACROS -D__STDC_LIMIT_MACROS  -fno-omit-frame-pointer -ftls-model=initial-exec  -Wall -Wextra -Wno-unused-parameter -Wstrict-aliasing -Wstrict-prototypes -fno-strict-aliasing -Wmissing-prototypes -Winit-self -Wmissing-field-initializers -Wdeclaration-after-statement -Waddress -Woverride-init -Wwrite-strings -Wno-unused-function -Wno-error=deprecated-declarations -Wno-unused-function -Qunused-arguments -DCHECK_FUNCTION_EXISTS=epoll_create1 -isysroot /Library/Developer/CommandLineTools/SDKs/MacOSX13.3.sdk -fPIE -MD -MT CMakeFiles/cmTC_258b6.dir/CheckFunctionExistsEx.c.o -MF CMakeFiles/cmTC_258b6.dir/CheckFunctionExistsEx.c.o.d -o CMakeFiles/cmTC_258b6.dir/CheckFunctionExistsEx.c.o -c /Users/heidsoft/Downloads/research/mysql-8.0.27/extra/libevent/libevent-2.1.11-stable/cmake/CheckFunctionExistsEx.c
Linking C executable cmTC_258b6
/Applications/CMake.app/Contents/bin/cmake -E cmake_link_script CMakeFiles/cmTC_258b6.dir/link.txt --verbose=1
/usr/bin/gcc -fno-omit-frame-pointer -ftls-model=initial-exec  -Wall -Wextra -Wno-unused-parameter -Wstrict-aliasing -Wstrict-prototypes -fno-strict-aliasing -Wmissing-prototypes -Winit-self -Wmissing-field-initializers -Wdeclaration-after-statement -Waddress -Woverride-init -Wwrite-strings -Wno-unused-function -Wno-error=deprecated-declarations -Wno-unused-function -Qunused-arguments -DCHECK_FUNCTION_EXISTS=epoll_create1 -isysroot /Library/Developer/CommandLineTools/SDKs/MacOSX13.3.sdk -Wl,-search_paths_first -Wl,-headerpad_max_install_names -L/usr/local/opt/openssl/lib  CMakeFiles/cmTC_258b6.dir/CheckFunctionExistsEx.c.o -o cmTC_258b6 
Undefined symbols for architecture x86_64:
  "_epoll_create1", referenced from:
      _main in CheckFunctionExistsEx.c.o
ld: symbol(s) not found for architecture x86_64
clang: error: linker command failed with exit code 1 (use -v to see invocation)
make[1]: *** [cmTC_258b6] Error 1
make: *** [cmTC_258b6/fast] Error 2



Determining if the function timeradd exists failed with the following output:
Change Dir: /Users/heidsoft/Downloads/research/mysql-8.0.27/cmake-build-debug/CMakeFiles/CMakeTmp

Run Build Command(s):/usr/bin/make -f Makefile cmTC_0f96e/fast && /Library/Developer/CommandLineTools/usr/bin/make  -f CMakeFiles/cmTC_0f96e.dir/build.make CMakeFiles/cmTC_0f96e.dir/build
Building C object CMakeFiles/cmTC_0f96e.dir/CheckFunctionExistsEx.c.o
/usr/bin/gcc -D_FILE_OFFSET_BITS=64 -D_GNU_SOURCE -D__STDC_CONSTANT_MACROS -D__STDC_FORMAT_MACROS -D__STDC_LIMIT_MACROS  -fno-omit-frame-pointer -ftls-model=initial-exec  -Wall -Wextra -Wno-unused-parameter -Wstrict-aliasing -Wstrict-prototypes -fno-strict-aliasing -Wmissing-prototypes -Winit-self -Wmissing-field-initializers -Wdeclaration-after-statement -Waddress -Woverride-init -Wwrite-strings -Wno-unused-function -Wno-error=deprecated-declarations -Wno-unused-function -Qunused-arguments -DCHECK_FUNCTION_EXISTS=timeradd -isysroot /Library/Developer/CommandLineTools/SDKs/MacOSX13.3.sdk -fPIE -MD -MT CMakeFiles/cmTC_0f96e.dir/CheckFunctionExistsEx.c.o -MF CMakeFiles/cmTC_0f96e.dir/CheckFunctionExistsEx.c.o.d -o CMakeFiles/cmTC_0f96e.dir/CheckFunctionExistsEx.c.o -c /Users/heidsoft/Downloads/research/mysql-8.0.27/extra/libevent/libevent-2.1.11-stable/cmake/CheckFunctionExistsEx.c
Linking C executable cmTC_0f96e
/Applications/CMake.app/Contents/bin/cmake -E cmake_link_script CMakeFiles/cmTC_0f96e.dir/link.txt --verbose=1
/usr/bin/gcc -fno-omit-frame-pointer -ftls-model=initial-exec  -Wall -Wextra -Wno-unused-parameter -Wstrict-aliasing -Wstrict-prototypes -fno-strict-aliasing -Wmissing-prototypes -Winit-self -Wmissing-field-initializers -Wdeclaration-after-statement -Waddress -Woverride-init -Wwrite-strings -Wno-unused-function -Wno-error=deprecated-declarations -Wno-unused-function -Qunused-arguments -DCHECK_FUNCTION_EXISTS=timeradd -isysroot /Library/Developer/CommandLineTools/SDKs/MacOSX13.3.sdk -Wl,-search_paths_first -Wl,-headerpad_max_install_names -L/usr/local/opt/openssl/lib  CMakeFiles/cmTC_0f96e.dir/CheckFunctionExistsEx.c.o -o cmTC_0f96e 
Undefined symbols for architecture x86_64:
  "_timeradd", referenced from:
      _main in CheckFunctionExistsEx.c.o
ld: symbol(s) not found for architecture x86_64
clang: error: linker command failed with exit code 1 (use -v to see invocation)
make[1]: *** [cmTC_0f96e] Error 1
make: *** [cmTC_0f96e/fast] Error 2



Determining if the function timerclear exists failed with the following output:
Change Dir: /Users/heidsoft/Downloads/research/mysql-8.0.27/cmake-build-debug/CMakeFiles/CMakeTmp

Run Build Command(s):/usr/bin/make -f Makefile cmTC_53286/fast && /Library/Developer/CommandLineTools/usr/bin/make  -f CMakeFiles/cmTC_53286.dir/build.make CMakeFiles/cmTC_53286.dir/build
Building C object CMakeFiles/cmTC_53286.dir/CheckFunctionExistsEx.c.o
/usr/bin/gcc -D_FILE_OFFSET_BITS=64 -D_GNU_SOURCE -D__STDC_CONSTANT_MACROS -D__STDC_FORMAT_MACROS -D__STDC_LIMIT_MACROS  -fno-omit-frame-pointer -ftls-model=initial-exec  -Wall -Wextra -Wno-unused-parameter -Wstrict-aliasing -Wstrict-prototypes -fno-strict-aliasing -Wmissing-prototypes -Winit-self -Wmissing-field-initializers -Wdeclaration-after-statement -Waddress -Woverride-init -Wwrite-strings -Wno-unused-function -Wno-error=deprecated-declarations -Wno-unused-function -Qunused-arguments -DCHECK_FUNCTION_EXISTS=timerclear -isysroot /Library/Developer/CommandLineTools/SDKs/MacOSX13.3.sdk -fPIE -MD -MT CMakeFiles/cmTC_53286.dir/CheckFunctionExistsEx.c.o -MF CMakeFiles/cmTC_53286.dir/CheckFunctionExistsEx.c.o.d -o CMakeFiles/cmTC_53286.dir/CheckFunctionExistsEx.c.o -c /Users/heidsoft/Downloads/research/mysql-8.0.27/extra/libevent/libevent-2.1.11-stable/cmake/CheckFunctionExistsEx.c
Linking C executable cmTC_53286
/Applications/CMake.app/Contents/bin/cmake -E cmake_link_script CMakeFiles/cmTC_53286.dir/link.txt --verbose=1
/usr/bin/gcc -fno-omit-frame-pointer -ftls-model=initial-exec  -Wall -Wextra -Wno-unused-parameter -Wstrict-aliasing -Wstrict-prototypes -fno-strict-aliasing -Wmissing-prototypes -Winit-self -Wmissing-field-initializers -Wdeclaration-after-statement -Waddress -Woverride-init -Wwrite-strings -Wno-unused-function -Wno-error=deprecated-declarations -Wno-unused-function -Qunused-arguments -DCHECK_FUNCTION_EXISTS=timerclear -isysroot /Library/Developer/CommandLineTools/SDKs/MacOSX13.3.sdk -Wl,-search_paths_first -Wl,-headerpad_max_install_names -L/usr/local/opt/openssl/lib  CMakeFiles/cmTC_53286.dir/CheckFunctionExistsEx.c.o -o cmTC_53286 
Undefined symbols for architecture x86_64:
  "_timerclear", referenced from:
      _main in CheckFunctionExistsEx.c.o
ld: symbol(s) not found for architecture x86_64
clang: error: linker command failed with exit code 1 (use -v to see invocation)
make[1]: *** [cmTC_53286] Error 1
make: *** [cmTC_53286/fast] Error 2



Determining if the function timercmp exists failed with the following output:
Change Dir: /Users/heidsoft/Downloads/research/mysql-8.0.27/cmake-build-debug/CMakeFiles/CMakeTmp

Run Build Command(s):/usr/bin/make -f Makefile cmTC_024e5/fast && /Library/Developer/CommandLineTools/usr/bin/make  -f CMakeFiles/cmTC_024e5.dir/build.make CMakeFiles/cmTC_024e5.dir/build
Building C object CMakeFiles/cmTC_024e5.dir/CheckFunctionExistsEx.c.o
/usr/bin/gcc -D_FILE_OFFSET_BITS=64 -D_GNU_SOURCE -D__STDC_CONSTANT_MACROS -D__STDC_FORMAT_MACROS -D__STDC_LIMIT_MACROS  -fno-omit-frame-pointer -ftls-model=initial-exec  -Wall -Wextra -Wno-unused-parameter -Wstrict-aliasing -Wstrict-prototypes -fno-strict-aliasing -Wmissing-prototypes -Winit-self -Wmissing-field-initializers -Wdeclaration-after-statement -Waddress -Woverride-init -Wwrite-strings -Wno-unused-function -Wno-error=deprecated-declarations -Wno-unused-function -Qunused-arguments -DCHECK_FUNCTION_EXISTS=timercmp -isysroot /Library/Developer/CommandLineTools/SDKs/MacOSX13.3.sdk -fPIE -MD -MT CMakeFiles/cmTC_024e5.dir/CheckFunctionExistsEx.c.o -MF CMakeFiles/cmTC_024e5.dir/CheckFunctionExistsEx.c.o.d -o CMakeFiles/cmTC_024e5.dir/CheckFunctionExistsEx.c.o -c /Users/heidsoft/Downloads/research/mysql-8.0.27/extra/libevent/libevent-2.1.11-stable/cmake/CheckFunctionExistsEx.c
Linking C executable cmTC_024e5
/Applications/CMake.app/Contents/bin/cmake -E cmake_link_script CMakeFiles/cmTC_024e5.dir/link.txt --verbose=1
/usr/bin/gcc -fno-omit-frame-pointer -ftls-model=initial-exec  -Wall -Wextra -Wno-unused-parameter -Wstrict-aliasing -Wstrict-prototypes -fno-strict-aliasing -Wmissing-prototypes -Winit-self -Wmissing-field-initializers -Wdeclaration-after-statement -Waddress -Woverride-init -Wwrite-strings -Wno-unused-function -Wno-error=deprecated-declarations -Wno-unused-function -Qunused-arguments -DCHECK_FUNCTION_EXISTS=timercmp -isysroot /Library/Developer/CommandLineTools/SDKs/MacOSX13.3.sdk -Wl,-search_paths_first -Wl,-headerpad_max_install_names -L/usr/local/opt/openssl/lib  CMakeFiles/cmTC_024e5.dir/CheckFunctionExistsEx.c.o -o cmTC_024e5 
Undefined symbols for architecture x86_64:
  "_timercmp", referenced from:
      _main in CheckFunctionExistsEx.c.o
ld: symbol(s) not found for architecture x86_64
clang: error: linker command failed with exit code 1 (use -v to see invocation)
make[1]: *** [cmTC_024e5] Error 1
make: *** [cmTC_024e5/fast] Error 2



Determining if the function timerfd_create exists failed with the following output:
Change Dir: /Users/heidsoft/Downloads/research/mysql-8.0.27/cmake-build-debug/CMakeFiles/CMakeTmp

Run Build Command(s):/usr/bin/make -f Makefile cmTC_3531b/fast && /Library/Developer/CommandLineTools/usr/bin/make  -f CMakeFiles/cmTC_3531b.dir/build.make CMakeFiles/cmTC_3531b.dir/build
Building C object CMakeFiles/cmTC_3531b.dir/CheckFunctionExistsEx.c.o
/usr/bin/gcc -D_FILE_OFFSET_BITS=64 -D_GNU_SOURCE -D__STDC_CONSTANT_MACROS -D__STDC_FORMAT_MACROS -D__STDC_LIMIT_MACROS  -fno-omit-frame-pointer -ftls-model=initial-exec  -Wall -Wextra -Wno-unused-parameter -Wstrict-aliasing -Wstrict-prototypes -fno-strict-aliasing -Wmissing-prototypes -Winit-self -Wmissing-field-initializers -Wdeclaration-after-statement -Waddress -Woverride-init -Wwrite-strings -Wno-unused-function -Wno-error=deprecated-declarations -Wno-unused-function -Qunused-arguments -DCHECK_FUNCTION_EXISTS=timerfd_create -isysroot /Library/Developer/CommandLineTools/SDKs/MacOSX13.3.sdk -fPIE -MD -MT CMakeFiles/cmTC_3531b.dir/CheckFunctionExistsEx.c.o -MF CMakeFiles/cmTC_3531b.dir/CheckFunctionExistsEx.c.o.d -o CMakeFiles/cmTC_3531b.dir/CheckFunctionExistsEx.c.o -c /Users/heidsoft/Downloads/research/mysql-8.0.27/extra/libevent/libevent-2.1.11-stable/cmake/CheckFunctionExistsEx.c
Linking C executable cmTC_3531b
/Applications/CMake.app/Contents/bin/cmake -E cmake_link_script CMakeFiles/cmTC_3531b.dir/link.txt --verbose=1
/usr/bin/gcc -fno-omit-frame-pointer -ftls-model=initial-exec  -Wall -Wextra -Wno-unused-parameter -Wstrict-aliasing -Wstrict-prototypes -fno-strict-aliasing -Wmissing-prototypes -Winit-self -Wmissing-field-initializers -Wdeclaration-after-statement -Waddress -Woverride-init -Wwrite-strings -Wno-unused-function -Wno-error=deprecated-declarations -Wno-unused-function -Qunused-arguments -DCHECK_FUNCTION_EXISTS=timerfd_create -isysroot /Library/Developer/CommandLineTools/SDKs/MacOSX13.3.sdk -Wl,-search_paths_first -Wl,-headerpad_max_install_names -L/usr/local/opt/openssl/lib  CMakeFiles/cmTC_3531b.dir/CheckFunctionExistsEx.c.o -o cmTC_3531b 
Undefined symbols for architecture x86_64:
  "_timerfd_create", referenced from:
      _main in CheckFunctionExistsEx.c.o
ld: symbol(s) not found for architecture x86_64
clang: error: linker command failed with exit code 1 (use -v to see invocation)
make[1]: *** [cmTC_3531b] Error 1
make: *** [cmTC_3531b/fast] Error 2



Determining if the function timerisset exists failed with the following output:
Change Dir: /Users/heidsoft/Downloads/research/mysql-8.0.27/cmake-build-debug/CMakeFiles/CMakeTmp

Run Build Command(s):/usr/bin/make -f Makefile cmTC_39227/fast && /Library/Developer/CommandLineTools/usr/bin/make  -f CMakeFiles/cmTC_39227.dir/build.make CMakeFiles/cmTC_39227.dir/build
Building C object CMakeFiles/cmTC_39227.dir/CheckFunctionExistsEx.c.o
/usr/bin/gcc -D_FILE_OFFSET_BITS=64 -D_GNU_SOURCE -D__STDC_CONSTANT_MACROS -D__STDC_FORMAT_MACROS -D__STDC_LIMIT_MACROS  -fno-omit-frame-pointer -ftls-model=initial-exec  -Wall -Wextra -Wno-unused-parameter -Wstrict-aliasing -Wstrict-prototypes -fno-strict-aliasing -Wmissing-prototypes -Winit-self -Wmissing-field-initializers -Wdeclaration-after-statement -Waddress -Woverride-init -Wwrite-strings -Wno-unused-function -Wno-error=deprecated-declarations -Wno-unused-function -Qunused-arguments -DCHECK_FUNCTION_EXISTS=timerisset -isysroot /Library/Developer/CommandLineTools/SDKs/MacOSX13.3.sdk -fPIE -MD -MT CMakeFiles/cmTC_39227.dir/CheckFunctionExistsEx.c.o -MF CMakeFiles/cmTC_39227.dir/CheckFunctionExistsEx.c.o.d -o CMakeFiles/cmTC_39227.dir/CheckFunctionExistsEx.c.o -c /Users/heidsoft/Downloads/research/mysql-8.0.27/extra/libevent/libevent-2.1.11-stable/cmake/CheckFunctionExistsEx.c
Linking C executable cmTC_39227
/Applications/CMake.app/Contents/bin/cmake -E cmake_link_script CMakeFiles/cmTC_39227.dir/link.txt --verbose=1
/usr/bin/gcc -fno-omit-frame-pointer -ftls-model=initial-exec  -Wall -Wextra -Wno-unused-parameter -Wstrict-aliasing -Wstrict-prototypes -fno-strict-aliasing -Wmissing-prototypes -Winit-self -Wmissing-field-initializers -Wdeclaration-after-statement -Waddress -Woverride-init -Wwrite-strings -Wno-unused-function -Wno-error=deprecated-declarations -Wno-unused-function -Qunused-arguments -DCHECK_FUNCTION_EXISTS=timerisset -isysroot /Library/Developer/CommandLineTools/SDKs/MacOSX13.3.sdk -Wl,-search_paths_first -Wl,-headerpad_max_install_names -L/usr/local/opt/openssl/lib  CMakeFiles/cmTC_39227.dir/CheckFunctionExistsEx.c.o -o cmTC_39227 
Undefined symbols for architecture x86_64:
  "_timerisset", referenced from:
      _main in CheckFunctionExistsEx.c.o
ld: symbol(s) not found for architecture x86_64
clang: error: linker command failed with exit code 1 (use -v to see invocation)
make[1]: *** [cmTC_39227] Error 1
make: *** [cmTC_39227/fast] Error 2



Determining if the function gethostbyname_r exists failed with the following output:
Change Dir: /Users/heidsoft/Downloads/research/mysql-8.0.27/cmake-build-debug/CMakeFiles/CMakeTmp

Run Build Command(s):/usr/bin/make -f Makefile cmTC_b8d7d/fast && /Library/Developer/CommandLineTools/usr/bin/make  -f CMakeFiles/cmTC_b8d7d.dir/build.make CMakeFiles/cmTC_b8d7d.dir/build
Building C object CMakeFiles/cmTC_b8d7d.dir/CheckFunctionExistsEx.c.o
/usr/bin/gcc -D_FILE_OFFSET_BITS=64 -D_GNU_SOURCE -D__STDC_CONSTANT_MACROS -D__STDC_FORMAT_MACROS -D__STDC_LIMIT_MACROS  -fno-omit-frame-pointer -ftls-model=initial-exec  -Wall -Wextra -Wno-unused-parameter -Wstrict-aliasing -Wstrict-prototypes -fno-strict-aliasing -Wmissing-prototypes -Winit-self -Wmissing-field-initializers -Wdeclaration-after-statement -Waddress -Woverride-init -Wwrite-strings -Wno-unused-function -Wno-error=deprecated-declarations -Wno-unused-function -Qunused-arguments -DCHECK_FUNCTION_EXISTS=gethostbyname_r -isysroot /Library/Developer/CommandLineTools/SDKs/MacOSX13.3.sdk -fPIE -MD -MT CMakeFiles/cmTC_b8d7d.dir/CheckFunctionExistsEx.c.o -MF CMakeFiles/cmTC_b8d7d.dir/CheckFunctionExistsEx.c.o.d -o CMakeFiles/cmTC_b8d7d.dir/CheckFunctionExistsEx.c.o -c /Users/heidsoft/Downloads/research/mysql-8.0.27/extra/libevent/libevent-2.1.11-stable/cmake/CheckFunctionExistsEx.c
Linking C executable cmTC_b8d7d
/Applications/CMake.app/Contents/bin/cmake -E cmake_link_script CMakeFiles/cmTC_b8d7d.dir/link.txt --verbose=1
/usr/bin/gcc -fno-omit-frame-pointer -ftls-model=initial-exec  -Wall -Wextra -Wno-unused-parameter -Wstrict-aliasing -Wstrict-prototypes -fno-strict-aliasing -Wmissing-prototypes -Winit-self -Wmissing-field-initializers -Wdeclaration-after-statement -Waddress -Woverride-init -Wwrite-strings -Wno-unused-function -Wno-error=deprecated-declarations -Wno-unused-function -Qunused-arguments -DCHECK_FUNCTION_EXISTS=gethostbyname_r -isysroot /Library/Developer/CommandLineTools/SDKs/MacOSX13.3.sdk -Wl,-search_paths_first -Wl,-headerpad_max_install_names -L/usr/local/opt/openssl/lib  CMakeFiles/cmTC_b8d7d.dir/CheckFunctionExistsEx.c.o -o cmTC_b8d7d 
Undefined symbols for architecture x86_64:
  "_gethostbyname_r", referenced from:
      _main in CheckFunctionExistsEx.c.o
ld: symbol(s) not found for architecture x86_64
clang: error: linker command failed with exit code 1 (use -v to see invocation)
make[1]: *** [cmTC_b8d7d] Error 1
make: *** [cmTC_b8d7d/fast] Error 2



Performing C SOURCE FILE Test EVENT__HAVE_DECL_KERN_ARND failed with the following output:
Change Dir: /Users/heidsoft/Downloads/research/mysql-8.0.27/cmake-build-debug/CMakeFiles/CMakeTmp

Run Build Command(s):/usr/bin/make -f Makefile cmTC_4fa68/fast && /Library/Developer/CommandLineTools/usr/bin/make  -f CMakeFiles/cmTC_4fa68.dir/build.make CMakeFiles/cmTC_4fa68.dir/build
Building C object CMakeFiles/cmTC_4fa68.dir/src.c.o
/usr/bin/gcc -DEVENT__HAVE_DECL_KERN_ARND -D_FILE_OFFSET_BITS=64 -D_GNU_SOURCE -D__STDC_CONSTANT_MACROS -D__STDC_FORMAT_MACROS -D__STDC_LIMIT_MACROS  -fno-omit-frame-pointer -ftls-model=initial-exec  -Wall -Wextra -Wno-unused-parameter -Wstrict-aliasing -Wstrict-prototypes -fno-strict-aliasing -Wmissing-prototypes -Winit-self -Wmissing-field-initializers -Wdeclaration-after-statement -Waddress -Woverride-init -Wwrite-strings -Wno-unused-function -Wno-error=deprecated-declarations -Wno-unused-function -Qunused-arguments  -isysroot /Library/Developer/CommandLineTools/SDKs/MacOSX13.3.sdk -fPIE -MD -MT CMakeFiles/cmTC_4fa68.dir/src.c.o -MF CMakeFiles/cmTC_4fa68.dir/src.c.o.d -o CMakeFiles/cmTC_4fa68.dir/src.c.o -c /Users/heidsoft/Downloads/research/mysql-8.0.27/cmake-build-debug/CMakeFiles/CMakeTmp/src.c
/Users/heidsoft/Downloads/research/mysql-8.0.27/cmake-build-debug/CMakeFiles/CMakeTmp/src.c:3:17: warning: a function declaration without a prototype is deprecated in all versions of C [-Wstrict-prototypes]
        int main() { (void)KERN_ARND; return 0; }
                ^
                 void
/Users/heidsoft/Downloads/research/mysql-8.0.27/cmake-build-debug/CMakeFiles/CMakeTmp/src.c:3:28: error: use of undeclared identifier 'KERN_ARND'
        int main() { (void)KERN_ARND; return 0; }
                           ^
1 warning and 1 error generated.
make[1]: *** [CMakeFiles/cmTC_4fa68.dir/src.c.o] Error 1
make: *** [cmTC_4fa68/fast] Error 2


Source file was:

          #include <sys/sysctl.h>
        int main() { (void)KERN_ARND; return 0; }
Performing C SOURCE FILE Test EVENT__HAVE_DECL_KERN_RANDOM failed with the following output:
Change Dir: /Users/heidsoft/Downloads/research/mysql-8.0.27/cmake-build-debug/CMakeFiles/CMakeTmp

Run Build Command(s):/usr/bin/make -f Makefile cmTC_0cc4c/fast && /Library/Developer/CommandLineTools/usr/bin/make  -f CMakeFiles/cmTC_0cc4c.dir/build.make CMakeFiles/cmTC_0cc4c.dir/build
Building C object CMakeFiles/cmTC_0cc4c.dir/src.c.o
/usr/bin/gcc -DEVENT__HAVE_DECL_KERN_RANDOM -D_FILE_OFFSET_BITS=64 -D_GNU_SOURCE -D__STDC_CONSTANT_MACROS -D__STDC_FORMAT_MACROS -D__STDC_LIMIT_MACROS  -fno-omit-frame-pointer -ftls-model=initial-exec  -Wall -Wextra -Wno-unused-parameter -Wstrict-aliasing -Wstrict-prototypes -fno-strict-aliasing -Wmissing-prototypes -Winit-self -Wmissing-field-initializers -Wdeclaration-after-statement -Waddress -Woverride-init -Wwrite-strings -Wno-unused-function -Wno-error=deprecated-declarations -Wno-unused-function -Qunused-arguments  -isysroot /Library/Developer/CommandLineTools/SDKs/MacOSX13.3.sdk -fPIE -MD -MT CMakeFiles/cmTC_0cc4c.dir/src.c.o -MF CMakeFiles/cmTC_0cc4c.dir/src.c.o.d -o CMakeFiles/cmTC_0cc4c.dir/src.c.o -c /Users/heidsoft/Downloads/research/mysql-8.0.27/cmake-build-debug/CMakeFiles/CMakeTmp/src.c
/Users/heidsoft/Downloads/research/mysql-8.0.27/cmake-build-debug/CMakeFiles/CMakeTmp/src.c:3:17: warning: a function declaration without a prototype is deprecated in all versions of C [-Wstrict-prototypes]
        int main() { (void)KERN_RANDOM; return 0; }
                ^
                 void
/Users/heidsoft/Downloads/research/mysql-8.0.27/cmake-build-debug/CMakeFiles/CMakeTmp/src.c:3:28: error: use of undeclared identifier 'KERN_RANDOM'
        int main() { (void)KERN_RANDOM; return 0; }
                           ^
1 warning and 1 error generated.
make[1]: *** [CMakeFiles/cmTC_0cc4c.dir/src.c.o] Error 1
make: *** [cmTC_0cc4c/fast] Error 2


Source file was:

          #include <sys/sysctl.h>
        int main() { (void)KERN_RANDOM; return 0; }
Performing C SOURCE FILE Test EVENT__HAVE_DECL_RANDOM_UUID failed with the following output:
Change Dir: /Users/heidsoft/Downloads/research/mysql-8.0.27/cmake-build-debug/CMakeFiles/CMakeTmp

Run Build Command(s):/usr/bin/make -f Makefile cmTC_edf8f/fast && /Library/Developer/CommandLineTools/usr/bin/make  -f CMakeFiles/cmTC_edf8f.dir/build.make CMakeFiles/cmTC_edf8f.dir/build
Building C object CMakeFiles/cmTC_edf8f.dir/src.c.o
/usr/bin/gcc -DEVENT__HAVE_DECL_RANDOM_UUID -D_FILE_OFFSET_BITS=64 -D_GNU_SOURCE -D__STDC_CONSTANT_MACROS -D__STDC_FORMAT_MACROS -D__STDC_LIMIT_MACROS  -fno-omit-frame-pointer -ftls-model=initial-exec  -Wall -Wextra -Wno-unused-parameter -Wstrict-aliasing -Wstrict-prototypes -fno-strict-aliasing -Wmissing-prototypes -Winit-self -Wmissing-field-initializers -Wdeclaration-after-statement -Waddress -Woverride-init -Wwrite-strings -Wno-unused-function -Wno-error=deprecated-declarations -Wno-unused-function -Qunused-arguments  -isysroot /Library/Developer/CommandLineTools/SDKs/MacOSX13.3.sdk -fPIE -MD -MT CMakeFiles/cmTC_edf8f.dir/src.c.o -MF CMakeFiles/cmTC_edf8f.dir/src.c.o.d -o CMakeFiles/cmTC_edf8f.dir/src.c.o -c /Users/heidsoft/Downloads/research/mysql-8.0.27/cmake-build-debug/CMakeFiles/CMakeTmp/src.c
/Users/heidsoft/Downloads/research/mysql-8.0.27/cmake-build-debug/CMakeFiles/CMakeTmp/src.c:3:17: warning: a function declaration without a prototype is deprecated in all versions of C [-Wstrict-prototypes]
        int main() { (void)RANDOM_UUID; return 0; }
                ^
                 void
/Users/heidsoft/Downloads/research/mysql-8.0.27/cmake-build-debug/CMakeFiles/CMakeTmp/src.c:3:28: error: use of undeclared identifier 'RANDOM_UUID'
        int main() { (void)RANDOM_UUID; return 0; }
                           ^
1 warning and 1 error generated.
make[1]: *** [CMakeFiles/cmTC_edf8f.dir/src.c.o] Error 1
make: *** [cmTC_edf8f/fast] Error 2


Source file was:

          #include <sys/sysctl.h>
        int main() { (void)RANDOM_UUID; return 0; }
Determining size of SSIZE_T failed with the following output:
Change Dir: /Users/heidsoft/Downloads/research/mysql-8.0.27/cmake-build-debug/CMakeFiles/CMakeTmp

Run Build Command(s):/usr/bin/make -f Makefile cmTC_4f624/fast && /Library/Developer/CommandLineTools/usr/bin/make  -f CMakeFiles/cmTC_4f624.dir/build.make CMakeFiles/cmTC_4f624.dir/build
Building C object CMakeFiles/cmTC_4f624.dir/EVENT__SIZEOF_SSIZE_T_UPPER.c.o
/usr/bin/gcc -D_FILE_OFFSET_BITS=64 -D_GNU_SOURCE -D__STDC_CONSTANT_MACROS -D__STDC_FORMAT_MACROS -D__STDC_LIMIT_MACROS  -fno-omit-frame-pointer -ftls-model=initial-exec  -Wall -Wextra -Wno-unused-parameter -Wstrict-aliasing -Wstrict-prototypes -fno-strict-aliasing -Wmissing-prototypes -Winit-self -Wmissing-field-initializers -Wdeclaration-after-statement -Waddress -Woverride-init -Wwrite-strings -Wno-unused-function -Wno-error=deprecated-declarations -Wno-unused-function -Qunused-arguments  -isysroot /Library/Developer/CommandLineTools/SDKs/MacOSX13.3.sdk -fPIE -MD -MT CMakeFiles/cmTC_4f624.dir/EVENT__SIZEOF_SSIZE_T_UPPER.c.o -MF CMakeFiles/cmTC_4f624.dir/EVENT__SIZEOF_SSIZE_T_UPPER.c.o.d -o CMakeFiles/cmTC_4f624.dir/EVENT__SIZEOF_SSIZE_T_UPPER.c.o -c /Users/heidsoft/Downloads/research/mysql-8.0.27/cmake-build-debug/CMakeFiles/CheckTypeSize/EVENT__SIZEOF_SSIZE_T_UPPER.c
/Users/heidsoft/Downloads/research/mysql-8.0.27/cmake-build-debug/CMakeFiles/CheckTypeSize/EVENT__SIZEOF_SSIZE_T_UPPER.c:35:12: error: use of undeclared identifier 'SSIZE_T'
  ('0' + ((SIZE / 10000)%10)),
           ^
/Users/heidsoft/Downloads/research/mysql-8.0.27/cmake-build-debug/CMakeFiles/CheckTypeSize/EVENT__SIZEOF_SSIZE_T_UPPER.c:33:22: note: expanded from macro 'SIZE'
#define SIZE (sizeof(SSIZE_T))
                     ^
/Users/heidsoft/Downloads/research/mysql-8.0.27/cmake-build-debug/CMakeFiles/CheckTypeSize/EVENT__SIZEOF_SSIZE_T_UPPER.c:36:12: error: use of undeclared identifier 'SSIZE_T'
  ('0' + ((SIZE / 1000)%10)),
           ^
/Users/heidsoft/Downloads/research/mysql-8.0.27/cmake-build-debug/CMakeFiles/CheckTypeSize/EVENT__SIZEOF_SSIZE_T_UPPER.c:33:22: note: expanded from macro 'SIZE'
#define SIZE (sizeof(SSIZE_T))
                     ^
/Users/heidsoft/Downloads/research/mysql-8.0.27/cmake-build-debug/CMakeFiles/CheckTypeSize/EVENT__SIZEOF_SSIZE_T_UPPER.c:37:12: error: use of undeclared identifier 'SSIZE_T'
  ('0' + ((SIZE / 100)%10)),
           ^
/Users/heidsoft/Downloads/research/mysql-8.0.27/cmake-build-debug/CMakeFiles/CheckTypeSize/EVENT__SIZEOF_SSIZE_T_UPPER.c:33:22: note: expanded from macro 'SIZE'
#define SIZE (sizeof(SSIZE_T))
                     ^
/Users/heidsoft/Downloads/research/mysql-8.0.27/cmake-build-debug/CMakeFiles/CheckTypeSize/EVENT__SIZEOF_SSIZE_T_UPPER.c:38:12: error: use of undeclared identifier 'SSIZE_T'
  ('0' + ((SIZE / 10)%10)),
           ^
/Users/heidsoft/Downloads/research/mysql-8.0.27/cmake-build-debug/CMakeFiles/CheckTypeSize/EVENT__SIZEOF_SSIZE_T_UPPER.c:33:22: note: expanded from macro 'SIZE'
#define SIZE (sizeof(SSIZE_T))
                     ^
/Users/heidsoft/Downloads/research/mysql-8.0.27/cmake-build-debug/CMakeFiles/CheckTypeSize/EVENT__SIZEOF_SSIZE_T_UPPER.c:39:12: error: use of undeclared identifier 'SSIZE_T'
  ('0' +  (SIZE    % 10)),
           ^
/Users/heidsoft/Downloads/research/mysql-8.0.27/cmake-build-debug/CMakeFiles/CheckTypeSize/EVENT__SIZEOF_SSIZE_T_UPPER.c:33:22: note: expanded from macro 'SIZE'
#define SIZE (sizeof(SSIZE_T))
                     ^
5 errors generated.
make[1]: *** [CMakeFiles/cmTC_4f624.dir/EVENT__SIZEOF_SSIZE_T_UPPER.c.o] Error 1
make: *** [cmTC_4f624/fast] Error 2


/Users/heidsoft/Downloads/research/mysql-8.0.27/cmake-build-debug/CMakeFiles/CheckTypeSize/EVENT__SIZEOF_SSIZE_T_UPPER.c:
#include <sys/types.h>
#include <stdint.h>
#include <stddef.h>
#include "sys/types.h"
#include "sys/socket.h"
#include "netinet/in.h"
#include "sys/un.h"
#include "fcntl.h"
#include "sys/time.h"


#undef KEY
#if defined(__i386)
# define KEY '_','_','i','3','8','6'
#elif defined(__x86_64)
# define KEY '_','_','x','8','6','_','6','4'
#elif defined(__PPC64__)
# define KEY '_','_','P','P','C','6','4','_','_'
#elif defined(__ppc64__)
# define KEY '_','_','p','p','c','6','4','_','_'
#elif defined(__PPC__)
# define KEY '_','_','P','P','C','_','_'
#elif defined(__ppc__)
# define KEY '_','_','p','p','c','_','_'
#elif defined(__aarch64__)
# define KEY '_','_','a','a','r','c','h','6','4','_','_'
#elif defined(__ARM_ARCH_7A__)
# define KEY '_','_','A','R','M','_','A','R','C','H','_','7','A','_','_'
#elif defined(__ARM_ARCH_7S__)
# define KEY '_','_','A','R','M','_','A','R','C','H','_','7','S','_','_'
#endif

#define SIZE (sizeof(SSIZE_T))
static char info_size[] =  {'I', 'N', 'F', 'O', ':', 's','i','z','e','[',
  ('0' + ((SIZE / 10000)%10)),
  ('0' + ((SIZE / 1000)%10)),
  ('0' + ((SIZE / 100)%10)),
  ('0' + ((SIZE / 10)%10)),
  ('0' +  (SIZE    % 10)),
  ']',
#ifdef KEY
  ' ','k','e','y','[', KEY, ']',
#endif
  '\0'};

#ifdef __CLASSIC_C__
int main(argc, argv) int argc; char *argv[];
#else
int main(int argc, char *argv[])
#endif
{
  int require = 0;
  require += info_size[argc];
  (void)argv;
  return require;
}


Performing C SOURCE FILE Test EVENT__HAVE_WORKING_KQUEUE failed with the following compile output:
Change Dir: /Users/heidsoft/Downloads/research/mysql-8.0.27/cmake-build-debug/CMakeFiles/CMakeTmp

Run Build Command(s):/usr/bin/make -f Makefile cmTC_4d962/fast && /Library/Developer/CommandLineTools/usr/bin/make  -f CMakeFiles/cmTC_4d962.dir/build.make CMakeFiles/cmTC_4d962.dir/build
Building C object CMakeFiles/cmTC_4d962.dir/src.c.o
/usr/bin/gcc -DEVENT__HAVE_WORKING_KQUEUE -D_FILE_OFFSET_BITS=64 -D_GNU_SOURCE -D__STDC_CONSTANT_MACROS -D__STDC_FORMAT_MACROS -D__STDC_LIMIT_MACROS  -fno-omit-frame-pointer -ftls-model=initial-exec  -Wall -Wextra -Wno-unused-parameter -Wstrict-aliasing -Wstrict-prototypes -fno-strict-aliasing -Wmissing-prototypes -Winit-self -Wmissing-field-initializers -Wdeclaration-after-statement -Waddress -Woverride-init -Wwrite-strings -Wno-unused-function -Wno-error=deprecated-declarations -Wno-unused-function -Qunused-arguments  -isysroot /Library/Developer/CommandLineTools/SDKs/MacOSX13.3.sdk -fPIE -MD -MT CMakeFiles/cmTC_4d962.dir/src.c.o -MF CMakeFiles/cmTC_4d962.dir/src.c.o.d -o CMakeFiles/cmTC_4d962.dir/src.c.o -c /Users/heidsoft/Downloads/research/mysql-8.0.27/cmake-build-debug/CMakeFiles/CMakeTmp/src.c
/Users/heidsoft/Downloads/research/mysql-8.0.27/cmake-build-debug/CMakeFiles/CMakeTmp/src.c:20:9: error: call to undeclared library function 'exit' with type 'void (int) __attribute__((noreturn))'; ISO C99 and later do not support implicit function declarations [-Wimplicit-function-declaration]
        exit(1);
        ^
/Users/heidsoft/Downloads/research/mysql-8.0.27/cmake-build-debug/CMakeFiles/CMakeTmp/src.c:20:9: note: include the header <stdlib.h> or explicitly provide a declaration for 'exit'
/Users/heidsoft/Downloads/research/mysql-8.0.27/cmake-build-debug/CMakeFiles/CMakeTmp/src.c:30:5: error: call to undeclared library function 'memset' with type 'void *(void *, int, unsigned long)'; ISO C99 and later do not support implicit function declarations [-Wimplicit-function-declaration]
    memset(&ev, 0, sizeof(ev));
    ^
/Users/heidsoft/Downloads/research/mysql-8.0.27/cmake-build-debug/CMakeFiles/CMakeTmp/src.c:30:5: note: include the header <string.h> or explicitly provide a declaration for 'memset'
2 errors generated.
make[1]: *** [CMakeFiles/cmTC_4d962.dir/src.c.o] Error 1
make: *** [cmTC_4d962/fast] Error 2


...and run output:

Return value: 1
Source file was:

#include <sys/types.h>
#include <sys/time.h>
#include <sys/event.h>
#include <stdio.h>
#include <unistd.h>
#include <fcntl.h>

int
main(int argc, char **argv)
{
    int kq;
    int n;
    int fd[2];
    struct kevent ev;
    struct timespec ts;
    char buf[80000];

    if (pipe(fd) == -1)
        exit(1);
    if (fcntl(fd[1], F_SETFL, O_NONBLOCK) == -1)
        exit(1);

    while ((n = write(fd[1], buf, sizeof(buf))) == sizeof(buf))
        ;

    if ((kq = kqueue()) == -1)
        exit(1);

    memset(&ev, 0, sizeof(ev));
    ev.ident = fd[1];
    ev.filter = EVFILT_WRITE;
    ev.flags = EV_ADD | EV_ENABLE;
    n = kevent(kq, &ev, 1, NULL, 0, NULL);
    if (n == -1)
        exit(1);

    read(fd[0], buf, sizeof(buf));

    ts.tv_sec = 0;
    ts.tv_nsec = 0;
    n = kevent(kq, NULL, 0, &ev, 1, &ts);
    if (n == -1 || n == 0)
        exit(1);

    exit(0);
}


Performing C SOURCE FILE Test EVENT__HAVE_STRUCT_IN6_ADDR_S6_ADDR16 failed with the following output:
Change Dir: /Users/heidsoft/Downloads/research/mysql-8.0.27/cmake-build-debug/CMakeFiles/CMakeTmp

Run Build Command(s):/usr/bin/make -f Makefile cmTC_b6015/fast && /Library/Developer/CommandLineTools/usr/bin/make  -f CMakeFiles/cmTC_b6015.dir/build.make CMakeFiles/cmTC_b6015.dir/build
Building C object CMakeFiles/cmTC_b6015.dir/src.c.o
/usr/bin/gcc -DEVENT__HAVE_STRUCT_IN6_ADDR_S6_ADDR16 -D_FILE_OFFSET_BITS=64 -D_GNU_SOURCE -D__STDC_CONSTANT_MACROS -D__STDC_FORMAT_MACROS -D__STDC_LIMIT_MACROS  -fno-omit-frame-pointer -ftls-model=initial-exec  -Wall -Wextra -Wno-unused-parameter -Wstrict-aliasing -Wstrict-prototypes -fno-strict-aliasing -Wmissing-prototypes -Winit-self -Wmissing-field-initializers -Wdeclaration-after-statement -Waddress -Woverride-init -Wwrite-strings -Wno-unused-function -Wno-error=deprecated-declarations -Wno-unused-function -Qunused-arguments  -isysroot /Library/Developer/CommandLineTools/SDKs/MacOSX13.3.sdk -fPIE -MD -MT CMakeFiles/cmTC_b6015.dir/src.c.o -MF CMakeFiles/cmTC_b6015.dir/src.c.o.d -o CMakeFiles/cmTC_b6015.dir/src.c.o -c /Users/heidsoft/Downloads/research/mysql-8.0.27/cmake-build-debug/CMakeFiles/CMakeTmp/src.c
/Users/heidsoft/Downloads/research/mysql-8.0.27/cmake-build-debug/CMakeFiles/CMakeTmp/src.c:6:9: warning: a function declaration without a prototype is deprecated in all versions of C [-Wstrict-prototypes]
int main()
        ^
         void
/Users/heidsoft/Downloads/research/mysql-8.0.27/cmake-build-debug/CMakeFiles/CMakeTmp/src.c:8:40: error: no member named 's6_addr16' in 'struct in6_addr'
  (void)sizeof(((struct in6_addr *)0)->s6_addr16);
               ~~~~~~~~~~~~~~~~~~~~~~  ^
1 warning and 1 error generated.
make[1]: *** [CMakeFiles/cmTC_b6015.dir/src.c.o] Error 1
make: *** [cmTC_b6015/fast] Error 2


Source file was:

#include <netinet/in.h>
#include <sys/socket.h>
#include <netdb.h>

int main()
{
  (void)sizeof(((struct in6_addr *)0)->s6_addr16);
  return 0;
}

Performing C SOURCE FILE Test EVENT__HAVE_STRUCT_IN6_ADDR_S6_ADDR32 failed with the following output:
Change Dir: /Users/heidsoft/Downloads/research/mysql-8.0.27/cmake-build-debug/CMakeFiles/CMakeTmp

Run Build Command(s):/usr/bin/make -f Makefile cmTC_48ef0/fast && /Library/Developer/CommandLineTools/usr/bin/make  -f CMakeFiles/cmTC_48ef0.dir/build.make CMakeFiles/cmTC_48ef0.dir/build
Building C object CMakeFiles/cmTC_48ef0.dir/src.c.o
/usr/bin/gcc -DEVENT__HAVE_STRUCT_IN6_ADDR_S6_ADDR32 -D_FILE_OFFSET_BITS=64 -D_GNU_SOURCE -D__STDC_CONSTANT_MACROS -D__STDC_FORMAT_MACROS -D__STDC_LIMIT_MACROS  -fno-omit-frame-pointer -ftls-model=initial-exec  -Wall -Wextra -Wno-unused-parameter -Wstrict-aliasing -Wstrict-prototypes -fno-strict-aliasing -Wmissing-prototypes -Winit-self -Wmissing-field-initializers -Wdeclaration-after-statement -Waddress -Woverride-init -Wwrite-strings -Wno-unused-function -Wno-error=deprecated-declarations -Wno-unused-function -Qunused-arguments  -isysroot /Library/Developer/CommandLineTools/SDKs/MacOSX13.3.sdk -fPIE -MD -MT CMakeFiles/cmTC_48ef0.dir/src.c.o -MF CMakeFiles/cmTC_48ef0.dir/src.c.o.d -o CMakeFiles/cmTC_48ef0.dir/src.c.o -c /Users/heidsoft/Downloads/research/mysql-8.0.27/cmake-build-debug/CMakeFiles/CMakeTmp/src.c
/Users/heidsoft/Downloads/research/mysql-8.0.27/cmake-build-debug/CMakeFiles/CMakeTmp/src.c:6:9: warning: a function declaration without a prototype is deprecated in all versions of C [-Wstrict-prototypes]
int main()
        ^
         void
/Users/heidsoft/Downloads/research/mysql-8.0.27/cmake-build-debug/CMakeFiles/CMakeTmp/src.c:8:40: error: no member named 's6_addr32' in 'struct in6_addr'
  (void)sizeof(((struct in6_addr *)0)->s6_addr32);
               ~~~~~~~~~~~~~~~~~~~~~~  ^
1 warning and 1 error generated.
make[1]: *** [CMakeFiles/cmTC_48ef0.dir/src.c.o] Error 1
make: *** [cmTC_48ef0/fast] Error 2


Source file was:

#include <netinet/in.h>
#include <sys/socket.h>
#include <netdb.h>

int main()
{
  (void)sizeof(((struct in6_addr *)0)->s6_addr32);
  return 0;
}

Performing C SOURCE FILE Test EVENT__HAVE_STRUCT_SOCKADDR_IN_SIN_LEN failed with the following output:
Change Dir: /Users/heidsoft/Downloads/research/mysql-8.0.27/cmake-build-debug/CMakeFiles/CMakeTmp

Run Build Command(s):/usr/bin/make -f Makefile cmTC_bf9ab/fast && /Library/Developer/CommandLineTools/usr/bin/make  -f CMakeFiles/cmTC_bf9ab.dir/build.make CMakeFiles/cmTC_bf9ab.dir/build
Building C object CMakeFiles/cmTC_bf9ab.dir/src.c.o
/usr/bin/gcc -DEVENT__HAVE_STRUCT_SOCKADDR_IN_SIN_LEN -D_FILE_OFFSET_BITS=64 -D_GNU_SOURCE -D__STDC_CONSTANT_MACROS -D__STDC_FORMAT_MACROS -D__STDC_LIMIT_MACROS  -fno-omit-frame-pointer -ftls-model=initial-exec  -Wall -Wextra -Wno-unused-parameter -Wstrict-aliasing -Wstrict-prototypes -fno-strict-aliasing -Wmissing-prototypes -Winit-self -Wmissing-field-initializers -Wdeclaration-after-statement -Waddress -Woverride-init -Wwrite-strings -Wno-unused-function -Wno-error=deprecated-declarations -Wno-unused-function -Qunused-arguments  -isysroot /Library/Developer/CommandLineTools/SDKs/MacOSX13.3.sdk -fPIE -MD -MT CMakeFiles/cmTC_bf9ab.dir/src.c.o -MF CMakeFiles/cmTC_bf9ab.dir/src.c.o.d -o CMakeFiles/cmTC_bf9ab.dir/src.c.o -c /Users/heidsoft/Downloads/research/mysql-8.0.27/cmake-build-debug/CMakeFiles/CMakeTmp/src.c
/Users/heidsoft/Downloads/research/mysql-8.0.27/cmake-build-debug/CMakeFiles/CMakeTmp/src.c:6:9: warning: a function declaration without a prototype is deprecated in all versions of C [-Wstrict-prototypes]
int main()
        ^
         void
/Users/heidsoft/Downloads/research/mysql-8.0.27/cmake-build-debug/CMakeFiles/CMakeTmp/src.c:8:44: error: no member named 'sin_len' in 'struct sockaddr_in6'; did you mean 'sin6_len'?
  (void)sizeof(((struct sockaddr_in6 *)0)->sin_len);
                                           ^~~~~~~
                                           sin6_len
/Library/Developer/CommandLineTools/SDKs/MacOSX13.3.sdk/usr/include/netinet6/in6.h:171:18: note: 'sin6_len' declared here
        __uint8_t       sin6_len;       /* length of this struct(sa_family_t) */
                        ^
1 warning and 1 error generated.
make[1]: *** [CMakeFiles/cmTC_bf9ab.dir/src.c.o] Error 1
make: *** [cmTC_bf9ab/fast] Error 2


Source file was:

#include <netinet/in.h>
#include <sys/socket.h>
#include <netdb.h>

int main()
{
  (void)sizeof(((struct sockaddr_in6 *)0)->sin_len);
  return 0;
}

Performing C SOURCE FILE Test EVENT__HAVE_STRUCT_SOCKADDR_STORAGE___SS_FAMILY failed with the following output:
Change Dir: /Users/heidsoft/Downloads/research/mysql-8.0.27/cmake-build-debug/CMakeFiles/CMakeTmp

Run Build Command(s):/usr/bin/make -f Makefile cmTC_ae261/fast && /Library/Developer/CommandLineTools/usr/bin/make  -f CMakeFiles/cmTC_ae261.dir/build.make CMakeFiles/cmTC_ae261.dir/build
Building C object CMakeFiles/cmTC_ae261.dir/src.c.o
/usr/bin/gcc -DEVENT__HAVE_STRUCT_SOCKADDR_STORAGE___SS_FAMILY -D_FILE_OFFSET_BITS=64 -D_GNU_SOURCE -D__STDC_CONSTANT_MACROS -D__STDC_FORMAT_MACROS -D__STDC_LIMIT_MACROS  -fno-omit-frame-pointer -ftls-model=initial-exec  -Wall -Wextra -Wno-unused-parameter -Wstrict-aliasing -Wstrict-prototypes -fno-strict-aliasing -Wmissing-prototypes -Winit-self -Wmissing-field-initializers -Wdeclaration-after-statement -Waddress -Woverride-init -Wwrite-strings -Wno-unused-function -Wno-error=deprecated-declarations -Wno-unused-function -Qunused-arguments  -isysroot /Library/Developer/CommandLineTools/SDKs/MacOSX13.3.sdk -fPIE -MD -MT CMakeFiles/cmTC_ae261.dir/src.c.o -MF CMakeFiles/cmTC_ae261.dir/src.c.o.d -o CMakeFiles/cmTC_ae261.dir/src.c.o -c /Users/heidsoft/Downloads/research/mysql-8.0.27/cmake-build-debug/CMakeFiles/CMakeTmp/src.c
/Users/heidsoft/Downloads/research/mysql-8.0.27/cmake-build-debug/CMakeFiles/CMakeTmp/src.c:6:9: warning: a function declaration without a prototype is deprecated in all versions of C [-Wstrict-prototypes]
int main()
        ^
         void
/Users/heidsoft/Downloads/research/mysql-8.0.27/cmake-build-debug/CMakeFiles/CMakeTmp/src.c:8:48: error: no member named '__ss_family' in 'struct sockaddr_storage'; did you mean 'ss_family'?
  (void)sizeof(((struct sockaddr_storage *)0)->__ss_family);
                                               ^~~~~~~~~~~
                                               ss_family
/Library/Developer/CommandLineTools/SDKs/MacOSX13.3.sdk/usr/include/sys/socket.h:466:18: note: 'ss_family' declared here
        sa_family_t     ss_family;      /* [XSI] address family */
                        ^
1 warning and 1 error generated.
make[1]: *** [CMakeFiles/cmTC_ae261.dir/src.c.o] Error 1
make: *** [cmTC_ae261/fast] Error 2


Source file was:

#include <netinet/in.h>
#include <sys/socket.h>
#include <netdb.h>

int main()
{
  (void)sizeof(((struct sockaddr_storage *)0)->__ss_family);
  return 0;
}

Performing C SOURCE FILE Test HAVE_ARRAY_PARAMETER failed with the following output:
Change Dir: /Users/heidsoft/Downloads/research/mysql-8.0.27/cmake-build-debug/CMakeFiles/CMakeTmp

Run Build Command(s):/usr/bin/make -f Makefile cmTC_ea9d7/fast && /Library/Developer/CommandLineTools/usr/bin/make  -f CMakeFiles/cmTC_ea9d7.dir/build.make CMakeFiles/cmTC_ea9d7.dir/build
Building C object CMakeFiles/cmTC_ea9d7.dir/src.c.o
/usr/bin/gcc -DHAVE_ARRAY_PARAMETER -D_FILE_OFFSET_BITS=64 -D_GNU_SOURCE -D__STDC_CONSTANT_MACROS -D__STDC_FORMAT_MACROS -D__STDC_LIMIT_MACROS  -fno-omit-frame-pointer -ftls-model=initial-exec  -Wall -Wextra -Wno-unused-parameter -Wstrict-aliasing -Wstrict-prototypes -fno-strict-aliasing -Wmissing-prototypes -Winit-self -Wmissing-field-initializers -Wdeclaration-after-statement -Waddress -Woverride-init -Wwrite-strings -Wno-unused-function -Wno-error=deprecated-declarations -Wno-unused-function -Qunused-arguments  -Warray-parameter -isysroot /Library/Developer/CommandLineTools/SDKs/MacOSX13.3.sdk -fPIE -MD -MT CMakeFiles/cmTC_ea9d7.dir/src.c.o -MF CMakeFiles/cmTC_ea9d7.dir/src.c.o.d -o CMakeFiles/cmTC_ea9d7.dir/src.c.o -c /Users/heidsoft/Downloads/research/mysql-8.0.27/cmake-build-debug/CMakeFiles/CMakeTmp/src.c
warning: unknown warning option '-Warray-parameter'; did you mean '-Wunused-parameter'? [-Wunknown-warning-option]
1 warning generated.
Linking C executable cmTC_ea9d7
/Applications/CMake.app/Contents/bin/cmake -E cmake_link_script CMakeFiles/cmTC_ea9d7.dir/link.txt --verbose=1
/usr/bin/gcc -fno-omit-frame-pointer -ftls-model=initial-exec  -Wall -Wextra -Wno-unused-parameter -Wstrict-aliasing -Wstrict-prototypes -fno-strict-aliasing -Wmissing-prototypes -Winit-self -Wmissing-field-initializers -Wdeclaration-after-statement -Waddress -Woverride-init -Wwrite-strings -Wno-unused-function -Wno-error=deprecated-declarations -Wno-unused-function -Qunused-arguments  -Warray-parameter -isysroot /Library/Developer/CommandLineTools/SDKs/MacOSX13.3.sdk -Wl,-search_paths_first -Wl,-headerpad_max_install_names -L/usr/local/opt/openssl/lib  CMakeFiles/cmTC_ea9d7.dir/src.c.o -o cmTC_ea9d7 


Source file was:
int main(void) { return 0; }
Performing C++ SOURCE FILE Test HAVE_CXX_W_return_local_addr failed with the following output:
Change Dir: /Users/heidsoft/Downloads/research/mysql-8.0.27/cmake-build-debug/CMakeFiles/CMakeTmp

Run Build Command(s):/usr/bin/make -f Makefile cmTC_6492a/fast && /Library/Developer/CommandLineTools/usr/bin/make  -f CMakeFiles/cmTC_6492a.dir/build.make CMakeFiles/cmTC_6492a.dir/build
Building CXX object CMakeFiles/cmTC_6492a.dir/src.cxx.o
/usr/bin/clang -DHAVE_CXX_W_return_local_addr -D_FILE_OFFSET_BITS=64 -D_GNU_SOURCE -D__STDC_CONSTANT_MACROS -D__STDC_FORMAT_MACROS -D__STDC_LIMIT_MACROS  -std=c++17 -fno-omit-frame-pointer -ftls-model=initial-exec   -Wreturn-local-addr -isysroot /Library/Developer/CommandLineTools/SDKs/MacOSX13.3.sdk -fPIE -MD -MT CMakeFiles/cmTC_6492a.dir/src.cxx.o -MF CMakeFiles/cmTC_6492a.dir/src.cxx.o.d -o CMakeFiles/cmTC_6492a.dir/src.cxx.o -c /Users/heidsoft/Downloads/research/mysql-8.0.27/cmake-build-debug/CMakeFiles/CMakeTmp/src.cxx
warning: unknown warning option '-Wreturn-local-addr'; did you mean '-Wreturn-stack-address'? [-Wunknown-warning-option]
1 warning generated.
Linking CXX executable cmTC_6492a
/Applications/CMake.app/Contents/bin/cmake -E cmake_link_script CMakeFiles/cmTC_6492a.dir/link.txt --verbose=1
/usr/bin/clang -std=c++17 -fno-omit-frame-pointer -ftls-model=initial-exec   -Wreturn-local-addr -isysroot /Library/Developer/CommandLineTools/SDKs/MacOSX13.3.sdk -Wl,-search_paths_first -Wl,-headerpad_max_install_names -L/usr/local/opt/openssl/lib  CMakeFiles/cmTC_6492a.dir/src.cxx.o -o cmTC_6492a 


Source file was:
int main(void) { return 0; }
Performing C++ SOURCE FILE Test HAVE_CXX_W_maybe_uninitialized failed with the following output:
Change Dir: /Users/heidsoft/Downloads/research/mysql-8.0.27/cmake-build-debug/CMakeFiles/CMakeTmp

Run Build Command(s):/usr/bin/make -f Makefile cmTC_1a6db/fast && /Library/Developer/CommandLineTools/usr/bin/make  -f CMakeFiles/cmTC_1a6db.dir/build.make CMakeFiles/cmTC_1a6db.dir/build
Building CXX object CMakeFiles/cmTC_1a6db.dir/src.cxx.o
/usr/bin/clang -DHAVE_CXX_W_maybe_uninitialized -D_FILE_OFFSET_BITS=64 -D_GNU_SOURCE -D__STDC_CONSTANT_MACROS -D__STDC_FORMAT_MACROS -D__STDC_LIMIT_MACROS  -std=c++17 -fno-omit-frame-pointer -ftls-model=initial-exec   -Wmaybe-uninitialized -isysroot /Library/Developer/CommandLineTools/SDKs/MacOSX13.3.sdk -fPIE -MD -MT CMakeFiles/cmTC_1a6db.dir/src.cxx.o -MF CMakeFiles/cmTC_1a6db.dir/src.cxx.o.d -o CMakeFiles/cmTC_1a6db.dir/src.cxx.o -c /Users/heidsoft/Downloads/research/mysql-8.0.27/cmake-build-debug/CMakeFiles/CMakeTmp/src.cxx
warning: unknown warning option '-Wmaybe-uninitialized'; did you mean '-Wuninitialized'? [-Wunknown-warning-option]
1 warning generated.
Linking CXX executable cmTC_1a6db
/Applications/CMake.app/Contents/bin/cmake -E cmake_link_script CMakeFiles/cmTC_1a6db.dir/link.txt --verbose=1
/usr/bin/clang -std=c++17 -fno-omit-frame-pointer -ftls-model=initial-exec   -Wmaybe-uninitialized -isysroot /Library/Developer/CommandLineTools/SDKs/MacOSX13.3.sdk -Wl,-search_paths_first -Wl,-headerpad_max_install_names -L/usr/local/opt/openssl/lib  CMakeFiles/cmTC_1a6db.dir/src.cxx.o -o cmTC_1a6db 


Source file was:
int main(void) { return 0; }
Performing C++ SOURCE FILE Test HAVE_CXX_W_restrict failed with the following output:
Change Dir: /Users/heidsoft/Downloads/research/mysql-8.0.27/cmake-build-debug/CMakeFiles/CMakeTmp

Run Build Command(s):/usr/bin/make -f Makefile cmTC_83bf2/fast && /Library/Developer/CommandLineTools/usr/bin/make  -f CMakeFiles/cmTC_83bf2.dir/build.make CMakeFiles/cmTC_83bf2.dir/build
Building CXX object CMakeFiles/cmTC_83bf2.dir/src.cxx.o
/usr/bin/clang -DHAVE_CXX_W_restrict -D_FILE_OFFSET_BITS=64 -D_GNU_SOURCE -D__STDC_CONSTANT_MACROS -D__STDC_FORMAT_MACROS -D__STDC_LIMIT_MACROS  -std=c++17 -fno-omit-frame-pointer -ftls-model=initial-exec   -Wrestrict -isysroot /Library/Developer/CommandLineTools/SDKs/MacOSX13.3.sdk -fPIE -MD -MT CMakeFiles/cmTC_83bf2.dir/src.cxx.o -MF CMakeFiles/cmTC_83bf2.dir/src.cxx.o.d -o CMakeFiles/cmTC_83bf2.dir/src.cxx.o -c /Users/heidsoft/Downloads/research/mysql-8.0.27/cmake-build-debug/CMakeFiles/CMakeTmp/src.cxx
warning: unknown warning option '-Wrestrict' [-Wunknown-warning-option]
1 warning generated.
Linking CXX executable cmTC_83bf2
/Applications/CMake.app/Contents/bin/cmake -E cmake_link_script CMakeFiles/cmTC_83bf2.dir/link.txt --verbose=1
/usr/bin/clang -std=c++17 -fno-omit-frame-pointer -ftls-model=initial-exec   -Wrestrict -isysroot /Library/Developer/CommandLineTools/SDKs/MacOSX13.3.sdk -Wl,-search_paths_first -Wl,-headerpad_max_install_names -L/usr/local/opt/openssl/lib  CMakeFiles/cmTC_83bf2.dir/src.cxx.o -o cmTC_83bf2 


Source file was:
int main(void) { return 0; }
Performing C++ SOURCE FILE Test HAVE_CXX_W_stringop_truncation failed with the following output:
Change Dir: /Users/heidsoft/Downloads/research/mysql-8.0.27/cmake-build-debug/CMakeFiles/CMakeTmp

Run Build Command(s):/usr/bin/make -f Makefile cmTC_7529c/fast && /Library/Developer/CommandLineTools/usr/bin/make  -f CMakeFiles/cmTC_7529c.dir/build.make CMakeFiles/cmTC_7529c.dir/build
Building CXX object CMakeFiles/cmTC_7529c.dir/src.cxx.o
/usr/bin/clang -DHAVE_CXX_W_stringop_truncation -D_FILE_OFFSET_BITS=64 -D_GNU_SOURCE -D__STDC_CONSTANT_MACROS -D__STDC_FORMAT_MACROS -D__STDC_LIMIT_MACROS  -std=c++17 -fno-omit-frame-pointer -ftls-model=initial-exec   -Wstringop-truncation -isysroot /Library/Developer/CommandLineTools/SDKs/MacOSX13.3.sdk -fPIE -MD -MT CMakeFiles/cmTC_7529c.dir/src.cxx.o -MF CMakeFiles/cmTC_7529c.dir/src.cxx.o.d -o CMakeFiles/cmTC_7529c.dir/src.cxx.o -c /Users/heidsoft/Downloads/research/mysql-8.0.27/cmake-build-debug/CMakeFiles/CMakeTmp/src.cxx
warning: unknown warning option '-Wstringop-truncation'; did you mean '-Wstring-concatenation'? [-Wunknown-warning-option]
1 warning generated.
Linking CXX executable cmTC_7529c
/Applications/CMake.app/Contents/bin/cmake -E cmake_link_script CMakeFiles/cmTC_7529c.dir/link.txt --verbose=1
/usr/bin/clang -std=c++17 -fno-omit-frame-pointer -ftls-model=initial-exec   -Wstringop-truncation -isysroot /Library/Developer/CommandLineTools/SDKs/MacOSX13.3.sdk -Wl,-search_paths_first -Wl,-headerpad_max_install_names -L/usr/local/opt/openssl/lib  CMakeFiles/cmTC_7529c.dir/src.cxx.o -o cmTC_7529c 


Source file was:
int main(void) { return 0; }
Performing C++ SOURCE FILE Test HAVE_CXX_W_stringop_overflow failed with the following output:
Change Dir: /Users/heidsoft/Downloads/research/mysql-8.0.27/cmake-build-debug/CMakeFiles/CMakeTmp

Run Build Command(s):/usr/bin/make -f Makefile cmTC_a6912/fast && /Library/Developer/CommandLineTools/usr/bin/make  -f CMakeFiles/cmTC_a6912.dir/build.make CMakeFiles/cmTC_a6912.dir/build
Building CXX object CMakeFiles/cmTC_a6912.dir/src.cxx.o
/usr/bin/clang -DHAVE_CXX_W_stringop_overflow -D_FILE_OFFSET_BITS=64 -D_GNU_SOURCE -D__STDC_CONSTANT_MACROS -D__STDC_FORMAT_MACROS -D__STDC_LIMIT_MACROS  -std=c++17 -fno-omit-frame-pointer -ftls-model=initial-exec  -Wno-sign-compare -Wno-unused-function -Wno-inconsistent-missing-override -Wno-deprecated-copy -Wno-extra-semi  -Wstringop-overflow -isysroot /Library/Developer/CommandLineTools/SDKs/MacOSX13.3.sdk -fPIE -MD -MT CMakeFiles/cmTC_a6912.dir/src.cxx.o -MF CMakeFiles/cmTC_a6912.dir/src.cxx.o.d -o CMakeFiles/cmTC_a6912.dir/src.cxx.o -c /Users/heidsoft/Downloads/research/mysql-8.0.27/cmake-build-debug/CMakeFiles/CMakeTmp/src.cxx
warning: unknown warning option '-Wstringop-overflow'; did you mean '-Wshift-overflow'? [-Wunknown-warning-option]
1 warning generated.
Linking CXX executable cmTC_a6912
/Applications/CMake.app/Contents/bin/cmake -E cmake_link_script CMakeFiles/cmTC_a6912.dir/link.txt --verbose=1
/usr/bin/clang -std=c++17 -fno-omit-frame-pointer -ftls-model=initial-exec  -Wno-sign-compare -Wno-unused-function -Wno-inconsistent-missing-override -Wno-deprecated-copy -Wno-extra-semi  -Wstringop-overflow -isysroot /Library/Developer/CommandLineTools/SDKs/MacOSX13.3.sdk -Wl,-search_paths_first -Wl,-headerpad_max_install_names -L/usr/local/opt/openssl/lib  CMakeFiles/cmTC_a6912.dir/src.cxx.o -o cmTC_a6912 


Source file was:
int main(void) { return 0; }
Determining if the function sched_getcpu exists failed with the following output:
Change Dir: /Users/heidsoft/Downloads/research/mysql-8.0.27/cmake-build-debug/CMakeFiles/CMakeTmp

Run Build Command(s):/usr/bin/make -f Makefile cmTC_f5f1d/fast && /Library/Developer/CommandLineTools/usr/bin/make  -f CMakeFiles/cmTC_f5f1d.dir/build.make CMakeFiles/cmTC_f5f1d.dir/build
Building C object CMakeFiles/cmTC_f5f1d.dir/CheckFunctionExists.c.o
/usr/bin/gcc -D_FILE_OFFSET_BITS=64 -D_GNU_SOURCE -D__STDC_CONSTANT_MACROS -D__STDC_FORMAT_MACROS -D__STDC_LIMIT_MACROS  -fno-omit-frame-pointer -ftls-model=initial-exec  -Wall -Wextra -Wformat-security -Wvla -Wundef -Wmissing-format-attribute -Wwrite-strings -Wconditional-uninitialized -Wextra-semi -Wmissing-noreturn -Wunreachable-code-break -Wunreachable-code-return -DCHECK_FUNCTION_EXISTS=sched_getcpu -isysroot /Library/Developer/CommandLineTools/SDKs/MacOSX13.3.sdk -fPIE -MD -MT CMakeFiles/cmTC_f5f1d.dir/CheckFunctionExists.c.o -MF CMakeFiles/cmTC_f5f1d.dir/CheckFunctionExists.c.o.d -o CMakeFiles/cmTC_f5f1d.dir/CheckFunctionExists.c.o -c /Applications/CMake.app/Contents/share/cmake-3.21/Modules/CheckFunctionExists.c
Linking C executable cmTC_f5f1d
/Applications/CMake.app/Contents/bin/cmake -E cmake_link_script CMakeFiles/cmTC_f5f1d.dir/link.txt --verbose=1
/usr/bin/gcc -fno-omit-frame-pointer -ftls-model=initial-exec  -Wall -Wextra -Wformat-security -Wvla -Wundef -Wmissing-format-attribute -Wwrite-strings -Wconditional-uninitialized -Wextra-semi -Wmissing-noreturn -Wunreachable-code-break -Wunreachable-code-return -DCHECK_FUNCTION_EXISTS=sched_getcpu -isysroot /Library/Developer/CommandLineTools/SDKs/MacOSX13.3.sdk -Wl,-search_paths_first -Wl,-headerpad_max_install_names -L/usr/local/opt/openssl/lib  CMakeFiles/cmTC_f5f1d.dir/CheckFunctionExists.c.o -o cmTC_f5f1d 
Undefined symbols for architecture x86_64:
  "_sched_getcpu", referenced from:
      _main in CheckFunctionExists.c.o
ld: symbol(s) not found for architecture x86_64
clang: error: linker command failed with exit code 1 (use -v to see invocation)
make[1]: *** [cmTC_f5f1d] Error 1
make: *** [cmTC_f5f1d/fast] Error 2



Performing C SOURCE FILE Test HAVE_FALLOC_PUNCH_HOLE_AND_KEEP_SIZE failed with the following compile output:
Change Dir: /Users/heidsoft/Downloads/research/mysql-8.0.27/cmake-build-debug/CMakeFiles/CMakeTmp

Run Build Command(s):/usr/bin/make -f Makefile cmTC_732f8/fast && /Library/Developer/CommandLineTools/usr/bin/make  -f CMakeFiles/cmTC_732f8.dir/build.make CMakeFiles/cmTC_732f8.dir/build
Building C object CMakeFiles/cmTC_732f8.dir/src.c.o
/usr/bin/gcc -DHAVE_FALLOC_PUNCH_HOLE_AND_KEEP_SIZE -D_FILE_OFFSET_BITS=64 -D_GNU_SOURCE -D__STDC_CONSTANT_MACROS -D__STDC_FORMAT_MACROS -D__STDC_LIMIT_MACROS  -fno-omit-frame-pointer -ftls-model=initial-exec  -Wall -Wextra -Wformat-security -Wvla -Wundef -Wmissing-format-attribute -Wwrite-strings -Wconditional-uninitialized -Wextra-semi -Wmissing-noreturn -Wunreachable-code-break -Wunreachable-code-return  -isysroot /Library/Developer/CommandLineTools/SDKs/MacOSX13.3.sdk -fPIE -MD -MT CMakeFiles/cmTC_732f8.dir/src.c.o -MF CMakeFiles/cmTC_732f8.dir/src.c.o.d -o CMakeFiles/cmTC_732f8.dir/src.c.o -c /Users/heidsoft/Downloads/research/mysql-8.0.27/cmake-build-debug/CMakeFiles/CMakeTmp/src.c
/Users/heidsoft/Downloads/research/mysql-8.0.27/cmake-build-debug/CMakeFiles/CMakeTmp/src.c:6:12: fatal error: 'linux/falloc.h' file not found
  #include <linux/falloc.h>
           ^~~~~~~~~~~~~~~~
1 error generated.
make[1]: *** [CMakeFiles/cmTC_732f8.dir/src.c.o] Error 1
make: *** [cmTC_732f8/fast] Error 2


...and run output:
2.1.11-stable
Return value: 1
Source file was:

  #ifndef _GNU_SOURCE
  #define _GNU_SOURCE
  #endif
  #include <fcntl.h>
  #include <linux/falloc.h>
  int main()
  {
    /* Ignore the return value for now. Check if the flags exist.
    The return value is checked  at runtime. */
    fallocate(0, FALLOC_FL_PUNCH_HOLE | FALLOC_FL_KEEP_SIZE, 0, 0);

    return(0);
  }
Performing C SOURCE FILE Test HAVE_FALLOC_FL_ZERO_RANGE failed with the following output:
Change Dir: /Users/heidsoft/Downloads/research/mysql-8.0.27/cmake-build-debug/CMakeFiles/CMakeTmp

Run Build Command(s):/usr/bin/make -f Makefile cmTC_0d1e3/fast && /Library/Developer/CommandLineTools/usr/bin/make  -f CMakeFiles/cmTC_0d1e3.dir/build.make CMakeFiles/cmTC_0d1e3.dir/build
Building C object CMakeFiles/cmTC_0d1e3.dir/src.c.o
/usr/bin/gcc -DHAVE_FALLOC_FL_ZERO_RANGE -D_FILE_OFFSET_BITS=64 -D_GNU_SOURCE -D__STDC_CONSTANT_MACROS -D__STDC_FORMAT_MACROS -D__STDC_LIMIT_MACROS  -fno-omit-frame-pointer -ftls-model=initial-exec  -Wall -Wextra -Wformat-security -Wvla -Wundef -Wmissing-format-attribute -Wwrite-strings -Wconditional-uninitialized -Wextra-semi -Wmissing-noreturn -Wunreachable-code-break -Wunreachable-code-return  -isysroot /Library/Developer/CommandLineTools/SDKs/MacOSX13.3.sdk -fPIE -MD -MT CMakeFiles/cmTC_0d1e3.dir/src.c.o -MF CMakeFiles/cmTC_0d1e3.dir/src.c.o.d -o CMakeFiles/cmTC_0d1e3.dir/src.c.o -c /Users/heidsoft/Downloads/research/mysql-8.0.27/cmake-build-debug/CMakeFiles/CMakeTmp/src.c
/Users/heidsoft/Downloads/research/mysql-8.0.27/cmake-build-debug/CMakeFiles/CMakeTmp/src.c:6:12: fatal error: 'linux/falloc.h' file not found
  #include <linux/falloc.h>
           ^~~~~~~~~~~~~~~~
1 error generated.
make[1]: *** [CMakeFiles/cmTC_0d1e3.dir/src.c.o] Error 1
make: *** [cmTC_0d1e3/fast] Error 2


Source file was:

  #ifndef _GNU_SOURCE
  #define _GNU_SOURCE
  #endif
  #include <fcntl.h>
  #include <linux/falloc.h>
  int main()
  {
    /* Ignore the return value for now. Check if the flags exist.
    The return value is checked  at runtime. */
    fallocate(0, FALLOC_FL_ZERO_RANGE, 0, 0);

    return(0);
  }
Performing C SOURCE FILE Test HAVE_IB_LINUX_FUTEX failed with the following compile output:
Change Dir: /Users/heidsoft/Downloads/research/mysql-8.0.27/cmake-build-debug/CMakeFiles/CMakeTmp

Run Build Command(s):/usr/bin/make -f Makefile cmTC_9bb3b/fast && /Library/Developer/CommandLineTools/usr/bin/make  -f CMakeFiles/cmTC_9bb3b.dir/build.make CMakeFiles/cmTC_9bb3b.dir/build
Building C object CMakeFiles/cmTC_9bb3b.dir/src.c.o
/usr/bin/gcc -DHAVE_IB_LINUX_FUTEX -D_FILE_OFFSET_BITS=64 -D_GNU_SOURCE -D__STDC_CONSTANT_MACROS -D__STDC_FORMAT_MACROS -D__STDC_LIMIT_MACROS  -fno-omit-frame-pointer -ftls-model=initial-exec  -Wall -Wextra -Wformat-security -Wvla -Wundef -Wmissing-format-attribute -Wwrite-strings -Wconditional-uninitialized -Wextra-semi -Wmissing-noreturn -Wunreachable-code-break -Wunreachable-code-return  -isysroot /Library/Developer/CommandLineTools/SDKs/MacOSX13.3.sdk -fPIE -MD -MT CMakeFiles/cmTC_9bb3b.dir/src.c.o -MF CMakeFiles/cmTC_9bb3b.dir/src.c.o.d -o CMakeFiles/cmTC_9bb3b.dir/src.c.o -c /Users/heidsoft/Downloads/research/mysql-8.0.27/cmake-build-debug/CMakeFiles/CMakeTmp/src.c
/Users/heidsoft/Downloads/research/mysql-8.0.27/cmake-build-debug/CMakeFiles/CMakeTmp/src.c:6:12: fatal error: 'linux/futex.h' file not found
  #include <linux/futex.h>
           ^~~~~~~~~~~~~~~
1 error generated.
make[1]: *** [CMakeFiles/cmTC_9bb3b.dir/src.c.o] Error 1
make: *** [cmTC_9bb3b/fast] Error 2


...and run output:
2.1.11-stable
Return value: 1
Source file was:

  #include <stdio.h>
  #include <unistd.h>
  #include <errno.h>
  #include <assert.h>
  #include <linux/futex.h>
  #include <unistd.h>
  #include <sys/syscall.h>

   int futex_wait(int* futex, int v) {
	return(syscall(SYS_futex, futex, FUTEX_WAIT_PRIVATE, v, NULL, NULL, 0));
   }

   int futex_signal(int* futex) {
	return(syscall(SYS_futex, futex, FUTEX_WAKE, 1, NULL, NULL, 0));
   }

  int main() {
	int	ret;
	int	m = 1;

	/* It is setup to fail and return EWOULDBLOCK. */
	ret = futex_wait(&m, 0);
	assert(ret == -1 && errno == EWOULDBLOCK);
	/* Shouldn't wake up any threads. */
	assert(futex_signal(&m) == 0);

	return(0);
  }
Performing C++ SOURCE FILE Test HAVE_CXX_W_logical_op failed with the following output:
Change Dir: /Users/heidsoft/Downloads/research/mysql-8.0.27/cmake-build-debug/CMakeFiles/CMakeTmp

Run Build Command(s):/usr/bin/make -f Makefile cmTC_123d3/fast && /Library/Developer/CommandLineTools/usr/bin/make  -f CMakeFiles/cmTC_123d3.dir/build.make CMakeFiles/cmTC_123d3.dir/build
Building CXX object CMakeFiles/cmTC_123d3.dir/src.cxx.o
/usr/bin/clang -DHAVE_CXX_W_logical_op -D_FILE_OFFSET_BITS=64 -D_GNU_SOURCE -D__STDC_CONSTANT_MACROS -D__STDC_FORMAT_MACROS -D__STDC_LIMIT_MACROS  -std=c++17 -fno-omit-frame-pointer -ftls-model=initial-exec  -Wall -Wextra -Wformat-security -Wvla -Wundef -Wmissing-format-attribute -Woverloaded-virtual -Wcast-qual -Wno-null-conversion -Wno-unused-private-field -Wconditional-uninitialized -Wdeprecated -Wextra-semi -Wheader-hygiene -Wnon-virtual-dtor -Wundefined-reinterpret-cast -Winconsistent-missing-destructor-override -Winconsistent-missing-override -Wshadow-field -Wno-unused-parameter -Wno-cast-qual  -Wlogical-op -isysroot /Library/Developer/CommandLineTools/SDKs/MacOSX13.3.sdk -fPIE -MD -MT CMakeFiles/cmTC_123d3.dir/src.cxx.o -MF CMakeFiles/cmTC_123d3.dir/src.cxx.o.d -o CMakeFiles/cmTC_123d3.dir/src.cxx.o -c /Users/heidsoft/Downloads/research/mysql-8.0.27/cmake-build-debug/CMakeFiles/CMakeTmp/src.cxx
warning: unknown warning option '-Wlogical-op'; did you mean '-Wlong-long'? [-Wunknown-warning-option]
1 warning generated.
Linking CXX executable cmTC_123d3
/Applications/CMake.app/Contents/bin/cmake -E cmake_link_script CMakeFiles/cmTC_123d3.dir/link.txt --verbose=1
/usr/bin/clang -std=c++17 -fno-omit-frame-pointer -ftls-model=initial-exec  -Wall -Wextra -Wformat-security -Wvla -Wundef -Wmissing-format-attribute -Woverloaded-virtual -Wcast-qual -Wno-null-conversion -Wno-unused-private-field -Wconditional-uninitialized -Wdeprecated -Wextra-semi -Wheader-hygiene -Wnon-virtual-dtor -Wundefined-reinterpret-cast -Winconsistent-missing-destructor-override -Winconsistent-missing-override -Wshadow-field -Wno-unused-parameter -Wno-cast-qual  -Wlogical-op -isysroot /Library/Developer/CommandLineTools/SDKs/MacOSX13.3.sdk -Wl,-search_paths_first -Wl,-headerpad_max_install_names -L/usr/local/opt/openssl/lib  CMakeFiles/cmTC_123d3.dir/src.cxx.o -o cmTC_123d3 


Source file was:
int main(void) { return 0; }
Performing C++ SOURCE FILE Test HAVE_PEERCRED failed with the following output:
Change Dir: /Users/heidsoft/Downloads/research/mysql-8.0.27/cmake-build-debug/CMakeFiles/CMakeTmp

Run Build Command(s):/usr/bin/make -f Makefile cmTC_2f62d/fast && /Library/Developer/CommandLineTools/usr/bin/make  -f CMakeFiles/cmTC_2f62d.dir/build.make CMakeFiles/cmTC_2f62d.dir/build
Building CXX object CMakeFiles/cmTC_2f62d.dir/src.cxx.o
/usr/bin/clang -DHAVE_PEERCRED -D_FILE_OFFSET_BITS=64 -D_GNU_SOURCE -D__STDC_CONSTANT_MACROS -D__STDC_FORMAT_MACROS -D__STDC_LIMIT_MACROS  -std=c++17 -fno-omit-frame-pointer -ftls-model=initial-exec  -Wall -Wextra -Wformat-security -Wvla -Wundef -Wmissing-format-attribute -Woverloaded-virtual -Wcast-qual -Wno-null-conversion -Wno-unused-private-field -Wconditional-uninitialized -Wdeprecated -Wextra-semi -Wheader-hygiene -Wnon-virtual-dtor -Wundefined-reinterpret-cast -Winconsistent-missing-destructor-override -Winconsistent-missing-override -Wshadow-field  -isysroot /Library/Developer/CommandLineTools/SDKs/MacOSX13.3.sdk -fPIE -MD -MT CMakeFiles/cmTC_2f62d.dir/src.cxx.o -MF CMakeFiles/cmTC_2f62d.dir/src.cxx.o.d -o CMakeFiles/cmTC_2f62d.dir/src.cxx.o -c /Users/heidsoft/Downloads/research/mysql-8.0.27/cmake-build-debug/CMakeFiles/CMakeTmp/src.cxx
/Users/heidsoft/Downloads/research/mysql-8.0.27/cmake-build-debug/CMakeFiles/CMakeTmp/src.cxx:6:16: error: variable has incomplete type 'struct ucred'
  struct ucred cred;
               ^
/Users/heidsoft/Downloads/research/mysql-8.0.27/cmake-build-debug/CMakeFiles/CMakeTmp/src.cxx:6:10: note: forward declaration of 'ucred'
  struct ucred cred;
         ^
/Users/heidsoft/Downloads/research/mysql-8.0.27/cmake-build-debug/CMakeFiles/CMakeTmp/src.cxx:7:29: error: use of undeclared identifier 'SO_PEERCRED'
  getsockopt(0, SOL_SOCKET, SO_PEERCRED, &cred, 0);
                            ^
2 errors generated.
make[1]: *** [CMakeFiles/cmTC_2f62d.dir/src.cxx.o] Error 1
make: *** [cmTC_2f62d/fast] Error 2


Source file was:
#ifndef _GNU_SOURCE
#define _GNU_SOURCE
#endif
#include <sys/socket.h>
int main() {
  struct ucred cred;
  getsockopt(0, SOL_SOCKET, SO_PEERCRED, &cred, 0);
}
Performing C SOURCE FILE Test HAVE_XDR_OPS_X_PUTINT32 failed with the following output:
Change Dir: /Users/heidsoft/Downloads/research/mysql-8.0.27/cmake-build-debug/CMakeFiles/CMakeTmp

Run Build Command(s):/usr/bin/make -f Makefile cmTC_c019e/fast && /Library/Developer/CommandLineTools/usr/bin/make  -f CMakeFiles/cmTC_c019e.dir/build.make CMakeFiles/cmTC_c019e.dir/build
Building C object CMakeFiles/cmTC_c019e.dir/src.c.o
/usr/bin/gcc -DHAVE_XDR_OPS_X_PUTINT32 -D_FILE_OFFSET_BITS=64 -D_GNU_SOURCE -D__STDC_CONSTANT_MACROS -D__STDC_FORMAT_MACROS -D__STDC_LIMIT_MACROS  -fno-omit-frame-pointer -ftls-model=initial-exec  -Wall -Wextra -Wformat-security -Wvla -Wundef -Wmissing-format-attribute -Wwrite-strings -Wconditional-uninitialized -Wextra-semi -Wmissing-noreturn -Wunreachable-code-break -Wunreachable-code-return -Wno-error -isysroot /Library/Developer/CommandLineTools/SDKs/MacOSX13.3.sdk -fPIE -MD -MT CMakeFiles/cmTC_c019e.dir/src.c.o -MF CMakeFiles/cmTC_c019e.dir/src.c.o.d -o CMakeFiles/cmTC_c019e.dir/src.c.o -c /Users/heidsoft/Downloads/research/mysql-8.0.27/cmake-build-debug/CMakeFiles/CMakeTmp/src.c
In file included from /Users/heidsoft/Downloads/research/mysql-8.0.27/cmake-build-debug/CMakeFiles/CMakeTmp/src.c:2:
/Library/Developer/CommandLineTools/SDKs/MacOSX13.3.sdk/usr/include/rpc/xdr.h:126:3: error: type name requires a specifier or qualifier
                bool_t  (*x_getlong)(struct __rpc_xdr *, int *);
                ^
/Library/Developer/CommandLineTools/SDKs/MacOSX13.3.sdk/usr/include/rpc/xdr.h:128:3: error: type name requires a specifier or qualifier
                bool_t  (*x_putlong)(struct __rpc_xdr *, const int *);
                ^
/Library/Developer/CommandLineTools/SDKs/MacOSX13.3.sdk/usr/include/rpc/xdr.h:128:3: error: duplicate member 'bool_t'
/Library/Developer/CommandLineTools/SDKs/MacOSX13.3.sdk/usr/include/rpc/xdr.h:126:3: note: previous declaration is here
                bool_t  (*x_getlong)(struct __rpc_xdr *, int *);
                ^
/Library/Developer/CommandLineTools/SDKs/MacOSX13.3.sdk/usr/include/rpc/xdr.h:136:3: error: type name requires a specifier or qualifier
                bool_t  (*x_getbytes)(struct __rpc_xdr *, char *, unsigned int);
                ^
/Library/Developer/CommandLineTools/SDKs/MacOSX13.3.sdk/usr/include/rpc/xdr.h:136:3: error: duplicate member 'bool_t'
/Library/Developer/CommandLineTools/SDKs/MacOSX13.3.sdk/usr/include/rpc/xdr.h:126:3: note: previous declaration is here
                bool_t  (*x_getlong)(struct __rpc_xdr *, int *);
                ^
/Library/Developer/CommandLineTools/SDKs/MacOSX13.3.sdk/usr/include/rpc/xdr.h:138:3: error: type name requires a specifier or qualifier
                bool_t  (*x_putbytes)(struct __rpc_xdr *, const char *, unsigned int);
                ^
/Library/Developer/CommandLineTools/SDKs/MacOSX13.3.sdk/usr/include/rpc/xdr.h:138:3: error: duplicate member 'bool_t'
/Library/Developer/CommandLineTools/SDKs/MacOSX13.3.sdk/usr/include/rpc/xdr.h:126:3: note: previous declaration is here
                bool_t  (*x_getlong)(struct __rpc_xdr *, int *);
                ^
/Library/Developer/CommandLineTools/SDKs/MacOSX13.3.sdk/usr/include/rpc/xdr.h:142:3: error: type name requires a specifier or qualifier
                bool_t  (*x_setpostn)(struct __rpc_xdr *, unsigned int);
                ^
/Library/Developer/CommandLineTools/SDKs/MacOSX13.3.sdk/usr/include/rpc/xdr.h:142:3: error: duplicate member 'bool_t'
/Library/Developer/CommandLineTools/SDKs/MacOSX13.3.sdk/usr/include/rpc/xdr.h:126:3: note: previous declaration is here
                bool_t  (*x_getlong)(struct __rpc_xdr *, int *);
                ^
/Library/Developer/CommandLineTools/SDKs/MacOSX13.3.sdk/usr/include/rpc/xdr.h:144:3: error: unknown type name 'int32_t'
                int32_t *(*x_inline)(struct __rpc_xdr *, unsigned int);
                ^
/Library/Developer/CommandLineTools/SDKs/MacOSX13.3.sdk/usr/include/rpc/xdr.h:147:3: error: type name requires a specifier or qualifier
                bool_t  (*x_control)(struct __rpc_xdr *, int, void *);
                ^
/Library/Developer/CommandLineTools/SDKs/MacOSX13.3.sdk/usr/include/rpc/xdr.h:147:3: error: duplicate member 'bool_t'
/Library/Developer/CommandLineTools/SDKs/MacOSX13.3.sdk/usr/include/rpc/xdr.h:126:3: note: previous declaration is here
                bool_t  (*x_getlong)(struct __rpc_xdr *, int *);
                ^
/Library/Developer/CommandLineTools/SDKs/MacOSX13.3.sdk/usr/include/rpc/xdr.h:191:16: error: function cannot return function type 'int (XDR *, void *, unsigned int)' (aka 'int (struct __rpc_xdr *, void *, unsigned int)')
typedef bool_t (*xdrproc_t)(XDR *, void *, unsigned int);
               ^
/Library/Developer/CommandLineTools/SDKs/MacOSX13.3.sdk/usr/include/rpc/xdr.h:215:25: error: unknown type name 'int32_t'
xdr_getint32(XDR *xdrs, int32_t *ip)
                        ^
/Library/Developer/CommandLineTools/SDKs/MacOSX13.3.sdk/usr/include/rpc/xdr.h:217:2: error: use of undeclared identifier 'int32_t'
        int32_t l;
        ^
/Library/Developer/CommandLineTools/SDKs/MacOSX13.3.sdk/usr/include/rpc/xdr.h:219:7: error: no member named 'x_getlong' in 'struct xdr_ops'
        if (!xdr_getlong(xdrs, &l))
             ^~~~~~~~~~~~~~~~~~~~~
/Library/Developer/CommandLineTools/SDKs/MacOSX13.3.sdk/usr/include/rpc/xdr.h:205:19: note: expanded from macro 'xdr_getlong'
        (*(xdrs)->x_ops->x_getlong)(xdrs, longp)
          ~~~~~~~~~~~~~  ^
/Library/Developer/CommandLineTools/SDKs/MacOSX13.3.sdk/usr/include/rpc/xdr.h:219:26: error: use of undeclared identifier 'l'
        if (!xdr_getlong(xdrs, &l))
                                ^
/Library/Developer/CommandLineTools/SDKs/MacOSX13.3.sdk/usr/include/rpc/xdr.h:220:11: error: use of undeclared identifier 'FALSE'
                return (FALSE);
                        ^
/Library/Developer/CommandLineTools/SDKs/MacOSX13.3.sdk/usr/include/rpc/xdr.h:221:8: error: use of undeclared identifier 'l'
        *ip = l;
              ^
fatal error: too many errors emitted, stopping now [-ferror-limit=]
20 errors generated.
make[1]: *** [CMakeFiles/cmTC_c019e.dir/src.c.o] Error 1
make: *** [cmTC_c019e/fast] Error 2


Source file was:

#include <rpc/xdr.h>

int main()
{
  (void)sizeof(((struct xdr_ops *)0)->x_putint32);
  return 0;
}

Performing C SOURCE FILE Test HAVE_XDR_OPS_X_GETINT32 failed with the following output:
Change Dir: /Users/heidsoft/Downloads/research/mysql-8.0.27/cmake-build-debug/CMakeFiles/CMakeTmp

Run Build Command(s):/usr/bin/make -f Makefile cmTC_6ebd5/fast && /Library/Developer/CommandLineTools/usr/bin/make  -f CMakeFiles/cmTC_6ebd5.dir/build.make CMakeFiles/cmTC_6ebd5.dir/build
Building C object CMakeFiles/cmTC_6ebd5.dir/src.c.o
/usr/bin/gcc -DHAVE_XDR_OPS_X_GETINT32 -D_FILE_OFFSET_BITS=64 -D_GNU_SOURCE -D__STDC_CONSTANT_MACROS -D__STDC_FORMAT_MACROS -D__STDC_LIMIT_MACROS  -fno-omit-frame-pointer -ftls-model=initial-exec  -Wall -Wextra -Wformat-security -Wvla -Wundef -Wmissing-format-attribute -Wwrite-strings -Wconditional-uninitialized -Wextra-semi -Wmissing-noreturn -Wunreachable-code-break -Wunreachable-code-return -Wno-error -isysroot /Library/Developer/CommandLineTools/SDKs/MacOSX13.3.sdk -fPIE -MD -MT CMakeFiles/cmTC_6ebd5.dir/src.c.o -MF CMakeFiles/cmTC_6ebd5.dir/src.c.o.d -o CMakeFiles/cmTC_6ebd5.dir/src.c.o -c /Users/heidsoft/Downloads/research/mysql-8.0.27/cmake-build-debug/CMakeFiles/CMakeTmp/src.c
In file included from /Users/heidsoft/Downloads/research/mysql-8.0.27/cmake-build-debug/CMakeFiles/CMakeTmp/src.c:2:
/Library/Developer/CommandLineTools/SDKs/MacOSX13.3.sdk/usr/include/rpc/xdr.h:126:3: error: type name requires a specifier or qualifier
                bool_t  (*x_getlong)(struct __rpc_xdr *, int *);
                ^
/Library/Developer/CommandLineTools/SDKs/MacOSX13.3.sdk/usr/include/rpc/xdr.h:128:3: error: type name requires a specifier or qualifier
                bool_t  (*x_putlong)(struct __rpc_xdr *, const int *);
                ^
/Library/Developer/CommandLineTools/SDKs/MacOSX13.3.sdk/usr/include/rpc/xdr.h:128:3: error: duplicate member 'bool_t'
/Library/Developer/CommandLineTools/SDKs/MacOSX13.3.sdk/usr/include/rpc/xdr.h:126:3: note: previous declaration is here
                bool_t  (*x_getlong)(struct __rpc_xdr *, int *);
                ^
/Library/Developer/CommandLineTools/SDKs/MacOSX13.3.sdk/usr/include/rpc/xdr.h:136:3: error: type name requires a specifier or qualifier
                bool_t  (*x_getbytes)(struct __rpc_xdr *, char *, unsigned int);
                ^
/Library/Developer/CommandLineTools/SDKs/MacOSX13.3.sdk/usr/include/rpc/xdr.h:136:3: error: duplicate member 'bool_t'
/Library/Developer/CommandLineTools/SDKs/MacOSX13.3.sdk/usr/include/rpc/xdr.h:126:3: note: previous declaration is here
                bool_t  (*x_getlong)(struct __rpc_xdr *, int *);
                ^
/Library/Developer/CommandLineTools/SDKs/MacOSX13.3.sdk/usr/include/rpc/xdr.h:138:3: error: type name requires a specifier or qualifier
                bool_t  (*x_putbytes)(struct __rpc_xdr *, const char *, unsigned int);
                ^
/Library/Developer/CommandLineTools/SDKs/MacOSX13.3.sdk/usr/include/rpc/xdr.h:138:3: error: duplicate member 'bool_t'
/Library/Developer/CommandLineTools/SDKs/MacOSX13.3.sdk/usr/include/rpc/xdr.h:126:3: note: previous declaration is here
                bool_t  (*x_getlong)(struct __rpc_xdr *, int *);
                ^
/Library/Developer/CommandLineTools/SDKs/MacOSX13.3.sdk/usr/include/rpc/xdr.h:142:3: error: type name requires a specifier or qualifier
                bool_t  (*x_setpostn)(struct __rpc_xdr *, unsigned int);
                ^
/Library/Developer/CommandLineTools/SDKs/MacOSX13.3.sdk/usr/include/rpc/xdr.h:142:3: error: duplicate member 'bool_t'
/Library/Developer/CommandLineTools/SDKs/MacOSX13.3.sdk/usr/include/rpc/xdr.h:126:3: note: previous declaration is here
                bool_t  (*x_getlong)(struct __rpc_xdr *, int *);
                ^
/Library/Developer/CommandLineTools/SDKs/MacOSX13.3.sdk/usr/include/rpc/xdr.h:144:3: error: unknown type name 'int32_t'
                int32_t *(*x_inline)(struct __rpc_xdr *, unsigned int);
                ^
/Library/Developer/CommandLineTools/SDKs/MacOSX13.3.sdk/usr/include/rpc/xdr.h:147:3: error: type name requires a specifier or qualifier
                bool_t  (*x_control)(struct __rpc_xdr *, int, void *);
                ^
/Library/Developer/CommandLineTools/SDKs/MacOSX13.3.sdk/usr/include/rpc/xdr.h:147:3: error: duplicate member 'bool_t'
/Library/Developer/CommandLineTools/SDKs/MacOSX13.3.sdk/usr/include/rpc/xdr.h:126:3: note: previous declaration is here
                bool_t  (*x_getlong)(struct __rpc_xdr *, int *);
                ^
/Library/Developer/CommandLineTools/SDKs/MacOSX13.3.sdk/usr/include/rpc/xdr.h:191:16: error: function cannot return function type 'int (XDR *, void *, unsigned int)' (aka 'int (struct __rpc_xdr *, void *, unsigned int)')
typedef bool_t (*xdrproc_t)(XDR *, void *, unsigned int);
               ^
/Library/Developer/CommandLineTools/SDKs/MacOSX13.3.sdk/usr/include/rpc/xdr.h:215:25: error: unknown type name 'int32_t'
xdr_getint32(XDR *xdrs, int32_t *ip)
                        ^
/Library/Developer/CommandLineTools/SDKs/MacOSX13.3.sdk/usr/include/rpc/xdr.h:217:2: error: use of undeclared identifier 'int32_t'
        int32_t l;
        ^
/Library/Developer/CommandLineTools/SDKs/MacOSX13.3.sdk/usr/include/rpc/xdr.h:219:7: error: no member named 'x_getlong' in 'struct xdr_ops'
        if (!xdr_getlong(xdrs, &l))
             ^~~~~~~~~~~~~~~~~~~~~
/Library/Developer/CommandLineTools/SDKs/MacOSX13.3.sdk/usr/include/rpc/xdr.h:205:19: note: expanded from macro 'xdr_getlong'
        (*(xdrs)->x_ops->x_getlong)(xdrs, longp)
          ~~~~~~~~~~~~~  ^
/Library/Developer/CommandLineTools/SDKs/MacOSX13.3.sdk/usr/include/rpc/xdr.h:219:26: error: use of undeclared identifier 'l'
        if (!xdr_getlong(xdrs, &l))
                                ^
/Library/Developer/CommandLineTools/SDKs/MacOSX13.3.sdk/usr/include/rpc/xdr.h:220:11: error: use of undeclared identifier 'FALSE'
                return (FALSE);
                        ^
/Library/Developer/CommandLineTools/SDKs/MacOSX13.3.sdk/usr/include/rpc/xdr.h:221:8: error: use of undeclared identifier 'l'
        *ip = l;
              ^
fatal error: too many errors emitted, stopping now [-ferror-limit=]
20 errors generated.
make[1]: *** [CMakeFiles/cmTC_6ebd5.dir/src.c.o] Error 1
make: *** [cmTC_6ebd5/fast] Error 2


Source file was:

#include <rpc/xdr.h>

int main()
{
  (void)sizeof(((struct xdr_ops *)0)->x_getint32);
  return 0;
}

Performing C SOURCE FILE Test HAVE_RPC_INLINE_T failed with the following output:
Change Dir: /Users/heidsoft/Downloads/research/mysql-8.0.27/cmake-build-debug/CMakeFiles/CMakeTmp

Run Build Command(s):/usr/bin/make -f Makefile cmTC_37d90/fast && /Library/Developer/CommandLineTools/usr/bin/make  -f CMakeFiles/cmTC_37d90.dir/build.make CMakeFiles/cmTC_37d90.dir/build
Building C object CMakeFiles/cmTC_37d90.dir/src.c.o
/usr/bin/gcc -DHAVE_RPC_INLINE_T -D_FILE_OFFSET_BITS=64 -D_GNU_SOURCE -D__STDC_CONSTANT_MACROS -D__STDC_FORMAT_MACROS -D__STDC_LIMIT_MACROS  -fno-omit-frame-pointer -ftls-model=initial-exec  -Wall -Wextra -Wformat-security -Wvla -Wundef -Wmissing-format-attribute -Wwrite-strings -Wconditional-uninitialized -Wextra-semi -Wmissing-noreturn -Wunreachable-code-break -Wunreachable-code-return -Wno-error -isysroot /Library/Developer/CommandLineTools/SDKs/MacOSX13.3.sdk -fPIE -MD -MT CMakeFiles/cmTC_37d90.dir/src.c.o -MF CMakeFiles/cmTC_37d90.dir/src.c.o.d -o CMakeFiles/cmTC_37d90.dir/src.c.o -c /Users/heidsoft/Downloads/research/mysql-8.0.27/cmake-build-debug/CMakeFiles/CMakeTmp/src.c
/Users/heidsoft/Downloads/research/mysql-8.0.27/cmake-build-debug/CMakeFiles/CMakeTmp/src.c:3:20: error: use of undeclared identifier 'rpc_inline_t'
  int main(void) { rpc_inline_t x; return 0; }
                   ^
1 error generated.
make[1]: *** [CMakeFiles/cmTC_37d90.dir/src.c.o] Error 1
make: *** [cmTC_37d90/fast] Error 2


Source file was:

  #include <rpc/types.h>
  int main(void) { rpc_inline_t x; return 0; }
  
Performing C++ SOURCE FILE Test HAVE_CXX_W_format_overflow failed with the following output:
Change Dir: /Users/heidsoft/Downloads/research/mysql-8.0.27/cmake-build-debug/CMakeFiles/CMakeTmp

Run Build Command(s):/usr/bin/make -f Makefile cmTC_5070d/fast && /Library/Developer/CommandLineTools/usr/bin/make  -f CMakeFiles/cmTC_5070d.dir/build.make CMakeFiles/cmTC_5070d.dir/build
Building CXX object CMakeFiles/cmTC_5070d.dir/src.cxx.o
/usr/bin/clang -DHAVE_CXX_W_format_overflow -D_FILE_OFFSET_BITS=64 -D_GNU_SOURCE -D__STDC_CONSTANT_MACROS -D__STDC_FORMAT_MACROS -D__STDC_LIMIT_MACROS  -std=c++17 -fno-omit-frame-pointer -ftls-model=initial-exec  -Wall -Wextra -Wformat-security -Wvla -Wundef -Wmissing-format-attribute -Woverloaded-virtual -Wcast-qual -Wno-null-conversion -Wno-unused-private-field -Wconditional-uninitialized -Wdeprecated -Wextra-semi -Wheader-hygiene -Wnon-virtual-dtor -Wundefined-reinterpret-cast -Winconsistent-missing-destructor-override -Winconsistent-missing-override -Wshadow-field  -Wformat-overflow -isysroot /Library/Developer/CommandLineTools/SDKs/MacOSX13.3.sdk -fPIE -MD -MT CMakeFiles/cmTC_5070d.dir/src.cxx.o -MF CMakeFiles/cmTC_5070d.dir/src.cxx.o.d -o CMakeFiles/cmTC_5070d.dir/src.cxx.o -c /Users/heidsoft/Downloads/research/mysql-8.0.27/cmake-build-debug/CMakeFiles/CMakeTmp/src.cxx
warning: unknown warning option '-Wformat-overflow'; did you mean '-Wshift-overflow'? [-Wunknown-warning-option]
1 warning generated.
Linking CXX executable cmTC_5070d
/Applications/CMake.app/Contents/bin/cmake -E cmake_link_script CMakeFiles/cmTC_5070d.dir/link.txt --verbose=1
/usr/bin/clang -std=c++17 -fno-omit-frame-pointer -ftls-model=initial-exec  -Wall -Wextra -Wformat-security -Wvla -Wundef -Wmissing-format-attribute -Woverloaded-virtual -Wcast-qual -Wno-null-conversion -Wno-unused-private-field -Wconditional-uninitialized -Wdeprecated -Wextra-semi -Wheader-hygiene -Wnon-virtual-dtor -Wundefined-reinterpret-cast -Winconsistent-missing-destructor-override -Winconsistent-missing-override -Wshadow-field  -Wformat-overflow -isysroot /Library/Developer/CommandLineTools/SDKs/MacOSX13.3.sdk -Wl,-search_paths_first -Wl,-headerpad_max_install_names -L/usr/local/opt/openssl/lib  CMakeFiles/cmTC_5070d.dir/src.cxx.o -o cmTC_5070d 


Source file was:
int main(void) { return 0; }
Determining if the prlimit exist failed with the following output:
Change Dir: /Users/heidsoft/Downloads/research/mysql-8.0.27/cmake-build-debug/CMakeFiles/CMakeTmp

Run Build Command(s):/usr/bin/make -f Makefile cmTC_39e1d/fast && /Library/Developer/CommandLineTools/usr/bin/make  -f CMakeFiles/cmTC_39e1d.dir/build.make CMakeFiles/cmTC_39e1d.dir/build
Building C object CMakeFiles/cmTC_39e1d.dir/CheckSymbolExists.c.o
/usr/bin/gcc   -fno-omit-frame-pointer -ftls-model=initial-exec  -Wall -Wextra -Wformat-security -Wvla -Wundef -Wmissing-format-attribute -Wwrite-strings -Wconditional-uninitialized -Wextra-semi -Wmissing-noreturn -Wunreachable-code-break -Wunreachable-code-return -D_GNU_SOURCE -isysroot /Library/Developer/CommandLineTools/SDKs/MacOSX13.3.sdk -fPIE -MD -MT CMakeFiles/cmTC_39e1d.dir/CheckSymbolExists.c.o -MF CMakeFiles/cmTC_39e1d.dir/CheckSymbolExists.c.o.d -o CMakeFiles/cmTC_39e1d.dir/CheckSymbolExists.c.o -c /Users/heidsoft/Downloads/research/mysql-8.0.27/cmake-build-debug/CMakeFiles/CMakeTmp/CheckSymbolExists.c
/Users/heidsoft/Downloads/research/mysql-8.0.27/cmake-build-debug/CMakeFiles/CMakeTmp/CheckSymbolExists.c:8:19: error: use of undeclared identifier 'prlimit'
  return ((int*)(&prlimit))[argc];
                  ^
1 error generated.
make[1]: *** [CMakeFiles/cmTC_39e1d.dir/CheckSymbolExists.c.o] Error 1
make: *** [cmTC_39e1d/fast] Error 2


File /Users/heidsoft/Downloads/research/mysql-8.0.27/cmake-build-debug/CMakeFiles/CMakeTmp/CheckSymbolExists.c:
/* */
#include <sys/resource.h>

int main(int argc, char** argv)
{
  (void)argv;
#ifndef prlimit
  return ((int*)(&prlimit))[argc];
#else
  (void)argc;
  return 0;
#endif
}
Performing C++ SOURCE FILE Test COMPILER_HAS_PROFILE_INSTR_GENERATE failed with the following output:
Change Dir: /Users/heidsoft/Downloads/research/mysql-8.0.27/cmake-build-debug/CMakeFiles/CMakeTmp

Run Build Command(s):/usr/bin/make -f Makefile cmTC_3da51/fast && /Library/Developer/CommandLineTools/usr/bin/make  -f CMakeFiles/cmTC_3da51.dir/build.make CMakeFiles/cmTC_3da51.dir/build
Building CXX object CMakeFiles/cmTC_3da51.dir/src.cxx.o
/usr/bin/clang -DCOMPILER_HAS_PROFILE_INSTR_GENERATE  -std=c++17 -fno-omit-frame-pointer -ftls-model=initial-exec  -Wall -Wextra -Wformat-security -Wvla -Wundef -Wmissing-format-attribute -Woverloaded-virtual -Wcast-qual -Wno-null-conversion -Wno-unused-private-field -Wconditional-uninitialized -Wdeprecated -Wextra-semi -Wheader-hygiene -Wnon-virtual-dtor -Wundefined-reinterpret-cast -Winconsistent-missing-destructor-override -Winconsistent-missing-override -Wshadow-field  -isysroot /Library/Developer/CommandLineTools/SDKs/MacOSX13.3.sdk -fPIE   -fprofile-instr-generate -MD -MT CMakeFiles/cmTC_3da51.dir/src.cxx.o -MF CMakeFiles/cmTC_3da51.dir/src.cxx.o.d -o CMakeFiles/cmTC_3da51.dir/src.cxx.o -c /Users/heidsoft/Downloads/research/mysql-8.0.27/cmake-build-debug/CMakeFiles/CMakeTmp/src.cxx
Linking CXX executable cmTC_3da51
/Applications/CMake.app/Contents/bin/cmake -E cmake_link_script CMakeFiles/cmTC_3da51.dir/link.txt --verbose=1
/usr/bin/clang -std=c++17 -fno-omit-frame-pointer -ftls-model=initial-exec  -Wall -Wextra -Wformat-security -Wvla -Wundef -Wmissing-format-attribute -Woverloaded-virtual -Wcast-qual -Wno-null-conversion -Wno-unused-private-field -Wconditional-uninitialized -Wdeprecated -Wextra-semi -Wheader-hygiene -Wnon-virtual-dtor -Wundefined-reinterpret-cast -Winconsistent-missing-destructor-override -Winconsistent-missing-override -Wshadow-field  -isysroot /Library/Developer/CommandLineTools/SDKs/MacOSX13.3.sdk -Wl,-search_paths_first -Wl,-headerpad_max_install_names -L/usr/local/opt/openssl/lib  CMakeFiles/cmTC_3da51.dir/src.cxx.o -o cmTC_3da51 
Undefined symbols for architecture x86_64:
  "___llvm_profile_runtime", referenced from:
      ___llvm_profile_runtime_user in src.cxx.o
     (maybe you meant: ___llvm_profile_runtime_user)
ld: symbol(s) not found for architecture x86_64
clang: error: linker command failed with exit code 1 (use -v to see invocation)
make[1]: *** [cmTC_3da51] Error 1
make: *** [cmTC_3da51/fast] Error 2


Source file was:
int main() { return 0; }
Performing C++ SOURCE FILE Test COMPILER_HAS_SANITIZE_FUZZER failed with the following output:
Change Dir: /Users/heidsoft/Downloads/research/mysql-8.0.27/cmake-build-debug/CMakeFiles/CMakeTmp

Run Build Command(s):/usr/bin/make -f Makefile cmTC_520b9/fast && /Library/Developer/CommandLineTools/usr/bin/make  -f CMakeFiles/cmTC_520b9.dir/build.make CMakeFiles/cmTC_520b9.dir/build
Building CXX object CMakeFiles/cmTC_520b9.dir/src.cxx.o
/usr/bin/clang -DCOMPILER_HAS_SANITIZE_FUZZER  -std=c++17 -fno-omit-frame-pointer -ftls-model=initial-exec  -Wall -Wextra -Wformat-security -Wvla -Wundef -Wmissing-format-attribute -Woverloaded-virtual -Wcast-qual -Wno-null-conversion -Wno-unused-private-field -Wconditional-uninitialized -Wdeprecated -Wextra-semi -Wheader-hygiene -Wnon-virtual-dtor -Wundefined-reinterpret-cast -Winconsistent-missing-destructor-override -Winconsistent-missing-override -Wshadow-field -fsanitize=fuzzer -isysroot /Library/Developer/CommandLineTools/SDKs/MacOSX13.3.sdk -fPIE -MD -MT CMakeFiles/cmTC_520b9.dir/src.cxx.o -MF CMakeFiles/cmTC_520b9.dir/src.cxx.o.d -o CMakeFiles/cmTC_520b9.dir/src.cxx.o -c /Users/heidsoft/Downloads/research/mysql-8.0.27/cmake-build-debug/CMakeFiles/CMakeTmp/src.cxx
Linking CXX executable cmTC_520b9
/Applications/CMake.app/Contents/bin/cmake -E cmake_link_script CMakeFiles/cmTC_520b9.dir/link.txt --verbose=1
/usr/bin/clang -std=c++17 -fno-omit-frame-pointer -ftls-model=initial-exec  -Wall -Wextra -Wformat-security -Wvla -Wundef -Wmissing-format-attribute -Woverloaded-virtual -Wcast-qual -Wno-null-conversion -Wno-unused-private-field -Wconditional-uninitialized -Wdeprecated -Wextra-semi -Wheader-hygiene -Wnon-virtual-dtor -Wundefined-reinterpret-cast -Winconsistent-missing-destructor-override -Winconsistent-missing-override -Wshadow-field -fsanitize=fuzzer -isysroot /Library/Developer/CommandLineTools/SDKs/MacOSX13.3.sdk -Wl,-search_paths_first -Wl,-headerpad_max_install_names -L/usr/local/opt/openssl/lib  CMakeFiles/cmTC_520b9.dir/src.cxx.o -o cmTC_520b9  -fsanitize=fuzzer 
ld: file not found: /Library/Developer/CommandLineTools/usr/lib/clang/14.0.3/lib/darwin/libclang_rt.fuzzer_osx.a
clang: error: linker command failed with exit code 1 (use -v to see invocation)
make[1]: *** [cmTC_520b9] Error 1
make: *** [cmTC_520b9/fast] Error 2


Source file was:

extern "C" int LLVMFuzzerTestOneInput (void *, int)
{ return 0; }
Performing C++ SOURCE FILE Test CLANG_HAS_LIBFUZZER failed with the following output:
Change Dir: /Users/heidsoft/Downloads/research/mysql-8.0.27/cmake-build-debug/CMakeFiles/CMakeTmp

Run Build Command(s):/usr/bin/make -f Makefile cmTC_2c5b5/fast && /Library/Developer/CommandLineTools/usr/bin/make  -f CMakeFiles/cmTC_2c5b5.dir/build.make CMakeFiles/cmTC_2c5b5.dir/build
Building CXX object CMakeFiles/cmTC_2c5b5.dir/src.cxx.o
/usr/bin/clang -DCLANG_HAS_LIBFUZZER  -std=c++17 -fno-omit-frame-pointer -ftls-model=initial-exec  -Wall -Wextra -Wformat-security -Wvla -Wundef -Wmissing-format-attribute -Woverloaded-virtual -Wcast-qual -Wno-null-conversion -Wno-unused-private-field -Wconditional-uninitialized -Wdeprecated -Wextra-semi -Wheader-hygiene -Wnon-virtual-dtor -Wundefined-reinterpret-cast -Winconsistent-missing-destructor-override -Winconsistent-missing-override -Wshadow-field -fsanitize-coverage=trace-pc-guard -isysroot /Library/Developer/CommandLineTools/SDKs/MacOSX13.3.sdk -fPIE -MD -MT CMakeFiles/cmTC_2c5b5.dir/src.cxx.o -MF CMakeFiles/cmTC_2c5b5.dir/src.cxx.o.d -o CMakeFiles/cmTC_2c5b5.dir/src.cxx.o -c /Users/heidsoft/Downloads/research/mysql-8.0.27/cmake-build-debug/CMakeFiles/CMakeTmp/src.cxx
Linking CXX executable cmTC_2c5b5
/Applications/CMake.app/Contents/bin/cmake -E cmake_link_script CMakeFiles/cmTC_2c5b5.dir/link.txt --verbose=1
/usr/bin/clang -std=c++17 -fno-omit-frame-pointer -ftls-model=initial-exec  -Wall -Wextra -Wformat-security -Wvla -Wundef -Wmissing-format-attribute -Woverloaded-virtual -Wcast-qual -Wno-null-conversion -Wno-unused-private-field -Wconditional-uninitialized -Wdeprecated -Wextra-semi -Wheader-hygiene -Wnon-virtual-dtor -Wundefined-reinterpret-cast -Winconsistent-missing-destructor-override -Winconsistent-missing-override -Wshadow-field -fsanitize-coverage=trace-pc-guard -isysroot /Library/Developer/CommandLineTools/SDKs/MacOSX13.3.sdk -Wl,-search_paths_first -Wl,-headerpad_max_install_names -L/usr/local/opt/openssl/lib  CMakeFiles/cmTC_2c5b5.dir/src.cxx.o -o cmTC_2c5b5  -lFuzzer 
ld: library not found for -lFuzzer
clang: error: linker command failed with exit code 1 (use -v to see invocation)
make[1]: *** [cmTC_2c5b5] Error 1
make: *** [cmTC_2c5b5/fast] Error 2


Source file was:

      extern "C" int LLVMFuzzerTestOneInput (void *, int)
      { return 0; }
Performing C++ SOURCE FILE Test HAVE_CXX_W_suggest_attribute_format failed with the following output:
Change Dir: /Users/heidsoft/Downloads/research/mysql-8.0.27/cmake-build-debug/CMakeFiles/CMakeTmp

Run Build Command(s):/usr/bin/make -f Makefile cmTC_65b84/fast && /Library/Developer/CommandLineTools/usr/bin/make  -f CMakeFiles/cmTC_65b84.dir/build.make CMakeFiles/cmTC_65b84.dir/build
Building CXX object CMakeFiles/cmTC_65b84.dir/src.cxx.o
/usr/bin/clang -DHAVE_CXX_W_suggest_attribute_format -D_FILE_OFFSET_BITS=64 -D_GNU_SOURCE -D__STDC_CONSTANT_MACROS -D__STDC_FORMAT_MACROS -D__STDC_LIMIT_MACROS  -std=c++17 -fno-omit-frame-pointer -ftls-model=initial-exec  -Wall -Wextra -Wformat-security -Wvla -Wundef -Wmissing-format-attribute -Woverloaded-virtual -Wcast-qual -Wno-null-conversion -Wno-unused-private-field -Wconditional-uninitialized -Wdeprecated -Wextra-semi -Wheader-hygiene -Wnon-virtual-dtor -Wundefined-reinterpret-cast -Winconsistent-missing-destructor-override -Winconsistent-missing-override -Wshadow-field  -Wsuggest-attribute=format -isysroot /Library/Developer/CommandLineTools/SDKs/MacOSX13.3.sdk -fPIE -MD -MT CMakeFiles/cmTC_65b84.dir/src.cxx.o -MF CMakeFiles/cmTC_65b84.dir/src.cxx.o.d -o CMakeFiles/cmTC_65b84.dir/src.cxx.o -c /Users/heidsoft/Downloads/research/mysql-8.0.27/cmake-build-debug/CMakeFiles/CMakeTmp/src.cxx
warning: unknown warning option '-Wsuggest-attribute=format'; did you mean '-Wproperty-attribute-mismatch'? [-Wunknown-warning-option]
1 warning generated.
Linking CXX executable cmTC_65b84
/Applications/CMake.app/Contents/bin/cmake -E cmake_link_script CMakeFiles/cmTC_65b84.dir/link.txt --verbose=1
/usr/bin/clang -std=c++17 -fno-omit-frame-pointer -ftls-model=initial-exec  -Wall -Wextra -Wformat-security -Wvla -Wundef -Wmissing-format-attribute -Woverloaded-virtual -Wcast-qual -Wno-null-conversion -Wno-unused-private-field -Wconditional-uninitialized -Wdeprecated -Wextra-semi -Wheader-hygiene -Wnon-virtual-dtor -Wundefined-reinterpret-cast -Winconsistent-missing-destructor-override -Winconsistent-missing-override -Wshadow-field  -Wsuggest-attribute=format -isysroot /Library/Developer/CommandLineTools/SDKs/MacOSX13.3.sdk -Wl,-search_paths_first -Wl,-headerpad_max_install_names -L/usr/local/opt/openssl/lib  CMakeFiles/cmTC_65b84.dir/src.cxx.o -o cmTC_65b84 


Source file was:
int main(void) { return 0; }
Performing C++ SOURCE FILE Test HAVE_CXX_W_format_truncation failed with the following output:
Change Dir: /Users/heidsoft/Downloads/research/mysql-8.0.27/cmake-build-debug/CMakeFiles/CMakeTmp

Run Build Command(s):/usr/bin/make -f Makefile cmTC_6b269/fast && /Library/Developer/CommandLineTools/usr/bin/make  -f CMakeFiles/cmTC_6b269.dir/build.make CMakeFiles/cmTC_6b269.dir/build
Building CXX object CMakeFiles/cmTC_6b269.dir/src.cxx.o
/usr/bin/clang -DHAVE_CXX_W_format_truncation -D_FILE_OFFSET_BITS=64 -D_GNU_SOURCE -D__STDC_CONSTANT_MACROS -D__STDC_FORMAT_MACROS -D__STDC_LIMIT_MACROS  -std=c++17 -fno-omit-frame-pointer -ftls-model=initial-exec  -Wall -Wextra -Wformat-security -Wvla -Wundef -Wmissing-format-attribute -Woverloaded-virtual -Wcast-qual -Wno-null-conversion -Wno-unused-private-field -Wconditional-uninitialized -Wdeprecated -Wextra-semi -Wheader-hygiene -Wnon-virtual-dtor -Wundefined-reinterpret-cast -Winconsistent-missing-destructor-override -Winconsistent-missing-override -Wshadow-field  -Wformat-truncation -isysroot /Library/Developer/CommandLineTools/SDKs/MacOSX13.3.sdk -fPIE -MD -MT CMakeFiles/cmTC_6b269.dir/src.cxx.o -MF CMakeFiles/cmTC_6b269.dir/src.cxx.o.d -o CMakeFiles/cmTC_6b269.dir/src.cxx.o -c /Users/heidsoft/Downloads/research/mysql-8.0.27/cmake-build-debug/CMakeFiles/CMakeTmp/src.cxx
warning: unknown warning option '-Wformat-truncation' [-Wunknown-warning-option]
1 warning generated.
Linking CXX executable cmTC_6b269
/Applications/CMake.app/Contents/bin/cmake -E cmake_link_script CMakeFiles/cmTC_6b269.dir/link.txt --verbose=1
/usr/bin/clang -std=c++17 -fno-omit-frame-pointer -ftls-model=initial-exec  -Wall -Wextra -Wformat-security -Wvla -Wundef -Wmissing-format-attribute -Woverloaded-virtual -Wcast-qual -Wno-null-conversion -Wno-unused-private-field -Wconditional-uninitialized -Wdeprecated -Wextra-semi -Wheader-hygiene -Wnon-virtual-dtor -Wundefined-reinterpret-cast -Winconsistent-missing-destructor-override -Winconsistent-missing-override -Wshadow-field  -Wformat-truncation -isysroot /Library/Developer/CommandLineTools/SDKs/MacOSX13.3.sdk -Wl,-search_paths_first -Wl,-headerpad_max_install_names -L/usr/local/opt/openssl/lib  CMakeFiles/cmTC_6b269.dir/src.cxx.o -o cmTC_6b269 


Source file was:
int main(void) { return 0; }
