Performing C SOURCE FILE Test C_LD_GOLD_RESULT failed with the following output:
Change Dir: /Users/heidsoft/Downloads/research/mysql-8.0.27/build/CMakeFiles/CMakeTmp

Run Build Command(s):/usr/local/bin/ninja cmTC_19de4 && [1/2] Building C object CMakeFiles/cmTC_19de4.dir/src.c.o
[2/2] Linking C executable cmTC_19de4
FAILED: cmTC_19de4 
: && /usr/bin/clang -fno-omit-frame-pointer -ftls-model=initial-exec   -isysroot /Library/Developer/CommandLineTools/SDKs/MacOSX14.0.sdk -Wl,-search_paths_first -Wl,-headerpad_max_install_names -L/usr/local/opt/openssl/lib CMakeFiles/cmTC_19de4.dir/src.c.o -o cmTC_19de4  -fuse-ld=gold && :
clang: error: invalid linker name in argument '-fuse-ld=gold'
ninja: build stopped: subcommand failed.


Source file was:
int main() {}
Performing C++ SOURCE FILE Test CXX_LD_GOLD_RESULT failed with the following output:
Change Dir: /Users/heidsoft/Downloads/research/mysql-8.0.27/build/CMakeFiles/CMakeTmp

Run Build Command(s):/usr/local/bin/ninja cmTC_b6438 && [1/2] Building CXX object CMakeFiles/cmTC_b6438.dir/src.cxx.o
[2/2] Linking CXX executable cmTC_b6438
FAILED: cmTC_b6438 
: && /usr/bin/clang++ -std=c++17 -fno-omit-frame-pointer -ftls-model=initial-exec   -isysroot /Library/Developer/CommandLineTools/SDKs/MacOSX14.0.sdk -Wl,-search_paths_first -Wl,-headerpad_max_install_names -L/usr/local/opt/openssl/lib CMakeFiles/cmTC_b6438.dir/src.cxx.o -o cmTC_b6438  -fuse-ld=gold && :
clang: error: invalid linker name in argument '-fuse-ld=gold'
ninja: build stopped: subcommand failed.


Source file was:
int main() {}
Determining if the function gethostbyname_r exists failed with the following output:
Change Dir: /Users/heidsoft/Downloads/research/mysql-8.0.27/build/CMakeFiles/CMakeTmp

Run Build Command(s):/usr/local/bin/ninja cmTC_979fb && [1/2] Building C object CMakeFiles/cmTC_979fb.dir/CheckFunctionExists.c.o
[2/2] Linking C executable cmTC_979fb
FAILED: cmTC_979fb 
: && /usr/bin/clang -fno-omit-frame-pointer -ftls-model=initial-exec  -DCHECK_FUNCTION_EXISTS=gethostbyname_r -isysroot /Library/Developer/CommandLineTools/SDKs/MacOSX14.0.sdk -Wl,-search_paths_first -Wl,-headerpad_max_install_names -L/usr/local/opt/openssl/lib CMakeFiles/cmTC_979fb.dir/CheckFunctionExists.c.o -o cmTC_979fb   && :
ld: Undefined symbols:
  _gethostbyname_r, referenced from:
      _main in CheckFunctionExists.c.o
clang: error: linker command failed with exit code 1 (use -v to see invocation)
ninja: build stopped: subcommand failed.



Determining if the function gethostbyname_r exists in the nsl_r failed with the following output:
Change Dir: /Users/heidsoft/Downloads/research/mysql-8.0.27/build/CMakeFiles/CMakeTmp

Run Build Command(s):/usr/local/bin/ninja cmTC_5f457 && [1/2] Building C object CMakeFiles/cmTC_5f457.dir/CheckFunctionExists.c.o
[2/2] Linking C executable cmTC_5f457
FAILED: cmTC_5f457 
: && /usr/bin/clang -fno-omit-frame-pointer -ftls-model=initial-exec  -DCHECK_FUNCTION_EXISTS=gethostbyname_r -isysroot /Library/Developer/CommandLineTools/SDKs/MacOSX14.0.sdk -Wl,-search_paths_first -Wl,-headerpad_max_install_names -L/usr/local/opt/openssl/lib CMakeFiles/cmTC_5f457.dir/CheckFunctionExists.c.o -o cmTC_5f457  -lnsl_r && :
ld: library 'nsl_r' not found
clang: error: linker command failed with exit code 1 (use -v to see invocation)
ninja: build stopped: subcommand failed.



Determining if the function gethostbyname_r exists in the nsl failed with the following output:
Change Dir: /Users/heidsoft/Downloads/research/mysql-8.0.27/build/CMakeFiles/CMakeTmp

Run Build Command(s):/usr/local/bin/ninja cmTC_40fa7 && [1/2] Building C object CMakeFiles/cmTC_40fa7.dir/CheckFunctionExists.c.o
[2/2] Linking C executable cmTC_40fa7
FAILED: cmTC_40fa7 
: && /usr/bin/clang -fno-omit-frame-pointer -ftls-model=initial-exec  -DCHECK_FUNCTION_EXISTS=gethostbyname_r -isysroot /Library/Developer/CommandLineTools/SDKs/MacOSX14.0.sdk -Wl,-search_paths_first -Wl,-headerpad_max_install_names -L/usr/local/opt/openssl/lib CMakeFiles/cmTC_40fa7.dir/CheckFunctionExists.c.o -o cmTC_40fa7  -lnsl && :
ld: library 'nsl' not found
clang: error: linker command failed with exit code 1 (use -v to see invocation)
ninja: build stopped: subcommand failed.



Determining if the function timer_create exists failed with the following output:
Change Dir: /Users/heidsoft/Downloads/research/mysql-8.0.27/build/CMakeFiles/CMakeTmp

Run Build Command(s):/usr/local/bin/ninja cmTC_6de9f && [1/2] Building C object CMakeFiles/cmTC_6de9f.dir/CheckFunctionExists.c.o
[2/2] Linking C executable cmTC_6de9f
FAILED: cmTC_6de9f 
: && /usr/bin/clang -fno-omit-frame-pointer -ftls-model=initial-exec  -DCHECK_FUNCTION_EXISTS=timer_create -isysroot /Library/Developer/CommandLineTools/SDKs/MacOSX14.0.sdk -Wl,-search_paths_first -Wl,-headerpad_max_install_names -L/usr/local/opt/openssl/lib CMakeFiles/cmTC_6de9f.dir/CheckFunctionExists.c.o -o cmTC_6de9f   && :
ld: Undefined symbols:
  _timer_create, referenced from:
      _main in CheckFunctionExists.c.o
clang: error: linker command failed with exit code 1 (use -v to see invocation)
ninja: build stopped: subcommand failed.



Determining if the function timer_create exists in the rt failed with the following output:
Change Dir: /Users/heidsoft/Downloads/research/mysql-8.0.27/build/CMakeFiles/CMakeTmp

Run Build Command(s):/usr/local/bin/ninja cmTC_d9fd1 && [1/2] Building C object CMakeFiles/cmTC_d9fd1.dir/CheckFunctionExists.c.o
[2/2] Linking C executable cmTC_d9fd1
FAILED: cmTC_d9fd1 
: && /usr/bin/clang -fno-omit-frame-pointer -ftls-model=initial-exec  -DCHECK_FUNCTION_EXISTS=timer_create -isysroot /Library/Developer/CommandLineTools/SDKs/MacOSX14.0.sdk -Wl,-search_paths_first -Wl,-headerpad_max_install_names -L/usr/local/opt/openssl/lib CMakeFiles/cmTC_d9fd1.dir/CheckFunctionExists.c.o -o cmTC_d9fd1  -lrt && :
ld: library 'rt' not found
clang: error: linker command failed with exit code 1 (use -v to see invocation)
ninja: build stopped: subcommand failed.



Determining if files endian.h exist failed with the following output:
Change Dir: /Users/heidsoft/Downloads/research/mysql-8.0.27/build/CMakeFiles/CMakeTmp

Run Build Command(s):/usr/local/bin/ninja cmTC_b1e93 && [1/2] Building C object CMakeFiles/cmTC_b1e93.dir/HAVE_ENDIAN_H.c.o
FAILED: CMakeFiles/cmTC_b1e93.dir/HAVE_ENDIAN_H.c.o 
/usr/bin/clang   -fno-omit-frame-pointer -ftls-model=initial-exec   -isysroot /Library/Developer/CommandLineTools/SDKs/MacOSX14.0.sdk -fPIE -MD -MT CMakeFiles/cmTC_b1e93.dir/HAVE_ENDIAN_H.c.o -MF CMakeFiles/cmTC_b1e93.dir/HAVE_ENDIAN_H.c.o.d -o CMakeFiles/cmTC_b1e93.dir/HAVE_ENDIAN_H.c.o -c /Users/heidsoft/Downloads/research/mysql-8.0.27/build/CMakeFiles/CheckIncludeFiles/HAVE_ENDIAN_H.c
/Users/heidsoft/Downloads/research/mysql-8.0.27/build/CMakeFiles/CheckIncludeFiles/HAVE_ENDIAN_H.c:2:10: fatal error: 'endian.h' file not found
#include <endian.h>
         ^~~~~~~~~~
1 error generated.
ninja: build stopped: subcommand failed.


Source:
/* */
#include <endian.h>


int main(void){return 0;}

Determining if files fpu_control.h exist failed with the following output:
Change Dir: /Users/heidsoft/Downloads/research/mysql-8.0.27/build/CMakeFiles/CMakeTmp

Run Build Command(s):/usr/local/bin/ninja cmTC_d1800 && [1/2] Building C object CMakeFiles/cmTC_d1800.dir/HAVE_FPU_CONTROL_H.c.o
FAILED: CMakeFiles/cmTC_d1800.dir/HAVE_FPU_CONTROL_H.c.o 
/usr/bin/clang   -fno-omit-frame-pointer -ftls-model=initial-exec   -isysroot /Library/Developer/CommandLineTools/SDKs/MacOSX14.0.sdk -fPIE -MD -MT CMakeFiles/cmTC_d1800.dir/HAVE_FPU_CONTROL_H.c.o -MF CMakeFiles/cmTC_d1800.dir/HAVE_FPU_CONTROL_H.c.o.d -o CMakeFiles/cmTC_d1800.dir/HAVE_FPU_CONTROL_H.c.o -c /Users/heidsoft/Downloads/research/mysql-8.0.27/build/CMakeFiles/CheckIncludeFiles/HAVE_FPU_CONTROL_H.c
/Users/heidsoft/Downloads/research/mysql-8.0.27/build/CMakeFiles/CheckIncludeFiles/HAVE_FPU_CONTROL_H.c:2:10: fatal error: 'fpu_control.h' file not found
#include <fpu_control.h>
         ^~~~~~~~~~~~~~~
1 error generated.
ninja: build stopped: subcommand failed.


Source:
/* */
#include <fpu_control.h>


int main(void){return 0;}

Determining if files malloc.h exist failed with the following output:
Change Dir: /Users/heidsoft/Downloads/research/mysql-8.0.27/build/CMakeFiles/CMakeTmp

Run Build Command(s):/usr/local/bin/ninja cmTC_d7386 && [1/2] Building C object CMakeFiles/cmTC_d7386.dir/HAVE_MALLOC_H.c.o
FAILED: CMakeFiles/cmTC_d7386.dir/HAVE_MALLOC_H.c.o 
/usr/bin/clang   -fno-omit-frame-pointer -ftls-model=initial-exec   -isysroot /Library/Developer/CommandLineTools/SDKs/MacOSX14.0.sdk -fPIE -MD -MT CMakeFiles/cmTC_d7386.dir/HAVE_MALLOC_H.c.o -MF CMakeFiles/cmTC_d7386.dir/HAVE_MALLOC_H.c.o.d -o CMakeFiles/cmTC_d7386.dir/HAVE_MALLOC_H.c.o -c /Users/heidsoft/Downloads/research/mysql-8.0.27/build/CMakeFiles/CheckIncludeFiles/HAVE_MALLOC_H.c
/Users/heidsoft/Downloads/research/mysql-8.0.27/build/CMakeFiles/CheckIncludeFiles/HAVE_MALLOC_H.c:2:10: fatal error: 'malloc.h' file not found
#include <malloc.h>
         ^~~~~~~~~~
1 error generated.
ninja: build stopped: subcommand failed.


Source:
/* */
#include <malloc.h>


int main(void){return 0;}

Determining if files sys/prctl.h exist failed with the following output:
Change Dir: /Users/heidsoft/Downloads/research/mysql-8.0.27/build/CMakeFiles/CMakeTmp

Run Build Command(s):/usr/local/bin/ninja cmTC_5f92d && [1/2] Building C object CMakeFiles/cmTC_5f92d.dir/HAVE_SYS_PRCTL_H.c.o
FAILED: CMakeFiles/cmTC_5f92d.dir/HAVE_SYS_PRCTL_H.c.o 
/usr/bin/clang   -fno-omit-frame-pointer -ftls-model=initial-exec   -isysroot /Library/Developer/CommandLineTools/SDKs/MacOSX14.0.sdk -fPIE -MD -MT CMakeFiles/cmTC_5f92d.dir/HAVE_SYS_PRCTL_H.c.o -MF CMakeFiles/cmTC_5f92d.dir/HAVE_SYS_PRCTL_H.c.o.d -o CMakeFiles/cmTC_5f92d.dir/HAVE_SYS_PRCTL_H.c.o -c /Users/heidsoft/Downloads/research/mysql-8.0.27/build/CMakeFiles/CheckIncludeFiles/HAVE_SYS_PRCTL_H.c
/Users/heidsoft/Downloads/research/mysql-8.0.27/build/CMakeFiles/CheckIncludeFiles/HAVE_SYS_PRCTL_H.c:2:10: fatal error: 'sys/prctl.h' file not found
#include <sys/prctl.h>
         ^~~~~~~~~~~~~
1 error generated.
ninja: build stopped: subcommand failed.


Source:
/* */
#include <sys/prctl.h>


int main(void){return 0;}

Determining if files termio.h exist failed with the following output:
Change Dir: /Users/heidsoft/Downloads/research/mysql-8.0.27/build/CMakeFiles/CMakeTmp

Run Build Command(s):/usr/local/bin/ninja cmTC_89331 && [1/2] Building C object CMakeFiles/cmTC_89331.dir/HAVE_TERMIO_H.c.o
FAILED: CMakeFiles/cmTC_89331.dir/HAVE_TERMIO_H.c.o 
/usr/bin/clang   -fno-omit-frame-pointer -ftls-model=initial-exec   -isysroot /Library/Developer/CommandLineTools/SDKs/MacOSX14.0.sdk -fPIE -MD -MT CMakeFiles/cmTC_89331.dir/HAVE_TERMIO_H.c.o -MF CMakeFiles/cmTC_89331.dir/HAVE_TERMIO_H.c.o.d -o CMakeFiles/cmTC_89331.dir/HAVE_TERMIO_H.c.o -c /Users/heidsoft/Downloads/research/mysql-8.0.27/build/CMakeFiles/CheckIncludeFiles/HAVE_TERMIO_H.c
/Users/heidsoft/Downloads/research/mysql-8.0.27/build/CMakeFiles/CheckIncludeFiles/HAVE_TERMIO_H.c:2:10: fatal error: 'termio.h' file not found
#include <termio.h>
         ^~~~~~~~~~
1 error generated.
ninja: build stopped: subcommand failed.


Source:
/* */
#include <termio.h>


int main(void){return 0;}

Determining if the function _aligned_malloc exists failed with the following output:
Change Dir: /Users/heidsoft/Downloads/research/mysql-8.0.27/build/CMakeFiles/CMakeTmp

Run Build Command(s):/usr/local/bin/ninja cmTC_c0b3d && [1/2] Building C object CMakeFiles/cmTC_c0b3d.dir/CheckFunctionExists.c.o
[2/2] Linking C executable cmTC_c0b3d
FAILED: cmTC_c0b3d 
: && /usr/bin/clang -fno-omit-frame-pointer -ftls-model=initial-exec  -DCHECK_FUNCTION_EXISTS=_aligned_malloc -isysroot /Library/Developer/CommandLineTools/SDKs/MacOSX14.0.sdk -Wl,-search_paths_first -Wl,-headerpad_max_install_names -L/usr/local/opt/openssl/lib CMakeFiles/cmTC_c0b3d.dir/CheckFunctionExists.c.o -o cmTC_c0b3d   && :
ld: Undefined symbols:
  __aligned_malloc, referenced from:
      _main in CheckFunctionExists.c.o
clang: error: linker command failed with exit code 1 (use -v to see invocation)
ninja: build stopped: subcommand failed.



Determining if the function cuserid exists failed with the following output:
Change Dir: /Users/heidsoft/Downloads/research/mysql-8.0.27/build/CMakeFiles/CMakeTmp

Run Build Command(s):/usr/local/bin/ninja cmTC_e9bdc && [1/2] Building C object CMakeFiles/cmTC_e9bdc.dir/CheckFunctionExists.c.o
[2/2] Linking C executable cmTC_e9bdc
FAILED: cmTC_e9bdc 
: && /usr/bin/clang -fno-omit-frame-pointer -ftls-model=initial-exec  -DCHECK_FUNCTION_EXISTS=cuserid -isysroot /Library/Developer/CommandLineTools/SDKs/MacOSX14.0.sdk -Wl,-search_paths_first -Wl,-headerpad_max_install_names -L/usr/local/opt/openssl/lib CMakeFiles/cmTC_e9bdc.dir/CheckFunctionExists.c.o -o cmTC_e9bdc   && :
ld: Undefined symbols:
  _cuserid, referenced from:
      _main in CheckFunctionExists.c.o
clang: error: linker command failed with exit code 1 (use -v to see invocation)
ninja: build stopped: subcommand failed.



Determining if the function directio exists failed with the following output:
Change Dir: /Users/heidsoft/Downloads/research/mysql-8.0.27/build/CMakeFiles/CMakeTmp

Run Build Command(s):/usr/local/bin/ninja cmTC_bfa2e && [1/2] Building C object CMakeFiles/cmTC_bfa2e.dir/CheckFunctionExists.c.o
[2/2] Linking C executable cmTC_bfa2e
FAILED: cmTC_bfa2e 
: && /usr/bin/clang -fno-omit-frame-pointer -ftls-model=initial-exec  -DCHECK_FUNCTION_EXISTS=directio -isysroot /Library/Developer/CommandLineTools/SDKs/MacOSX14.0.sdk -Wl,-search_paths_first -Wl,-headerpad_max_install_names -L/usr/local/opt/openssl/lib CMakeFiles/cmTC_bfa2e.dir/CheckFunctionExists.c.o -o cmTC_bfa2e   && :
ld: Undefined symbols:
  _directio, referenced from:
      _main in CheckFunctionExists.c.o
clang: error: linker command failed with exit code 1 (use -v to see invocation)
ninja: build stopped: subcommand failed.



Determining if the fdatasync exist failed with the following output:
Change Dir: /Users/heidsoft/Downloads/research/mysql-8.0.27/build/CMakeFiles/CMakeTmp

Run Build Command(s):/usr/local/bin/ninja cmTC_9dbf5 && [1/2] Building C object CMakeFiles/cmTC_9dbf5.dir/CheckSymbolExists.c.o
FAILED: CMakeFiles/cmTC_9dbf5.dir/CheckSymbolExists.c.o 
/usr/bin/clang   -fno-omit-frame-pointer -ftls-model=initial-exec   -isysroot /Library/Developer/CommandLineTools/SDKs/MacOSX14.0.sdk -fPIE -MD -MT CMakeFiles/cmTC_9dbf5.dir/CheckSymbolExists.c.o -MF CMakeFiles/cmTC_9dbf5.dir/CheckSymbolExists.c.o.d -o CMakeFiles/cmTC_9dbf5.dir/CheckSymbolExists.c.o -c /Users/heidsoft/Downloads/research/mysql-8.0.27/build/CMakeFiles/CMakeTmp/CheckSymbolExists.c
/Users/heidsoft/Downloads/research/mysql-8.0.27/build/CMakeFiles/CMakeTmp/CheckSymbolExists.c:8:19: error: use of undeclared identifier 'fdatasync'
  return ((int*)(&fdatasync))[argc];
                  ^
1 error generated.
ninja: build stopped: subcommand failed.


File /Users/heidsoft/Downloads/research/mysql-8.0.27/build/CMakeFiles/CMakeTmp/CheckSymbolExists.c:
/* */
#include <unistd.h>

int main(int argc, char** argv)
{
  (void)argv;
#ifndef fdatasync
  return ((int*)(&fdatasync))[argc];
#else
  (void)argc;
  return 0;
#endif
}
Determining if the function fedisableexcept exists failed with the following output:
Change Dir: /Users/heidsoft/Downloads/research/mysql-8.0.27/build/CMakeFiles/CMakeTmp

Run Build Command(s):/usr/local/bin/ninja cmTC_e55ed && [1/2] Building C object CMakeFiles/cmTC_e55ed.dir/CheckFunctionExists.c.o
[2/2] Linking C executable cmTC_e55ed
FAILED: cmTC_e55ed 
: && /usr/bin/clang -fno-omit-frame-pointer -ftls-model=initial-exec  -DCHECK_FUNCTION_EXISTS=fedisableexcept -isysroot /Library/Developer/CommandLineTools/SDKs/MacOSX14.0.sdk -Wl,-search_paths_first -Wl,-headerpad_max_install_names -L/usr/local/opt/openssl/lib CMakeFiles/cmTC_e55ed.dir/CheckFunctionExists.c.o -o cmTC_e55ed   && :
ld: Undefined symbols:
  _fedisableexcept, referenced from:
      _main in CheckFunctionExists.c.o
clang: error: linker command failed with exit code 1 (use -v to see invocation)
ninja: build stopped: subcommand failed.



Determining if the function gethrtime exists failed with the following output:
Change Dir: /Users/heidsoft/Downloads/research/mysql-8.0.27/build/CMakeFiles/CMakeTmp

Run Build Command(s):/usr/local/bin/ninja cmTC_33d70 && [1/2] Building C object CMakeFiles/cmTC_33d70.dir/CheckFunctionExists.c.o
[2/2] Linking C executable cmTC_33d70
FAILED: cmTC_33d70 
: && /usr/bin/clang -fno-omit-frame-pointer -ftls-model=initial-exec  -DCHECK_FUNCTION_EXISTS=gethrtime -isysroot /Library/Developer/CommandLineTools/SDKs/MacOSX14.0.sdk -Wl,-search_paths_first -Wl,-headerpad_max_install_names -L/usr/local/opt/openssl/lib CMakeFiles/cmTC_33d70.dir/CheckFunctionExists.c.o -o cmTC_33d70   && :
ld: Undefined symbols:
  _gethrtime, referenced from:
      _main in CheckFunctionExists.c.o
clang: error: linker command failed with exit code 1 (use -v to see invocation)
ninja: build stopped: subcommand failed.



Determining if the function getpassphrase exists failed with the following output:
Change Dir: /Users/heidsoft/Downloads/research/mysql-8.0.27/build/CMakeFiles/CMakeTmp

Run Build Command(s):/usr/local/bin/ninja cmTC_a31b3 && [1/2] Building C object CMakeFiles/cmTC_a31b3.dir/CheckFunctionExists.c.o
[2/2] Linking C executable cmTC_a31b3
FAILED: cmTC_a31b3 
: && /usr/bin/clang -fno-omit-frame-pointer -ftls-model=initial-exec  -DCHECK_FUNCTION_EXISTS=getpassphrase -isysroot /Library/Developer/CommandLineTools/SDKs/MacOSX14.0.sdk -Wl,-search_paths_first -Wl,-headerpad_max_install_names -L/usr/local/opt/openssl/lib CMakeFiles/cmTC_a31b3.dir/CheckFunctionExists.c.o -o cmTC_a31b3   && :
ld: Undefined symbols:
  _getpassphrase, referenced from:
      _main in CheckFunctionExists.c.o
clang: error: linker command failed with exit code 1 (use -v to see invocation)
ninja: build stopped: subcommand failed.



Determining if the function malloc_info exists failed with the following output:
Change Dir: /Users/heidsoft/Downloads/research/mysql-8.0.27/build/CMakeFiles/CMakeTmp

Run Build Command(s):/usr/local/bin/ninja cmTC_2de8e && [1/2] Building C object CMakeFiles/cmTC_2de8e.dir/CheckFunctionExists.c.o
[2/2] Linking C executable cmTC_2de8e
FAILED: cmTC_2de8e 
: && /usr/bin/clang -fno-omit-frame-pointer -ftls-model=initial-exec  -DCHECK_FUNCTION_EXISTS=malloc_info -isysroot /Library/Developer/CommandLineTools/SDKs/MacOSX14.0.sdk -Wl,-search_paths_first -Wl,-headerpad_max_install_names -L/usr/local/opt/openssl/lib CMakeFiles/cmTC_2de8e.dir/CheckFunctionExists.c.o -o cmTC_2de8e   && :
ld: Undefined symbols:
  _malloc_info, referenced from:
      _main in CheckFunctionExists.c.o
clang: error: linker command failed with exit code 1 (use -v to see invocation)
ninja: build stopped: subcommand failed.



Determining if the function mmap64 exists failed with the following output:
Change Dir: /Users/heidsoft/Downloads/research/mysql-8.0.27/build/CMakeFiles/CMakeTmp

Run Build Command(s):/usr/local/bin/ninja cmTC_42eac && [1/2] Building C object CMakeFiles/cmTC_42eac.dir/CheckFunctionExists.c.o
[2/2] Linking C executable cmTC_42eac
FAILED: cmTC_42eac 
: && /usr/bin/clang -fno-omit-frame-pointer -ftls-model=initial-exec  -DCHECK_FUNCTION_EXISTS=mmap64 -isysroot /Library/Developer/CommandLineTools/SDKs/MacOSX14.0.sdk -Wl,-search_paths_first -Wl,-headerpad_max_install_names -L/usr/local/opt/openssl/lib CMakeFiles/cmTC_42eac.dir/CheckFunctionExists.c.o -o cmTC_42eac   && :
ld: Undefined symbols:
  _mmap64, referenced from:
      _main in CheckFunctionExists.c.o
clang: error: linker command failed with exit code 1 (use -v to see invocation)
ninja: build stopped: subcommand failed.



Determining if the function posix_fallocate exists failed with the following output:
Change Dir: /Users/heidsoft/Downloads/research/mysql-8.0.27/build/CMakeFiles/CMakeTmp

Run Build Command(s):/usr/local/bin/ninja cmTC_3049f && [1/2] Building C object CMakeFiles/cmTC_3049f.dir/CheckFunctionExists.c.o
[2/2] Linking C executable cmTC_3049f
FAILED: cmTC_3049f 
: && /usr/bin/clang -fno-omit-frame-pointer -ftls-model=initial-exec  -DCHECK_FUNCTION_EXISTS=posix_fallocate -isysroot /Library/Developer/CommandLineTools/SDKs/MacOSX14.0.sdk -Wl,-search_paths_first -Wl,-headerpad_max_install_names -L/usr/local/opt/openssl/lib CMakeFiles/cmTC_3049f.dir/CheckFunctionExists.c.o -o cmTC_3049f   && :
ld: Undefined symbols:
  _posix_fallocate, referenced from:
      _main in CheckFunctionExists.c.o
clang: error: linker command failed with exit code 1 (use -v to see invocation)
ninja: build stopped: subcommand failed.



Determining if the function pthread_condattr_setclock exists failed with the following output:
Change Dir: /Users/heidsoft/Downloads/research/mysql-8.0.27/build/CMakeFiles/CMakeTmp

Run Build Command(s):/usr/local/bin/ninja cmTC_5b4aa && [1/2] Building C object CMakeFiles/cmTC_5b4aa.dir/CheckFunctionExists.c.o
[2/2] Linking C executable cmTC_5b4aa
FAILED: cmTC_5b4aa 
: && /usr/bin/clang -fno-omit-frame-pointer -ftls-model=initial-exec  -DCHECK_FUNCTION_EXISTS=pthread_condattr_setclock -isysroot /Library/Developer/CommandLineTools/SDKs/MacOSX14.0.sdk -Wl,-search_paths_first -Wl,-headerpad_max_install_names -L/usr/local/opt/openssl/lib CMakeFiles/cmTC_5b4aa.dir/CheckFunctionExists.c.o -o cmTC_5b4aa   && :
ld: Undefined symbols:
  _pthread_condattr_setclock, referenced from:
      _main in CheckFunctionExists.c.o
clang: error: linker command failed with exit code 1 (use -v to see invocation)
ninja: build stopped: subcommand failed.



Determining if the function pthread_getaffinity_np exists failed with the following output:
Change Dir: /Users/heidsoft/Downloads/research/mysql-8.0.27/build/CMakeFiles/CMakeTmp

Run Build Command(s):/usr/local/bin/ninja cmTC_bed9a && [1/2] Building C object CMakeFiles/cmTC_bed9a.dir/CheckFunctionExists.c.o
[2/2] Linking C executable cmTC_bed9a
FAILED: cmTC_bed9a 
: && /usr/bin/clang -fno-omit-frame-pointer -ftls-model=initial-exec  -DCHECK_FUNCTION_EXISTS=pthread_getaffinity_np -isysroot /Library/Developer/CommandLineTools/SDKs/MacOSX14.0.sdk -Wl,-search_paths_first -Wl,-headerpad_max_install_names -L/usr/local/opt/openssl/lib CMakeFiles/cmTC_bed9a.dir/CheckFunctionExists.c.o -o cmTC_bed9a   && :
ld: Undefined symbols:
  _pthread_getaffinity_np, referenced from:
      _main in CheckFunctionExists.c.o
clang: error: linker command failed with exit code 1 (use -v to see invocation)
ninja: build stopped: subcommand failed.



Determining if the function tell exists failed with the following output:
Change Dir: /Users/heidsoft/Downloads/research/mysql-8.0.27/build/CMakeFiles/CMakeTmp

Run Build Command(s):/usr/local/bin/ninja cmTC_22d70 && [1/2] Building C object CMakeFiles/cmTC_22d70.dir/CheckFunctionExists.c.o
[2/2] Linking C executable cmTC_22d70
FAILED: cmTC_22d70 
: && /usr/bin/clang -fno-omit-frame-pointer -ftls-model=initial-exec  -DCHECK_FUNCTION_EXISTS=tell -isysroot /Library/Developer/CommandLineTools/SDKs/MacOSX14.0.sdk -Wl,-search_paths_first -Wl,-headerpad_max_install_names -L/usr/local/opt/openssl/lib CMakeFiles/cmTC_22d70.dir/CheckFunctionExists.c.o -o cmTC_22d70   && :
ld: Undefined symbols:
  _tell, referenced from:
      _main in CheckFunctionExists.c.o
clang: error: linker command failed with exit code 1 (use -v to see invocation)
ninja: build stopped: subcommand failed.



Determining if the function memalign exists failed with the following output:
Change Dir: /Users/heidsoft/Downloads/research/mysql-8.0.27/build/CMakeFiles/CMakeTmp

Run Build Command(s):/usr/local/bin/ninja cmTC_fa78f && [1/2] Building C object CMakeFiles/cmTC_fa78f.dir/CheckFunctionExists.c.o
/Applications/CMake.app/Contents/share/cmake-3.21/Modules/CheckFunctionExists.c:7:3: warning: incompatible redeclaration of library function 'memalign' [-Wincompatible-library-redeclaration]
  CHECK_FUNCTION_EXISTS(void);
  ^
<command line>:1:31: note: expanded from macro 'CHECK_FUNCTION_EXISTS'
#define CHECK_FUNCTION_EXISTS memalign
                              ^
/Applications/CMake.app/Contents/share/cmake-3.21/Modules/CheckFunctionExists.c:7:3: note: 'memalign' is a builtin with type 'void *(unsigned long, unsigned long)'
<command line>:1:31: note: expanded from macro 'CHECK_FUNCTION_EXISTS'
#define CHECK_FUNCTION_EXISTS memalign
                              ^
1 warning generated.
[2/2] Linking C executable cmTC_fa78f
FAILED: cmTC_fa78f 
: && /usr/bin/clang -fno-omit-frame-pointer -ftls-model=initial-exec  -DCHECK_FUNCTION_EXISTS=memalign -isysroot /Library/Developer/CommandLineTools/SDKs/MacOSX14.0.sdk -Wl,-search_paths_first -Wl,-headerpad_max_install_names -L/usr/local/opt/openssl/lib CMakeFiles/cmTC_fa78f.dir/CheckFunctionExists.c.o -o cmTC_fa78f   && :
ld: Undefined symbols:
  _memalign, referenced from:
      _main in CheckFunctionExists.c.o
clang: error: linker command failed with exit code 1 (use -v to see invocation)
ninja: build stopped: subcommand failed.



Determining if the function ntohll exists failed with the following output:
Change Dir: /Users/heidsoft/Downloads/research/mysql-8.0.27/build/CMakeFiles/CMakeTmp

Run Build Command(s):/usr/local/bin/ninja cmTC_dfc78 && [1/2] Building C object CMakeFiles/cmTC_dfc78.dir/CheckFunctionExists.c.o
[2/2] Linking C executable cmTC_dfc78
FAILED: cmTC_dfc78 
: && /usr/bin/clang -fno-omit-frame-pointer -ftls-model=initial-exec  -DCHECK_FUNCTION_EXISTS=ntohll -isysroot /Library/Developer/CommandLineTools/SDKs/MacOSX14.0.sdk -Wl,-search_paths_first -Wl,-headerpad_max_install_names -L/usr/local/opt/openssl/lib CMakeFiles/cmTC_dfc78.dir/CheckFunctionExists.c.o -o cmTC_dfc78   && :
ld: Undefined symbols:
  _ntohll, referenced from:
      _main in CheckFunctionExists.c.o
clang: error: linker command failed with exit code 1 (use -v to see invocation)
ninja: build stopped: subcommand failed.



Determining if the function epoll_create exists failed with the following output:
Change Dir: /Users/heidsoft/Downloads/research/mysql-8.0.27/build/CMakeFiles/CMakeTmp

Run Build Command(s):/usr/local/bin/ninja cmTC_d4c96 && [1/2] Building C object CMakeFiles/cmTC_d4c96.dir/CheckFunctionExists.c.o
[2/2] Linking C executable cmTC_d4c96
FAILED: cmTC_d4c96 
: && /usr/bin/clang -fno-omit-frame-pointer -ftls-model=initial-exec  -DCHECK_FUNCTION_EXISTS=epoll_create -isysroot /Library/Developer/CommandLineTools/SDKs/MacOSX14.0.sdk -Wl,-search_paths_first -Wl,-headerpad_max_install_names -L/usr/local/opt/openssl/lib CMakeFiles/cmTC_d4c96.dir/CheckFunctionExists.c.o -o cmTC_d4c96   && :
ld: Undefined symbols:
  _epoll_create, referenced from:
      _main in CheckFunctionExists.c.o
clang: error: linker command failed with exit code 1 (use -v to see invocation)
ninja: build stopped: subcommand failed.



Determining if the MADV_DONTDUMP exist failed with the following output:
Change Dir: /Users/heidsoft/Downloads/research/mysql-8.0.27/build/CMakeFiles/CMakeTmp

Run Build Command(s):/usr/local/bin/ninja cmTC_b93b3 && [1/2] Building C object CMakeFiles/cmTC_b93b3.dir/CheckSymbolExists.c.o
FAILED: CMakeFiles/cmTC_b93b3.dir/CheckSymbolExists.c.o 
/usr/bin/clang   -fno-omit-frame-pointer -ftls-model=initial-exec   -isysroot /Library/Developer/CommandLineTools/SDKs/MacOSX14.0.sdk -fPIE -MD -MT CMakeFiles/cmTC_b93b3.dir/CheckSymbolExists.c.o -MF CMakeFiles/cmTC_b93b3.dir/CheckSymbolExists.c.o.d -o CMakeFiles/cmTC_b93b3.dir/CheckSymbolExists.c.o -c /Users/heidsoft/Downloads/research/mysql-8.0.27/build/CMakeFiles/CMakeTmp/CheckSymbolExists.c
/Users/heidsoft/Downloads/research/mysql-8.0.27/build/CMakeFiles/CMakeTmp/CheckSymbolExists.c:8:19: error: use of undeclared identifier 'MADV_DONTDUMP'
  return ((int*)(&MADV_DONTDUMP))[argc];
                  ^
1 error generated.
ninja: build stopped: subcommand failed.


File /Users/heidsoft/Downloads/research/mysql-8.0.27/build/CMakeFiles/CMakeTmp/CheckSymbolExists.c:
/* */
#include <sys/mman.h>

int main(int argc, char** argv)
{
  (void)argv;
#ifndef MADV_DONTDUMP
  return ((int*)(&MADV_DONTDUMP))[argc];
#else
  (void)argc;
  return 0;
#endif
}
Performing C++ SOURCE FILE Test HAVE_O_TMPFILE failed with the following output:
Change Dir: /Users/heidsoft/Downloads/research/mysql-8.0.27/build/CMakeFiles/CMakeTmp

Run Build Command(s):/usr/local/bin/ninja cmTC_31d9f && [1/2] Building CXX object CMakeFiles/cmTC_31d9f.dir/src.cxx.o
FAILED: CMakeFiles/cmTC_31d9f.dir/src.cxx.o 
/usr/bin/clang++ -DHAVE_O_TMPFILE  -std=c++17 -fno-omit-frame-pointer -ftls-model=initial-exec   -isysroot /Library/Developer/CommandLineTools/SDKs/MacOSX14.0.sdk -fPIE -MD -MT CMakeFiles/cmTC_31d9f.dir/src.cxx.o -MF CMakeFiles/cmTC_31d9f.dir/src.cxx.o.d -o CMakeFiles/cmTC_31d9f.dir/src.cxx.o -c /Users/heidsoft/Downloads/research/mysql-8.0.27/build/CMakeFiles/CMakeTmp/src.cxx
/Users/heidsoft/Downloads/research/mysql-8.0.27/build/CMakeFiles/CMakeTmp/src.cxx:5:23: error: use of undeclared identifier 'O_TMPFILE'
  long long int foo = O_TMPFILE;
                      ^
1 error generated.
ninja: build stopped: subcommand failed.


Source file was:
#include <sys/types.h>
 #include <sys/stat.h>
 #include <fcntl.h>
int main() {
  long long int foo = O_TMPFILE;
}
Determining if the function timer_create exists failed with the following output:
Change Dir: /Users/heidsoft/Downloads/research/mysql-8.0.27/build/CMakeFiles/CMakeTmp

Run Build Command(s):/usr/local/bin/ninja cmTC_5c3ed && [1/2] Building C object CMakeFiles/cmTC_5c3ed.dir/CheckFunctionExists.c.o
[2/2] Linking C executable cmTC_5c3ed
FAILED: cmTC_5c3ed 
: && /usr/bin/clang -fno-omit-frame-pointer -ftls-model=initial-exec  -DCHECK_FUNCTION_EXISTS=timer_create -isysroot /Library/Developer/CommandLineTools/SDKs/MacOSX14.0.sdk -Wl,-search_paths_first -Wl,-headerpad_max_install_names -L/usr/local/opt/openssl/lib CMakeFiles/cmTC_5c3ed.dir/CheckFunctionExists.c.o -o cmTC_5c3ed   && :
ld: Undefined symbols:
  _timer_create, referenced from:
      _main in CheckFunctionExists.c.o
clang: error: linker command failed with exit code 1 (use -v to see invocation)
ninja: build stopped: subcommand failed.



Determining if the function timer_settime exists failed with the following output:
Change Dir: /Users/heidsoft/Downloads/research/mysql-8.0.27/build/CMakeFiles/CMakeTmp

Run Build Command(s):/usr/local/bin/ninja cmTC_7d880 && [1/2] Building C object CMakeFiles/cmTC_7d880.dir/CheckFunctionExists.c.o
[2/2] Linking C executable cmTC_7d880
FAILED: cmTC_7d880 
: && /usr/bin/clang -fno-omit-frame-pointer -ftls-model=initial-exec  -DCHECK_FUNCTION_EXISTS=timer_settime -isysroot /Library/Developer/CommandLineTools/SDKs/MacOSX14.0.sdk -Wl,-search_paths_first -Wl,-headerpad_max_install_names -L/usr/local/opt/openssl/lib CMakeFiles/cmTC_7d880.dir/CheckFunctionExists.c.o -o cmTC_7d880   && :
ld: Undefined symbols:
  _timer_settime, referenced from:
      _main in CheckFunctionExists.c.o
clang: error: linker command failed with exit code 1 (use -v to see invocation)
ninja: build stopped: subcommand failed.



Performing C SOURCE FILE Test HAVE_SETNS failed with the following compile output:
Change Dir: /Users/heidsoft/Downloads/research/mysql-8.0.27/build/CMakeFiles/CMakeTmp

Run Build Command(s):/usr/local/bin/ninja cmTC_e9713 && [1/2] Building C object CMakeFiles/cmTC_e9713.dir/src.c.o
FAILED: CMakeFiles/cmTC_e9713.dir/src.c.o 
/usr/bin/clang -DHAVE_SETNS  -fno-omit-frame-pointer -ftls-model=initial-exec   -isysroot /Library/Developer/CommandLineTools/SDKs/MacOSX14.0.sdk -fPIE -MD -MT CMakeFiles/cmTC_e9713.dir/src.c.o -MF CMakeFiles/cmTC_e9713.dir/src.c.o.d -o CMakeFiles/cmTC_e9713.dir/src.c.o -c /Users/heidsoft/Downloads/research/mysql-8.0.27/build/CMakeFiles/CMakeTmp/src.c
/Users/heidsoft/Downloads/research/mysql-8.0.27/build/CMakeFiles/CMakeTmp/src.c:8:9: error: call to undeclared function 'setns'; ISO C99 and later do not support implicit function declarations [-Wimplicit-function-declaration]
  (void)setns(0, 0);
        ^
1 error generated.
ninja: build stopped: subcommand failed.


...and run output:

Return value: 1
Source file was:

#ifndef _GNU_SOURCE
#define _GNU_SOURCE
#endif
#include <sched.h>
int main()
{
  (void)setns(0, 0);
  return 0;
}
Determining size of ulong failed with the following output:
Change Dir: /Users/heidsoft/Downloads/research/mysql-8.0.27/build/CMakeFiles/CMakeTmp

Run Build Command(s):/usr/local/bin/ninja cmTC_1b483 && [1/2] Building C object CMakeFiles/cmTC_1b483.dir/SIZEOF_ULONG.c.o
FAILED: CMakeFiles/cmTC_1b483.dir/SIZEOF_ULONG.c.o 
/usr/bin/clang -D_FILE_OFFSET_BITS=64 -D_GNU_SOURCE -D__STDC_CONSTANT_MACROS -D__STDC_FORMAT_MACROS -D__STDC_LIMIT_MACROS  -fno-omit-frame-pointer -ftls-model=initial-exec   -isysroot /Library/Developer/CommandLineTools/SDKs/MacOSX14.0.sdk -fPIE -MD -MT CMakeFiles/cmTC_1b483.dir/SIZEOF_ULONG.c.o -MF CMakeFiles/cmTC_1b483.dir/SIZEOF_ULONG.c.o.d -o CMakeFiles/cmTC_1b483.dir/SIZEOF_ULONG.c.o -c /Users/heidsoft/Downloads/research/mysql-8.0.27/build/CMakeFiles/CheckTypeSize/SIZEOF_ULONG.c
/Users/heidsoft/Downloads/research/mysql-8.0.27/build/CMakeFiles/CheckTypeSize/SIZEOF_ULONG.c:33:12: error: use of undeclared identifier 'ulong'; did you mean 'long'?
  ('0' + ((SIZE / 10000)%10)),
           ^
/Users/heidsoft/Downloads/research/mysql-8.0.27/build/CMakeFiles/CheckTypeSize/SIZEOF_ULONG.c:31:22: note: expanded from macro 'SIZE'
#define SIZE (sizeof(ulong))
                     ^
/Users/heidsoft/Downloads/research/mysql-8.0.27/build/CMakeFiles/CheckTypeSize/SIZEOF_ULONG.c:33:12: error: reference to overloaded function could not be resolved; did you mean to call it?
  ('0' + ((SIZE / 10000)%10)),
           ^~~~
/Users/heidsoft/Downloads/research/mysql-8.0.27/build/CMakeFiles/CheckTypeSize/SIZEOF_ULONG.c:31:21: note: expanded from macro 'SIZE'
#define SIZE (sizeof(ulong))
                    ^~~~~~~
/Users/heidsoft/Downloads/research/mysql-8.0.27/build/CMakeFiles/CheckTypeSize/SIZEOF_ULONG.c:34:12: error: use of undeclared identifier 'ulong'; did you mean 'long'?
  ('0' + ((SIZE / 1000)%10)),
           ^
/Users/heidsoft/Downloads/research/mysql-8.0.27/build/CMakeFiles/CheckTypeSize/SIZEOF_ULONG.c:31:22: note: expanded from macro 'SIZE'
#define SIZE (sizeof(ulong))
                     ^
/Users/heidsoft/Downloads/research/mysql-8.0.27/build/CMakeFiles/CheckTypeSize/SIZEOF_ULONG.c:34:12: error: reference to overloaded function could not be resolved; did you mean to call it?
  ('0' + ((SIZE / 1000)%10)),
           ^~~~
/Users/heidsoft/Downloads/research/mysql-8.0.27/build/CMakeFiles/CheckTypeSize/SIZEOF_ULONG.c:31:21: note: expanded from macro 'SIZE'
#define SIZE (sizeof(ulong))
                    ^~~~~~~
/Users/heidsoft/Downloads/research/mysql-8.0.27/build/CMakeFiles/CheckTypeSize/SIZEOF_ULONG.c:35:12: error: use of undeclared identifier 'ulong'; did you mean 'long'?
  ('0' + ((SIZE / 100)%10)),
           ^
/Users/heidsoft/Downloads/research/mysql-8.0.27/build/CMakeFiles/CheckTypeSize/SIZEOF_ULONG.c:31:22: note: expanded from macro 'SIZE'
#define SIZE (sizeof(ulong))
                     ^
/Users/heidsoft/Downloads/research/mysql-8.0.27/build/CMakeFiles/CheckTypeSize/SIZEOF_ULONG.c:35:12: error: reference to overloaded function could not be resolved; did you mean to call it?
  ('0' + ((SIZE / 100)%10)),
           ^~~~
/Users/heidsoft/Downloads/research/mysql-8.0.27/build/CMakeFiles/CheckTypeSize/SIZEOF_ULONG.c:31:21: note: expanded from macro 'SIZE'
#define SIZE (sizeof(ulong))
                    ^~~~~~~
/Users/heidsoft/Downloads/research/mysql-8.0.27/build/CMakeFiles/CheckTypeSize/SIZEOF_ULONG.c:36:12: error: use of undeclared identifier 'ulong'; did you mean 'long'?
  ('0' + ((SIZE / 10)%10)),
           ^
/Users/heidsoft/Downloads/research/mysql-8.0.27/build/CMakeFiles/CheckTypeSize/SIZEOF_ULONG.c:31:22: note: expanded from macro 'SIZE'
#define SIZE (sizeof(ulong))
                     ^
/Users/heidsoft/Downloads/research/mysql-8.0.27/build/CMakeFiles/CheckTypeSize/SIZEOF_ULONG.c:36:12: error: reference to overloaded function could not be resolved; did you mean to call it?
  ('0' + ((SIZE / 10)%10)),
           ^~~~
/Users/heidsoft/Downloads/research/mysql-8.0.27/build/CMakeFiles/CheckTypeSize/SIZEOF_ULONG.c:31:21: note: expanded from macro 'SIZE'
#define SIZE (sizeof(ulong))
                    ^~~~~~~
/Users/heidsoft/Downloads/research/mysql-8.0.27/build/CMakeFiles/CheckTypeSize/SIZEOF_ULONG.c:37:12: error: use of undeclared identifier 'ulong'; did you mean 'long'?
  ('0' +  (SIZE    % 10)),
           ^
/Users/heidsoft/Downloads/research/mysql-8.0.27/build/CMakeFiles/CheckTypeSize/SIZEOF_ULONG.c:31:22: note: expanded from macro 'SIZE'
#define SIZE (sizeof(ulong))
                     ^
/Users/heidsoft/Downloads/research/mysql-8.0.27/build/CMakeFiles/CheckTypeSize/SIZEOF_ULONG.c:37:12: error: reference to overloaded function could not be resolved; did you mean to call it?
  ('0' +  (SIZE    % 10)),
           ^~~~
/Users/heidsoft/Downloads/research/mysql-8.0.27/build/CMakeFiles/CheckTypeSize/SIZEOF_ULONG.c:31:21: note: expanded from macro 'SIZE'
#define SIZE (sizeof(ulong))
                    ^~~~~~~
10 errors generated.
ninja: build stopped: subcommand failed.


/Users/heidsoft/Downloads/research/mysql-8.0.27/build/CMakeFiles/CheckTypeSize/SIZEOF_ULONG.c:
#include <sys/types.h>
#include <stdint.h>
#include <stddef.h>
#include "stdint.h"
#include "stdio.h"
#include "sys/types.h"
#include "time.h"


#undef KEY
#if defined(__i386)
# define KEY '_','_','i','3','8','6'
#elif defined(__x86_64)
# define KEY '_','_','x','8','6','_','6','4'
#elif defined(__PPC64__)
# define KEY '_','_','P','P','C','6','4','_','_'
#elif defined(__ppc64__)
# define KEY '_','_','p','p','c','6','4','_','_'
#elif defined(__PPC__)
# define KEY '_','_','P','P','C','_','_'
#elif defined(__ppc__)
# define KEY '_','_','p','p','c','_','_'
#elif defined(__aarch64__)
# define KEY '_','_','a','a','r','c','h','6','4','_','_'
#elif defined(__ARM_ARCH_7A__)
# define KEY '_','_','A','R','M','_','A','R','C','H','_','7','A','_','_'
#elif defined(__ARM_ARCH_7S__)
# define KEY '_','_','A','R','M','_','A','R','C','H','_','7','S','_','_'
#endif

#define SIZE (sizeof(ulong))
static char info_size[] =  {'I', 'N', 'F', 'O', ':', 's','i','z','e','[',
  ('0' + ((SIZE / 10000)%10)),
  ('0' + ((SIZE / 1000)%10)),
  ('0' + ((SIZE / 100)%10)),
  ('0' + ((SIZE / 10)%10)),
  ('0' +  (SIZE    % 10)),
  ']',
#ifdef KEY
  ' ','k','e','y','[', KEY, ']',
#endif
  '\0'};

#ifdef __CLASSIC_C__
int main(argc, argv) int argc; char *argv[];
#else
int main(int argc, char *argv[])
#endif
{
  int require = 0;
  require += info_size[argc];
  (void)argv;
  return require;
}


Determining if the __builtin_stpcpy exist failed with the following output:
Change Dir: /Users/heidsoft/Downloads/research/mysql-8.0.27/build/CMakeFiles/CMakeTmp

Run Build Command(s):/usr/local/bin/ninja cmTC_6f06b && [1/2] Building C object CMakeFiles/cmTC_6f06b.dir/CheckSymbolExists.c.o
FAILED: CMakeFiles/cmTC_6f06b.dir/CheckSymbolExists.c.o 
/usr/bin/clang -D_FILE_OFFSET_BITS=64 -D_GNU_SOURCE -D__STDC_CONSTANT_MACROS -D__STDC_FORMAT_MACROS -D__STDC_LIMIT_MACROS  -fno-omit-frame-pointer -ftls-model=initial-exec   -isysroot /Library/Developer/CommandLineTools/SDKs/MacOSX14.0.sdk -fPIE -MD -MT CMakeFiles/cmTC_6f06b.dir/CheckSymbolExists.c.o -MF CMakeFiles/cmTC_6f06b.dir/CheckSymbolExists.c.o.d -o CMakeFiles/cmTC_6f06b.dir/CheckSymbolExists.c.o -c /Users/heidsoft/Downloads/research/mysql-8.0.27/build/CMakeFiles/CMakeTmp/CheckSymbolExists.c
/Users/heidsoft/Downloads/research/mysql-8.0.27/build/CMakeFiles/CMakeTmp/CheckSymbolExists.c:8:19: error: builtin functions must be directly called
  return ((int*)(&__builtin_stpcpy))[argc];
                  ^
1 error generated.
ninja: build stopped: subcommand failed.


File /Users/heidsoft/Downloads/research/mysql-8.0.27/build/CMakeFiles/CMakeTmp/CheckSymbolExists.c:
/* */
#include <string.h>

int main(int argc, char** argv)
{
  (void)argv;
#ifndef __builtin_stpcpy
  return ((int*)(&__builtin_stpcpy))[argc];
#else
  (void)argc;
  return 0;
#endif
}
Performing C SOURCE FILE Test HAVE_PTHREAD_GETTHREADID_NP failed with the following output:
Change Dir: /Users/heidsoft/Downloads/research/mysql-8.0.27/build/CMakeFiles/CMakeTmp

Run Build Command(s):/usr/local/bin/ninja cmTC_47a52 && [1/2] Building C object CMakeFiles/cmTC_47a52.dir/src.c.o
FAILED: CMakeFiles/cmTC_47a52.dir/src.c.o 
/usr/bin/clang -DHAVE_PTHREAD_GETTHREADID_NP -D_FILE_OFFSET_BITS=64 -D_GNU_SOURCE -D__STDC_CONSTANT_MACROS -D__STDC_FORMAT_MACROS -D__STDC_LIMIT_MACROS  -fno-omit-frame-pointer -ftls-model=initial-exec   -isysroot /Library/Developer/CommandLineTools/SDKs/MacOSX14.0.sdk -fPIE -MD -MT CMakeFiles/cmTC_47a52.dir/src.c.o -MF CMakeFiles/cmTC_47a52.dir/src.c.o.d -o CMakeFiles/cmTC_47a52.dir/src.c.o -c /Users/heidsoft/Downloads/research/mysql-8.0.27/build/CMakeFiles/CMakeTmp/src.c
/Users/heidsoft/Downloads/research/mysql-8.0.27/build/CMakeFiles/CMakeTmp/src.c:2:10: fatal error: 'pthread_np.h' file not found
#include <pthread_np.h>
         ^~~~~~~~~~~~~~
1 error generated.
ninja: build stopped: subcommand failed.


Source file was:

#include <pthread_np.h>
int main(int ac, char **av)
{
  unsigned long long tid = pthread_getthreadid_np();
  return (tid != 0 ? 0 : 1);
}
Performing C SOURCE FILE Test HAVE_INTEGER_PTHREAD_SELF failed with the following output:
Change Dir: /Users/heidsoft/Downloads/research/mysql-8.0.27/build/CMakeFiles/CMakeTmp

Run Build Command(s):/usr/local/bin/ninja cmTC_611f0 && [1/2] Building C object CMakeFiles/cmTC_611f0.dir/src.c.o
/Users/heidsoft/Downloads/research/mysql-8.0.27/build/CMakeFiles/CMakeTmp/src.c:6:22: warning: incompatible pointer to integer conversion initializing 'unsigned long long' with an expression of type 'pthread_t _Nonnull' (aka 'struct _opaque_pthread_t *') [-Wint-conversion]
  unsigned long long tid = pthread_self();
                     ^     ~~~~~~~~~~~~~~
1 warning generated.
[2/2] Linking C executable cmTC_611f0


Source file was:

#include <sys/types.h>
#include <pthread.h>
int main(int ac, char **av)
{
  unsigned long long tid = pthread_self();
  return (tid != 0 ? 0 : 1);
}
Performing C SOURCE FILE Test HAVE_PTHREAD_SETNAME_NP_LINUX failed with the following output:
Change Dir: /Users/heidsoft/Downloads/research/mysql-8.0.27/build/CMakeFiles/CMakeTmp

Run Build Command(s):/usr/local/bin/ninja cmTC_c1dd1 && [1/2] Building C object CMakeFiles/cmTC_c1dd1.dir/src.c.o
FAILED: CMakeFiles/cmTC_c1dd1.dir/src.c.o 
/usr/bin/clang -DHAVE_PTHREAD_SETNAME_NP_LINUX -D_FILE_OFFSET_BITS=64 -D_GNU_SOURCE -D__STDC_CONSTANT_MACROS -D__STDC_FORMAT_MACROS -D__STDC_LIMIT_MACROS  -fno-omit-frame-pointer -ftls-model=initial-exec   -isysroot /Library/Developer/CommandLineTools/SDKs/MacOSX14.0.sdk -fPIE -MD -MT CMakeFiles/cmTC_c1dd1.dir/src.c.o -MF CMakeFiles/cmTC_c1dd1.dir/src.c.o.d -o CMakeFiles/cmTC_c1dd1.dir/src.c.o -c /Users/heidsoft/Downloads/research/mysql-8.0.27/build/CMakeFiles/CMakeTmp/src.c
/Users/heidsoft/Downloads/research/mysql-8.0.27/build/CMakeFiles/CMakeTmp/src.c:2:9: warning: '_GNU_SOURCE' macro redefined [-Wmacro-redefined]
#define _GNU_SOURCE
        ^
<command line>:3:9: note: previous definition is here
#define _GNU_SOURCE 1
        ^
/Users/heidsoft/Downloads/research/mysql-8.0.27/build/CMakeFiles/CMakeTmp/src.c:8:34: error: too many arguments to function call, expected 1, have 2
  return pthread_setname_np(tid, name);
         ~~~~~~~~~~~~~~~~~~      ^~~~
/Library/Developer/CommandLineTools/SDKs/MacOSX14.0.sdk/usr/include/pthread.h:535:5: note: 'pthread_setname_np' declared here
int     pthread_setname_np(const char*);
        ^
1 warning and 1 error generated.
ninja: build stopped: subcommand failed.


Source file was:

#define _GNU_SOURCE
#include <pthread.h>
int main(int argc, char **argv)
{
  pthread_t tid = 0;
  const char *name = NULL;
  return pthread_setname_np(tid, name);
}
Determining if the include file netinet/in6.h exists failed with the following output:
Change Dir: /Users/heidsoft/Downloads/research/mysql-8.0.27/build/CMakeFiles/CMakeTmp

Run Build Command(s):/usr/local/bin/ninja cmTC_6650f && [1/2] Building C object CMakeFiles/cmTC_6650f.dir/CheckIncludeFile.c.o
FAILED: CMakeFiles/cmTC_6650f.dir/CheckIncludeFile.c.o 
/usr/bin/clang -D_FILE_OFFSET_BITS=64 -D_GNU_SOURCE -D__STDC_CONSTANT_MACROS -D__STDC_FORMAT_MACROS -D__STDC_LIMIT_MACROS  -fno-omit-frame-pointer -ftls-model=initial-exec   -isysroot /Library/Developer/CommandLineTools/SDKs/MacOSX14.0.sdk -fPIE -MD -MT CMakeFiles/cmTC_6650f.dir/CheckIncludeFile.c.o -MF CMakeFiles/cmTC_6650f.dir/CheckIncludeFile.c.o.d -o CMakeFiles/cmTC_6650f.dir/CheckIncludeFile.c.o -c /Users/heidsoft/Downloads/research/mysql-8.0.27/build/CMakeFiles/CMakeTmp/CheckIncludeFile.c
/Users/heidsoft/Downloads/research/mysql-8.0.27/build/CMakeFiles/CMakeTmp/CheckIncludeFile.c:1:10: fatal error: 'netinet/in6.h' file not found
#include <netinet/in6.h>
         ^~~~~~~~~~~~~~~
1 error generated.
ninja: build stopped: subcommand failed.



Determining size of struct in6_addr failed with the following output:
Change Dir: /Users/heidsoft/Downloads/research/mysql-8.0.27/build/CMakeFiles/CMakeTmp

Run Build Command(s):/usr/local/bin/ninja cmTC_d3501 && [1/2] Building C object CMakeFiles/cmTC_d3501.dir/SIZEOF_IN6_ADDR.c.o
FAILED: CMakeFiles/cmTC_d3501.dir/SIZEOF_IN6_ADDR.c.o 
/usr/bin/clang -D_FILE_OFFSET_BITS=64 -D_GNU_SOURCE -D__STDC_CONSTANT_MACROS -D__STDC_FORMAT_MACROS -D__STDC_LIMIT_MACROS  -fno-omit-frame-pointer -ftls-model=initial-exec   -isysroot /Library/Developer/CommandLineTools/SDKs/MacOSX14.0.sdk -fPIE -MD -MT CMakeFiles/cmTC_d3501.dir/SIZEOF_IN6_ADDR.c.o -MF CMakeFiles/cmTC_d3501.dir/SIZEOF_IN6_ADDR.c.o.d -o CMakeFiles/cmTC_d3501.dir/SIZEOF_IN6_ADDR.c.o -c /Users/heidsoft/Downloads/research/mysql-8.0.27/build/CMakeFiles/CheckTypeSize/SIZEOF_IN6_ADDR.c
/Users/heidsoft/Downloads/research/mysql-8.0.27/build/CMakeFiles/CheckTypeSize/SIZEOF_IN6_ADDR.c:33:12: error: invalid application of 'sizeof' to an incomplete type 'struct in6_addr'
  ('0' + ((SIZE / 10000)%10)),
           ^~~~
/Users/heidsoft/Downloads/research/mysql-8.0.27/build/CMakeFiles/CheckTypeSize/SIZEOF_IN6_ADDR.c:31:15: note: expanded from macro 'SIZE'
#define SIZE (sizeof(struct in6_addr))
              ^     ~~~~~~~~~~~~~~~~~
/Users/heidsoft/Downloads/research/mysql-8.0.27/build/CMakeFiles/CheckTypeSize/SIZEOF_IN6_ADDR.c:33:12: note: forward declaration of 'struct in6_addr'
/Users/heidsoft/Downloads/research/mysql-8.0.27/build/CMakeFiles/CheckTypeSize/SIZEOF_IN6_ADDR.c:31:29: note: expanded from macro 'SIZE'
#define SIZE (sizeof(struct in6_addr))
                            ^
/Users/heidsoft/Downloads/research/mysql-8.0.27/build/CMakeFiles/CheckTypeSize/SIZEOF_IN6_ADDR.c:34:12: error: invalid application of 'sizeof' to an incomplete type 'struct in6_addr'
  ('0' + ((SIZE / 1000)%10)),
           ^~~~
/Users/heidsoft/Downloads/research/mysql-8.0.27/build/CMakeFiles/CheckTypeSize/SIZEOF_IN6_ADDR.c:31:15: note: expanded from macro 'SIZE'
#define SIZE (sizeof(struct in6_addr))
              ^     ~~~~~~~~~~~~~~~~~
/Users/heidsoft/Downloads/research/mysql-8.0.27/build/CMakeFiles/CheckTypeSize/SIZEOF_IN6_ADDR.c:33:12: note: forward declaration of 'struct in6_addr'
  ('0' + ((SIZE / 10000)%10)),
           ^
/Users/heidsoft/Downloads/research/mysql-8.0.27/build/CMakeFiles/CheckTypeSize/SIZEOF_IN6_ADDR.c:31:29: note: expanded from macro 'SIZE'
#define SIZE (sizeof(struct in6_addr))
                            ^
/Users/heidsoft/Downloads/research/mysql-8.0.27/build/CMakeFiles/CheckTypeSize/SIZEOF_IN6_ADDR.c:35:12: error: invalid application of 'sizeof' to an incomplete type 'struct in6_addr'
  ('0' + ((SIZE / 100)%10)),
           ^~~~
/Users/heidsoft/Downloads/research/mysql-8.0.27/build/CMakeFiles/CheckTypeSize/SIZEOF_IN6_ADDR.c:31:15: note: expanded from macro 'SIZE'
#define SIZE (sizeof(struct in6_addr))
              ^     ~~~~~~~~~~~~~~~~~
/Users/heidsoft/Downloads/research/mysql-8.0.27/build/CMakeFiles/CheckTypeSize/SIZEOF_IN6_ADDR.c:33:12: note: forward declaration of 'struct in6_addr'
  ('0' + ((SIZE / 10000)%10)),
           ^
/Users/heidsoft/Downloads/research/mysql-8.0.27/build/CMakeFiles/CheckTypeSize/SIZEOF_IN6_ADDR.c:31:29: note: expanded from macro 'SIZE'
#define SIZE (sizeof(struct in6_addr))
                            ^
/Users/heidsoft/Downloads/research/mysql-8.0.27/build/CMakeFiles/CheckTypeSize/SIZEOF_IN6_ADDR.c:36:12: error: invalid application of 'sizeof' to an incomplete type 'struct in6_addr'
  ('0' + ((SIZE / 10)%10)),
           ^~~~
/Users/heidsoft/Downloads/research/mysql-8.0.27/build/CMakeFiles/CheckTypeSize/SIZEOF_IN6_ADDR.c:31:15: note: expanded from macro 'SIZE'
#define SIZE (sizeof(struct in6_addr))
              ^     ~~~~~~~~~~~~~~~~~
/Users/heidsoft/Downloads/research/mysql-8.0.27/build/CMakeFiles/CheckTypeSize/SIZEOF_IN6_ADDR.c:33:12: note: forward declaration of 'struct in6_addr'
  ('0' + ((SIZE / 10000)%10)),
           ^
/Users/heidsoft/Downloads/research/mysql-8.0.27/build/CMakeFiles/CheckTypeSize/SIZEOF_IN6_ADDR.c:31:29: note: expanded from macro 'SIZE'
#define SIZE (sizeof(struct in6_addr))
                            ^
/Users/heidsoft/Downloads/research/mysql-8.0.27/build/CMakeFiles/CheckTypeSize/SIZEOF_IN6_ADDR.c:37:12: error: invalid application of 'sizeof' to an incomplete type 'struct in6_addr'
  ('0' +  (SIZE    % 10)),
           ^~~~
/Users/heidsoft/Downloads/research/mysql-8.0.27/build/CMakeFiles/CheckTypeSize/SIZEOF_IN6_ADDR.c:31:15: note: expanded from macro 'SIZE'
#define SIZE (sizeof(struct in6_addr))
              ^     ~~~~~~~~~~~~~~~~~
/Users/heidsoft/Downloads/research/mysql-8.0.27/build/CMakeFiles/CheckTypeSize/SIZEOF_IN6_ADDR.c:33:12: note: forward declaration of 'struct in6_addr'
  ('0' + ((SIZE / 10000)%10)),
           ^
/Users/heidsoft/Downloads/research/mysql-8.0.27/build/CMakeFiles/CheckTypeSize/SIZEOF_IN6_ADDR.c:31:29: note: expanded from macro 'SIZE'
#define SIZE (sizeof(struct in6_addr))
                            ^
5 errors generated.
ninja: build stopped: subcommand failed.


/Users/heidsoft/Downloads/research/mysql-8.0.27/build/CMakeFiles/CheckTypeSize/SIZEOF_IN6_ADDR.c:
#include <sys/types.h>
#include <stdint.h>
#include <stddef.h>
#include "stdint.h"
#include "stdio.h"
#include "sys/types.h"
#include "time.h"


#undef KEY
#if defined(__i386)
# define KEY '_','_','i','3','8','6'
#elif defined(__x86_64)
# define KEY '_','_','x','8','6','_','6','4'
#elif defined(__PPC64__)
# define KEY '_','_','P','P','C','6','4','_','_'
#elif defined(__ppc64__)
# define KEY '_','_','p','p','c','6','4','_','_'
#elif defined(__PPC__)
# define KEY '_','_','P','P','C','_','_'
#elif defined(__ppc__)
# define KEY '_','_','p','p','c','_','_'
#elif defined(__aarch64__)
# define KEY '_','_','a','a','r','c','h','6','4','_','_'
#elif defined(__ARM_ARCH_7A__)
# define KEY '_','_','A','R','M','_','A','R','C','H','_','7','A','_','_'
#elif defined(__ARM_ARCH_7S__)
# define KEY '_','_','A','R','M','_','A','R','C','H','_','7','S','_','_'
#endif

#define SIZE (sizeof(struct in6_addr))
static char info_size[] =  {'I', 'N', 'F', 'O', ':', 's','i','z','e','[',
  ('0' + ((SIZE / 10000)%10)),
  ('0' + ((SIZE / 1000)%10)),
  ('0' + ((SIZE / 100)%10)),
  ('0' + ((SIZE / 10)%10)),
  ('0' +  (SIZE    % 10)),
  ']',
#ifdef KEY
  ' ','k','e','y','[', KEY, ']',
#endif
  '\0'};

#ifdef __CLASSIC_C__
int main(argc, argv) int argc; char *argv[];
#else
int main(int argc, char *argv[])
#endif
{
  int require = 0;
  require += info_size[argc];
  (void)argv;
  return require;
}


Determining if files numa.h exist failed with the following output:
Change Dir: /Users/heidsoft/Downloads/research/mysql-8.0.27/build/CMakeFiles/CMakeTmp

Run Build Command(s):/usr/local/bin/ninja cmTC_2cd7e && [1/2] Building C object CMakeFiles/cmTC_2cd7e.dir/HAVE_NUMA_H.c.o
FAILED: CMakeFiles/cmTC_2cd7e.dir/HAVE_NUMA_H.c.o 
/usr/bin/clang -D_FILE_OFFSET_BITS=64 -D_GNU_SOURCE -D__STDC_CONSTANT_MACROS -D__STDC_FORMAT_MACROS -D__STDC_LIMIT_MACROS  -fno-omit-frame-pointer -ftls-model=initial-exec   -isysroot /Library/Developer/CommandLineTools/SDKs/MacOSX14.0.sdk -fPIE -MD -MT CMakeFiles/cmTC_2cd7e.dir/HAVE_NUMA_H.c.o -MF CMakeFiles/cmTC_2cd7e.dir/HAVE_NUMA_H.c.o.d -o CMakeFiles/cmTC_2cd7e.dir/HAVE_NUMA_H.c.o -c /Users/heidsoft/Downloads/research/mysql-8.0.27/build/CMakeFiles/CheckIncludeFiles/HAVE_NUMA_H.c
/Users/heidsoft/Downloads/research/mysql-8.0.27/build/CMakeFiles/CheckIncludeFiles/HAVE_NUMA_H.c:2:10: fatal error: 'numa.h' file not found
#include <numa.h>
         ^~~~~~~~
1 error generated.
ninja: build stopped: subcommand failed.


Source:
/* */
#include <numa.h>


int main(void){return 0;}

Determining if files numaif.h exist failed with the following output:
Change Dir: /Users/heidsoft/Downloads/research/mysql-8.0.27/build/CMakeFiles/CMakeTmp

Run Build Command(s):/usr/local/bin/ninja cmTC_0098f && [1/2] Building C object CMakeFiles/cmTC_0098f.dir/HAVE_NUMAIF_H.c.o
FAILED: CMakeFiles/cmTC_0098f.dir/HAVE_NUMAIF_H.c.o 
/usr/bin/clang -D_FILE_OFFSET_BITS=64 -D_GNU_SOURCE -D__STDC_CONSTANT_MACROS -D__STDC_FORMAT_MACROS -D__STDC_LIMIT_MACROS  -fno-omit-frame-pointer -ftls-model=initial-exec   -isysroot /Library/Developer/CommandLineTools/SDKs/MacOSX14.0.sdk -fPIE -MD -MT CMakeFiles/cmTC_0098f.dir/HAVE_NUMAIF_H.c.o -MF CMakeFiles/cmTC_0098f.dir/HAVE_NUMAIF_H.c.o.d -o CMakeFiles/cmTC_0098f.dir/HAVE_NUMAIF_H.c.o -c /Users/heidsoft/Downloads/research/mysql-8.0.27/build/CMakeFiles/CheckIncludeFiles/HAVE_NUMAIF_H.c
/Users/heidsoft/Downloads/research/mysql-8.0.27/build/CMakeFiles/CheckIncludeFiles/HAVE_NUMAIF_H.c:2:10: fatal error: 'numaif.h' file not found
#include <numaif.h>
         ^~~~~~~~~~
1 error generated.
ninja: build stopped: subcommand failed.


Source:
/* */
#include <numaif.h>


int main(void){return 0;}

Determining size of off64_t failed with the following output:
Change Dir: /Users/heidsoft/Downloads/research/mysql-8.0.27/build/CMakeFiles/CMakeTmp

Run Build Command(s):/usr/local/bin/ninja cmTC_60637 && [1/2] Building C object CMakeFiles/cmTC_60637.dir/OFF64_T.c.o
FAILED: CMakeFiles/cmTC_60637.dir/OFF64_T.c.o 
/usr/bin/clang -DHAVE_STDDEF_H -DHAVE_STDINT_H -DHAVE_SYS_TYPES_H -D_LARGEFILE64_SOURCE=1  -fno-omit-frame-pointer -ftls-model=initial-exec   -isysroot /Library/Developer/CommandLineTools/SDKs/MacOSX14.0.sdk -fPIE -MD -MT CMakeFiles/cmTC_60637.dir/OFF64_T.c.o -MF CMakeFiles/cmTC_60637.dir/OFF64_T.c.o.d -o CMakeFiles/cmTC_60637.dir/OFF64_T.c.o -c /Users/heidsoft/Downloads/research/mysql-8.0.27/build/CMakeFiles/CheckTypeSize/OFF64_T.c
/Users/heidsoft/Downloads/research/mysql-8.0.27/build/CMakeFiles/CheckTypeSize/OFF64_T.c:29:12: error: use of undeclared identifier 'off64_t'
  ('0' + ((SIZE / 10000)%10)),
           ^
/Users/heidsoft/Downloads/research/mysql-8.0.27/build/CMakeFiles/CheckTypeSize/OFF64_T.c:27:22: note: expanded from macro 'SIZE'
#define SIZE (sizeof(off64_t))
                     ^
/Users/heidsoft/Downloads/research/mysql-8.0.27/build/CMakeFiles/CheckTypeSize/OFF64_T.c:30:12: error: use of undeclared identifier 'off64_t'
  ('0' + ((SIZE / 1000)%10)),
           ^
/Users/heidsoft/Downloads/research/mysql-8.0.27/build/CMakeFiles/CheckTypeSize/OFF64_T.c:27:22: note: expanded from macro 'SIZE'
#define SIZE (sizeof(off64_t))
                     ^
/Users/heidsoft/Downloads/research/mysql-8.0.27/build/CMakeFiles/CheckTypeSize/OFF64_T.c:31:12: error: use of undeclared identifier 'off64_t'
  ('0' + ((SIZE / 100)%10)),
           ^
/Users/heidsoft/Downloads/research/mysql-8.0.27/build/CMakeFiles/CheckTypeSize/OFF64_T.c:27:22: note: expanded from macro 'SIZE'
#define SIZE (sizeof(off64_t))
                     ^
/Users/heidsoft/Downloads/research/mysql-8.0.27/build/CMakeFiles/CheckTypeSize/OFF64_T.c:32:12: error: use of undeclared identifier 'off64_t'
  ('0' + ((SIZE / 10)%10)),
           ^
/Users/heidsoft/Downloads/research/mysql-8.0.27/build/CMakeFiles/CheckTypeSize/OFF64_T.c:27:22: note: expanded from macro 'SIZE'
#define SIZE (sizeof(off64_t))
                     ^
/Users/heidsoft/Downloads/research/mysql-8.0.27/build/CMakeFiles/CheckTypeSize/OFF64_T.c:33:12: error: use of undeclared identifier 'off64_t'
  ('0' +  (SIZE    % 10)),
           ^
/Users/heidsoft/Downloads/research/mysql-8.0.27/build/CMakeFiles/CheckTypeSize/OFF64_T.c:27:22: note: expanded from macro 'SIZE'
#define SIZE (sizeof(off64_t))
                     ^
5 errors generated.
ninja: build stopped: subcommand failed.


/Users/heidsoft/Downloads/research/mysql-8.0.27/build/CMakeFiles/CheckTypeSize/OFF64_T.c:
#include <sys/types.h>
#include <stdint.h>
#include <stddef.h>


#undef KEY
#if defined(__i386)
# define KEY '_','_','i','3','8','6'
#elif defined(__x86_64)
# define KEY '_','_','x','8','6','_','6','4'
#elif defined(__PPC64__)
# define KEY '_','_','P','P','C','6','4','_','_'
#elif defined(__ppc64__)
# define KEY '_','_','p','p','c','6','4','_','_'
#elif defined(__PPC__)
# define KEY '_','_','P','P','C','_','_'
#elif defined(__ppc__)
# define KEY '_','_','p','p','c','_','_'
#elif defined(__aarch64__)
# define KEY '_','_','a','a','r','c','h','6','4','_','_'
#elif defined(__ARM_ARCH_7A__)
# define KEY '_','_','A','R','M','_','A','R','C','H','_','7','A','_','_'
#elif defined(__ARM_ARCH_7S__)
# define KEY '_','_','A','R','M','_','A','R','C','H','_','7','S','_','_'
#endif

#define SIZE (sizeof(off64_t))
static char info_size[] =  {'I', 'N', 'F', 'O', ':', 's','i','z','e','[',
  ('0' + ((SIZE / 10000)%10)),
  ('0' + ((SIZE / 1000)%10)),
  ('0' + ((SIZE / 100)%10)),
  ('0' + ((SIZE / 10)%10)),
  ('0' +  (SIZE    % 10)),
  ']',
#ifdef KEY
  ' ','k','e','y','[', KEY, ']',
#endif
  '\0'};

#ifdef __CLASSIC_C__
int main(argc, argv) int argc; char *argv[];
#else
int main(int argc, char *argv[])
#endif
{
  int require = 0;
  require += info_size[argc];
  (void)argv;
  return require;
}


Performing C++ SOURCE FILE Test HAVE_CXX_W_missing_profile failed with the following output:
Change Dir: /Users/heidsoft/Downloads/research/mysql-8.0.27/build/CMakeFiles/CMakeTmp

Run Build Command(s):/usr/local/bin/ninja cmTC_5cfc8 && [1/2] Building CXX object CMakeFiles/cmTC_5cfc8.dir/src.cxx.o
warning: unknown warning option '-Wmissing-profile' [-Wunknown-warning-option]
1 warning generated.
[2/2] Linking CXX executable cmTC_5cfc8


Source file was:
int main(void) { return 0; }
Performing C SOURCE FILE Test HAVE_GETPW_R_DRAFT failed with the following output:
Change Dir: /Users/heidsoft/Downloads/research/mysql-8.0.27/build/CMakeFiles/CMakeTmp

Run Build Command(s):/usr/local/bin/ninja cmTC_32a37 && [1/2] Building C object CMakeFiles/cmTC_32a37.dir/src.c.o
FAILED: CMakeFiles/cmTC_32a37.dir/src.c.o 
/usr/bin/clang -DHAVE_GETPW_R_DRAFT -D_FILE_OFFSET_BITS=64 -D_GNU_SOURCE -D__STDC_CONSTANT_MACROS -D__STDC_FORMAT_MACROS -D__STDC_LIMIT_MACROS  -fno-omit-frame-pointer -ftls-model=initial-exec   -isysroot /Library/Developer/CommandLineTools/SDKs/MacOSX14.0.sdk -fPIE -MD -MT CMakeFiles/cmTC_32a37.dir/src.c.o -MF CMakeFiles/cmTC_32a37.dir/src.c.o.d -o CMakeFiles/cmTC_32a37.dir/src.c.o -c /Users/heidsoft/Downloads/research/mysql-8.0.27/build/CMakeFiles/CMakeTmp/src.c
/Users/heidsoft/Downloads/research/mysql-8.0.27/build/CMakeFiles/CMakeTmp/src.c:6:56: error: too few arguments to function call, expected 5, have 4
    struct passwd *pwd = getpwnam_r(NULL, NULL, NULL, 0);
                         ~~~~~~~~~~                    ^
/Library/Developer/CommandLineTools/SDKs/MacOSX14.0.sdk/usr/include/pwd.h:103:7: note: 'getpwnam_r' declared here
int              getpwnam_r(const char *, struct passwd *, char *, size_t, struct passwd **);
                 ^
1 error generated.
ninja: build stopped: subcommand failed.


Source file was:

  #include <stdlib.h>
  #include <sys/types.h>
  #include <pwd.h>
  int main() {
    struct passwd *pwd = getpwnam_r(NULL, NULL, NULL, 0);
    return pwd != NULL;
  }
Determining if the function __secure_getenv exists failed with the following output:
Change Dir: /Users/heidsoft/Downloads/research/mysql-8.0.27/build/CMakeFiles/CMakeTmp

Run Build Command(s):/usr/local/bin/ninja cmTC_666f0 && [1/2] Building C object CMakeFiles/cmTC_666f0.dir/CheckFunctionExists.c.o
[2/2] Linking C executable cmTC_666f0
FAILED: cmTC_666f0 
: && /usr/bin/clang -fno-omit-frame-pointer -ftls-model=initial-exec  -DCHECK_FUNCTION_EXISTS=__secure_getenv -isysroot /Library/Developer/CommandLineTools/SDKs/MacOSX14.0.sdk -Wl,-search_paths_first -Wl,-headerpad_max_install_names -L/usr/local/opt/openssl/lib CMakeFiles/cmTC_666f0.dir/CheckFunctionExists.c.o -o cmTC_666f0   && :
ld: Undefined symbols:
  ___secure_getenv, referenced from:
      _main in CheckFunctionExists.c.o
clang: error: linker command failed with exit code 1 (use -v to see invocation)
ninja: build stopped: subcommand failed.



Determining if the function secure_getenv exists failed with the following output:
Change Dir: /Users/heidsoft/Downloads/research/mysql-8.0.27/build/CMakeFiles/CMakeTmp

Run Build Command(s):/usr/local/bin/ninja cmTC_264f6 && [1/2] Building C object CMakeFiles/cmTC_264f6.dir/CheckFunctionExists.c.o
[2/2] Linking C executable cmTC_264f6
FAILED: cmTC_264f6 
: && /usr/bin/clang -fno-omit-frame-pointer -ftls-model=initial-exec  -DCHECK_FUNCTION_EXISTS=secure_getenv -isysroot /Library/Developer/CommandLineTools/SDKs/MacOSX14.0.sdk -Wl,-search_paths_first -Wl,-headerpad_max_install_names -L/usr/local/opt/openssl/lib CMakeFiles/cmTC_264f6.dir/CheckFunctionExists.c.o -o cmTC_264f6   && :
ld: Undefined symbols:
  _secure_getenv, referenced from:
      _main in CheckFunctionExists.c.o
clang: error: linker command failed with exit code 1 (use -v to see invocation)
ninja: build stopped: subcommand failed.



Performing C SOURCE FILE Test HAVE_STRINGOP_OVERFLOW failed with the following output:
Change Dir: /Users/heidsoft/Downloads/research/mysql-8.0.27/build/CMakeFiles/CMakeTmp

Run Build Command(s):/usr/local/bin/ninja cmTC_308d3 && [1/2] Building C object CMakeFiles/cmTC_308d3.dir/src.c.o
warning: unknown warning option '-Wstringop-overflow'; did you mean '-Wshift-overflow'? [-Wunknown-warning-option]
1 warning generated.
[2/2] Linking C executable cmTC_308d3


Source file was:
int main(void) { return 0; }
Performing C SOURCE FILE Test HAVE_STRINGOP_TRUNCATION failed with the following output:
Change Dir: /Users/heidsoft/Downloads/research/mysql-8.0.27/build/CMakeFiles/CMakeTmp

Run Build Command(s):/usr/local/bin/ninja cmTC_3ef31 && [1/2] Building C object CMakeFiles/cmTC_3ef31.dir/src.c.o
warning: unknown warning option '-Wstringop-truncation'; did you mean '-Wstring-concatenation'? [-Wunknown-warning-option]
1 warning generated.
[2/2] Linking C executable cmTC_3ef31


Source file was:
int main(void) { return 0; }
Performing C SOURCE FILE Test check_c_compiler_flag__Wnormalized_id failed with the following output:
Change Dir: /Users/heidsoft/Downloads/research/mysql-8.0.27/build/CMakeFiles/CMakeTmp

Run Build Command(s):/usr/local/bin/ninja cmTC_e117e && [1/2] Building C object CMakeFiles/cmTC_e117e.dir/src.c.o
warning: unknown warning option '-Wnormalized=id' [-Wunknown-warning-option]
1 warning generated.
[2/2] Linking C executable cmTC_e117e


Source file was:
int main(void) { return 0; }
Performing C SOURCE FILE Test check_c_compiler_flag__Wlogical_op failed with the following output:
Change Dir: /Users/heidsoft/Downloads/research/mysql-8.0.27/build/CMakeFiles/CMakeTmp

Run Build Command(s):/usr/local/bin/ninja cmTC_e3598 && [1/2] Building C object CMakeFiles/cmTC_e3598.dir/src.c.o
warning: unknown warning option '-Wlogical-op'; did you mean '-Wlong-long'? [-Wunknown-warning-option]
1 warning generated.
[2/2] Linking C executable cmTC_e3598


Source file was:
int main(void) { return 0; }
Determining if the __GNU_LIBRARY__ exist failed with the following output:
Change Dir: /Users/heidsoft/Downloads/research/mysql-8.0.27/build/CMakeFiles/CMakeTmp

Run Build Command(s):/usr/local/bin/ninja cmTC_34ad2 && [1/2] Building C object CMakeFiles/cmTC_34ad2.dir/CheckSymbolExists.c.o
FAILED: CMakeFiles/cmTC_34ad2.dir/CheckSymbolExists.c.o 
/usr/bin/clang -D_FILE_OFFSET_BITS=64 -D_GNU_SOURCE -D__STDC_CONSTANT_MACROS -D__STDC_FORMAT_MACROS -D__STDC_LIMIT_MACROS  -fno-omit-frame-pointer -ftls-model=initial-exec  -fdiagnostics-color=always -Wall -Wextra -Wno-unused-parameter -Wstrict-aliasing -Wstrict-prototypes -fno-strict-aliasing -Wmissing-prototypes -Winit-self -Wmissing-field-initializers -Wdeclaration-after-statement -Waddress -Woverride-init -Wwrite-strings -Wno-unused-function -Wno-error=deprecated-declarations -Wno-unused-function -Qunused-arguments  -isysroot /Library/Developer/CommandLineTools/SDKs/MacOSX14.0.sdk -fPIE -MD -MT CMakeFiles/cmTC_34ad2.dir/CheckSymbolExists.c.o -MF CMakeFiles/cmTC_34ad2.dir/CheckSymbolExists.c.o.d -o CMakeFiles/cmTC_34ad2.dir/CheckSymbolExists.c.o -c /Users/heidsoft/Downloads/research/mysql-8.0.27/build/CMakeFiles/CMakeTmp/CheckSymbolExists.c
/Users/heidsoft/Downloads/research/mysql-8.0.27/build/CMakeFiles/CMakeTmp/CheckSymbolExists.c:2:10: fatal error: 'features.h' file not found
#include <features.h>
         ^~~~~~~~~~~~
1 error generated.
ninja: build stopped: subcommand failed.


File /Users/heidsoft/Downloads/research/mysql-8.0.27/build/CMakeFiles/CMakeTmp/CheckSymbolExists.c:
/* */
#include <features.h>

int main(int argc, char** argv)
{
  (void)argv;
#ifndef __GNU_LIBRARY__
  return ((int*)(&__GNU_LIBRARY__))[argc];
#else
  (void)argc;
  return 0;
#endif
}
Determining if the _GNU_SOURCE exist failed with the following output:
Change Dir: /Users/heidsoft/Downloads/research/mysql-8.0.27/build/CMakeFiles/CMakeTmp

Run Build Command(s):/usr/local/bin/ninja cmTC_53345 && [1/2] Building C object CMakeFiles/cmTC_53345.dir/CheckSymbolExists.c.o
FAILED: CMakeFiles/cmTC_53345.dir/CheckSymbolExists.c.o 
/usr/bin/clang -D_FILE_OFFSET_BITS=64 -D_GNU_SOURCE -D__STDC_CONSTANT_MACROS -D__STDC_FORMAT_MACROS -D__STDC_LIMIT_MACROS  -fno-omit-frame-pointer -ftls-model=initial-exec  -fdiagnostics-color=always -Wall -Wextra -Wno-unused-parameter -Wstrict-aliasing -Wstrict-prototypes -fno-strict-aliasing -Wmissing-prototypes -Winit-self -Wmissing-field-initializers -Wdeclaration-after-statement -Waddress -Woverride-init -Wwrite-strings -Wno-unused-function -Wno-error=deprecated-declarations -Wno-unused-function -Qunused-arguments  -isysroot /Library/Developer/CommandLineTools/SDKs/MacOSX14.0.sdk -fPIE -MD -MT CMakeFiles/cmTC_53345.dir/CheckSymbolExists.c.o -MF CMakeFiles/cmTC_53345.dir/CheckSymbolExists.c.o.d -o CMakeFiles/cmTC_53345.dir/CheckSymbolExists.c.o -c /Users/heidsoft/Downloads/research/mysql-8.0.27/build/CMakeFiles/CMakeTmp/CheckSymbolExists.c
/Users/heidsoft/Downloads/research/mysql-8.0.27/build/CMakeFiles/CMakeTmp/CheckSymbolExists.c:2:10: fatal error: 'features.h' file not found
#include <features.h>
         ^~~~~~~~~~~~
1 error generated.
ninja: build stopped: subcommand failed.


File /Users/heidsoft/Downloads/research/mysql-8.0.27/build/CMakeFiles/CMakeTmp/CheckSymbolExists.c:
/* */
#include <features.h>

int main(int argc, char** argv)
{
  (void)argv;
#ifndef _GNU_SOURCE
  return ((int*)(&_GNU_SOURCE))[argc];
#else
  (void)argc;
  return 0;
#endif
}
Determining if the include file netinet/in6.h exists failed with the following output:
Change Dir: /Users/heidsoft/Downloads/research/mysql-8.0.27/build/CMakeFiles/CMakeTmp

Run Build Command(s):/usr/local/bin/ninja cmTC_1389b && [1/2] Building C object CMakeFiles/cmTC_1389b.dir/CheckIncludeFile.c.o
FAILED: CMakeFiles/cmTC_1389b.dir/CheckIncludeFile.c.o 
/usr/bin/clang -D_FILE_OFFSET_BITS=64 -D_GNU_SOURCE -D__STDC_CONSTANT_MACROS -D__STDC_FORMAT_MACROS -D__STDC_LIMIT_MACROS  -fno-omit-frame-pointer -ftls-model=initial-exec  -fdiagnostics-color=always -Wall -Wextra -Wno-unused-parameter -Wstrict-aliasing -Wstrict-prototypes -fno-strict-aliasing -Wmissing-prototypes -Winit-self -Wmissing-field-initializers -Wdeclaration-after-statement -Waddress -Woverride-init -Wwrite-strings -Wno-unused-function -Wno-error=deprecated-declarations -Wno-unused-function -Qunused-arguments  -isysroot /Library/Developer/CommandLineTools/SDKs/MacOSX14.0.sdk -fPIE -MD -MT CMakeFiles/cmTC_1389b.dir/CheckIncludeFile.c.o -MF CMakeFiles/cmTC_1389b.dir/CheckIncludeFile.c.o.d -o CMakeFiles/cmTC_1389b.dir/CheckIncludeFile.c.o -c /Users/heidsoft/Downloads/research/mysql-8.0.27/build/CMakeFiles/CMakeTmp/CheckIncludeFile.c
/Users/heidsoft/Downloads/research/mysql-8.0.27/build/CMakeFiles/CMakeTmp/CheckIncludeFile.c:1:10: fatal error: 'netinet/in6.h' file not found
#include <netinet/in6.h>
         ^~~~~~~~~~~~~~~
1 error generated.
ninja: build stopped: subcommand failed.



Determining if the include file port.h exists failed with the following output:
Change Dir: /Users/heidsoft/Downloads/research/mysql-8.0.27/build/CMakeFiles/CMakeTmp

Run Build Command(s):/usr/local/bin/ninja cmTC_c950b && [1/2] Building C object CMakeFiles/cmTC_c950b.dir/CheckIncludeFile.c.o
FAILED: CMakeFiles/cmTC_c950b.dir/CheckIncludeFile.c.o 
/usr/bin/clang -D_FILE_OFFSET_BITS=64 -D_GNU_SOURCE -D__STDC_CONSTANT_MACROS -D__STDC_FORMAT_MACROS -D__STDC_LIMIT_MACROS  -fno-omit-frame-pointer -ftls-model=initial-exec  -fdiagnostics-color=always -Wall -Wextra -Wno-unused-parameter -Wstrict-aliasing -Wstrict-prototypes -fno-strict-aliasing -Wmissing-prototypes -Winit-self -Wmissing-field-initializers -Wdeclaration-after-statement -Waddress -Woverride-init -Wwrite-strings -Wno-unused-function -Wno-error=deprecated-declarations -Wno-unused-function -Qunused-arguments  -isysroot /Library/Developer/CommandLineTools/SDKs/MacOSX14.0.sdk -fPIE -MD -MT CMakeFiles/cmTC_c950b.dir/CheckIncludeFile.c.o -MF CMakeFiles/cmTC_c950b.dir/CheckIncludeFile.c.o.d -o CMakeFiles/cmTC_c950b.dir/CheckIncludeFile.c.o -c /Users/heidsoft/Downloads/research/mysql-8.0.27/build/CMakeFiles/CMakeTmp/CheckIncludeFile.c
/Users/heidsoft/Downloads/research/mysql-8.0.27/build/CMakeFiles/CMakeTmp/CheckIncludeFile.c:1:10: fatal error: 'port.h' file not found
#include <port.h>
         ^~~~~~~~
1 error generated.
ninja: build stopped: subcommand failed.



Determining if the include file sys/devpoll.h exists failed with the following output:
Change Dir: /Users/heidsoft/Downloads/research/mysql-8.0.27/build/CMakeFiles/CMakeTmp

Run Build Command(s):/usr/local/bin/ninja cmTC_62d8e && [1/2] Building C object CMakeFiles/cmTC_62d8e.dir/CheckIncludeFile.c.o
FAILED: CMakeFiles/cmTC_62d8e.dir/CheckIncludeFile.c.o 
/usr/bin/clang -D_FILE_OFFSET_BITS=64 -D_GNU_SOURCE -D__STDC_CONSTANT_MACROS -D__STDC_FORMAT_MACROS -D__STDC_LIMIT_MACROS  -fno-omit-frame-pointer -ftls-model=initial-exec  -fdiagnostics-color=always -Wall -Wextra -Wno-unused-parameter -Wstrict-aliasing -Wstrict-prototypes -fno-strict-aliasing -Wmissing-prototypes -Winit-self -Wmissing-field-initializers -Wdeclaration-after-statement -Waddress -Woverride-init -Wwrite-strings -Wno-unused-function -Wno-error=deprecated-declarations -Wno-unused-function -Qunused-arguments  -isysroot /Library/Developer/CommandLineTools/SDKs/MacOSX14.0.sdk -fPIE -MD -MT CMakeFiles/cmTC_62d8e.dir/CheckIncludeFile.c.o -MF CMakeFiles/cmTC_62d8e.dir/CheckIncludeFile.c.o.d -o CMakeFiles/cmTC_62d8e.dir/CheckIncludeFile.c.o -c /Users/heidsoft/Downloads/research/mysql-8.0.27/build/CMakeFiles/CMakeTmp/CheckIncludeFile.c
/Users/heidsoft/Downloads/research/mysql-8.0.27/build/CMakeFiles/CMakeTmp/CheckIncludeFile.c:1:10: fatal error: 'sys/devpoll.h' file not found
#include <sys/devpoll.h>
         ^~~~~~~~~~~~~~~
1 error generated.
ninja: build stopped: subcommand failed.



Determining if the include file sys/epoll.h exists failed with the following output:
Change Dir: /Users/heidsoft/Downloads/research/mysql-8.0.27/build/CMakeFiles/CMakeTmp

Run Build Command(s):/usr/local/bin/ninja cmTC_34112 && [1/2] Building C object CMakeFiles/cmTC_34112.dir/CheckIncludeFile.c.o
FAILED: CMakeFiles/cmTC_34112.dir/CheckIncludeFile.c.o 
/usr/bin/clang -D_FILE_OFFSET_BITS=64 -D_GNU_SOURCE -D__STDC_CONSTANT_MACROS -D__STDC_FORMAT_MACROS -D__STDC_LIMIT_MACROS  -fno-omit-frame-pointer -ftls-model=initial-exec  -fdiagnostics-color=always -Wall -Wextra -Wno-unused-parameter -Wstrict-aliasing -Wstrict-prototypes -fno-strict-aliasing -Wmissing-prototypes -Winit-self -Wmissing-field-initializers -Wdeclaration-after-statement -Waddress -Woverride-init -Wwrite-strings -Wno-unused-function -Wno-error=deprecated-declarations -Wno-unused-function -Qunused-arguments  -isysroot /Library/Developer/CommandLineTools/SDKs/MacOSX14.0.sdk -fPIE -MD -MT CMakeFiles/cmTC_34112.dir/CheckIncludeFile.c.o -MF CMakeFiles/cmTC_34112.dir/CheckIncludeFile.c.o.d -o CMakeFiles/cmTC_34112.dir/CheckIncludeFile.c.o -c /Users/heidsoft/Downloads/research/mysql-8.0.27/build/CMakeFiles/CMakeTmp/CheckIncludeFile.c
/Users/heidsoft/Downloads/research/mysql-8.0.27/build/CMakeFiles/CMakeTmp/CheckIncludeFile.c:1:10: fatal error: 'sys/epoll.h' file not found
#include <sys/epoll.h>
         ^~~~~~~~~~~~~
1 error generated.
ninja: build stopped: subcommand failed.



Determining if the include file sys/eventfd.h exists failed with the following output:
Change Dir: /Users/heidsoft/Downloads/research/mysql-8.0.27/build/CMakeFiles/CMakeTmp

Run Build Command(s):/usr/local/bin/ninja cmTC_a2dc8 && [1/2] Building C object CMakeFiles/cmTC_a2dc8.dir/CheckIncludeFile.c.o
FAILED: CMakeFiles/cmTC_a2dc8.dir/CheckIncludeFile.c.o 
/usr/bin/clang -D_FILE_OFFSET_BITS=64 -D_GNU_SOURCE -D__STDC_CONSTANT_MACROS -D__STDC_FORMAT_MACROS -D__STDC_LIMIT_MACROS  -fno-omit-frame-pointer -ftls-model=initial-exec  -fdiagnostics-color=always -Wall -Wextra -Wno-unused-parameter -Wstrict-aliasing -Wstrict-prototypes -fno-strict-aliasing -Wmissing-prototypes -Winit-self -Wmissing-field-initializers -Wdeclaration-after-statement -Waddress -Woverride-init -Wwrite-strings -Wno-unused-function -Wno-error=deprecated-declarations -Wno-unused-function -Qunused-arguments  -isysroot /Library/Developer/CommandLineTools/SDKs/MacOSX14.0.sdk -fPIE -MD -MT CMakeFiles/cmTC_a2dc8.dir/CheckIncludeFile.c.o -MF CMakeFiles/cmTC_a2dc8.dir/CheckIncludeFile.c.o.d -o CMakeFiles/cmTC_a2dc8.dir/CheckIncludeFile.c.o -c /Users/heidsoft/Downloads/research/mysql-8.0.27/build/CMakeFiles/CMakeTmp/CheckIncludeFile.c
/Users/heidsoft/Downloads/research/mysql-8.0.27/build/CMakeFiles/CMakeTmp/CheckIncludeFile.c:1:10: fatal error: 'sys/eventfd.h' file not found
#include <sys/eventfd.h>
         ^~~~~~~~~~~~~~~
1 error generated.
ninja: build stopped: subcommand failed.



Determining if the include file sys/sendfile.h exists failed with the following output:
Change Dir: /Users/heidsoft/Downloads/research/mysql-8.0.27/build/CMakeFiles/CMakeTmp

Run Build Command(s):/usr/local/bin/ninja cmTC_4d0d2 && [1/2] Building C object CMakeFiles/cmTC_4d0d2.dir/CheckIncludeFile.c.o
FAILED: CMakeFiles/cmTC_4d0d2.dir/CheckIncludeFile.c.o 
/usr/bin/clang -D_FILE_OFFSET_BITS=64 -D_GNU_SOURCE -D__STDC_CONSTANT_MACROS -D__STDC_FORMAT_MACROS -D__STDC_LIMIT_MACROS  -fno-omit-frame-pointer -ftls-model=initial-exec  -fdiagnostics-color=always -Wall -Wextra -Wno-unused-parameter -Wstrict-aliasing -Wstrict-prototypes -fno-strict-aliasing -Wmissing-prototypes -Winit-self -Wmissing-field-initializers -Wdeclaration-after-statement -Waddress -Woverride-init -Wwrite-strings -Wno-unused-function -Wno-error=deprecated-declarations -Wno-unused-function -Qunused-arguments  -isysroot /Library/Developer/CommandLineTools/SDKs/MacOSX14.0.sdk -fPIE -MD -MT CMakeFiles/cmTC_4d0d2.dir/CheckIncludeFile.c.o -MF CMakeFiles/cmTC_4d0d2.dir/CheckIncludeFile.c.o.d -o CMakeFiles/cmTC_4d0d2.dir/CheckIncludeFile.c.o -c /Users/heidsoft/Downloads/research/mysql-8.0.27/build/CMakeFiles/CMakeTmp/CheckIncludeFile.c
/Users/heidsoft/Downloads/research/mysql-8.0.27/build/CMakeFiles/CMakeTmp/CheckIncludeFile.c:1:10: fatal error: 'sys/sendfile.h' file not found
#include <sys/sendfile.h>
         ^~~~~~~~~~~~~~~~
1 error generated.
ninja: build stopped: subcommand failed.



Determining if the include file sys/timerfd.h exists failed with the following output:
Change Dir: /Users/heidsoft/Downloads/research/mysql-8.0.27/build/CMakeFiles/CMakeTmp

Run Build Command(s):/usr/local/bin/ninja cmTC_62fbc && [1/2] Building C object CMakeFiles/cmTC_62fbc.dir/CheckIncludeFile.c.o
FAILED: CMakeFiles/cmTC_62fbc.dir/CheckIncludeFile.c.o 
/usr/bin/clang -D_FILE_OFFSET_BITS=64 -D_GNU_SOURCE -D__STDC_CONSTANT_MACROS -D__STDC_FORMAT_MACROS -D__STDC_LIMIT_MACROS  -fno-omit-frame-pointer -ftls-model=initial-exec  -fdiagnostics-color=always -Wall -Wextra -Wno-unused-parameter -Wstrict-aliasing -Wstrict-prototypes -fno-strict-aliasing -Wmissing-prototypes -Winit-self -Wmissing-field-initializers -Wdeclaration-after-statement -Waddress -Woverride-init -Wwrite-strings -Wno-unused-function -Wno-error=deprecated-declarations -Wno-unused-function -Qunused-arguments  -isysroot /Library/Developer/CommandLineTools/SDKs/MacOSX14.0.sdk -fPIE -MD -MT CMakeFiles/cmTC_62fbc.dir/CheckIncludeFile.c.o -MF CMakeFiles/cmTC_62fbc.dir/CheckIncludeFile.c.o.d -o CMakeFiles/cmTC_62fbc.dir/CheckIncludeFile.c.o -c /Users/heidsoft/Downloads/research/mysql-8.0.27/build/CMakeFiles/CMakeTmp/CheckIncludeFile.c
/Users/heidsoft/Downloads/research/mysql-8.0.27/build/CMakeFiles/CMakeTmp/CheckIncludeFile.c:1:10: fatal error: 'sys/timerfd.h' file not found
#include <sys/timerfd.h>
         ^~~~~~~~~~~~~~~
1 error generated.
ninja: build stopped: subcommand failed.



Determining if the function epoll_create exists failed with the following output:
Change Dir: /Users/heidsoft/Downloads/research/mysql-8.0.27/build/CMakeFiles/CMakeTmp

Run Build Command(s):/usr/local/bin/ninja cmTC_e9d93 && [1/2] Building C object CMakeFiles/cmTC_e9d93.dir/CheckFunctionExistsEx.c.o
[2/2] Linking C executable cmTC_e9d93
FAILED: cmTC_e9d93 
: && /usr/bin/clang -fno-omit-frame-pointer -ftls-model=initial-exec  -fdiagnostics-color=always -Wall -Wextra -Wno-unused-parameter -Wstrict-aliasing -Wstrict-prototypes -fno-strict-aliasing -Wmissing-prototypes -Winit-self -Wmissing-field-initializers -Wdeclaration-after-statement -Waddress -Woverride-init -Wwrite-strings -Wno-unused-function -Wno-error=deprecated-declarations -Wno-unused-function -Qunused-arguments -DCHECK_FUNCTION_EXISTS=epoll_create -isysroot /Library/Developer/CommandLineTools/SDKs/MacOSX14.0.sdk -Wl,-search_paths_first -Wl,-headerpad_max_install_names -L/usr/local/opt/openssl/lib CMakeFiles/cmTC_e9d93.dir/CheckFunctionExistsEx.c.o -o cmTC_e9d93   && :
ld: Undefined symbols:
  _epoll_create, referenced from:
      _main in CheckFunctionExistsEx.c.o
clang: error: linker command failed with exit code 1 (use -v to see invocation)
ninja: build stopped: subcommand failed.



Determining if the function epoll_ctl exists failed with the following output:
Change Dir: /Users/heidsoft/Downloads/research/mysql-8.0.27/build/CMakeFiles/CMakeTmp

Run Build Command(s):/usr/local/bin/ninja cmTC_cf511 && [1/2] Building C object CMakeFiles/cmTC_cf511.dir/CheckFunctionExistsEx.c.o
[2/2] Linking C executable cmTC_cf511
FAILED: cmTC_cf511 
: && /usr/bin/clang -fno-omit-frame-pointer -ftls-model=initial-exec  -fdiagnostics-color=always -Wall -Wextra -Wno-unused-parameter -Wstrict-aliasing -Wstrict-prototypes -fno-strict-aliasing -Wmissing-prototypes -Winit-self -Wmissing-field-initializers -Wdeclaration-after-statement -Waddress -Woverride-init -Wwrite-strings -Wno-unused-function -Wno-error=deprecated-declarations -Wno-unused-function -Qunused-arguments -DCHECK_FUNCTION_EXISTS=epoll_ctl -isysroot /Library/Developer/CommandLineTools/SDKs/MacOSX14.0.sdk -Wl,-search_paths_first -Wl,-headerpad_max_install_names -L/usr/local/opt/openssl/lib CMakeFiles/cmTC_cf511.dir/CheckFunctionExistsEx.c.o -o cmTC_cf511   && :
ld: Undefined symbols:
  _epoll_ctl, referenced from:
      _main in CheckFunctionExistsEx.c.o
clang: error: linker command failed with exit code 1 (use -v to see invocation)
ninja: build stopped: subcommand failed.



Determining if the function eventfd exists failed with the following output:
Change Dir: /Users/heidsoft/Downloads/research/mysql-8.0.27/build/CMakeFiles/CMakeTmp

Run Build Command(s):/usr/local/bin/ninja cmTC_5b595 && [1/2] Building C object CMakeFiles/cmTC_5b595.dir/CheckFunctionExistsEx.c.o
[2/2] Linking C executable cmTC_5b595
FAILED: cmTC_5b595 
: && /usr/bin/clang -fno-omit-frame-pointer -ftls-model=initial-exec  -fdiagnostics-color=always -Wall -Wextra -Wno-unused-parameter -Wstrict-aliasing -Wstrict-prototypes -fno-strict-aliasing -Wmissing-prototypes -Winit-self -Wmissing-field-initializers -Wdeclaration-after-statement -Waddress -Woverride-init -Wwrite-strings -Wno-unused-function -Wno-error=deprecated-declarations -Wno-unused-function -Qunused-arguments -DCHECK_FUNCTION_EXISTS=eventfd -isysroot /Library/Developer/CommandLineTools/SDKs/MacOSX14.0.sdk -Wl,-search_paths_first -Wl,-headerpad_max_install_names -L/usr/local/opt/openssl/lib CMakeFiles/cmTC_5b595.dir/CheckFunctionExistsEx.c.o -o cmTC_5b595   && :
ld: Undefined symbols:
  _eventfd, referenced from:
      _main in CheckFunctionExistsEx.c.o
clang: error: linker command failed with exit code 1 (use -v to see invocation)
ninja: build stopped: subcommand failed.



Determining if the function pipe2 exists failed with the following output:
Change Dir: /Users/heidsoft/Downloads/research/mysql-8.0.27/build/CMakeFiles/CMakeTmp

Run Build Command(s):/usr/local/bin/ninja cmTC_da695 && [1/2] Building C object CMakeFiles/cmTC_da695.dir/CheckFunctionExistsEx.c.o
[2/2] Linking C executable cmTC_da695
FAILED: cmTC_da695 
: && /usr/bin/clang -fno-omit-frame-pointer -ftls-model=initial-exec  -fdiagnostics-color=always -Wall -Wextra -Wno-unused-parameter -Wstrict-aliasing -Wstrict-prototypes -fno-strict-aliasing -Wmissing-prototypes -Winit-self -Wmissing-field-initializers -Wdeclaration-after-statement -Waddress -Woverride-init -Wwrite-strings -Wno-unused-function -Wno-error=deprecated-declarations -Wno-unused-function -Qunused-arguments -DCHECK_FUNCTION_EXISTS=pipe2 -isysroot /Library/Developer/CommandLineTools/SDKs/MacOSX14.0.sdk -Wl,-search_paths_first -Wl,-headerpad_max_install_names -L/usr/local/opt/openssl/lib CMakeFiles/cmTC_da695.dir/CheckFunctionExistsEx.c.o -o cmTC_da695   && :
ld: Undefined symbols:
  _pipe2, referenced from:
      _main in CheckFunctionExistsEx.c.o
clang: error: linker command failed with exit code 1 (use -v to see invocation)
ninja: build stopped: subcommand failed.



Determining if the function port_create exists failed with the following output:
Change Dir: /Users/heidsoft/Downloads/research/mysql-8.0.27/build/CMakeFiles/CMakeTmp

Run Build Command(s):/usr/local/bin/ninja cmTC_6ca7d && [1/2] Building C object CMakeFiles/cmTC_6ca7d.dir/CheckFunctionExistsEx.c.o
[2/2] Linking C executable cmTC_6ca7d
FAILED: cmTC_6ca7d 
: && /usr/bin/clang -fno-omit-frame-pointer -ftls-model=initial-exec  -fdiagnostics-color=always -Wall -Wextra -Wno-unused-parameter -Wstrict-aliasing -Wstrict-prototypes -fno-strict-aliasing -Wmissing-prototypes -Winit-self -Wmissing-field-initializers -Wdeclaration-after-statement -Waddress -Woverride-init -Wwrite-strings -Wno-unused-function -Wno-error=deprecated-declarations -Wno-unused-function -Qunused-arguments -DCHECK_FUNCTION_EXISTS=port_create -isysroot /Library/Developer/CommandLineTools/SDKs/MacOSX14.0.sdk -Wl,-search_paths_first -Wl,-headerpad_max_install_names -L/usr/local/opt/openssl/lib CMakeFiles/cmTC_6ca7d.dir/CheckFunctionExistsEx.c.o -o cmTC_6ca7d   && :
ld: Undefined symbols:
  _port_create, referenced from:
      _main in CheckFunctionExistsEx.c.o
clang: error: linker command failed with exit code 1 (use -v to see invocation)
ninja: build stopped: subcommand failed.



Determining if the function splice exists failed with the following output:
Change Dir: /Users/heidsoft/Downloads/research/mysql-8.0.27/build/CMakeFiles/CMakeTmp

Run Build Command(s):/usr/local/bin/ninja cmTC_650ca && [1/2] Building C object CMakeFiles/cmTC_650ca.dir/CheckFunctionExistsEx.c.o
[2/2] Linking C executable cmTC_650ca
FAILED: cmTC_650ca 
: && /usr/bin/clang -fno-omit-frame-pointer -ftls-model=initial-exec  -fdiagnostics-color=always -Wall -Wextra -Wno-unused-parameter -Wstrict-aliasing -Wstrict-prototypes -fno-strict-aliasing -Wmissing-prototypes -Winit-self -Wmissing-field-initializers -Wdeclaration-after-statement -Waddress -Woverride-init -Wwrite-strings -Wno-unused-function -Wno-error=deprecated-declarations -Wno-unused-function -Qunused-arguments -DCHECK_FUNCTION_EXISTS=splice -isysroot /Library/Developer/CommandLineTools/SDKs/MacOSX14.0.sdk -Wl,-search_paths_first -Wl,-headerpad_max_install_names -L/usr/local/opt/openssl/lib CMakeFiles/cmTC_650ca.dir/CheckFunctionExistsEx.c.o -o cmTC_650ca   && :
ld: Undefined symbols:
  _splice, referenced from:
      _main in CheckFunctionExistsEx.c.o
clang: error: linker command failed with exit code 1 (use -v to see invocation)
ninja: build stopped: subcommand failed.



Determining if the function accept4 exists failed with the following output:
Change Dir: /Users/heidsoft/Downloads/research/mysql-8.0.27/build/CMakeFiles/CMakeTmp

Run Build Command(s):/usr/local/bin/ninja cmTC_531d6 && [1/2] Building C object CMakeFiles/cmTC_531d6.dir/CheckFunctionExistsEx.c.o
[2/2] Linking C executable cmTC_531d6
FAILED: cmTC_531d6 
: && /usr/bin/clang -fno-omit-frame-pointer -ftls-model=initial-exec  -fdiagnostics-color=always -Wall -Wextra -Wno-unused-parameter -Wstrict-aliasing -Wstrict-prototypes -fno-strict-aliasing -Wmissing-prototypes -Winit-self -Wmissing-field-initializers -Wdeclaration-after-statement -Waddress -Woverride-init -Wwrite-strings -Wno-unused-function -Wno-error=deprecated-declarations -Wno-unused-function -Qunused-arguments -DCHECK_FUNCTION_EXISTS=accept4 -isysroot /Library/Developer/CommandLineTools/SDKs/MacOSX14.0.sdk -Wl,-search_paths_first -Wl,-headerpad_max_install_names -L/usr/local/opt/openssl/lib CMakeFiles/cmTC_531d6.dir/CheckFunctionExistsEx.c.o -o cmTC_531d6   && :
ld: Undefined symbols:
  _accept4, referenced from:
      _main in CheckFunctionExistsEx.c.o
clang: error: linker command failed with exit code 1 (use -v to see invocation)
ninja: build stopped: subcommand failed.



Determining if the function epoll_create1 exists failed with the following output:
Change Dir: /Users/heidsoft/Downloads/research/mysql-8.0.27/build/CMakeFiles/CMakeTmp

Run Build Command(s):/usr/local/bin/ninja cmTC_5206c && [1/2] Building C object CMakeFiles/cmTC_5206c.dir/CheckFunctionExistsEx.c.o
[2/2] Linking C executable cmTC_5206c
FAILED: cmTC_5206c 
: && /usr/bin/clang -fno-omit-frame-pointer -ftls-model=initial-exec  -fdiagnostics-color=always -Wall -Wextra -Wno-unused-parameter -Wstrict-aliasing -Wstrict-prototypes -fno-strict-aliasing -Wmissing-prototypes -Winit-self -Wmissing-field-initializers -Wdeclaration-after-statement -Waddress -Woverride-init -Wwrite-strings -Wno-unused-function -Wno-error=deprecated-declarations -Wno-unused-function -Qunused-arguments -DCHECK_FUNCTION_EXISTS=epoll_create1 -isysroot /Library/Developer/CommandLineTools/SDKs/MacOSX14.0.sdk -Wl,-search_paths_first -Wl,-headerpad_max_install_names -L/usr/local/opt/openssl/lib CMakeFiles/cmTC_5206c.dir/CheckFunctionExistsEx.c.o -o cmTC_5206c   && :
ld: Undefined symbols:
  _epoll_create1, referenced from:
      _main in CheckFunctionExistsEx.c.o
clang: error: linker command failed with exit code 1 (use -v to see invocation)
ninja: build stopped: subcommand failed.



Determining if the function timeradd exists failed with the following output:
Change Dir: /Users/heidsoft/Downloads/research/mysql-8.0.27/build/CMakeFiles/CMakeTmp

Run Build Command(s):/usr/local/bin/ninja cmTC_5f21e && [1/2] Building C object CMakeFiles/cmTC_5f21e.dir/CheckFunctionExistsEx.c.o
[2/2] Linking C executable cmTC_5f21e
FAILED: cmTC_5f21e 
: && /usr/bin/clang -fno-omit-frame-pointer -ftls-model=initial-exec  -fdiagnostics-color=always -Wall -Wextra -Wno-unused-parameter -Wstrict-aliasing -Wstrict-prototypes -fno-strict-aliasing -Wmissing-prototypes -Winit-self -Wmissing-field-initializers -Wdeclaration-after-statement -Waddress -Woverride-init -Wwrite-strings -Wno-unused-function -Wno-error=deprecated-declarations -Wno-unused-function -Qunused-arguments -DCHECK_FUNCTION_EXISTS=timeradd -isysroot /Library/Developer/CommandLineTools/SDKs/MacOSX14.0.sdk -Wl,-search_paths_first -Wl,-headerpad_max_install_names -L/usr/local/opt/openssl/lib CMakeFiles/cmTC_5f21e.dir/CheckFunctionExistsEx.c.o -o cmTC_5f21e   && :
ld: Undefined symbols:
  _timeradd, referenced from:
      _main in CheckFunctionExistsEx.c.o
clang: error: linker command failed with exit code 1 (use -v to see invocation)
ninja: build stopped: subcommand failed.



Determining if the function timerclear exists failed with the following output:
Change Dir: /Users/heidsoft/Downloads/research/mysql-8.0.27/build/CMakeFiles/CMakeTmp

Run Build Command(s):/usr/local/bin/ninja cmTC_94457 && [1/2] Building C object CMakeFiles/cmTC_94457.dir/CheckFunctionExistsEx.c.o
[2/2] Linking C executable cmTC_94457
FAILED: cmTC_94457 
: && /usr/bin/clang -fno-omit-frame-pointer -ftls-model=initial-exec  -fdiagnostics-color=always -Wall -Wextra -Wno-unused-parameter -Wstrict-aliasing -Wstrict-prototypes -fno-strict-aliasing -Wmissing-prototypes -Winit-self -Wmissing-field-initializers -Wdeclaration-after-statement -Waddress -Woverride-init -Wwrite-strings -Wno-unused-function -Wno-error=deprecated-declarations -Wno-unused-function -Qunused-arguments -DCHECK_FUNCTION_EXISTS=timerclear -isysroot /Library/Developer/CommandLineTools/SDKs/MacOSX14.0.sdk -Wl,-search_paths_first -Wl,-headerpad_max_install_names -L/usr/local/opt/openssl/lib CMakeFiles/cmTC_94457.dir/CheckFunctionExistsEx.c.o -o cmTC_94457   && :
ld: Undefined symbols:
  _timerclear, referenced from:
      _main in CheckFunctionExistsEx.c.o
clang: error: linker command failed with exit code 1 (use -v to see invocation)
ninja: build stopped: subcommand failed.



Determining if the function timercmp exists failed with the following output:
Change Dir: /Users/heidsoft/Downloads/research/mysql-8.0.27/build/CMakeFiles/CMakeTmp

Run Build Command(s):/usr/local/bin/ninja cmTC_cead7 && [1/2] Building C object CMakeFiles/cmTC_cead7.dir/CheckFunctionExistsEx.c.o
[2/2] Linking C executable cmTC_cead7
FAILED: cmTC_cead7 
: && /usr/bin/clang -fno-omit-frame-pointer -ftls-model=initial-exec  -fdiagnostics-color=always -Wall -Wextra -Wno-unused-parameter -Wstrict-aliasing -Wstrict-prototypes -fno-strict-aliasing -Wmissing-prototypes -Winit-self -Wmissing-field-initializers -Wdeclaration-after-statement -Waddress -Woverride-init -Wwrite-strings -Wno-unused-function -Wno-error=deprecated-declarations -Wno-unused-function -Qunused-arguments -DCHECK_FUNCTION_EXISTS=timercmp -isysroot /Library/Developer/CommandLineTools/SDKs/MacOSX14.0.sdk -Wl,-search_paths_first -Wl,-headerpad_max_install_names -L/usr/local/opt/openssl/lib CMakeFiles/cmTC_cead7.dir/CheckFunctionExistsEx.c.o -o cmTC_cead7   && :
ld: Undefined symbols:
  _timercmp, referenced from:
      _main in CheckFunctionExistsEx.c.o
clang: error: linker command failed with exit code 1 (use -v to see invocation)
ninja: build stopped: subcommand failed.



Determining if the function timerfd_create exists failed with the following output:
Change Dir: /Users/heidsoft/Downloads/research/mysql-8.0.27/build/CMakeFiles/CMakeTmp

Run Build Command(s):/usr/local/bin/ninja cmTC_9f035 && [1/2] Building C object CMakeFiles/cmTC_9f035.dir/CheckFunctionExistsEx.c.o
[2/2] Linking C executable cmTC_9f035
FAILED: cmTC_9f035 
: && /usr/bin/clang -fno-omit-frame-pointer -ftls-model=initial-exec  -fdiagnostics-color=always -Wall -Wextra -Wno-unused-parameter -Wstrict-aliasing -Wstrict-prototypes -fno-strict-aliasing -Wmissing-prototypes -Winit-self -Wmissing-field-initializers -Wdeclaration-after-statement -Waddress -Woverride-init -Wwrite-strings -Wno-unused-function -Wno-error=deprecated-declarations -Wno-unused-function -Qunused-arguments -DCHECK_FUNCTION_EXISTS=timerfd_create -isysroot /Library/Developer/CommandLineTools/SDKs/MacOSX14.0.sdk -Wl,-search_paths_first -Wl,-headerpad_max_install_names -L/usr/local/opt/openssl/lib CMakeFiles/cmTC_9f035.dir/CheckFunctionExistsEx.c.o -o cmTC_9f035   && :
ld: Undefined symbols:
  _timerfd_create, referenced from:
      _main in CheckFunctionExistsEx.c.o
clang: error: linker command failed with exit code 1 (use -v to see invocation)
ninja: build stopped: subcommand failed.



Determining if the function timerisset exists failed with the following output:
Change Dir: /Users/heidsoft/Downloads/research/mysql-8.0.27/build/CMakeFiles/CMakeTmp

Run Build Command(s):/usr/local/bin/ninja cmTC_dc44f && [1/2] Building C object CMakeFiles/cmTC_dc44f.dir/CheckFunctionExistsEx.c.o
[2/2] Linking C executable cmTC_dc44f
FAILED: cmTC_dc44f 
: && /usr/bin/clang -fno-omit-frame-pointer -ftls-model=initial-exec  -fdiagnostics-color=always -Wall -Wextra -Wno-unused-parameter -Wstrict-aliasing -Wstrict-prototypes -fno-strict-aliasing -Wmissing-prototypes -Winit-self -Wmissing-field-initializers -Wdeclaration-after-statement -Waddress -Woverride-init -Wwrite-strings -Wno-unused-function -Wno-error=deprecated-declarations -Wno-unused-function -Qunused-arguments -DCHECK_FUNCTION_EXISTS=timerisset -isysroot /Library/Developer/CommandLineTools/SDKs/MacOSX14.0.sdk -Wl,-search_paths_first -Wl,-headerpad_max_install_names -L/usr/local/opt/openssl/lib CMakeFiles/cmTC_dc44f.dir/CheckFunctionExistsEx.c.o -o cmTC_dc44f   && :
ld: Undefined symbols:
  _timerisset, referenced from:
      _main in CheckFunctionExistsEx.c.o
clang: error: linker command failed with exit code 1 (use -v to see invocation)
ninja: build stopped: subcommand failed.



Determining if the function gethostbyname_r exists failed with the following output:
Change Dir: /Users/heidsoft/Downloads/research/mysql-8.0.27/build/CMakeFiles/CMakeTmp

Run Build Command(s):/usr/local/bin/ninja cmTC_7cd4d && [1/2] Building C object CMakeFiles/cmTC_7cd4d.dir/CheckFunctionExistsEx.c.o
[2/2] Linking C executable cmTC_7cd4d
FAILED: cmTC_7cd4d 
: && /usr/bin/clang -fno-omit-frame-pointer -ftls-model=initial-exec  -fdiagnostics-color=always -Wall -Wextra -Wno-unused-parameter -Wstrict-aliasing -Wstrict-prototypes -fno-strict-aliasing -Wmissing-prototypes -Winit-self -Wmissing-field-initializers -Wdeclaration-after-statement -Waddress -Woverride-init -Wwrite-strings -Wno-unused-function -Wno-error=deprecated-declarations -Wno-unused-function -Qunused-arguments -DCHECK_FUNCTION_EXISTS=gethostbyname_r -isysroot /Library/Developer/CommandLineTools/SDKs/MacOSX14.0.sdk -Wl,-search_paths_first -Wl,-headerpad_max_install_names -L/usr/local/opt/openssl/lib CMakeFiles/cmTC_7cd4d.dir/CheckFunctionExistsEx.c.o -o cmTC_7cd4d   && :
ld: Undefined symbols:
  _gethostbyname_r, referenced from:
      _main in CheckFunctionExistsEx.c.o
clang: error: linker command failed with exit code 1 (use -v to see invocation)
ninja: build stopped: subcommand failed.



Performing C SOURCE FILE Test EVENT__HAVE_DECL_KERN_ARND failed with the following output:
Change Dir: /Users/heidsoft/Downloads/research/mysql-8.0.27/build/CMakeFiles/CMakeTmp

Run Build Command(s):/usr/local/bin/ninja cmTC_c380e && [1/2] Building C object CMakeFiles/cmTC_c380e.dir/src.c.o
FAILED: CMakeFiles/cmTC_c380e.dir/src.c.o 
/usr/bin/clang -DEVENT__HAVE_DECL_KERN_ARND -D_FILE_OFFSET_BITS=64 -D_GNU_SOURCE -D__STDC_CONSTANT_MACROS -D__STDC_FORMAT_MACROS -D__STDC_LIMIT_MACROS  -fno-omit-frame-pointer -ftls-model=initial-exec  -fdiagnostics-color=always -Wall -Wextra -Wno-unused-parameter -Wstrict-aliasing -Wstrict-prototypes -fno-strict-aliasing -Wmissing-prototypes -Winit-self -Wmissing-field-initializers -Wdeclaration-after-statement -Waddress -Woverride-init -Wwrite-strings -Wno-unused-function -Wno-error=deprecated-declarations -Wno-unused-function -Qunused-arguments  -isysroot /Library/Developer/CommandLineTools/SDKs/MacOSX14.0.sdk -fPIE -MD -MT CMakeFiles/cmTC_c380e.dir/src.c.o -MF CMakeFiles/cmTC_c380e.dir/src.c.o.d -o CMakeFiles/cmTC_c380e.dir/src.c.o -c /Users/heidsoft/Downloads/research/mysql-8.0.27/build/CMakeFiles/CMakeTmp/src.c
/Users/heidsoft/Downloads/research/mysql-8.0.27/build/CMakeFiles/CMakeTmp/src.c:3:17: warning: a function declaration without a prototype is deprecated in all versions of C [-Wstrict-prototypes]
        int main() { (void)KERN_ARND; return 0; }
                ^
                 void
/Users/heidsoft/Downloads/research/mysql-8.0.27/build/CMakeFiles/CMakeTmp/src.c:3:28: error: use of undeclared identifier 'KERN_ARND'
        int main() { (void)KERN_ARND; return 0; }
                           ^
1 warning and 1 error generated.
ninja: build stopped: subcommand failed.


Source file was:

          #include <sys/sysctl.h>
        int main() { (void)KERN_ARND; return 0; }
Performing C SOURCE FILE Test EVENT__HAVE_DECL_KERN_RANDOM failed with the following output:
Change Dir: /Users/heidsoft/Downloads/research/mysql-8.0.27/build/CMakeFiles/CMakeTmp

Run Build Command(s):/usr/local/bin/ninja cmTC_2f0dc && [1/2] Building C object CMakeFiles/cmTC_2f0dc.dir/src.c.o
FAILED: CMakeFiles/cmTC_2f0dc.dir/src.c.o 
/usr/bin/clang -DEVENT__HAVE_DECL_KERN_RANDOM -D_FILE_OFFSET_BITS=64 -D_GNU_SOURCE -D__STDC_CONSTANT_MACROS -D__STDC_FORMAT_MACROS -D__STDC_LIMIT_MACROS  -fno-omit-frame-pointer -ftls-model=initial-exec  -fdiagnostics-color=always -Wall -Wextra -Wno-unused-parameter -Wstrict-aliasing -Wstrict-prototypes -fno-strict-aliasing -Wmissing-prototypes -Winit-self -Wmissing-field-initializers -Wdeclaration-after-statement -Waddress -Woverride-init -Wwrite-strings -Wno-unused-function -Wno-error=deprecated-declarations -Wno-unused-function -Qunused-arguments  -isysroot /Library/Developer/CommandLineTools/SDKs/MacOSX14.0.sdk -fPIE -MD -MT CMakeFiles/cmTC_2f0dc.dir/src.c.o -MF CMakeFiles/cmTC_2f0dc.dir/src.c.o.d -o CMakeFiles/cmTC_2f0dc.dir/src.c.o -c /Users/heidsoft/Downloads/research/mysql-8.0.27/build/CMakeFiles/CMakeTmp/src.c
/Users/heidsoft/Downloads/research/mysql-8.0.27/build/CMakeFiles/CMakeTmp/src.c:3:17: warning: a function declaration without a prototype is deprecated in all versions of C [-Wstrict-prototypes]
        int main() { (void)KERN_RANDOM; return 0; }
                ^
                 void
/Users/heidsoft/Downloads/research/mysql-8.0.27/build/CMakeFiles/CMakeTmp/src.c:3:28: error: use of undeclared identifier 'KERN_RANDOM'
        int main() { (void)KERN_RANDOM; return 0; }
                           ^
1 warning and 1 error generated.
ninja: build stopped: subcommand failed.


Source file was:

          #include <sys/sysctl.h>
        int main() { (void)KERN_RANDOM; return 0; }
Performing C SOURCE FILE Test EVENT__HAVE_DECL_RANDOM_UUID failed with the following output:
Change Dir: /Users/heidsoft/Downloads/research/mysql-8.0.27/build/CMakeFiles/CMakeTmp

Run Build Command(s):/usr/local/bin/ninja cmTC_afa10 && [1/2] Building C object CMakeFiles/cmTC_afa10.dir/src.c.o
FAILED: CMakeFiles/cmTC_afa10.dir/src.c.o 
/usr/bin/clang -DEVENT__HAVE_DECL_RANDOM_UUID -D_FILE_OFFSET_BITS=64 -D_GNU_SOURCE -D__STDC_CONSTANT_MACROS -D__STDC_FORMAT_MACROS -D__STDC_LIMIT_MACROS  -fno-omit-frame-pointer -ftls-model=initial-exec  -fdiagnostics-color=always -Wall -Wextra -Wno-unused-parameter -Wstrict-aliasing -Wstrict-prototypes -fno-strict-aliasing -Wmissing-prototypes -Winit-self -Wmissing-field-initializers -Wdeclaration-after-statement -Waddress -Woverride-init -Wwrite-strings -Wno-unused-function -Wno-error=deprecated-declarations -Wno-unused-function -Qunused-arguments  -isysroot /Library/Developer/CommandLineTools/SDKs/MacOSX14.0.sdk -fPIE -MD -MT CMakeFiles/cmTC_afa10.dir/src.c.o -MF CMakeFiles/cmTC_afa10.dir/src.c.o.d -o CMakeFiles/cmTC_afa10.dir/src.c.o -c /Users/heidsoft/Downloads/research/mysql-8.0.27/build/CMakeFiles/CMakeTmp/src.c
/Users/heidsoft/Downloads/research/mysql-8.0.27/build/CMakeFiles/CMakeTmp/src.c:3:17: warning: a function declaration without a prototype is deprecated in all versions of C [-Wstrict-prototypes]
        int main() { (void)RANDOM_UUID; return 0; }
                ^
                 void
/Users/heidsoft/Downloads/research/mysql-8.0.27/build/CMakeFiles/CMakeTmp/src.c:3:28: error: use of undeclared identifier 'RANDOM_UUID'
        int main() { (void)RANDOM_UUID; return 0; }
                           ^
1 warning and 1 error generated.
ninja: build stopped: subcommand failed.


Source file was:

          #include <sys/sysctl.h>
        int main() { (void)RANDOM_UUID; return 0; }
Determining size of SSIZE_T failed with the following output:
Change Dir: /Users/heidsoft/Downloads/research/mysql-8.0.27/build/CMakeFiles/CMakeTmp

Run Build Command(s):/usr/local/bin/ninja cmTC_6994e && [1/2] Building C object CMakeFiles/cmTC_6994e.dir/EVENT__SIZEOF_SSIZE_T_UPPER.c.o
FAILED: CMakeFiles/cmTC_6994e.dir/EVENT__SIZEOF_SSIZE_T_UPPER.c.o 
/usr/bin/clang -D_FILE_OFFSET_BITS=64 -D_GNU_SOURCE -D__STDC_CONSTANT_MACROS -D__STDC_FORMAT_MACROS -D__STDC_LIMIT_MACROS  -fno-omit-frame-pointer -ftls-model=initial-exec  -fdiagnostics-color=always -Wall -Wextra -Wno-unused-parameter -Wstrict-aliasing -Wstrict-prototypes -fno-strict-aliasing -Wmissing-prototypes -Winit-self -Wmissing-field-initializers -Wdeclaration-after-statement -Waddress -Woverride-init -Wwrite-strings -Wno-unused-function -Wno-error=deprecated-declarations -Wno-unused-function -Qunused-arguments  -isysroot /Library/Developer/CommandLineTools/SDKs/MacOSX14.0.sdk -fPIE -MD -MT CMakeFiles/cmTC_6994e.dir/EVENT__SIZEOF_SSIZE_T_UPPER.c.o -MF CMakeFiles/cmTC_6994e.dir/EVENT__SIZEOF_SSIZE_T_UPPER.c.o.d -o CMakeFiles/cmTC_6994e.dir/EVENT__SIZEOF_SSIZE_T_UPPER.c.o -c /Users/heidsoft/Downloads/research/mysql-8.0.27/build/CMakeFiles/CheckTypeSize/EVENT__SIZEOF_SSIZE_T_UPPER.c
/Users/heidsoft/Downloads/research/mysql-8.0.27/build/CMakeFiles/CheckTypeSize/EVENT__SIZEOF_SSIZE_T_UPPER.c:35:12: error: use of undeclared identifier 'SSIZE_T'
  ('0' + ((SIZE / 10000)%10)),
           ^
/Users/heidsoft/Downloads/research/mysql-8.0.27/build/CMakeFiles/CheckTypeSize/EVENT__SIZEOF_SSIZE_T_UPPER.c:33:22: note: expanded from macro 'SIZE'
#define SIZE (sizeof(SSIZE_T))
                     ^
/Users/heidsoft/Downloads/research/mysql-8.0.27/build/CMakeFiles/CheckTypeSize/EVENT__SIZEOF_SSIZE_T_UPPER.c:36:12: error: use of undeclared identifier 'SSIZE_T'
  ('0' + ((SIZE / 1000)%10)),
           ^
/Users/heidsoft/Downloads/research/mysql-8.0.27/build/CMakeFiles/CheckTypeSize/EVENT__SIZEOF_SSIZE_T_UPPER.c:33:22: note: expanded from macro 'SIZE'
#define SIZE (sizeof(SSIZE_T))
                     ^
/Users/heidsoft/Downloads/research/mysql-8.0.27/build/CMakeFiles/CheckTypeSize/EVENT__SIZEOF_SSIZE_T_UPPER.c:37:12: error: use of undeclared identifier 'SSIZE_T'
  ('0' + ((SIZE / 100)%10)),
           ^
/Users/heidsoft/Downloads/research/mysql-8.0.27/build/CMakeFiles/CheckTypeSize/EVENT__SIZEOF_SSIZE_T_UPPER.c:33:22: note: expanded from macro 'SIZE'
#define SIZE (sizeof(SSIZE_T))
                     ^
/Users/heidsoft/Downloads/research/mysql-8.0.27/build/CMakeFiles/CheckTypeSize/EVENT__SIZEOF_SSIZE_T_UPPER.c:38:12: error: use of undeclared identifier 'SSIZE_T'
  ('0' + ((SIZE / 10)%10)),
           ^
/Users/heidsoft/Downloads/research/mysql-8.0.27/build/CMakeFiles/CheckTypeSize/EVENT__SIZEOF_SSIZE_T_UPPER.c:33:22: note: expanded from macro 'SIZE'
#define SIZE (sizeof(SSIZE_T))
                     ^
/Users/heidsoft/Downloads/research/mysql-8.0.27/build/CMakeFiles/CheckTypeSize/EVENT__SIZEOF_SSIZE_T_UPPER.c:39:12: error: use of undeclared identifier 'SSIZE_T'
  ('0' +  (SIZE    % 10)),
           ^
/Users/heidsoft/Downloads/research/mysql-8.0.27/build/CMakeFiles/CheckTypeSize/EVENT__SIZEOF_SSIZE_T_UPPER.c:33:22: note: expanded from macro 'SIZE'
#define SIZE (sizeof(SSIZE_T))
                     ^
5 errors generated.
ninja: build stopped: subcommand failed.


/Users/heidsoft/Downloads/research/mysql-8.0.27/build/CMakeFiles/CheckTypeSize/EVENT__SIZEOF_SSIZE_T_UPPER.c:
#include <sys/types.h>
#include <stdint.h>
#include <stddef.h>
#include "sys/types.h"
#include "sys/socket.h"
#include "netinet/in.h"
#include "sys/un.h"
#include "fcntl.h"
#include "sys/time.h"


#undef KEY
#if defined(__i386)
# define KEY '_','_','i','3','8','6'
#elif defined(__x86_64)
# define KEY '_','_','x','8','6','_','6','4'
#elif defined(__PPC64__)
# define KEY '_','_','P','P','C','6','4','_','_'
#elif defined(__ppc64__)
# define KEY '_','_','p','p','c','6','4','_','_'
#elif defined(__PPC__)
# define KEY '_','_','P','P','C','_','_'
#elif defined(__ppc__)
# define KEY '_','_','p','p','c','_','_'
#elif defined(__aarch64__)
# define KEY '_','_','a','a','r','c','h','6','4','_','_'
#elif defined(__ARM_ARCH_7A__)
# define KEY '_','_','A','R','M','_','A','R','C','H','_','7','A','_','_'
#elif defined(__ARM_ARCH_7S__)
# define KEY '_','_','A','R','M','_','A','R','C','H','_','7','S','_','_'
#endif

#define SIZE (sizeof(SSIZE_T))
static char info_size[] =  {'I', 'N', 'F', 'O', ':', 's','i','z','e','[',
  ('0' + ((SIZE / 10000)%10)),
  ('0' + ((SIZE / 1000)%10)),
  ('0' + ((SIZE / 100)%10)),
  ('0' + ((SIZE / 10)%10)),
  ('0' +  (SIZE    % 10)),
  ']',
#ifdef KEY
  ' ','k','e','y','[', KEY, ']',
#endif
  '\0'};

#ifdef __CLASSIC_C__
int main(argc, argv) int argc; char *argv[];
#else
int main(int argc, char *argv[])
#endif
{
  int require = 0;
  require += info_size[argc];
  (void)argv;
  return require;
}


Performing C SOURCE FILE Test EVENT__HAVE_WORKING_KQUEUE failed with the following compile output:
Change Dir: /Users/heidsoft/Downloads/research/mysql-8.0.27/build/CMakeFiles/CMakeTmp

Run Build Command(s):/usr/local/bin/ninja cmTC_ef6e9 && [1/2] Building C object CMakeFiles/cmTC_ef6e9.dir/src.c.o
FAILED: CMakeFiles/cmTC_ef6e9.dir/src.c.o 
/usr/bin/clang -DEVENT__HAVE_WORKING_KQUEUE -D_FILE_OFFSET_BITS=64 -D_GNU_SOURCE -D__STDC_CONSTANT_MACROS -D__STDC_FORMAT_MACROS -D__STDC_LIMIT_MACROS  -fno-omit-frame-pointer -ftls-model=initial-exec  -fdiagnostics-color=always -Wall -Wextra -Wno-unused-parameter -Wstrict-aliasing -Wstrict-prototypes -fno-strict-aliasing -Wmissing-prototypes -Winit-self -Wmissing-field-initializers -Wdeclaration-after-statement -Waddress -Woverride-init -Wwrite-strings -Wno-unused-function -Wno-error=deprecated-declarations -Wno-unused-function -Qunused-arguments  -isysroot /Library/Developer/CommandLineTools/SDKs/MacOSX14.0.sdk -fPIE -MD -MT CMakeFiles/cmTC_ef6e9.dir/src.c.o -MF CMakeFiles/cmTC_ef6e9.dir/src.c.o.d -o CMakeFiles/cmTC_ef6e9.dir/src.c.o -c /Users/heidsoft/Downloads/research/mysql-8.0.27/build/CMakeFiles/CMakeTmp/src.c
/Users/heidsoft/Downloads/research/mysql-8.0.27/build/CMakeFiles/CMakeTmp/src.c:20:9: error: call to undeclared library function 'exit' with type 'void (int) __attribute__((noreturn))'; ISO C99 and later do not support implicit function declarations [-Wimplicit-function-declaration]
        exit(1);
        ^
/Users/heidsoft/Downloads/research/mysql-8.0.27/build/CMakeFiles/CMakeTmp/src.c:20:9: note: include the header <stdlib.h> or explicitly provide a declaration for 'exit'
/Users/heidsoft/Downloads/research/mysql-8.0.27/build/CMakeFiles/CMakeTmp/src.c:30:5: error: call to undeclared library function 'memset' with type 'void *(void *, int, unsigned long)'; ISO C99 and later do not support implicit function declarations [-Wimplicit-function-declaration]
    memset(&ev, 0, sizeof(ev));
    ^
/Users/heidsoft/Downloads/research/mysql-8.0.27/build/CMakeFiles/CMakeTmp/src.c:30:5: note: include the header <string.h> or explicitly provide a declaration for 'memset'
2 errors generated.
ninja: build stopped: subcommand failed.


...and run output:

Return value: 1
Source file was:

#include <sys/types.h>
#include <sys/time.h>
#include <sys/event.h>
#include <stdio.h>
#include <unistd.h>
#include <fcntl.h>

int
main(int argc, char **argv)
{
    int kq;
    int n;
    int fd[2];
    struct kevent ev;
    struct timespec ts;
    char buf[80000];

    if (pipe(fd) == -1)
        exit(1);
    if (fcntl(fd[1], F_SETFL, O_NONBLOCK) == -1)
        exit(1);

    while ((n = write(fd[1], buf, sizeof(buf))) == sizeof(buf))
        ;

    if ((kq = kqueue()) == -1)
        exit(1);

    memset(&ev, 0, sizeof(ev));
    ev.ident = fd[1];
    ev.filter = EVFILT_WRITE;
    ev.flags = EV_ADD | EV_ENABLE;
    n = kevent(kq, &ev, 1, NULL, 0, NULL);
    if (n == -1)
        exit(1);

    read(fd[0], buf, sizeof(buf));

    ts.tv_sec = 0;
    ts.tv_nsec = 0;
    n = kevent(kq, NULL, 0, &ev, 1, &ts);
    if (n == -1 || n == 0)
        exit(1);

    exit(0);
}


Performing C SOURCE FILE Test EVENT__HAVE_STRUCT_IN6_ADDR_S6_ADDR16 failed with the following output:
Change Dir: /Users/heidsoft/Downloads/research/mysql-8.0.27/build/CMakeFiles/CMakeTmp

Run Build Command(s):/usr/local/bin/ninja cmTC_d377c && [1/2] Building C object CMakeFiles/cmTC_d377c.dir/src.c.o
FAILED: CMakeFiles/cmTC_d377c.dir/src.c.o 
/usr/bin/clang -DEVENT__HAVE_STRUCT_IN6_ADDR_S6_ADDR16 -D_FILE_OFFSET_BITS=64 -D_GNU_SOURCE -D__STDC_CONSTANT_MACROS -D__STDC_FORMAT_MACROS -D__STDC_LIMIT_MACROS  -fno-omit-frame-pointer -ftls-model=initial-exec  -fdiagnostics-color=always -Wall -Wextra -Wno-unused-parameter -Wstrict-aliasing -Wstrict-prototypes -fno-strict-aliasing -Wmissing-prototypes -Winit-self -Wmissing-field-initializers -Wdeclaration-after-statement -Waddress -Woverride-init -Wwrite-strings -Wno-unused-function -Wno-error=deprecated-declarations -Wno-unused-function -Qunused-arguments  -isysroot /Library/Developer/CommandLineTools/SDKs/MacOSX14.0.sdk -fPIE -MD -MT CMakeFiles/cmTC_d377c.dir/src.c.o -MF CMakeFiles/cmTC_d377c.dir/src.c.o.d -o CMakeFiles/cmTC_d377c.dir/src.c.o -c /Users/heidsoft/Downloads/research/mysql-8.0.27/build/CMakeFiles/CMakeTmp/src.c
/Users/heidsoft/Downloads/research/mysql-8.0.27/build/CMakeFiles/CMakeTmp/src.c:6:9: warning: a function declaration without a prototype is deprecated in all versions of C [-Wstrict-prototypes]
int main()
        ^
         void
/Users/heidsoft/Downloads/research/mysql-8.0.27/build/CMakeFiles/CMakeTmp/src.c:8:40: error: no member named 's6_addr16' in 'struct in6_addr'
  (void)sizeof(((struct in6_addr *)0)->s6_addr16);
               ~~~~~~~~~~~~~~~~~~~~~~  ^
1 warning and 1 error generated.
ninja: build stopped: subcommand failed.


Source file was:

#include <netinet/in.h>
#include <sys/socket.h>
#include <netdb.h>

int main()
{
  (void)sizeof(((struct in6_addr *)0)->s6_addr16);
  return 0;
}

Performing C SOURCE FILE Test EVENT__HAVE_STRUCT_IN6_ADDR_S6_ADDR32 failed with the following output:
Change Dir: /Users/heidsoft/Downloads/research/mysql-8.0.27/build/CMakeFiles/CMakeTmp

Run Build Command(s):/usr/local/bin/ninja cmTC_60d5e && [1/2] Building C object CMakeFiles/cmTC_60d5e.dir/src.c.o
FAILED: CMakeFiles/cmTC_60d5e.dir/src.c.o 
/usr/bin/clang -DEVENT__HAVE_STRUCT_IN6_ADDR_S6_ADDR32 -D_FILE_OFFSET_BITS=64 -D_GNU_SOURCE -D__STDC_CONSTANT_MACROS -D__STDC_FORMAT_MACROS -D__STDC_LIMIT_MACROS  -fno-omit-frame-pointer -ftls-model=initial-exec  -fdiagnostics-color=always -Wall -Wextra -Wno-unused-parameter -Wstrict-aliasing -Wstrict-prototypes -fno-strict-aliasing -Wmissing-prototypes -Winit-self -Wmissing-field-initializers -Wdeclaration-after-statement -Waddress -Woverride-init -Wwrite-strings -Wno-unused-function -Wno-error=deprecated-declarations -Wno-unused-function -Qunused-arguments  -isysroot /Library/Developer/CommandLineTools/SDKs/MacOSX14.0.sdk -fPIE -MD -MT CMakeFiles/cmTC_60d5e.dir/src.c.o -MF CMakeFiles/cmTC_60d5e.dir/src.c.o.d -o CMakeFiles/cmTC_60d5e.dir/src.c.o -c /Users/heidsoft/Downloads/research/mysql-8.0.27/build/CMakeFiles/CMakeTmp/src.c
/Users/heidsoft/Downloads/research/mysql-8.0.27/build/CMakeFiles/CMakeTmp/src.c:6:9: warning: a function declaration without a prototype is deprecated in all versions of C [-Wstrict-prototypes]
int main()
        ^
         void
/Users/heidsoft/Downloads/research/mysql-8.0.27/build/CMakeFiles/CMakeTmp/src.c:8:40: error: no member named 's6_addr32' in 'struct in6_addr'
  (void)sizeof(((struct in6_addr *)0)->s6_addr32);
               ~~~~~~~~~~~~~~~~~~~~~~  ^
1 warning and 1 error generated.
ninja: build stopped: subcommand failed.


Source file was:

#include <netinet/in.h>
#include <sys/socket.h>
#include <netdb.h>

int main()
{
  (void)sizeof(((struct in6_addr *)0)->s6_addr32);
  return 0;
}

Performing C SOURCE FILE Test EVENT__HAVE_STRUCT_SOCKADDR_IN_SIN_LEN failed with the following output:
Change Dir: /Users/heidsoft/Downloads/research/mysql-8.0.27/build/CMakeFiles/CMakeTmp

Run Build Command(s):/usr/local/bin/ninja cmTC_7ed0a && [1/2] Building C object CMakeFiles/cmTC_7ed0a.dir/src.c.o
FAILED: CMakeFiles/cmTC_7ed0a.dir/src.c.o 
/usr/bin/clang -DEVENT__HAVE_STRUCT_SOCKADDR_IN_SIN_LEN -D_FILE_OFFSET_BITS=64 -D_GNU_SOURCE -D__STDC_CONSTANT_MACROS -D__STDC_FORMAT_MACROS -D__STDC_LIMIT_MACROS  -fno-omit-frame-pointer -ftls-model=initial-exec  -fdiagnostics-color=always -Wall -Wextra -Wno-unused-parameter -Wstrict-aliasing -Wstrict-prototypes -fno-strict-aliasing -Wmissing-prototypes -Winit-self -Wmissing-field-initializers -Wdeclaration-after-statement -Waddress -Woverride-init -Wwrite-strings -Wno-unused-function -Wno-error=deprecated-declarations -Wno-unused-function -Qunused-arguments  -isysroot /Library/Developer/CommandLineTools/SDKs/MacOSX14.0.sdk -fPIE -MD -MT CMakeFiles/cmTC_7ed0a.dir/src.c.o -MF CMakeFiles/cmTC_7ed0a.dir/src.c.o.d -o CMakeFiles/cmTC_7ed0a.dir/src.c.o -c /Users/heidsoft/Downloads/research/mysql-8.0.27/build/CMakeFiles/CMakeTmp/src.c
/Users/heidsoft/Downloads/research/mysql-8.0.27/build/CMakeFiles/CMakeTmp/src.c:6:9: warning: a function declaration without a prototype is deprecated in all versions of C [-Wstrict-prototypes]
int main()
        ^
         void
/Users/heidsoft/Downloads/research/mysql-8.0.27/build/CMakeFiles/CMakeTmp/src.c:8:44: error: no member named 'sin_len' in 'struct sockaddr_in6'; did you mean 'sin6_len'?
  (void)sizeof(((struct sockaddr_in6 *)0)->sin_len);
                                           ^~~~~~~
                                           sin6_len
/Library/Developer/CommandLineTools/SDKs/MacOSX14.0.sdk/usr/include/netinet6/in6.h:171:18: note: 'sin6_len' declared here
        __uint8_t       sin6_len;       /* length of this struct(sa_family_t) */
                        ^
1 warning and 1 error generated.
ninja: build stopped: subcommand failed.


Source file was:

#include <netinet/in.h>
#include <sys/socket.h>
#include <netdb.h>

int main()
{
  (void)sizeof(((struct sockaddr_in6 *)0)->sin_len);
  return 0;
}

Performing C SOURCE FILE Test EVENT__HAVE_STRUCT_SOCKADDR_STORAGE___SS_FAMILY failed with the following output:
Change Dir: /Users/heidsoft/Downloads/research/mysql-8.0.27/build/CMakeFiles/CMakeTmp

Run Build Command(s):/usr/local/bin/ninja cmTC_c1445 && [1/2] Building C object CMakeFiles/cmTC_c1445.dir/src.c.o
FAILED: CMakeFiles/cmTC_c1445.dir/src.c.o 
/usr/bin/clang -DEVENT__HAVE_STRUCT_SOCKADDR_STORAGE___SS_FAMILY -D_FILE_OFFSET_BITS=64 -D_GNU_SOURCE -D__STDC_CONSTANT_MACROS -D__STDC_FORMAT_MACROS -D__STDC_LIMIT_MACROS  -fno-omit-frame-pointer -ftls-model=initial-exec  -fdiagnostics-color=always -Wall -Wextra -Wno-unused-parameter -Wstrict-aliasing -Wstrict-prototypes -fno-strict-aliasing -Wmissing-prototypes -Winit-self -Wmissing-field-initializers -Wdeclaration-after-statement -Waddress -Woverride-init -Wwrite-strings -Wno-unused-function -Wno-error=deprecated-declarations -Wno-unused-function -Qunused-arguments  -isysroot /Library/Developer/CommandLineTools/SDKs/MacOSX14.0.sdk -fPIE -MD -MT CMakeFiles/cmTC_c1445.dir/src.c.o -MF CMakeFiles/cmTC_c1445.dir/src.c.o.d -o CMakeFiles/cmTC_c1445.dir/src.c.o -c /Users/heidsoft/Downloads/research/mysql-8.0.27/build/CMakeFiles/CMakeTmp/src.c
/Users/heidsoft/Downloads/research/mysql-8.0.27/build/CMakeFiles/CMakeTmp/src.c:6:9: warning: a function declaration without a prototype is deprecated in all versions of C [-Wstrict-prototypes]
int main()
        ^
         void
/Users/heidsoft/Downloads/research/mysql-8.0.27/build/CMakeFiles/CMakeTmp/src.c:8:48: error: no member named '__ss_family' in 'struct sockaddr_storage'; did you mean 'ss_family'?
  (void)sizeof(((struct sockaddr_storage *)0)->__ss_family);
                                               ^~~~~~~~~~~
                                               ss_family
/Library/Developer/CommandLineTools/SDKs/MacOSX14.0.sdk/usr/include/sys/socket.h:466:18: note: 'ss_family' declared here
        sa_family_t     ss_family;      /* [XSI] address family */
                        ^
1 warning and 1 error generated.
ninja: build stopped: subcommand failed.


Source file was:

#include <netinet/in.h>
#include <sys/socket.h>
#include <netdb.h>

int main()
{
  (void)sizeof(((struct sockaddr_storage *)0)->__ss_family);
  return 0;
}

Performing C++ SOURCE FILE Test HAVE_CXX_W_return_local_addr failed with the following output:
Change Dir: /Users/heidsoft/Downloads/research/mysql-8.0.27/build/CMakeFiles/CMakeTmp

Run Build Command(s):/usr/local/bin/ninja cmTC_aa65c && [1/2] Building CXX object CMakeFiles/cmTC_aa65c.dir/src.cxx.o
warning: unknown warning option '-Wreturn-local-addr'; did you mean '-Wreturn-stack-address'? [-Wunknown-warning-option]
1 warning generated.
[2/2] Linking CXX executable cmTC_aa65c


Source file was:
int main(void) { return 0; }
Performing C++ SOURCE FILE Test HAVE_CXX_W_maybe_uninitialized failed with the following output:
Change Dir: /Users/heidsoft/Downloads/research/mysql-8.0.27/build/CMakeFiles/CMakeTmp

Run Build Command(s):/usr/local/bin/ninja cmTC_d44b4 && [1/2] Building CXX object CMakeFiles/cmTC_d44b4.dir/src.cxx.o
warning: unknown warning option '-Wmaybe-uninitialized'; did you mean '-Wuninitialized'? [-Wunknown-warning-option]
1 warning generated.
[2/2] Linking CXX executable cmTC_d44b4


Source file was:
int main(void) { return 0; }
Performing C++ SOURCE FILE Test HAVE_CXX_W_restrict failed with the following output:
Change Dir: /Users/heidsoft/Downloads/research/mysql-8.0.27/build/CMakeFiles/CMakeTmp

Run Build Command(s):/usr/local/bin/ninja cmTC_fd149 && [1/2] Building CXX object CMakeFiles/cmTC_fd149.dir/src.cxx.o
warning: unknown warning option '-Wrestrict' [-Wunknown-warning-option]
1 warning generated.
[2/2] Linking CXX executable cmTC_fd149


Source file was:
int main(void) { return 0; }
Performing C++ SOURCE FILE Test HAVE_CXX_W_stringop_truncation failed with the following output:
Change Dir: /Users/heidsoft/Downloads/research/mysql-8.0.27/build/CMakeFiles/CMakeTmp

Run Build Command(s):/usr/local/bin/ninja cmTC_446a6 && [1/2] Building CXX object CMakeFiles/cmTC_446a6.dir/src.cxx.o
warning: unknown warning option '-Wstringop-truncation'; did you mean '-Wstring-concatenation'? [-Wunknown-warning-option]
1 warning generated.
[2/2] Linking CXX executable cmTC_446a6


Source file was:
int main(void) { return 0; }
Performing C++ SOURCE FILE Test HAVE_CXX_W_stringop_overflow failed with the following output:
Change Dir: /Users/heidsoft/Downloads/research/mysql-8.0.27/build/CMakeFiles/CMakeTmp

Run Build Command(s):/usr/local/bin/ninja cmTC_8c513 && [1/2] Building CXX object CMakeFiles/cmTC_8c513.dir/src.cxx.o
warning: unknown warning option '-Wstringop-overflow'; did you mean '-Wshift-overflow'? [-Wunknown-warning-option]
1 warning generated.
[2/2] Linking CXX executable cmTC_8c513


Source file was:
int main(void) { return 0; }
Determining if the function sched_getcpu exists failed with the following output:
Change Dir: /Users/heidsoft/Downloads/research/mysql-8.0.27/build/CMakeFiles/CMakeTmp

Run Build Command(s):/usr/local/bin/ninja cmTC_dff39 && [1/2] Building C object CMakeFiles/cmTC_dff39.dir/CheckFunctionExists.c.o
[2/2] Linking C executable cmTC_dff39
FAILED: cmTC_dff39 
: && /usr/bin/clang -fno-omit-frame-pointer -ftls-model=initial-exec  -Wall -Wextra -Wformat-security -Wvla -Wundef -Wmissing-format-attribute -Wwrite-strings -Wconditional-uninitialized -Wextra-semi -Wmissing-noreturn -Wunreachable-code-break -Wunreachable-code-return -DCHECK_FUNCTION_EXISTS=sched_getcpu -isysroot /Library/Developer/CommandLineTools/SDKs/MacOSX14.0.sdk -Wl,-search_paths_first -Wl,-headerpad_max_install_names -L/usr/local/opt/openssl/lib CMakeFiles/cmTC_dff39.dir/CheckFunctionExists.c.o -o cmTC_dff39   && :
ld: Undefined symbols:
  _sched_getcpu, referenced from:
      _main in CheckFunctionExists.c.o
clang: error: linker command failed with exit code 1 (use -v to see invocation)
ninja: build stopped: subcommand failed.



Performing C SOURCE FILE Test HAVE_FALLOC_PUNCH_HOLE_AND_KEEP_SIZE failed with the following compile output:
Change Dir: /Users/heidsoft/Downloads/research/mysql-8.0.27/build/CMakeFiles/CMakeTmp

Run Build Command(s):/usr/local/bin/ninja cmTC_8219a && [1/2] Building C object CMakeFiles/cmTC_8219a.dir/src.c.o
FAILED: CMakeFiles/cmTC_8219a.dir/src.c.o 
/usr/bin/clang -DHAVE_FALLOC_PUNCH_HOLE_AND_KEEP_SIZE -D_FILE_OFFSET_BITS=64 -D_GNU_SOURCE -D__STDC_CONSTANT_MACROS -D__STDC_FORMAT_MACROS -D__STDC_LIMIT_MACROS  -fno-omit-frame-pointer -ftls-model=initial-exec  -Wall -Wextra -Wformat-security -Wvla -Wundef -Wmissing-format-attribute -Wwrite-strings -Wconditional-uninitialized -Wextra-semi -Wmissing-noreturn -Wunreachable-code-break -Wunreachable-code-return  -isysroot /Library/Developer/CommandLineTools/SDKs/MacOSX14.0.sdk -fPIE -MD -MT CMakeFiles/cmTC_8219a.dir/src.c.o -MF CMakeFiles/cmTC_8219a.dir/src.c.o.d -o CMakeFiles/cmTC_8219a.dir/src.c.o -c /Users/heidsoft/Downloads/research/mysql-8.0.27/build/CMakeFiles/CMakeTmp/src.c
/Users/heidsoft/Downloads/research/mysql-8.0.27/build/CMakeFiles/CMakeTmp/src.c:6:12: fatal error: 'linux/falloc.h' file not found
  #include <linux/falloc.h>
           ^~~~~~~~~~~~~~~~
1 error generated.
ninja: build stopped: subcommand failed.


...and run output:
2.1.11-stable
Return value: 1
Source file was:

  #ifndef _GNU_SOURCE
  #define _GNU_SOURCE
  #endif
  #include <fcntl.h>
  #include <linux/falloc.h>
  int main()
  {
    /* Ignore the return value for now. Check if the flags exist.
    The return value is checked  at runtime. */
    fallocate(0, FALLOC_FL_PUNCH_HOLE | FALLOC_FL_KEEP_SIZE, 0, 0);

    return(0);
  }
Performing C SOURCE FILE Test HAVE_FALLOC_FL_ZERO_RANGE failed with the following output:
Change Dir: /Users/heidsoft/Downloads/research/mysql-8.0.27/build/CMakeFiles/CMakeTmp

Run Build Command(s):/usr/local/bin/ninja cmTC_2b024 && [1/2] Building C object CMakeFiles/cmTC_2b024.dir/src.c.o
FAILED: CMakeFiles/cmTC_2b024.dir/src.c.o 
/usr/bin/clang -DHAVE_FALLOC_FL_ZERO_RANGE -D_FILE_OFFSET_BITS=64 -D_GNU_SOURCE -D__STDC_CONSTANT_MACROS -D__STDC_FORMAT_MACROS -D__STDC_LIMIT_MACROS  -fno-omit-frame-pointer -ftls-model=initial-exec  -Wall -Wextra -Wformat-security -Wvla -Wundef -Wmissing-format-attribute -Wwrite-strings -Wconditional-uninitialized -Wextra-semi -Wmissing-noreturn -Wunreachable-code-break -Wunreachable-code-return  -isysroot /Library/Developer/CommandLineTools/SDKs/MacOSX14.0.sdk -fPIE -MD -MT CMakeFiles/cmTC_2b024.dir/src.c.o -MF CMakeFiles/cmTC_2b024.dir/src.c.o.d -o CMakeFiles/cmTC_2b024.dir/src.c.o -c /Users/heidsoft/Downloads/research/mysql-8.0.27/build/CMakeFiles/CMakeTmp/src.c
/Users/heidsoft/Downloads/research/mysql-8.0.27/build/CMakeFiles/CMakeTmp/src.c:6:12: fatal error: 'linux/falloc.h' file not found
  #include <linux/falloc.h>
           ^~~~~~~~~~~~~~~~
1 error generated.
ninja: build stopped: subcommand failed.


Source file was:

  #ifndef _GNU_SOURCE
  #define _GNU_SOURCE
  #endif
  #include <fcntl.h>
  #include <linux/falloc.h>
  int main()
  {
    /* Ignore the return value for now. Check if the flags exist.
    The return value is checked  at runtime. */
    fallocate(0, FALLOC_FL_ZERO_RANGE, 0, 0);

    return(0);
  }
Performing C SOURCE FILE Test HAVE_IB_LINUX_FUTEX failed with the following compile output:
Change Dir: /Users/heidsoft/Downloads/research/mysql-8.0.27/build/CMakeFiles/CMakeTmp

Run Build Command(s):/usr/local/bin/ninja cmTC_44ec2 && [1/2] Building C object CMakeFiles/cmTC_44ec2.dir/src.c.o
FAILED: CMakeFiles/cmTC_44ec2.dir/src.c.o 
/usr/bin/clang -DHAVE_IB_LINUX_FUTEX -D_FILE_OFFSET_BITS=64 -D_GNU_SOURCE -D__STDC_CONSTANT_MACROS -D__STDC_FORMAT_MACROS -D__STDC_LIMIT_MACROS  -fno-omit-frame-pointer -ftls-model=initial-exec  -Wall -Wextra -Wformat-security -Wvla -Wundef -Wmissing-format-attribute -Wwrite-strings -Wconditional-uninitialized -Wextra-semi -Wmissing-noreturn -Wunreachable-code-break -Wunreachable-code-return  -isysroot /Library/Developer/CommandLineTools/SDKs/MacOSX14.0.sdk -fPIE -MD -MT CMakeFiles/cmTC_44ec2.dir/src.c.o -MF CMakeFiles/cmTC_44ec2.dir/src.c.o.d -o CMakeFiles/cmTC_44ec2.dir/src.c.o -c /Users/heidsoft/Downloads/research/mysql-8.0.27/build/CMakeFiles/CMakeTmp/src.c
/Users/heidsoft/Downloads/research/mysql-8.0.27/build/CMakeFiles/CMakeTmp/src.c:6:12: fatal error: 'linux/futex.h' file not found
  #include <linux/futex.h>
           ^~~~~~~~~~~~~~~
1 error generated.
ninja: build stopped: subcommand failed.


...and run output:
2.1.11-stable
Return value: 1
Source file was:

  #include <stdio.h>
  #include <unistd.h>
  #include <errno.h>
  #include <assert.h>
  #include <linux/futex.h>
  #include <unistd.h>
  #include <sys/syscall.h>

   int futex_wait(int* futex, int v) {
	return(syscall(SYS_futex, futex, FUTEX_WAIT_PRIVATE, v, NULL, NULL, 0));
   }

   int futex_signal(int* futex) {
	return(syscall(SYS_futex, futex, FUTEX_WAKE, 1, NULL, NULL, 0));
   }

  int main() {
	int	ret;
	int	m = 1;

	/* It is setup to fail and return EWOULDBLOCK. */
	ret = futex_wait(&m, 0);
	assert(ret == -1 && errno == EWOULDBLOCK);
	/* Shouldn't wake up any threads. */
	assert(futex_signal(&m) == 0);

	return(0);
  }
Performing C++ SOURCE FILE Test HAVE_CXX_W_logical_op failed with the following output:
Change Dir: /Users/heidsoft/Downloads/research/mysql-8.0.27/build/CMakeFiles/CMakeTmp

Run Build Command(s):/usr/local/bin/ninja cmTC_0b70c && [1/2] Building CXX object CMakeFiles/cmTC_0b70c.dir/src.cxx.o
warning: unknown warning option '-Wlogical-op'; did you mean '-Wlong-long'? [-Wunknown-warning-option]
1 warning generated.
[2/2] Linking CXX executable cmTC_0b70c


Source file was:
int main(void) { return 0; }
Performing C++ SOURCE FILE Test HAVE_PEERCRED failed with the following output:
Change Dir: /Users/heidsoft/Downloads/research/mysql-8.0.27/build/CMakeFiles/CMakeTmp

Run Build Command(s):/usr/local/bin/ninja cmTC_248e6 && [1/2] Building CXX object CMakeFiles/cmTC_248e6.dir/src.cxx.o
FAILED: CMakeFiles/cmTC_248e6.dir/src.cxx.o 
/usr/bin/clang++ -DHAVE_PEERCRED -D_FILE_OFFSET_BITS=64 -D_GNU_SOURCE -D__STDC_CONSTANT_MACROS -D__STDC_FORMAT_MACROS -D__STDC_LIMIT_MACROS  -std=c++17 -fno-omit-frame-pointer -ftls-model=initial-exec  -Wall -Wextra -Wformat-security -Wvla -Wundef -Wmissing-format-attribute -Woverloaded-virtual -Wcast-qual -Wno-null-conversion -Wno-unused-private-field -Wconditional-uninitialized -Wdeprecated -Wextra-semi -Wheader-hygiene -Wnon-virtual-dtor -Wundefined-reinterpret-cast -Winconsistent-missing-destructor-override -Winconsistent-missing-override -Wshadow-field  -isysroot /Library/Developer/CommandLineTools/SDKs/MacOSX14.0.sdk -fPIE -MD -MT CMakeFiles/cmTC_248e6.dir/src.cxx.o -MF CMakeFiles/cmTC_248e6.dir/src.cxx.o.d -o CMakeFiles/cmTC_248e6.dir/src.cxx.o -c /Users/heidsoft/Downloads/research/mysql-8.0.27/build/CMakeFiles/CMakeTmp/src.cxx
/Users/heidsoft/Downloads/research/mysql-8.0.27/build/CMakeFiles/CMakeTmp/src.cxx:6:16: error: variable has incomplete type 'struct ucred'
  struct ucred cred;
               ^
/Users/heidsoft/Downloads/research/mysql-8.0.27/build/CMakeFiles/CMakeTmp/src.cxx:6:10: note: forward declaration of 'ucred'
  struct ucred cred;
         ^
/Users/heidsoft/Downloads/research/mysql-8.0.27/build/CMakeFiles/CMakeTmp/src.cxx:7:29: error: use of undeclared identifier 'SO_PEERCRED'
  getsockopt(0, SOL_SOCKET, SO_PEERCRED, &cred, 0);
                            ^
2 errors generated.
ninja: build stopped: subcommand failed.


Source file was:
#ifndef _GNU_SOURCE
#define _GNU_SOURCE
#endif
#include <sys/socket.h>
int main() {
  struct ucred cred;
  getsockopt(0, SOL_SOCKET, SO_PEERCRED, &cred, 0);
}
Performing C SOURCE FILE Test HAVE_XDR_OPS_X_PUTINT32 failed with the following output:
Change Dir: /Users/heidsoft/Downloads/research/mysql-8.0.27/build/CMakeFiles/CMakeTmp

Run Build Command(s):/usr/local/bin/ninja cmTC_dda69 && [1/2] Building C object CMakeFiles/cmTC_dda69.dir/src.c.o
FAILED: CMakeFiles/cmTC_dda69.dir/src.c.o 
/usr/bin/clang -DHAVE_XDR_OPS_X_PUTINT32 -D_FILE_OFFSET_BITS=64 -D_GNU_SOURCE -D__STDC_CONSTANT_MACROS -D__STDC_FORMAT_MACROS -D__STDC_LIMIT_MACROS  -fno-omit-frame-pointer -ftls-model=initial-exec  -Wall -Wextra -Wformat-security -Wvla -Wundef -Wmissing-format-attribute -Wwrite-strings -Wconditional-uninitialized -Wextra-semi -Wmissing-noreturn -Wunreachable-code-break -Wunreachable-code-return -Wno-error -isysroot /Library/Developer/CommandLineTools/SDKs/MacOSX14.0.sdk -fPIE -MD -MT CMakeFiles/cmTC_dda69.dir/src.c.o -MF CMakeFiles/cmTC_dda69.dir/src.c.o.d -o CMakeFiles/cmTC_dda69.dir/src.c.o -c /Users/heidsoft/Downloads/research/mysql-8.0.27/build/CMakeFiles/CMakeTmp/src.c
/Users/heidsoft/Downloads/research/mysql-8.0.27/build/CMakeFiles/CMakeTmp/src.c:6:39: error: no member named 'x_putint32' in 'struct xdr_ops'
  (void)sizeof(((struct xdr_ops *)0)->x_putint32);
               ~~~~~~~~~~~~~~~~~~~~~  ^
1 error generated.
ninja: build stopped: subcommand failed.


Source file was:

#include <rpc/xdr.h>

int main()
{
  (void)sizeof(((struct xdr_ops *)0)->x_putint32);
  return 0;
}

Performing C SOURCE FILE Test HAVE_XDR_OPS_X_GETINT32 failed with the following output:
Change Dir: /Users/heidsoft/Downloads/research/mysql-8.0.27/build/CMakeFiles/CMakeTmp

Run Build Command(s):/usr/local/bin/ninja cmTC_bc416 && [1/2] Building C object CMakeFiles/cmTC_bc416.dir/src.c.o
FAILED: CMakeFiles/cmTC_bc416.dir/src.c.o 
/usr/bin/clang -DHAVE_XDR_OPS_X_GETINT32 -D_FILE_OFFSET_BITS=64 -D_GNU_SOURCE -D__STDC_CONSTANT_MACROS -D__STDC_FORMAT_MACROS -D__STDC_LIMIT_MACROS  -fno-omit-frame-pointer -ftls-model=initial-exec  -Wall -Wextra -Wformat-security -Wvla -Wundef -Wmissing-format-attribute -Wwrite-strings -Wconditional-uninitialized -Wextra-semi -Wmissing-noreturn -Wunreachable-code-break -Wunreachable-code-return -Wno-error -isysroot /Library/Developer/CommandLineTools/SDKs/MacOSX14.0.sdk -fPIE -MD -MT CMakeFiles/cmTC_bc416.dir/src.c.o -MF CMakeFiles/cmTC_bc416.dir/src.c.o.d -o CMakeFiles/cmTC_bc416.dir/src.c.o -c /Users/heidsoft/Downloads/research/mysql-8.0.27/build/CMakeFiles/CMakeTmp/src.c
/Users/heidsoft/Downloads/research/mysql-8.0.27/build/CMakeFiles/CMakeTmp/src.c:6:39: error: no member named 'x_getint32' in 'struct xdr_ops'
  (void)sizeof(((struct xdr_ops *)0)->x_getint32);
               ~~~~~~~~~~~~~~~~~~~~~  ^
1 error generated.
ninja: build stopped: subcommand failed.


Source file was:

#include <rpc/xdr.h>

int main()
{
  (void)sizeof(((struct xdr_ops *)0)->x_getint32);
  return 0;
}

Performing C SOURCE FILE Test HAVE_RPC_INLINE_T failed with the following output:
Change Dir: /Users/heidsoft/Downloads/research/mysql-8.0.27/build/CMakeFiles/CMakeTmp

Run Build Command(s):/usr/local/bin/ninja cmTC_f9f61 && [1/2] Building C object CMakeFiles/cmTC_f9f61.dir/src.c.o
FAILED: CMakeFiles/cmTC_f9f61.dir/src.c.o 
/usr/bin/clang -DHAVE_RPC_INLINE_T -D_FILE_OFFSET_BITS=64 -D_GNU_SOURCE -D__STDC_CONSTANT_MACROS -D__STDC_FORMAT_MACROS -D__STDC_LIMIT_MACROS  -fno-omit-frame-pointer -ftls-model=initial-exec  -Wall -Wextra -Wformat-security -Wvla -Wundef -Wmissing-format-attribute -Wwrite-strings -Wconditional-uninitialized -Wextra-semi -Wmissing-noreturn -Wunreachable-code-break -Wunreachable-code-return -Wno-error -isysroot /Library/Developer/CommandLineTools/SDKs/MacOSX14.0.sdk -fPIE -MD -MT CMakeFiles/cmTC_f9f61.dir/src.c.o -MF CMakeFiles/cmTC_f9f61.dir/src.c.o.d -o CMakeFiles/cmTC_f9f61.dir/src.c.o -c /Users/heidsoft/Downloads/research/mysql-8.0.27/build/CMakeFiles/CMakeTmp/src.c
/Users/heidsoft/Downloads/research/mysql-8.0.27/build/CMakeFiles/CMakeTmp/src.c:3:20: error: use of undeclared identifier 'rpc_inline_t'
  int main(void) { rpc_inline_t x; return 0; }
                   ^
1 error generated.
ninja: build stopped: subcommand failed.


Source file was:

  #include <rpc/types.h>
  int main(void) { rpc_inline_t x; return 0; }
  
Determining if the prlimit exist failed with the following output:
Change Dir: /Users/heidsoft/Downloads/research/mysql-8.0.27/build/CMakeFiles/CMakeTmp

Run Build Command(s):/usr/local/bin/ninja cmTC_90b69 && [1/2] Building C object CMakeFiles/cmTC_90b69.dir/CheckSymbolExists.c.o
FAILED: CMakeFiles/cmTC_90b69.dir/CheckSymbolExists.c.o 
/usr/bin/clang   -fno-omit-frame-pointer -ftls-model=initial-exec  -Wall -Wextra -Wformat-security -Wvla -Wundef -Wmissing-format-attribute -Wwrite-strings -Wconditional-uninitialized -Wextra-semi -Wmissing-noreturn -Wunreachable-code-break -Wunreachable-code-return -D_GNU_SOURCE -isysroot /Library/Developer/CommandLineTools/SDKs/MacOSX14.0.sdk -fPIE -MD -MT CMakeFiles/cmTC_90b69.dir/CheckSymbolExists.c.o -MF CMakeFiles/cmTC_90b69.dir/CheckSymbolExists.c.o.d -o CMakeFiles/cmTC_90b69.dir/CheckSymbolExists.c.o -c /Users/heidsoft/Downloads/research/mysql-8.0.27/build/CMakeFiles/CMakeTmp/CheckSymbolExists.c
/Users/heidsoft/Downloads/research/mysql-8.0.27/build/CMakeFiles/CMakeTmp/CheckSymbolExists.c:8:19: error: use of undeclared identifier 'prlimit'
  return ((int*)(&prlimit))[argc];
                  ^
1 error generated.
ninja: build stopped: subcommand failed.


File /Users/heidsoft/Downloads/research/mysql-8.0.27/build/CMakeFiles/CMakeTmp/CheckSymbolExists.c:
/* */
#include <sys/resource.h>

int main(int argc, char** argv)
{
  (void)argv;
#ifndef prlimit
  return ((int*)(&prlimit))[argc];
#else
  (void)argc;
  return 0;
#endif
}
Performing C++ SOURCE FILE Test COMPILER_HAS_PROFILE_INSTR_GENERATE failed with the following output:
Change Dir: /Users/heidsoft/Downloads/research/mysql-8.0.27/build/CMakeFiles/CMakeTmp

Run Build Command(s):/usr/local/bin/ninja cmTC_45c69 && [1/2] Building CXX object CMakeFiles/cmTC_45c69.dir/src.cxx.o
[2/2] Linking CXX executable cmTC_45c69
FAILED: cmTC_45c69 
: && /usr/bin/clang++ -std=c++17 -fno-omit-frame-pointer -ftls-model=initial-exec  -Wall -Wextra -Wformat-security -Wvla -Wundef -Wmissing-format-attribute -Woverloaded-virtual -Wcast-qual -Wno-null-conversion -Wno-unused-private-field -Wconditional-uninitialized -Wdeprecated -Wextra-semi -Wheader-hygiene -Wnon-virtual-dtor -Wundefined-reinterpret-cast -Winconsistent-missing-destructor-override -Winconsistent-missing-override -Wshadow-field  -isysroot /Library/Developer/CommandLineTools/SDKs/MacOSX14.0.sdk -Wl,-search_paths_first -Wl,-headerpad_max_install_names -L/usr/local/opt/openssl/lib CMakeFiles/cmTC_45c69.dir/src.cxx.o -o cmTC_45c69   && :
ld: Undefined symbols:
  ___llvm_profile_runtime, referenced from:
      ___llvm_profile_runtime_user in src.cxx.o
clang: error: linker command failed with exit code 1 (use -v to see invocation)
ninja: build stopped: subcommand failed.


Source file was:
int main() { return 0; }
Performing C++ SOURCE FILE Test COMPILER_HAS_SANITIZE_FUZZER failed with the following output:
Change Dir: /Users/heidsoft/Downloads/research/mysql-8.0.27/build/CMakeFiles/CMakeTmp

Run Build Command(s):/usr/local/bin/ninja cmTC_1181b && [1/2] Building CXX object CMakeFiles/cmTC_1181b.dir/src.cxx.o
[2/2] Linking CXX executable cmTC_1181b
FAILED: cmTC_1181b 
: && /usr/bin/clang++ -std=c++17 -fno-omit-frame-pointer -ftls-model=initial-exec  -Wall -Wextra -Wformat-security -Wvla -Wundef -Wmissing-format-attribute -Woverloaded-virtual -Wcast-qual -Wno-null-conversion -Wno-unused-private-field -Wconditional-uninitialized -Wdeprecated -Wextra-semi -Wheader-hygiene -Wnon-virtual-dtor -Wundefined-reinterpret-cast -Winconsistent-missing-destructor-override -Winconsistent-missing-override -Wshadow-field -fsanitize=fuzzer -isysroot /Library/Developer/CommandLineTools/SDKs/MacOSX14.0.sdk -Wl,-search_paths_first -Wl,-headerpad_max_install_names -L/usr/local/opt/openssl/lib CMakeFiles/cmTC_1181b.dir/src.cxx.o -o cmTC_1181b  -fsanitize=fuzzer && :
ld: warning: ignoring duplicate libraries: '-lc++'
ld: file cannot be open()ed, errno=2 path=/Library/Developer/CommandLineTools/usr/lib/clang/15.0.0/lib/darwin/libclang_rt.fuzzer_osx.a in '/Library/Developer/CommandLineTools/usr/lib/clang/15.0.0/lib/darwin/libclang_rt.fuzzer_osx.a'
clang: error: linker command failed with exit code 1 (use -v to see invocation)
ninja: build stopped: subcommand failed.


Source file was:

extern "C" int LLVMFuzzerTestOneInput (void *, int)
{ return 0; }
Performing C++ SOURCE FILE Test CLANG_HAS_LIBFUZZER failed with the following output:
Change Dir: /Users/heidsoft/Downloads/research/mysql-8.0.27/build/CMakeFiles/CMakeTmp

Run Build Command(s):/usr/local/bin/ninja cmTC_88888 && [1/2] Building CXX object CMakeFiles/cmTC_88888.dir/src.cxx.o
[2/2] Linking CXX executable cmTC_88888
FAILED: cmTC_88888 
: && /usr/bin/clang++ -std=c++17 -fno-omit-frame-pointer -ftls-model=initial-exec  -Wall -Wextra -Wformat-security -Wvla -Wundef -Wmissing-format-attribute -Woverloaded-virtual -Wcast-qual -Wno-null-conversion -Wno-unused-private-field -Wconditional-uninitialized -Wdeprecated -Wextra-semi -Wheader-hygiene -Wnon-virtual-dtor -Wundefined-reinterpret-cast -Winconsistent-missing-destructor-override -Winconsistent-missing-override -Wshadow-field -fsanitize-coverage=trace-pc-guard -isysroot /Library/Developer/CommandLineTools/SDKs/MacOSX14.0.sdk -Wl,-search_paths_first -Wl,-headerpad_max_install_names -L/usr/local/opt/openssl/lib CMakeFiles/cmTC_88888.dir/src.cxx.o -o cmTC_88888  -lFuzzer && :
ld: library 'Fuzzer' not found
clang: error: linker command failed with exit code 1 (use -v to see invocation)
ninja: build stopped: subcommand failed.


Source file was:

      extern "C" int LLVMFuzzerTestOneInput (void *, int)
      { return 0; }
Performing C++ SOURCE FILE Test HAVE_CXX_W_suggest_attribute_format failed with the following output:
Change Dir: /Users/heidsoft/Downloads/research/mysql-8.0.27/build/CMakeFiles/CMakeTmp

Run Build Command(s):/usr/local/bin/ninja cmTC_d2a05 && [1/2] Building CXX object CMakeFiles/cmTC_d2a05.dir/src.cxx.o
warning: unknown warning option '-Wsuggest-attribute=format'; did you mean '-Wproperty-attribute-mismatch'? [-Wunknown-warning-option]
1 warning generated.
[2/2] Linking CXX executable cmTC_d2a05


Source file was:
int main(void) { return 0; }
Performing C++ SOURCE FILE Test HAVE_CXX_W_format_truncation failed with the following output:
Change Dir: /Users/heidsoft/Downloads/research/mysql-8.0.27/build/CMakeFiles/CMakeTmp

Run Build Command(s):/usr/local/bin/ninja cmTC_29b1b && [1/2] Building CXX object CMakeFiles/cmTC_29b1b.dir/src.cxx.o
warning: unknown warning option '-Wformat-truncation' [-Wunknown-warning-option]
1 warning generated.
[2/2] Linking CXX executable cmTC_29b1b


Source file was:
int main(void) { return 0; }
Performing C++ SOURCE FILE Test HAVE_CXX_W_format_overflow failed with the following output:
Change Dir: /Users/heidsoft/Downloads/research/mysql-8.0.27/build/CMakeFiles/CMakeTmp

Run Build Command(s):/usr/local/bin/ninja cmTC_f9f4d && [1/2] Building CXX object CMakeFiles/cmTC_f9f4d.dir/src.cxx.o
warning: unknown warning option '-Wformat-overflow'; did you mean '-Wshift-overflow'? [-Wunknown-warning-option]
1 warning generated.
[2/2] Linking CXX executable cmTC_f9f4d


Source file was:
int main(void) { return 0; }
